###############################################################################
#
# IAR ANSI C/C++ Compiler V7.10.1.6676/W32 for ARM        16/Apr/2020  18:38:50
# Copyright 1999-2014 IAR Systems AB.
#
#    Cpu mode     =  thumb
#    Endian       =  little
#    Source file  =  
#        D:\DLP_proj\DLP_github\MKS-DLP-FIRMWARE\User\ui\draw_tool.cpp
#    Command line =  
#        D:\DLP_proj\DLP_github\MKS-DLP-FIRMWARE\User\ui\draw_tool.cpp -D
#        USE_HAL_DRIVER -D STM32F407xx -D STM32F40_41xxx -D USE_HAL_LIB -D
#        MKS_DLP_BOARD -D TFT35 -D USE_STM32F407VET -lC
#        D:\DLP_proj\DLP_github\MKS-DLP-FIRMWARE\EWARM\mksDLP/List\ -lA
#        D:\DLP_proj\DLP_github\MKS-DLP-FIRMWARE\EWARM\mksDLP/List\
#        --diag_suppress Pa050 -o
#        D:\DLP_proj\DLP_github\MKS-DLP-FIRMWARE\EWARM\mksDLP/Obj\ --no_unroll
#        --no_inline --no_tbaa --no_scheduling --debug --endian=little
#        --cpu=Cortex-M4F -e --char_is_signed --fpu=VFPv4_sp --dlib_config
#        "D:\Program Files (x86)\IAR Systems\Embedded Workbench
#        7.0\arm\INC\c\DLib_Config_Full.h" -I
#        D:\DLP_proj\DLP_github\MKS-DLP-FIRMWARE\EWARM/../Inc\ -I
#        D:\DLP_proj\DLP_github\MKS-DLP-FIRMWARE\EWARM/../Src\ -I
#        D:\DLP_proj\DLP_github\MKS-DLP-FIRMWARE\EWARM/../Drivers/STM32F4xx_HAL_Driver/Inc\
#        -I
#        D:\DLP_proj\DLP_github\MKS-DLP-FIRMWARE\EWARM/../Drivers/STM32F4xx_HAL_Driver/Inc/Legacy\
#        -I
#        D:\DLP_proj\DLP_github\MKS-DLP-FIRMWARE\EWARM/../Middlewares/Third_Party/FatFs/src/drivers\
#        -I
#        D:\DLP_proj\DLP_github\MKS-DLP-FIRMWARE\EWARM/../Middlewares/ST/STM32_USB_Host_Library/Core/Inc\
#        -I
#        D:\DLP_proj\DLP_github\MKS-DLP-FIRMWARE\EWARM/../Middlewares/ST/STM32_USB_Host_Library/Class/MSC/Inc\
#        -I
#        D:\DLP_proj\DLP_github\MKS-DLP-FIRMWARE\EWARM/../Drivers/CMSIS/Device/ST/STM32F4xx/Include\
#        -I
#        D:\DLP_proj\DLP_github\MKS-DLP-FIRMWARE\EWARM/../Middlewares/Third_Party/FatFs/src\
#        -I
#        D:\DLP_proj\DLP_github\MKS-DLP-FIRMWARE\EWARM/../Middlewares/Third_Party/Marlin\
#        -I
#        D:\DLP_proj\DLP_github\MKS-DLP-FIRMWARE\EWARM/../Drivers/CMSIS/Include\
#        -I
#        D:\DLP_proj\DLP_github\MKS-DLP-FIRMWARE\EWARM/../Drivers/BSP/variant\
#        -I
#        D:\DLP_proj\DLP_github\MKS-DLP-FIRMWARE\EWARM/../Drivers/BSP/Components/at24cxx\
#        -I
#        D:\DLP_proj\DLP_github\MKS-DLP-FIRMWARE\EWARM/../Drivers/BSP/Components/w25qxx\
#        -I
#        D:\DLP_proj\DLP_github\MKS-DLP-FIRMWARE\EWARM/../Drivers/BSP/Components/ssd2828\
#        -I
#        D:\DLP_proj\DLP_github\MKS-DLP-FIRMWARE\EWARM/../Drivers/BSP/Components/lcd\
#        -I D:\DLP_proj\DLP_github\MKS-DLP-FIRMWARE\EWARM/../Drivers/libstmf4\
#        -I
#        D:\DLP_proj\DLP_github\MKS-DLP-FIRMWARE\EWARM/../Drivers/libstmf4/include\
#        -I
#        D:\DLP_proj\DLP_github\MKS-DLP-FIRMWARE\EWARM/../Middlewares/arduino/stm32/cores/arduino\
#        -I D:\DLP_proj\DLP_github\MKS-DLP-FIRMWARE\EWARM/../User/ui\ -I
#        D:\DLP_proj\DLP_github\MKS-DLP-FIRMWARE\EWARM/../User/ui/Multi_language\
#        -I D:\DLP_proj\DLP_github\MKS-DLP-FIRMWARE\EWARM/../User/ui/QRENCODE\
#        -I D:\DLP_proj\DLP_github\MKS-DLP-FIRMWARE\EWARM/../Middlewares/GUI\
#        -Om --eec++ -I "D:\Program Files (x86)\IAR Systems\Embedded Workbench
#        7.0\arm\CMSIS\Include\"
#    List file    =  
#        D:\DLP_proj\DLP_github\MKS-DLP-FIRMWARE\EWARM\mksDLP/List\draw_tool.lst
#    Object file  =  
#        D:\DLP_proj\DLP_github\MKS-DLP-FIRMWARE\EWARM\mksDLP/Obj\draw_tool.o
#
###############################################################################

D:\DLP_proj\DLP_github\MKS-DLP-FIRMWARE\User\ui\draw_tool.cpp
      1          #include "gui.h"
      2          //#include "button.h"
      3          //#include "PROGBAR.h"
      4          #include "draw_tool.h"
      5          #include "draw_ui.h"

  #define UNUSED(x) (void) (x)
          ^
"D:\DLP_proj\DLP_github\MKS-DLP-FIRMWARE\Middlewares\Third_Party\Marlin\macros.h",101  Warning[Pe047]: 
          incompatible redefinition of macro "UNUSED" (declared at line 87 of
          "D:\DLP_proj\DLP_github\MKS-DLP-FIRMWARE\Drivers\STM32F4xx_HAL_Driver
          \Inc\stm32f4xx_hal_def.h")

  		volatile volatile float desireBedTempBak;
  		         ^
"D:\DLP_proj\DLP_github\MKS-DLP-FIRMWARE\Inc\mks_cfg.h",407  Warning[Pe083]: 
          type qualifier specified more than once

  #define IS_SPI_MODE(MODE) (((MODE) == SPI_Mode_Master) || \
          ^
"D:\DLP_proj\DLP_github\MKS-DLP-FIRMWARE\Drivers\libstmf4\include\stm32f4xx_spi.h",173  Warning[Pe047]: 
          incompatible redefinition of macro "IS_SPI_MODE" (declared at line
          511 of
          "D:\DLP_proj\DLP_github\MKS-DLP-FIRMWARE\Drivers\STM32F4xx_HAL_Driver
          \Inc\stm32f4xx_hal_spi.h")

  #define IS_SPI_DATASIZE(DATASIZE) (((DATASIZE) == SPI_DataSize_16b) || \
          ^
"D:\DLP_proj\DLP_github\MKS-DLP-FIRMWARE\Drivers\libstmf4\include\stm32f4xx_spi.h",185  Warning[Pe047]: 
          incompatible redefinition of macro "IS_SPI_DATASIZE" (declared at
          line 523 of
          "D:\DLP_proj\DLP_github\MKS-DLP-FIRMWARE\Drivers\STM32F4xx_HAL_Driver
          \Inc\stm32f4xx_hal_spi.h")

  #define IS_SPI_CPOL(CPOL) (((CPOL) == SPI_CPOL_Low) || \
          ^
"D:\DLP_proj\DLP_github\MKS-DLP-FIRMWARE\Drivers\libstmf4\include\stm32f4xx_spi.h",197  Warning[Pe047]: 
          incompatible redefinition of macro "IS_SPI_CPOL" (declared at line
          526 of
          "D:\DLP_proj\DLP_github\MKS-DLP-FIRMWARE\Drivers\STM32F4xx_HAL_Driver
          \Inc\stm32f4xx_hal_spi.h")

  #define IS_SPI_CPHA(CPHA) (((CPHA) == SPI_CPHA_1Edge) || \
          ^
"D:\DLP_proj\DLP_github\MKS-DLP-FIRMWARE\Drivers\libstmf4\include\stm32f4xx_spi.h",209  Warning[Pe047]: 
          incompatible redefinition of macro "IS_SPI_CPHA" (declared at line
          529 of
          "D:\DLP_proj\DLP_github\MKS-DLP-FIRMWARE\Drivers\STM32F4xx_HAL_Driver
          \Inc\stm32f4xx_hal_spi.h")

  #define IS_SPI_NSS(NSS) (((NSS) == SPI_NSS_Soft) || \
          ^
"D:\DLP_proj\DLP_github\MKS-DLP-FIRMWARE\Drivers\libstmf4\include\stm32f4xx_spi.h",221  Warning[Pe047]: 
          incompatible redefinition of macro "IS_SPI_NSS" (declared at line
          532 of
          "D:\DLP_proj\DLP_github\MKS-DLP-FIRMWARE\Drivers\STM32F4xx_HAL_Driver
          \Inc\stm32f4xx_hal_spi.h")

  #define IS_SPI_BAUDRATE_PRESCALER(PRESCALER) (((PRESCALER) == SPI_BaudRatePrescaler_2) || \
          ^
"D:\DLP_proj\DLP_github\MKS-DLP-FIRMWARE\Drivers\libstmf4\include\stm32f4xx_spi.h",239  Warning[Pe047]: 
          incompatible redefinition of macro "IS_SPI_BAUDRATE_PRESCALER"
          (declared at line 536 of
          "D:\DLP_proj\DLP_github\MKS-DLP-FIRMWARE\Drivers\STM32F4xx_HAL_Driver
          \Inc\stm32f4xx_hal_spi.h")

  #define IS_SPI_FIRST_BIT(BIT) (((BIT) == SPI_FirstBit_MSB) || \
          ^
"D:\DLP_proj\DLP_github\MKS-DLP-FIRMWARE\Drivers\libstmf4\include\stm32f4xx_spi.h",257  Warning[Pe047]: 
          incompatible redefinition of macro "IS_SPI_FIRST_BIT" (declared at
          line 545 of
          "D:\DLP_proj\DLP_github\MKS-DLP-FIRMWARE\Drivers\STM32F4xx_HAL_Driver
          \Inc\stm32f4xx_hal_spi.h")

  #define IS_SPI_DIRECTION(DIRECTION) (((DIRECTION) == SPI_Direction_Rx) || \
          ^
"D:\DLP_proj\DLP_github\MKS-DLP-FIRMWARE\Drivers\libstmf4\include\stm32f4xx_spi.h",400  Warning[Pe047]: 
          incompatible redefinition of macro "IS_SPI_DIRECTION" (declared at
          line 514 of
          "D:\DLP_proj\DLP_github\MKS-DLP-FIRMWARE\Drivers\STM32F4xx_HAL_Driver
          \Inc\stm32f4xx_hal_spi.h")

  #define SPI_FLAG_CRCERR                 ((uint16_t)0x0010)
          ^
"D:\DLP_proj\DLP_github\MKS-DLP-FIRMWARE\Drivers\libstmf4\include\stm32f4xx_spi.h",442  Warning[Pe047]: 
          incompatible redefinition of macro "SPI_FLAG_CRCERR" (declared at
          line 293 of
          "D:\DLP_proj\DLP_github\MKS-DLP-FIRMWARE\Drivers\STM32F4xx_HAL_Driver
          \Inc\stm32f4xx_hal_spi.h")

  #define SPI_FLAG_MODF                   ((uint16_t)0x0020)
          ^
"D:\DLP_proj\DLP_github\MKS-DLP-FIRMWARE\Drivers\libstmf4\include\stm32f4xx_spi.h",443  Warning[Pe047]: 
          incompatible redefinition of macro "SPI_FLAG_MODF" (declared at line
          294 of
          "D:\DLP_proj\DLP_github\MKS-DLP-FIRMWARE\Drivers\STM32F4xx_HAL_Driver
          \Inc\stm32f4xx_hal_spi.h")

  #define IS_SPI_CRC_POLYNOMIAL(POLYNOMIAL) ((POLYNOMIAL) >= 0x1)
          ^
"D:\DLP_proj\DLP_github\MKS-DLP-FIRMWARE\Drivers\libstmf4\include\stm32f4xx_spi.h",462  Warning[Pe047]: 
          incompatible redefinition of macro "IS_SPI_CRC_POLYNOMIAL" (declared
          at line 554 of
          "D:\DLP_proj\DLP_github\MKS-DLP-FIRMWARE\Drivers\STM32F4xx_HAL_Driver
          \Inc\stm32f4xx_hal_spi.h")

  #define SPI_IT_TXE                   SPI_I2S_IT_TXE
          ^
"D:\DLP_proj\DLP_github\MKS-DLP-FIRMWARE\Drivers\libstmf4\include\stm32f4xx_spi.h",473  Warning[Pe047]: 
          incompatible redefinition of macro "SPI_IT_TXE" (declared at line
          280 of
          "D:\DLP_proj\DLP_github\MKS-DLP-FIRMWARE\Drivers\STM32F4xx_HAL_Driver
          \Inc\stm32f4xx_hal_spi.h")

  #define SPI_IT_RXNE                  SPI_I2S_IT_RXNE
          ^
"D:\DLP_proj\DLP_github\MKS-DLP-FIRMWARE\Drivers\libstmf4\include\stm32f4xx_spi.h",474  Warning[Pe047]: 
          incompatible redefinition of macro "SPI_IT_RXNE" (declared at line
          281 of
          "D:\DLP_proj\DLP_github\MKS-DLP-FIRMWARE\Drivers\STM32F4xx_HAL_Driver
          \Inc\stm32f4xx_hal_spi.h")

  #define SPI_IT_ERR                   SPI_I2S_IT_ERR
          ^
"D:\DLP_proj\DLP_github\MKS-DLP-FIRMWARE\Drivers\libstmf4\include\stm32f4xx_spi.h",475  Warning[Pe047]: 
          incompatible redefinition of macro "SPI_IT_ERR" (declared at line
          282 of
          "D:\DLP_proj\DLP_github\MKS-DLP-FIRMWARE\Drivers\STM32F4xx_HAL_Driver
          \Inc\stm32f4xx_hal_spi.h")

  #define SPI_FLAG_RXNE                SPI_I2S_FLAG_RXNE
          ^
"D:\DLP_proj\DLP_github\MKS-DLP-FIRMWARE\Drivers\libstmf4\include\stm32f4xx_spi.h",477  Warning[Pe047]: 
          incompatible redefinition of macro "SPI_FLAG_RXNE" (declared at line
          290 of
          "D:\DLP_proj\DLP_github\MKS-DLP-FIRMWARE\Drivers\STM32F4xx_HAL_Driver
          \Inc\stm32f4xx_hal_spi.h")

  #define SPI_FLAG_TXE                 SPI_I2S_FLAG_TXE
          ^
"D:\DLP_proj\DLP_github\MKS-DLP-FIRMWARE\Drivers\libstmf4\include\stm32f4xx_spi.h",478  Warning[Pe047]: 
          incompatible redefinition of macro "SPI_FLAG_TXE" (declared at line
          291 of
          "D:\DLP_proj\DLP_github\MKS-DLP-FIRMWARE\Drivers\STM32F4xx_HAL_Driver
          \Inc\stm32f4xx_hal_spi.h")

  #define SPI_FLAG_OVR                 SPI_I2S_FLAG_OVR
          ^
"D:\DLP_proj\DLP_github\MKS-DLP-FIRMWARE\Drivers\libstmf4\include\stm32f4xx_spi.h",479  Warning[Pe047]: 
          incompatible redefinition of macro "SPI_FLAG_OVR" (declared at line
          295 of
          "D:\DLP_proj\DLP_github\MKS-DLP-FIRMWARE\Drivers\STM32F4xx_HAL_Driver
          \Inc\stm32f4xx_hal_spi.h")

  #define SPI_FLAG_BSY                 SPI_I2S_FLAG_BSY
          ^
"D:\DLP_proj\DLP_github\MKS-DLP-FIRMWARE\Drivers\libstmf4\include\stm32f4xx_spi.h",480  Warning[Pe047]: 
          incompatible redefinition of macro "SPI_FLAG_BSY" (declared at line
          292 of
          "D:\DLP_proj\DLP_github\MKS-DLP-FIRMWARE\Drivers\STM32F4xx_HAL_Driver
          \Inc\stm32f4xx_hal_spi.h")

    #define FILAMENT_CHANGE_TEXT_EN				"Please click <Load> \nor <unload>,After \npinter pause."
            ^
"D:\DLP_proj\DLP_github\MKS-DLP-FIRMWARE\User\ui\Multi_language\Language_en.h",175  Warning[Pe047]: 
          incompatible redefinition of macro "FILAMENT_CHANGE_TEXT_EN"
          (declared at line 153)

  #define DIALOG_UNBIND_PRINTER_CN            "Ëß£Èô§ÁªëÂÆö?"
          ^
"D:\DLP_proj\DLP_github\MKS-DLP-FIRMWARE\User\ui\Multi_language\Language_s_cn.h",258  Warning[Pe047]: 
          incompatible redefinition of macro "DIALOG_UNBIND_PRINTER_CN"
          (declared at line 253)

    #define FILAMENT_CHANGE_TEXT_T_CN				"ÂæÖÊâìÂç∞Ê©üÊö´ÂÅúÂêé,\nË´ãÊåâ<ÈÄ≤Êñô>Êàñ<ÈÄÄÊñô>"
            ^
"D:\DLP_proj\DLP_github\MKS-DLP-FIRMWARE\User\ui\Multi_language\Language_t_cn.h",167  Warning[Pe047]: 
          incompatible redefinition of macro "FILAMENT_CHANGE_TEXT_T_CN"
          (declared at line 153)

    #define FILAMENT_CHANGE_TEXT_RU				"Please click <Load> \nor <unload>,After \npinter pause."
            ^
"D:\DLP_proj\DLP_github\MKS-DLP-FIRMWARE\User\ui\Multi_language\Language_ru.h",173  Warning[Pe047]: 
          incompatible redefinition of macro "FILAMENT_CHANGE_TEXT_RU"
          (declared at line 153)

  #define DIALOG_UNBIND_PRINTER_RU            "Unbind the printer?"
          ^
"D:\DLP_proj\DLP_github\MKS-DLP-FIRMWARE\User\ui\Multi_language\Language_ru.h",270  Warning[Pe047]: 
          incompatible redefinition of macro "DIALOG_UNBIND_PRINTER_RU"
          (declared at line 265)

    #define FILAMENT_CHANGE_TEXT_FR				"Please click <Load> \nor <unload>,After \npinter pause."
            ^
"D:\DLP_proj\DLP_github\MKS-DLP-FIRMWARE\User\ui\Multi_language\Language_fr.h",173  Warning[Pe047]: 
          incompatible redefinition of macro "FILAMENT_CHANGE_TEXT_FR"
          (declared at line 153)

  #define DIALOG_UNBIND_PRINTER_FR        "Unbind the printer?"
          ^
"D:\DLP_proj\DLP_github\MKS-DLP-FIRMWARE\User\ui\Multi_language\Language_fr.h",273  Warning[Pe047]: 
          incompatible redefinition of macro "DIALOG_UNBIND_PRINTER_FR"
          (declared at line 269)

    #define FILAMENT_CHANGE_TEXT_SP				"Please click <Load> \nor <unload>,After \npinter pause."
            ^
"D:\DLP_proj\DLP_github\MKS-DLP-FIRMWARE\User\ui\Multi_language\Language_sp.h",173  Warning[Pe047]: 
          incompatible redefinition of macro "FILAMENT_CHANGE_TEXT_SP"
          (declared at line 154)

    #define FILAMENT_CHANGE_TEXT_IT				"Please click <Load> \nor <unload>,After \npinter pause."
            ^
"D:\DLP_proj\DLP_github\MKS-DLP-FIRMWARE\User\ui\Multi_language\Language_it.h",173  Warning[Pe047]: 
          incompatible redefinition of macro "FILAMENT_CHANGE_TEXT_IT"
          (declared at line 153)

  #define DIALOG_UNBIND_PRINTER_IT                "Unbind the printer?"
          ^
"D:\DLP_proj\DLP_github\MKS-DLP-FIRMWARE\User\ui\Multi_language\Language_it.h",269  Warning[Pe047]: 
          incompatible redefinition of macro "DIALOG_UNBIND_PRINTER_IT"
          (declared at line 264)

  #define FILAMENT_CHANGE_TEXT_JP				"Please click <Load> \nor <unload>,After \npinter pause."
          ^
"D:\DLP_proj\DLP_github\MKS-DLP-FIRMWARE\User\ui\Multi_language\Multi_language.h",705  Warning[Pe047]: 
          incompatible redefinition of macro "FILAMENT_CHANGE_TEXT_JP"
          (declared at line 698)

  #define FILAMENT_CHANGE_TEXT_GN				"Please click <Load> \nor <unload>,After \npinter pause."
          ^
"D:\DLP_proj\DLP_github\MKS-DLP-FIRMWARE\User\ui\Multi_language\Multi_language.h",913  Warning[Pe047]: 
          incompatible redefinition of macro "FILAMENT_CHANGE_TEXT_GN"
          (declared at line 907)

  #define Simple_Dec"ºı…Ÿ"
                    ^
"D:\DLP_proj\DLP_github\MKS-DLP-FIRMWARE\User\ui\draw_ui.h",499  Warning[Pe1649]: 
          white space is required between the macro name "Simple_Dec" and its
          replacement text

  #define Simple_Speed "ÀŸ∂»"
          ^
"D:\DLP_proj\DLP_github\MKS-DLP-FIRMWARE\User\ui\draw_ui.h",554  Warning[Pe047]: 
          incompatible redefinition of macro "Simple_Speed" (declared at line
          551)

  #define Complex_Speed "ÀŸ∂»"
          ^
"D:\DLP_proj\DLP_github\MKS-DLP-FIRMWARE\User\ui\draw_ui.h",555  Warning[Pe047]: 
          incompatible redefinition of macro "Complex_Speed" (declared at line
          552)
      6          #include "draw_print_file.h"
      7          #include "pic.h"
      8          //#include "fontLib.h"
      9          #include "draw_move_motor.h"
     10          //#include "text.h"
     11          //#include "printer.h"
     12          #include "draw_more.h"
     13          #include "draw_manual_leveling.h"
     14          #include "draw_filamentchange.h"
     15          #include "draw_pre_heat.h"
     16          #include "draw_extrusion.h"
     17          #include "draw_zero.h"
     18          #include "pic_manager.h"
     19          #include "spi_flash.h"
     20          #include "draw_meshleveling.h"
     21          //#include "sd_usr.h"
     22          #include "temperature.h"

    #define MIN_SOFTWARE_ENDSTOPS mksCfg.min_software_endstops	/*--mks cfg--*/
            ^
"D:\DLP_proj\DLP_github\MKS-DLP-FIRMWARE\Middlewares\Third_Party\Marlin\Configuration.h",824  Warning[Pe047]: 
          incompatible redefinition of macro "MIN_SOFTWARE_ENDSTOPS" (declared
          at line 819)

    #define MAX_SOFTWARE_ENDSTOPS mksCfg.max_software_endstops	/*--mks cfg--*/
            ^
"D:\DLP_proj\DLP_github\MKS-DLP-FIRMWARE\Middlewares\Third_Party\Marlin\Configuration.h",834  Warning[Pe047]: 
          incompatible redefinition of macro "MAX_SOFTWARE_ENDSTOPS" (declared
          at line 829)

  #define strcpy_P(dest, src) strcpy((dest), (src))
          ^
"D:\DLP_proj\DLP_github\MKS-DLP-FIRMWARE\Middlewares\arduino\stm32\cores\arduino\avr\pgmspace.h",23  Warning[Pe047]: 
          incompatible redefinition of macro "strcpy_P" (declared at line 93
          of
          "D:\DLP_proj\DLP_github\MKS-DLP-FIRMWARE\Middlewares\Third_Party\Marl
          in\Marlin_export.h")

  #define strstr_P(a, b) strstr((a), (b))
          ^
"D:\DLP_proj\DLP_github\MKS-DLP-FIRMWARE\Middlewares\arduino\stm32\cores\arduino\avr\pgmspace.h",26  Warning[Pe047]: 
          incompatible redefinition of macro "strstr_P" (declared at line 94
          of
          "D:\DLP_proj\DLP_github\MKS-DLP-FIRMWARE\Middlewares\Third_Party\Marl
          in\Marlin_export.h")

  #define sprintf_P(s, f, ...) sprintf((s), (f), __VA_ARGS__)
          ^
"D:\DLP_proj\DLP_github\MKS-DLP-FIRMWARE\Middlewares\arduino\stm32\cores\arduino\avr\pgmspace.h",28  Warning[Pe047]: 
          incompatible redefinition of macro "sprintf_P" (declared at line 95
          of
          "D:\DLP_proj\DLP_github\MKS-DLP-FIRMWARE\Middlewares\Third_Party\Marl
          in\Marlin_export.h")

  #define pgm_read_word_near(addr) pgm_read_word(addr)
          ^
"D:\DLP_proj\DLP_github\MKS-DLP-FIRMWARE\Middlewares\arduino\stm32\cores\arduino\avr\pgmspace.h",38  Warning[Pe047]: 
          incompatible redefinition of macro "pgm_read_word_near" (declared at
          line 65 of
          "D:\DLP_proj\DLP_github\MKS-DLP-FIRMWARE\Middlewares\Third_Party\Marl
          in\Marlin_export.h")

  #define IS_IWDG_PRESCALER(PRESCALER) (((PRESCALER) == IWDG_Prescaler_4)  || \
          ^
"D:\DLP_proj\DLP_github\MKS-DLP-FIRMWARE\Drivers\libstmf4\include\stm32f4xx_iwdg.h",80  Warning[Pe047]: 
          incompatible redefinition of macro "IS_IWDG_PRESCALER" (declared at
          line 209 of
          "D:\DLP_proj\DLP_github\MKS-DLP-FIRMWARE\Drivers\STM32F4xx_HAL_Driver
          \Inc\stm32f4xx_hal_iwdg.h")

  #define IS_IWDG_RELOAD(RELOAD) ((RELOAD) <= 0xFFF)
          ^
"D:\DLP_proj\DLP_github\MKS-DLP-FIRMWARE\Drivers\libstmf4\include\stm32f4xx_iwdg.h",97  Warning[Pe047]: 
          incompatible redefinition of macro "IS_IWDG_RELOAD" (declared at
          line 222 of
          "D:\DLP_proj\DLP_github\MKS-DLP-FIRMWARE\Drivers\STM32F4xx_HAL_Driver
          \Inc\stm32f4xx_hal_iwdg.h")

  #define IS_FSMC_NORSRAM_BANK(BANK) (((BANK) == FSMC_Bank1_NORSRAM1) || \
          ^
"D:\DLP_proj\DLP_github\MKS-DLP-FIRMWARE\Drivers\libstmf4\include\stm32f4xx_fsmc.h",272  Warning[Pe047]: 
          incompatible redefinition of macro "IS_FSMC_NORSRAM_BANK" (declared
          at line 834 of
          "D:\DLP_proj\DLP_github\MKS-DLP-FIRMWARE\Drivers\STM32F4xx_HAL_Driver
          \Inc\stm32f4xx_ll_fsmc.h")

  #define IS_FSMC_NAND_BANK(BANK) (((BANK) == FSMC_Bank2_NAND) || \
          ^
"D:\DLP_proj\DLP_github\MKS-DLP-FIRMWARE\Drivers\libstmf4\include\stm32f4xx_fsmc.h",277  Warning[Pe047]: 
          incompatible redefinition of macro "IS_FSMC_NAND_BANK" (declared at
          line 855 of
          "D:\DLP_proj\DLP_github\MKS-DLP-FIRMWARE\Drivers\STM32F4xx_HAL_Driver
          \Inc\stm32f4xx_ll_fsmc.h")

  #define IS_FSMC_MUX(MUX) (((MUX) == FSMC_DataAddressMux_Disable) || \
          ^
"D:\DLP_proj\DLP_github\MKS-DLP-FIRMWARE\Drivers\libstmf4\include\stm32f4xx_fsmc.h",298  Warning[Pe047]: 
          incompatible redefinition of macro "IS_FSMC_MUX" (declared at line
          839 of
          "D:\DLP_proj\DLP_github\MKS-DLP-FIRMWARE\Drivers\STM32F4xx_HAL_Driver
          \Inc\stm32f4xx_ll_fsmc.h")

  #define IS_FSMC_MEMORY(MEMORY) (((MEMORY) == FSMC_MemoryType_SRAM) || \
          ^
"D:\DLP_proj\DLP_github\MKS-DLP-FIRMWARE\Drivers\libstmf4\include\stm32f4xx_fsmc.h",311  Warning[Pe047]: 
          incompatible redefinition of macro "IS_FSMC_MEMORY" (declared at
          line 842 of
          "D:\DLP_proj\DLP_github\MKS-DLP-FIRMWARE\Drivers\STM32F4xx_HAL_Driver
          \Inc\stm32f4xx_ll_fsmc.h")

  #define IS_FSMC_BURSTMODE(STATE) (((STATE) == FSMC_BurstAccessMode_Disable) || \
          ^
"D:\DLP_proj\DLP_github\MKS-DLP-FIRMWARE\Drivers\libstmf4\include\stm32f4xx_fsmc.h",336  Warning[Pe047]: 
          incompatible redefinition of macro "IS_FSMC_BURSTMODE" (declared at
          line 894 of
          "D:\DLP_proj\DLP_github\MKS-DLP-FIRMWARE\Drivers\STM32F4xx_HAL_Driver
          \Inc\stm32f4xx_ll_fsmc.h")

  #define IS_FSMC_ASYNWAIT(STATE) (((STATE) == FSMC_AsynchronousWait_Disable) || \
          ^
"D:\DLP_proj\DLP_github\MKS-DLP-FIRMWARE\Drivers\libstmf4\include\stm32f4xx_fsmc.h",347  Warning[Pe047]: 
          incompatible redefinition of macro "IS_FSMC_ASYNWAIT" (declared at
          line 915 of
          "D:\DLP_proj\DLP_github\MKS-DLP-FIRMWARE\Drivers\STM32F4xx_HAL_Driver
          \Inc\stm32f4xx_ll_fsmc.h")

  #define IS_FSMC_WAIT_POLARITY(POLARITY) (((POLARITY) == FSMC_WaitSignalPolarity_Low) || \
          ^
"D:\DLP_proj\DLP_github\MKS-DLP-FIRMWARE\Drivers\libstmf4\include\stm32f4xx_fsmc.h",358  Warning[Pe047]: 
          incompatible redefinition of macro "IS_FSMC_WAIT_POLARITY" (declared
          at line 897 of
          "D:\DLP_proj\DLP_github\MKS-DLP-FIRMWARE\Drivers\STM32F4xx_HAL_Driver
          \Inc\stm32f4xx_ll_fsmc.h")

  #define IS_FSMC_WRAP_MODE(MODE) (((MODE) == FSMC_WrapMode_Disable) || \
          ^
"D:\DLP_proj\DLP_github\MKS-DLP-FIRMWARE\Drivers\libstmf4\include\stm32f4xx_fsmc.h",369  Warning[Pe047]: 
          incompatible redefinition of macro "IS_FSMC_WRAP_MODE" (declared at
          line 900 of
          "D:\DLP_proj\DLP_github\MKS-DLP-FIRMWARE\Drivers\STM32F4xx_HAL_Driver
          \Inc\stm32f4xx_ll_fsmc.h")

  #define IS_FSMC_WAIT_SIGNAL_ACTIVE(ACTIVE) (((ACTIVE) == FSMC_WaitSignalActive_BeforeWaitState) || \
          ^
"D:\DLP_proj\DLP_github\MKS-DLP-FIRMWARE\Drivers\libstmf4\include\stm32f4xx_fsmc.h",380  Warning[Pe047]: 
          incompatible redefinition of macro "IS_FSMC_WAIT_SIGNAL_ACTIVE"
          (declared at line 903 of
          "D:\DLP_proj\DLP_github\MKS-DLP-FIRMWARE\Drivers\STM32F4xx_HAL_Driver
          \Inc\stm32f4xx_ll_fsmc.h")

  #define IS_FSMC_WRITE_OPERATION(OPERATION) (((OPERATION) == FSMC_WriteOperation_Disable) || \
          ^
"D:\DLP_proj\DLP_github\MKS-DLP-FIRMWARE\Drivers\libstmf4\include\stm32f4xx_fsmc.h",391  Warning[Pe047]: 
          incompatible redefinition of macro "IS_FSMC_WRITE_OPERATION"
          (declared at line 906 of
          "D:\DLP_proj\DLP_github\MKS-DLP-FIRMWARE\Drivers\STM32F4xx_HAL_Driver
          \Inc\stm32f4xx_ll_fsmc.h")

  #define IS_FSMC_WAITE_SIGNAL(SIGNAL) (((SIGNAL) == FSMC_WaitSignal_Disable) || \
          ^
"D:\DLP_proj\DLP_github\MKS-DLP-FIRMWARE\Drivers\libstmf4\include\stm32f4xx_fsmc.h",402  Warning[Pe047]: 
          incompatible redefinition of macro "IS_FSMC_WAITE_SIGNAL" (declared
          at line 909 of
          "D:\DLP_proj\DLP_github\MKS-DLP-FIRMWARE\Drivers\STM32F4xx_HAL_Driver
          \Inc\stm32f4xx_ll_fsmc.h")

  #define IS_FSMC_EXTENDED_MODE(MODE) (((MODE) == FSMC_ExtendedMode_Disable) || \
          ^
"D:\DLP_proj\DLP_github\MKS-DLP-FIRMWARE\Drivers\libstmf4\include\stm32f4xx_fsmc.h",414  Warning[Pe047]: 
          incompatible redefinition of macro "IS_FSMC_EXTENDED_MODE" (declared
          at line 912 of
          "D:\DLP_proj\DLP_github\MKS-DLP-FIRMWARE\Drivers\STM32F4xx_HAL_Driver
          \Inc\stm32f4xx_ll_fsmc.h")

  #define IS_FSMC_WRITE_BURST(BURST) (((BURST) == FSMC_WriteBurst_Disable) || \
          ^
"D:\DLP_proj\DLP_github\MKS-DLP-FIRMWARE\Drivers\libstmf4\include\stm32f4xx_fsmc.h",426  Warning[Pe047]: 
          incompatible redefinition of macro "IS_FSMC_WRITE_BURST" (declared
          at line 920 of
          "D:\DLP_proj\DLP_github\MKS-DLP-FIRMWARE\Drivers\STM32F4xx_HAL_Driver
          \Inc\stm32f4xx_ll_fsmc.h")

  #define IS_FSMC_ADDRESS_SETUP_TIME(TIME) ((TIME) <= 0xF)
          ^
"D:\DLP_proj\DLP_github\MKS-DLP-FIRMWARE\Drivers\libstmf4\include\stm32f4xx_fsmc.h",435  Warning[Pe047]: 
          incompatible redefinition of macro "IS_FSMC_ADDRESS_SETUP_TIME"
          (declared at line 923 of
          "D:\DLP_proj\DLP_github\MKS-DLP-FIRMWARE\Drivers\STM32F4xx_HAL_Driver
          \Inc\stm32f4xx_ll_fsmc.h")

  #define IS_FSMC_ADDRESS_HOLD_TIME(TIME) ((TIME) <= 0xF)
          ^
"D:\DLP_proj\DLP_github\MKS-DLP-FIRMWARE\Drivers\libstmf4\include\stm32f4xx_fsmc.h",443  Warning[Pe047]: 
          incompatible redefinition of macro "IS_FSMC_ADDRESS_HOLD_TIME"
          (declared at line 925 of
          "D:\DLP_proj\DLP_github\MKS-DLP-FIRMWARE\Drivers\STM32F4xx_HAL_Driver
          \Inc\stm32f4xx_ll_fsmc.h")

  #define IS_FSMC_DATASETUP_TIME(TIME) (((TIME) > 0) && ((TIME) <= 0xFF))
          ^
"D:\DLP_proj\DLP_github\MKS-DLP-FIRMWARE\Drivers\libstmf4\include\stm32f4xx_fsmc.h",451  Warning[Pe047]: 
          incompatible redefinition of macro "IS_FSMC_DATASETUP_TIME"
          (declared at line 927 of
          "D:\DLP_proj\DLP_github\MKS-DLP-FIRMWARE\Drivers\STM32F4xx_HAL_Driver
          \Inc\stm32f4xx_ll_fsmc.h")

  #define IS_FSMC_TURNAROUND_TIME(TIME) ((TIME) <= 0xF)
          ^
"D:\DLP_proj\DLP_github\MKS-DLP-FIRMWARE\Drivers\libstmf4\include\stm32f4xx_fsmc.h",459  Warning[Pe047]: 
          incompatible redefinition of macro "IS_FSMC_TURNAROUND_TIME"
          (declared at line 929 of
          "D:\DLP_proj\DLP_github\MKS-DLP-FIRMWARE\Drivers\STM32F4xx_HAL_Driver
          \Inc\stm32f4xx_ll_fsmc.h")

  #define IS_FSMC_CLK_DIV(DIV) ((DIV) <= 0xF)
          ^
"D:\DLP_proj\DLP_github\MKS-DLP-FIRMWARE\Drivers\libstmf4\include\stm32f4xx_fsmc.h",467  Warning[Pe047]: 
          incompatible redefinition of macro "IS_FSMC_CLK_DIV" (declared at
          line 934 of
          "D:\DLP_proj\DLP_github\MKS-DLP-FIRMWARE\Drivers\STM32F4xx_HAL_Driver
          \Inc\stm32f4xx_ll_fsmc.h")

  #define IS_FSMC_DATA_LATENCY(LATENCY) ((LATENCY) <= 0xF)
          ^
"D:\DLP_proj\DLP_github\MKS-DLP-FIRMWARE\Drivers\libstmf4\include\stm32f4xx_fsmc.h",475  Warning[Pe047]: 
          incompatible redefinition of macro "IS_FSMC_DATA_LATENCY" (declared
          at line 918 of
          "D:\DLP_proj\DLP_github\MKS-DLP-FIRMWARE\Drivers\STM32F4xx_HAL_Driver
          \Inc\stm32f4xx_ll_fsmc.h")

  #define IS_FSMC_ACCESS_MODE(MODE) (((MODE) == FSMC_AccessMode_A) || \
          ^
"D:\DLP_proj\DLP_github\MKS-DLP-FIRMWARE\Drivers\libstmf4\include\stm32f4xx_fsmc.h",487  Warning[Pe047]: 
          incompatible redefinition of macro "IS_FSMC_ACCESS_MODE" (declared
          at line 850 of
          "D:\DLP_proj\DLP_github\MKS-DLP-FIRMWARE\Drivers\STM32F4xx_HAL_Driver
          \Inc\stm32f4xx_ll_fsmc.h")

  #define IS_FSMC_WAIT_FEATURE(FEATURE) (((FEATURE) == FSMC_Waitfeature_Disable) || \
          ^
"D:\DLP_proj\DLP_github\MKS-DLP-FIRMWARE\Drivers\libstmf4\include\stm32f4xx_fsmc.h",508  Warning[Pe047]: 
          incompatible redefinition of macro "IS_FSMC_WAIT_FEATURE" (declared
          at line 858 of
          "D:\DLP_proj\DLP_github\MKS-DLP-FIRMWARE\Drivers\STM32F4xx_HAL_Driver
          \Inc\stm32f4xx_ll_fsmc.h")

  #define IS_FSMC_ECC_STATE(STATE) (((STATE) == FSMC_ECC_Disable) || \
          ^
"D:\DLP_proj\DLP_github\MKS-DLP-FIRMWARE\Drivers\libstmf4\include\stm32f4xx_fsmc.h",520  Warning[Pe047]: 
          incompatible redefinition of macro "IS_FSMC_ECC_STATE" (declared at
          line 864 of
          "D:\DLP_proj\DLP_github\MKS-DLP-FIRMWARE\Drivers\STM32F4xx_HAL_Driver
          \Inc\stm32f4xx_ll_fsmc.h")

  #define IS_FSMC_ECCPAGE_SIZE(SIZE) (((SIZE) == FSMC_ECCPageSize_256Bytes) || \
          ^
"D:\DLP_proj\DLP_github\MKS-DLP-FIRMWARE\Drivers\libstmf4\include\stm32f4xx_fsmc.h",535  Warning[Pe047]: 
          incompatible redefinition of macro "IS_FSMC_ECCPAGE_SIZE" (declared
          at line 867 of
          "D:\DLP_proj\DLP_github\MKS-DLP-FIRMWARE\Drivers\STM32F4xx_HAL_Driver
          \Inc\stm32f4xx_ll_fsmc.h")

  #define IS_FSMC_TCLR_TIME(TIME) ((TIME) <= 0xFF)
          ^
"D:\DLP_proj\DLP_github\MKS-DLP-FIRMWARE\Drivers\libstmf4\include\stm32f4xx_fsmc.h",548  Warning[Pe047]: 
          incompatible redefinition of macro "IS_FSMC_TCLR_TIME" (declared at
          line 874 of
          "D:\DLP_proj\DLP_github\MKS-DLP-FIRMWARE\Drivers\STM32F4xx_HAL_Driver
          \Inc\stm32f4xx_ll_fsmc.h")

  #define IS_FSMC_TAR_TIME(TIME) ((TIME) <= 0xFF)
          ^
"D:\DLP_proj\DLP_github\MKS-DLP-FIRMWARE\Drivers\libstmf4\include\stm32f4xx_fsmc.h",556  Warning[Pe047]: 
          incompatible redefinition of macro "IS_FSMC_TAR_TIME" (declared at
          line 876 of
          "D:\DLP_proj\DLP_github\MKS-DLP-FIRMWARE\Drivers\STM32F4xx_HAL_Driver
          \Inc\stm32f4xx_ll_fsmc.h")

  #define IS_FSMC_SETUP_TIME(TIME) ((TIME) <= 0xFF)
          ^
"D:\DLP_proj\DLP_github\MKS-DLP-FIRMWARE\Drivers\libstmf4\include\stm32f4xx_fsmc.h",564  Warning[Pe047]: 
          incompatible redefinition of macro "IS_FSMC_SETUP_TIME" (declared at
          line 878 of
          "D:\DLP_proj\DLP_github\MKS-DLP-FIRMWARE\Drivers\STM32F4xx_HAL_Driver
          \Inc\stm32f4xx_ll_fsmc.h")

  #define IS_FSMC_WAIT_TIME(TIME) ((TIME) <= 0xFF)
          ^
"D:\DLP_proj\DLP_github\MKS-DLP-FIRMWARE\Drivers\libstmf4\include\stm32f4xx_fsmc.h",572  Warning[Pe047]: 
          incompatible redefinition of macro "IS_FSMC_WAIT_TIME" (declared at
          line 880 of
          "D:\DLP_proj\DLP_github\MKS-DLP-FIRMWARE\Drivers\STM32F4xx_HAL_Driver
          \Inc\stm32f4xx_ll_fsmc.h")

  #define IS_FSMC_HOLD_TIME(TIME) ((TIME) <= 0xFF)
          ^
"D:\DLP_proj\DLP_github\MKS-DLP-FIRMWARE\Drivers\libstmf4\include\stm32f4xx_fsmc.h",580  Warning[Pe047]: 
          incompatible redefinition of macro "IS_FSMC_HOLD_TIME" (declared at
          line 882 of
          "D:\DLP_proj\DLP_github\MKS-DLP-FIRMWARE\Drivers\STM32F4xx_HAL_Driver
          \Inc\stm32f4xx_ll_fsmc.h")

  #define IS_FSMC_HIZ_TIME(TIME) ((TIME) <= 0xFF)
          ^
"D:\DLP_proj\DLP_github\MKS-DLP-FIRMWARE\Drivers\libstmf4\include\stm32f4xx_fsmc.h",588  Warning[Pe047]: 
          incompatible redefinition of macro "IS_FSMC_HIZ_TIME" (declared at
          line 884 of
          "D:\DLP_proj\DLP_github\MKS-DLP-FIRMWARE\Drivers\STM32F4xx_HAL_Driver
          \Inc\stm32f4xx_ll_fsmc.h")

  #define FSMC_FLAG_FEMPT                          ((uint32_t)0x00000040)
          ^
"D:\DLP_proj\DLP_github\MKS-DLP-FIRMWARE\Drivers\libstmf4\include\stm32f4xx_fsmc.h",613  Warning[Pe047]: 
          incompatible redefinition of macro "FSMC_FLAG_FEMPT" (declared at
          line 530 of
          "D:\DLP_proj\DLP_github\MKS-DLP-FIRMWARE\Drivers\STM32F4xx_HAL_Driver
          \Inc\stm32f4xx_ll_fsmc.h")

    #define assert_param(expr) ((void)0)        
            ^
"D:\DLP_proj\DLP_github\MKS-DLP-FIRMWARE\Drivers\libstmf4\stm32f4xx_conf.h",149  Warning[Pe047]: 
          incompatible redefinition of macro "assert_param" (declared at line
          431 of
          "D:\DLP_proj\DLP_github\MKS-DLP-FIRMWARE\Inc\stm32f4xx_hal_conf.h")

        target_temperature[HOTEND_INDEX] = celsius;
                                         ^
"D:\DLP_proj\DLP_github\MKS-DLP-FIRMWARE\Middlewares\Third_Party\Marlin\temperature.h",397  Warning[Pa093]: 
          implicit conversion from floating point to integer
     23          #ifndef GUI_FLASH
     24          #define GUI_FLASH
     25          #endif
     26          extern uint8_t leveling_first_time;
     27          
     28          extern volatile char *codebufpoint;
     29          extern char cmd_code[201];
     30          
     31          extern uint8_t Get_Temperature_Flg;
     32          extern volatile uint8_t get_temp_flag;
     33          

   \                                 In section .bss, align 4
     34          static BUTTON_STRUCT buttonPreHeat, buttonExtruse, buttonMove, buttonZero,buttonLeveling,buttonFilament,buttonMore,buttonRet;
     35          static GUI_HWIN hToolWnd;
   \                     hToolWnd:
   \   00000000                      DS8 2
   \   00000002                      DS8 2
   \   00000004                      DS8 24
   \   0000001C                      DS8 24

   \                                 In section .bss, align 4
     36          static BUTTON_STRUCT buttonMoveZ,buttonCheck,buttonZ0,buttonStop,buttonClean;
   \                     buttonCheck:
   \   00000000                      DS8 24
   \   00000018                      DS8 24

   \                                 In section .bss, align 4
   \                     buttonStop:
   \   00000000                      DS8 24
   \   00000018                      DS8 24
     37          static BUTTON_STRUCT buttonMoveZ_Text,buttonCheck_Text,buttonZ0_Text,buttonStop_Text,buttonRet_Text;
     38          
     39          //extern GUI_FLASH const GUI_FONT GUI_FontHZ_fontHz18;
     40          static TEXT_Handle Tool_Title_Text,Tool_state_Text;
     41          

   \                                 In section .text, align 2, keep-with-next
     42          static void cbDrawToolWin(WM_MESSAGE * pMsg) {
     43          	
     44          	switch (pMsg->MsgId) {
   \                     _Z13cbDrawToolWinP10WM_MESSAGE: (+1)
   \   00000000   0x6801             LDR      R1,[R0, #+0]
   \   00000002   0x290F             CMP      R1,#+15
   \   00000004   0xD100             BNE.N    ??cbDrawToolWin_0
   \   00000006   0x4770             BX       LR
   \                     ??cbDrawToolWin_0: (+1)
   \   00000008   0xB510             PUSH     {R4,LR}
   \   0000000A   0x2926             CMP      R1,#+38
   \   0000000C   0xD16E             BNE.N    ??cbDrawToolWin_1
     45          		case WM_PAINT:
     46          
     47          			break;
     48          		
     49          		case WM_NOTIFY_PARENT:
     50          			if(pMsg->Data.v == WM_NOTIFICATION_RELEASED)
   \   0000000E   0x6881             LDR      R1,[R0, #+8]
   \   00000010   0x2902             CMP      R1,#+2
   \   00000012   0xD16F             BNE.N    ??cbDrawToolWin_2
     51          			{
     52          			    if(dialog_display_flg==0)
   \   00000014   0x.... 0x....      LDR.W    R1,??DataTable8
   \   00000018   0x7809             LDRB     R1,[R1, #+0]
   \   0000001A   0x2900             CMP      R1,#+0
   \   0000001C   0xD16A             BNE.N    ??cbDrawToolWin_2
     53                          {         
     54                          if(pMsg->hWinSrc == buttonMoveZ.btnHandle)
   \   0000001E   0xF9B0 0x0006      LDRSH    R0,[R0, #+6]
   \   00000022   0x.... 0x....      LDR.W    R1,??DataTable8_1
   \   00000026   0xF9B1 0x201C      LDRSH    R2,[R1, #+28]
   \   0000002A   0x4290             CMP      R0,R2
   \   0000002C   0xD109             BNE.N    ??cbDrawToolWin_3
     55          				{
     56          					last_disp_state = TOOL_UI;
   \   0000002E   0x2020             MOVS     R0,#+32
   \   00000030   0x.... 0x....      LDR.W    R1,??DataTable8_2
   \   00000034   0x7008             STRB     R0,[R1, #+0]
     57          					Clear_Tool();
   \   00000036   0x.... 0x....      BL       _Z10Clear_Toolv
     58          					draw_move_motor();			
   \   0000003A   0xE8BD 0x4010      POP      {R4,LR}
   \   0000003E   0x.... 0x....      B.W      draw_move_motor
     59          				}
     60          				else if(pMsg->hWinSrc == buttonCheck.btnHandle)
   \                     ??cbDrawToolWin_3: (+1)
   \   00000042   0x.... 0x....      LDR.W    R2,??DataTable8_3
   \   00000046   0xF9B2 0x3000      LDRSH    R3,[R2, #+0]
   \   0000004A   0x4298             CMP      R0,R3
   \   0000004C   0xD109             BNE.N    ??cbDrawToolWin_4
     61          				{
     62          					last_disp_state = TOOL_UI;
   \   0000004E   0x2020             MOVS     R0,#+32
   \   00000050   0x.... 0x....      LDR.W    R1,??DataTable8_2
   \   00000054   0x7008             STRB     R0,[R1, #+0]
     63          					Clear_Tool();
   \   00000056   0x.... 0x....      BL       _Z10Clear_Toolv
     64          					draw_detection();			
   \   0000005A   0xE8BD 0x4010      POP      {R4,LR}
   \   0000005E   0x.... 0x....      B.W      draw_detection
     65          				}
     66          				else if(pMsg->hWinSrc == buttonZ0.btnHandle)
   \                     ??cbDrawToolWin_4: (+1)
   \   00000062   0xF9B2 0x2018      LDRSH    R2,[R2, #+24]
   \   00000066   0x4290             CMP      R0,R2
   \   00000068   0xD118             BNE.N    ??cbDrawToolWin_5
     67          				{
     68          				    if(axis_unhomed_error())
   \   0000006A   0x.... 0x....      LDR.W    R4,??DataTable8_2
   \   0000006E   0x2001             MOVS     R0,#+1
   \   00000070   0x.... 0x....      BL       _Z18axis_unhomed_errorb
   \   00000074   0x2800             CMP      R0,#+0
   \   00000076   0xD008             BEQ.N    ??cbDrawToolWin_6
     69                              {
     70                                  //dialog_display_flg=1;
     71                                  last_disp_state = TOOL_UI;
   \   00000078   0x2020             MOVS     R0,#+32
   \   0000007A   0x7020             STRB     R0,[R4, #+0]
     72                                  Clear_Tool();
   \   0000007C   0x.... 0x....      BL       _Z10Clear_Toolv
     73                                  draw_dialog(DIALOG_TYPE_Z_UNHOME);
   \   00000080   0x2013             MOVS     R0,#+19
   \   00000082   0xE8BD 0x4010      POP      {R4,LR}
   \   00000086   0x.... 0x....      B.W      draw_dialog
     74                              }
     75                              else
     76                              {
     77                                  //dialog_display_flg=1;
     78                                  last_disp_state = TOOL_UI;
   \                     ??cbDrawToolWin_6: (+1)
   \   0000008A   0x2020             MOVS     R0,#+32
   \   0000008C   0x7020             STRB     R0,[R4, #+0]
     79                                  Clear_Tool();
   \   0000008E   0x.... 0x....      BL       _Z10Clear_Toolv
     80                                  draw_dialog(DIALOG_TYPE_Z_HOME);
   \   00000092   0x2012             MOVS     R0,#+18
   \   00000094   0xE8BD 0x4010      POP      {R4,LR}
   \   00000098   0x.... 0x....      B.W      draw_dialog
     81                              }
     82          				    
     83          								
     84          				}   
     85          				else if(pMsg->hWinSrc == buttonStop.btnHandle)
   \                     ??cbDrawToolWin_5: (+1)
   \   0000009C   0x.... 0x....      LDR.W    R2,??DataTable8_4
   \   000000A0   0xF9B2 0x3000      LDRSH    R3,[R2, #+0]
   \   000000A4   0x4298             CMP      R0,R3
   \   000000A6   0xD105             BNE.N    ??cbDrawToolWin_7
     86          				{
     87          					//quickstop_stepper();	
     88          					mksdlp.quick_stop();	//skyblue modify 2018-10
   \   000000A8   0x.... 0x....      LDR.W    R0,??DataTable8_5
   \   000000AC   0xE8BD 0x4010      POP      {R4,LR}
   \   000000B0   0x.... 0x....      B.W      _ZN7MKS_DLP10quick_stopEv
     89          				}
     90                          else if(pMsg->hWinSrc == buttonClean.btnHandle)
   \                     ??cbDrawToolWin_7: (+1)
   \   000000B4   0xF9B2 0x2018      LDRSH    R2,[R2, #+24]
   \   000000B8   0x4290             CMP      R0,R2
   \   000000BA   0xD109             BNE.N    ??cbDrawToolWin_8
     91                          {
     92                              last_disp_state = TOOL_UI;
   \   000000BC   0x2020             MOVS     R0,#+32
   \   000000BE   0x.... 0x....      LDR.W    R1,??DataTable8_2
   \   000000C2   0x7008             STRB     R0,[R1, #+0]
     93                              Clear_Tool();
   \   000000C4   0x.... 0x....      BL       _Z10Clear_Toolv
     94                              draw_Clean();
   \   000000C8   0xE8BD 0x4010      POP      {R4,LR}
   \   000000CC   0x.... 0x....      B.W      draw_Clean
     95                          }
     96          				else if(pMsg->hWinSrc == buttonRet.btnHandle)
   \                     ??cbDrawToolWin_8: (+1)
   \   000000D0   0xF9B1 0x1004      LDRSH    R1,[R1, #+4]
   \   000000D4   0x4288             CMP      R0,R1
   \   000000D6   0xD10D             BNE.N    ??cbDrawToolWin_2
     97          				{
     98          					last_disp_state = TOOL_UI;
   \   000000D8   0x2020             MOVS     R0,#+32
   \   000000DA   0x.... 0x....      LDR.W    R1,??DataTable8_2
   \   000000DE   0x7008             STRB     R0,[R1, #+0]
     99          					Clear_Tool();
   \   000000E0   0x.... 0x....      BL       _Z10Clear_Toolv
    100          					draw_return_ui();
   \   000000E4   0xE8BD 0x4010      POP      {R4,LR}
   \   000000E8   0x.... 0x....      B.W      draw_return_ui
    101          				}  
    102                          #if 0
    103          				else if(pMsg->hWinSrc == buttonMove.btnHandle)
    104          				{
    105          					gCfgItems.getzpos_flg = 1;
    106          					last_disp_state = TOOL_UI;
    107          					Clear_Tool();
    108          					draw_move_motor();			
    109          				}
    110                          
    111          				else if(pMsg->hWinSrc == buttonPreHeat.btnHandle)
    112          				{
    113          					last_disp_state = TOOL_UI;
    114          					//Get_Temperature_Flg = 1;
    115          					//get_temp_flag = 1;
    116          					Clear_Tool();
    117          					draw_preHeat();
    118          				}
    119          				else if(pMsg->hWinSrc == buttonExtruse.btnHandle)
    120          				{
    121          					last_disp_state = TOOL_UI;
    122          					//Get_Temperature_Flg = 1;
    123          					//get_temp_flag = 1;
    124          					Clear_Tool();
    125          					draw_extrusion();
    126          				}
    127          				else if(pMsg->hWinSrc == buttonZero.btnHandle)
    128          				{
    129          					last_disp_state = TOOL_UI;
    130          					Clear_Tool();
    131          					draw_Zero();
    132          				}
    133          				else if(pMsg->hWinSrc == buttonLeveling.btnHandle)
    134          				{
    135          #if 0                                  
    136          					if(gCfgItems.leveling_mode == 1)
    137          					{
    138          					    if(BED_LEVELING_METHOD & MESH_BED_LEVELING)
    139                                  {
    140                                      last_disp_state = TOOL_UI;
    141                                      Clear_Tool();
    142                                      draw_meshleveling();
    143                                  }   
    144                                  else
    145                                  {
    146                                  
    147          						    SPI_FLASH_BufferRead((u8 *)cmd_code,BUTTON_AUTOLEVELING_ADDR,201);
    148          						    codebufpoint = cmd_code;
    149                                  }
    150          					}
    151          					else
    152          #endif                                          
    153          					{
    154          					    leveling_first_time = 1;
    155          						last_disp_state = TOOL_UI;
    156          						Clear_Tool();
    157          						draw_leveling();
    158          					}
    159          				}		
    160          				else if(pMsg->hWinSrc == buttonFilament.btnHandle)
    161          				{
    162          					//gCfgItems.desireSprayerTempBak_1[gCfgItems.curSprayerChoose] = gCfgItems.desireSprayerTemp[gCfgItems.curSprayerChoose];
    163          					gCfgItems.desireSprayerTempBak=thermalManager.target_temperature[gCfgItems.curSprayerChoose];
    164          					last_disp_state = TOOL_UI;
    165          					Clear_Tool();
    166          					draw_FilamentChange();
    167          				}		
    168          				else if(pMsg->hWinSrc == buttonMore.btnHandle)
    169          				{
    170          					last_disp_state = TOOL_UI;
    171          					Clear_Tool();
    172          					draw_More();
    173          				}	
    174          				else if(pMsg->hWinSrc == buttonRet.btnHandle)
    175          				{
    176          					last_disp_state = TOOL_UI;
    177          					Clear_Tool();
    178          					draw_return_ui();
    179          				}
    180          				#endif
    181          			}
    182                       }
    183          			break;
    184          		default:
    185          			WM_DefaultProc(pMsg);
   \                     ??cbDrawToolWin_1: (+1)
   \   000000EC   0xE8BD 0x4010      POP      {R4,LR}
   \   000000F0   0x.... 0x....      B.W      WM_DefaultProc
    186          	}
    187          }
   \                     ??cbDrawToolWin_2: (+1)
   \   000000F4   0xBD10             POP      {R4,PC}          ;; return
    188          
    189          
    190          
    191          
    192          

   \                                 In section .text, align 2, keep-with-next
    193          void draw_tool()
    194          {
   \                     _Z9draw_toolv: (+1)
   \   00000000   0xE92D 0x4FF0      PUSH     {R4-R11,LR}
   \   00000004   0xB085             SUB      SP,SP,#+20
    195          #if 1
    196          	int i;
                 	    ^
Warning[Pe177]: variable "i" was declared but never referenced

  static BUTTON_STRUCT buttonPreHeat, buttonExtruse, buttonMove, buttonZero,buttonLeveling,buttonFilament,buttonMore,buttonRet;
                       ^
"D:\DLP_proj\DLP_github\MKS-DLP-FIRMWARE\User\ui\draw_tool.cpp",34  Warning[Pe177]: 
          variable "buttonPreHeat" was declared but never referenced

  static BUTTON_STRUCT buttonPreHeat, buttonExtruse, buttonMove, buttonZero,buttonLeveling,buttonFilament,buttonMore,buttonRet;
                                      ^
"D:\DLP_proj\DLP_github\MKS-DLP-FIRMWARE\User\ui\draw_tool.cpp",34  Warning[Pe177]: 
          variable "buttonExtruse" was declared but never referenced

  static BUTTON_STRUCT buttonPreHeat, buttonExtruse, buttonMove, buttonZero,buttonLeveling,buttonFilament,buttonMore,buttonRet;
                                                     ^
"D:\DLP_proj\DLP_github\MKS-DLP-FIRMWARE\User\ui\draw_tool.cpp",34  Warning[Pe177]: 
          variable "buttonMove" was declared but never referenced

  static BUTTON_STRUCT buttonPreHeat, buttonExtruse, buttonMove, buttonZero,buttonLeveling,buttonFilament,buttonMore,buttonRet;
                                                                 ^
"D:\DLP_proj\DLP_github\MKS-DLP-FIRMWARE\User\ui\draw_tool.cpp",34  Warning[Pe177]: 
          variable "buttonZero" was declared but never referenced

  static BUTTON_STRUCT buttonPreHeat, buttonExtruse, buttonMove, buttonZero,buttonLeveling,buttonFilament,buttonMore,buttonRet;
                                                                            ^
"D:\DLP_proj\DLP_github\MKS-DLP-FIRMWARE\User\ui\draw_tool.cpp",34  Warning[Pe177]: 
          variable "buttonLeveling" was declared but never referenced

  static BUTTON_STRUCT buttonPreHeat, buttonExtruse, buttonMove, buttonZero,buttonLeveling,buttonFilament,buttonMore,buttonRet;
                                                                                           ^
"D:\DLP_proj\DLP_github\MKS-DLP-FIRMWARE\User\ui\draw_tool.cpp",34  Warning[Pe177]: 
          variable "buttonFilament" was declared but never referenced

  static BUTTON_STRUCT buttonPreHeat, buttonExtruse, buttonMove, buttonZero,buttonLeveling,buttonFilament,buttonMore,buttonRet;
                                                                                                          ^
"D:\DLP_proj\DLP_github\MKS-DLP-FIRMWARE\User\ui\draw_tool.cpp",34  Warning[Pe177]: 
          variable "buttonMore" was declared but never referenced

  static BUTTON_STRUCT buttonMoveZ_Text,buttonCheck_Text,buttonZ0_Text,buttonStop_Text,buttonRet_Text;
                       ^
"D:\DLP_proj\DLP_github\MKS-DLP-FIRMWARE\User\ui\draw_tool.cpp",37  Warning[Pe177]: 
          variable "buttonMoveZ_Text" was declared but never referenced

  static BUTTON_STRUCT buttonMoveZ_Text,buttonCheck_Text,buttonZ0_Text,buttonStop_Text,buttonRet_Text;
                                        ^
"D:\DLP_proj\DLP_github\MKS-DLP-FIRMWARE\User\ui\draw_tool.cpp",37  Warning[Pe177]: 
          variable "buttonCheck_Text" was declared but never referenced

  static BUTTON_STRUCT buttonMoveZ_Text,buttonCheck_Text,buttonZ0_Text,buttonStop_Text,buttonRet_Text;
                                                         ^
"D:\DLP_proj\DLP_github\MKS-DLP-FIRMWARE\User\ui\draw_tool.cpp",37  Warning[Pe177]: 
          variable "buttonZ0_Text" was declared but never referenced

  static BUTTON_STRUCT buttonMoveZ_Text,buttonCheck_Text,buttonZ0_Text,buttonStop_Text,buttonRet_Text;
                                                                       ^
"D:\DLP_proj\DLP_github\MKS-DLP-FIRMWARE\User\ui\draw_tool.cpp",37  Warning[Pe177]: 
          variable "buttonStop_Text" was declared but never referenced

  static BUTTON_STRUCT buttonMoveZ_Text,buttonCheck_Text,buttonZ0_Text,buttonStop_Text,buttonRet_Text;
                                                                                       ^
"D:\DLP_proj\DLP_github\MKS-DLP-FIRMWARE\User\ui\draw_tool.cpp",37  Warning[Pe177]: 
          variable "buttonRet_Text" was declared but never referenced

  static TEXT_Handle Tool_Title_Text,Tool_state_Text;
                     ^
"D:\DLP_proj\DLP_github\MKS-DLP-FIRMWARE\User\ui\draw_tool.cpp",40  Warning[Pe177]: 
          variable "Tool_Title_Text" was declared but never referenced

  static TEXT_Handle Tool_Title_Text,Tool_state_Text;
                                     ^
"D:\DLP_proj\DLP_github\MKS-DLP-FIRMWARE\User\ui\draw_tool.cpp",40  Warning[Pe177]: 
          variable "Tool_state_Text" was declared but never referenced
    197          	if(disp_state_stack._disp_state[disp_state_stack._disp_index] != TOOL_UI)
   \   00000006   0x.... 0x....      LDR.W    R0,??DataTable8_6
   \   0000000A   0xF990 0x1064      LDRSB    R1,[R0, #+100]
   \   0000000E   0x560A             LDRSB    R2,[R1, R0]
   \   00000010   0x2A20             CMP      R2,#+32
   \   00000012   0xD005             BEQ.N    ??draw_tool_0
    198          	{
    199          		disp_state_stack._disp_index++;
   \   00000014   0x1C49             ADDS     R1,R1,#+1
   \   00000016   0xF880 0x1064      STRB     R1,[R0, #+100]
    200          		disp_state_stack._disp_state[disp_state_stack._disp_index] = TOOL_UI;
   \   0000001A   0x2220             MOVS     R2,#+32
   \   0000001C   0xB249             SXTB     R1,R1
   \   0000001E   0x540A             STRB     R2,[R1, R0]
    201          	}
    202          	disp_state = TOOL_UI;
   \                     ??draw_tool_0: (+1)
   \   00000020   0x2020             MOVS     R0,#+32
   \   00000022   0x.... 0x....      LDR.W    R1,??DataTable8_7
   \   00000026   0x7008             STRB     R0,[R1, #+0]
    203          
    204          	
    205          	//GUI_SetFont(&GUI_Font8x18);
    206          	GUI_SetBkColor(gCfgItems.background_color);
   \   00000028   0x.... 0x....      LDR.W    R4,??DataTable8_8
   \   0000002C   0x6860             LDR      R0,[R4, #+4]
   \   0000002E   0x.... 0x....      BL       GUI_SetBkColor
    207          	GUI_SetColor(gCfgItems.title_color);
   \   00000032   0x1D25             ADDS     R5,R4,#+4
   \   00000034   0x6D68             LDR      R0,[R5, #+84]
   \   00000036   0x.... 0x....      BL       GUI_SetColor
    208          	GUI_Clear();
   \   0000003A   0x.... 0x....      BL       GUI_Clear
    209          	//GUI_SetFont(&FONT_TITLE);
    210          	#if 0
    211          	if(gCfgItems.language == LANG_COMPLEX_CHINESE)
    212          	{
    213          		GUI_SetFont(&GUI_FontHZ16);
    214          	}
    215          	else
    216          	{
    217          		GUI_SetFont(&FONT_TITLE);
    218          	}
    219          	GUI_DispStringAt(creat_title_text(), 0, 0);
    220          	#endif
    221          #if 0	
    222              GUI_DispStringAt(creat_title_text(), 0, 0);
    223          
    224          	hToolWnd = WM_CreateWindow(0,TFT_screen.title_high,TFT_screen.width,imgHeight, WM_CF_SHOW, cbDrawToolWin, 0);
    225          
    226              //Tool_Title_Text = TEXT_CreateEx(0,0, LCD_WIDTH, titleHeight, hToolWnd, WM_CF_SHOW, TEXT_CF_LEFT,	alloc_win_id(), "Tool");
    227          	buttonPreHeat.btnHandle = BUTTON_CreateEx(INTERVAL_H,0,BTN_X_PIXEL,BTN_Y_PIXEL,hToolWnd, BUTTON_CF_SHOW,0,alloc_win_id());
    228          	buttonExtruse.btnHandle = BUTTON_CreateEx(BTN_X_PIXEL+INTERVAL_H*2, 0,BTN_X_PIXEL,BTN_Y_PIXEL,hToolWnd,BUTTON_CF_SHOW,0,alloc_win_id());
    229          	buttonMove.btnHandle = BUTTON_CreateEx(BTN_X_PIXEL*2+INTERVAL_H*3,0,BTN_X_PIXEL,BTN_Y_PIXEL,hToolWnd,BUTTON_CF_SHOW,0,alloc_win_id());
    230          	buttonZero.btnHandle = BUTTON_CreateEx(BTN_X_PIXEL*3+INTERVAL_H*4,0,BTN_X_PIXEL,BTN_Y_PIXEL,hToolWnd,BUTTON_CF_SHOW,0,alloc_win_id());
    231          	
    232                  //if(gCfgItems.leveling_mode!=2)
    233          	{
    234          		buttonLeveling.btnHandle = BUTTON_CreateEx(INTERVAL_H,BTN_Y_PIXEL+INTERVAL_V,BTN_X_PIXEL,BTN_Y_PIXEL, hToolWnd,BUTTON_CF_SHOW,0,305);
    235          		buttonFilament.btnHandle = BUTTON_CreateEx(BTN_X_PIXEL+INTERVAL_H*2,BTN_Y_PIXEL+INTERVAL_V,BTN_X_PIXEL,BTN_Y_PIXEL,hToolWnd,BUTTON_CF_SHOW, 0, 306);
    236          		buttonMore.btnHandle = BUTTON_CreateEx(BTN_X_PIXEL*2+INTERVAL_H*3,BTN_Y_PIXEL+INTERVAL_V,BTN_X_PIXEL,BTN_Y_PIXEL,hToolWnd,BUTTON_CF_SHOW, 0, 307);	
    237          	}
    238          #if 0        
    239          	else
    240          	{
    241          		buttonFilament.btnHandle = BUTTON_CreateEx(INTERVAL_H,BTN_Y_PIXEL+INTERVAL_V,BTN_X_PIXEL,BTN_Y_PIXEL, hToolWnd,BUTTON_CF_SHOW,0,305);
    242          		buttonMore.btnHandle = BUTTON_CreateEx(BTN_X_PIXEL+INTERVAL_H*2,BTN_Y_PIXEL+INTERVAL_V,BTN_X_PIXEL,BTN_Y_PIXEL,hToolWnd,BUTTON_CF_SHOW, 0, 306);
    243          	}
    244          #endif        
    245          	buttonRet.btnHandle = BUTTON_CreateEx(BTN_X_PIXEL*3+INTERVAL_H*4,BTN_Y_PIXEL+INTERVAL_V,BTN_X_PIXEL,BTN_Y_PIXEL,hToolWnd,BUTTON_CF_SHOW, 0, 308);
    246          	//Tool_state_Text = TEXT_CreateEx(0,LCD_HEIGHT-statHeight, LCD_WIDTH, statHeight, hToolWnd, WM_CF_SHOW, TEXT_CF_LEFT,	alloc_win_id(), " ");
    247          
    248          	//TEXT_SetTextColor(Tool_Title_Text, gCfgItems.title_color);
    249          	//TEXT_SetTextAlign(Tool_Title_Text, GUI_TA_VCENTER | GUI_TA_HCENTER);
    250          	//TEXT_SetTextColor(Tool_state_Text, gCfgItems.title_color);
    251          	//TEXT_SetTextAlign(Tool_state_Text, GUI_TA_VCENTER | GUI_TA_LEFT);
    252          
    253          
    254          	//TEXT_SetText(Tool_Title_Text,tool_menu.title);	
    255          	BUTTON_SetBmpFileName(buttonPreHeat.btnHandle, "bmp_preheat.bin",1);
    256          	BUTTON_SetBmpFileName(buttonExtruse.btnHandle, "bmp_extruct.bin",1);
    257          	BUTTON_SetBmpFileName(buttonMove.btnHandle, "bmp_mov.bin",1);
    258          	BUTTON_SetBmpFileName(buttonZero.btnHandle, "bmp_zero.bin",1);
    259          #if 0        
    260          	if(gCfgItems.leveling_mode != 2)
    261          	{
    262          		if(gCfgItems.leveling_mode == 1)
    263          		{	
    264          			BUTTON_SetBmpFileName(buttonLeveling.btnHandle, "bmp_autoleveling.bin",1);
    265          		}
    266          		else
    267          		{
    268          			BUTTON_SetBmpFileName(buttonLeveling.btnHandle, "bmp_leveling.bin",1);
    269          		}
    270          	}
    271                  
    272          #endif        
    273          	BUTTON_SetBmpFileName(buttonFilament.btnHandle, "bmp_filament.bin",1);	
    274          	BUTTON_SetBmpFileName(buttonMore.btnHandle, "bmp_more.bin",1);	
    275          	BUTTON_SetBmpFileName(buttonRet.btnHandle, "bmp_return.bin",1);
    276          	//bmp_struct.XSize = toolbtm_image_X;
    277          	//bmp_struct.YSize = toolbtm_image_Y;
    278          	BUTTON_SetBitmapEx(buttonPreHeat.btnHandle, 0, &bmp_struct,BMP_PIC_X, BMP_PIC_Y);
    279          	BUTTON_SetBitmapEx(buttonExtruse.btnHandle, 0, &bmp_struct,BMP_PIC_X, BMP_PIC_Y);	
    280          	BUTTON_SetBitmapEx(buttonMove.btnHandle, 0, &bmp_struct,BMP_PIC_X, BMP_PIC_Y);	
    281          	BUTTON_SetBitmapEx(buttonZero.btnHandle, 0, &bmp_struct,BMP_PIC_X, BMP_PIC_Y);	
    282          #if 0        
    283          	if(gCfgItems.leveling_mode != 2)
    284          	{
    285          		BUTTON_SetBitmapEx(buttonLeveling.btnHandle, 0, &bmp_struct,BMP_PIC_X, BMP_PIC_Y);	
    286          	}
    287          #endif	
    288          	BUTTON_SetBitmapEx(buttonFilament.btnHandle, 0, &bmp_struct,BMP_PIC_X, BMP_PIC_Y);	
    289          	BUTTON_SetBitmapEx(buttonMore.btnHandle, 0, &bmp_struct,BMP_PIC_X, BMP_PIC_Y);	
    290          	BUTTON_SetBitmapEx(buttonRet.btnHandle, 0, &bmp_struct,BMP_PIC_X, BMP_PIC_Y);
    291          	
    292          
    293          	BUTTON_SetBkColor(buttonPreHeat.btnHandle, BUTTON_CI_PRESSED, gCfgItems.btn_color);
    294          	BUTTON_SetBkColor(buttonPreHeat.btnHandle, BUTTON_CI_UNPRESSED, gCfgItems.btn_color);
    295          	BUTTON_SetBkColor(buttonExtruse.btnHandle, BUTTON_CI_PRESSED, gCfgItems.btn_color);
    296          	BUTTON_SetBkColor(buttonExtruse.btnHandle, BUTTON_CI_UNPRESSED, gCfgItems.btn_color);
    297          	BUTTON_SetBkColor(buttonMove.btnHandle, BUTTON_CI_PRESSED, gCfgItems.btn_color);
    298          	BUTTON_SetBkColor(buttonMove.btnHandle, BUTTON_CI_UNPRESSED, gCfgItems.btn_color);
    299          	BUTTON_SetBkColor(buttonZero.btnHandle, BUTTON_CI_PRESSED, gCfgItems.btn_color);
    300          	BUTTON_SetBkColor(buttonZero.btnHandle, BUTTON_CI_UNPRESSED, gCfgItems.btn_color);
    301          	BUTTON_SetBkColor(buttonLeveling.btnHandle, BUTTON_CI_PRESSED, gCfgItems.btn_color);
    302          	BUTTON_SetBkColor(buttonLeveling.btnHandle, BUTTON_CI_UNPRESSED, gCfgItems.btn_color);
    303          	BUTTON_SetBkColor(buttonFilament.btnHandle, BUTTON_CI_PRESSED, gCfgItems.btn_color);
    304          	BUTTON_SetBkColor(buttonFilament.btnHandle, BUTTON_CI_UNPRESSED, gCfgItems.btn_color);
    305          	BUTTON_SetBkColor(buttonMore.btnHandle, BUTTON_CI_PRESSED, gCfgItems.btn_color);
    306          	BUTTON_SetBkColor(buttonMore.btnHandle, BUTTON_CI_UNPRESSED, gCfgItems.btn_color);	
    307          	BUTTON_SetBkColor(buttonRet.btnHandle, BUTTON_CI_PRESSED, gCfgItems.back_btn_color);
    308          	BUTTON_SetBkColor(buttonRet.btnHandle, BUTTON_CI_UNPRESSED, gCfgItems.back_btn_color);
    309          
    310          	BUTTON_SetTextColor(buttonPreHeat.btnHandle, BUTTON_CI_PRESSED, gCfgItems.btn_textcolor);
    311          	BUTTON_SetTextColor(buttonPreHeat.btnHandle, BUTTON_CI_UNPRESSED, gCfgItems.btn_textcolor);
    312          	BUTTON_SetTextColor(buttonExtruse.btnHandle, BUTTON_CI_PRESSED, gCfgItems.btn_textcolor);
    313          	BUTTON_SetTextColor(buttonExtruse.btnHandle, BUTTON_CI_UNPRESSED, gCfgItems.btn_textcolor);
    314          	BUTTON_SetTextColor(buttonMove.btnHandle, BUTTON_CI_PRESSED, gCfgItems.btn_textcolor);
    315          	BUTTON_SetTextColor(buttonMove.btnHandle, BUTTON_CI_UNPRESSED, gCfgItems.btn_textcolor);
    316          	BUTTON_SetTextColor(buttonZero.btnHandle, BUTTON_CI_PRESSED, gCfgItems.btn_textcolor);
    317          	BUTTON_SetTextColor(buttonZero.btnHandle, BUTTON_CI_UNPRESSED, gCfgItems.btn_textcolor);
    318          	BUTTON_SetTextColor(buttonLeveling.btnHandle, BUTTON_CI_PRESSED, gCfgItems.btn_textcolor);
    319          	BUTTON_SetTextColor(buttonLeveling.btnHandle, BUTTON_CI_UNPRESSED, gCfgItems.btn_textcolor);
    320          	BUTTON_SetTextColor(buttonFilament.btnHandle, BUTTON_CI_PRESSED, gCfgItems.btn_textcolor);
    321          	BUTTON_SetTextColor(buttonFilament.btnHandle, BUTTON_CI_UNPRESSED, gCfgItems.btn_textcolor);
    322          	BUTTON_SetTextColor(buttonMore.btnHandle, BUTTON_CI_PRESSED, gCfgItems.btn_textcolor);
    323          	BUTTON_SetTextColor(buttonMore.btnHandle, BUTTON_CI_UNPRESSED, gCfgItems.btn_textcolor);	
    324          	BUTTON_SetTextColor(buttonRet.btnHandle, BUTTON_CI_PRESSED, gCfgItems.back_btn_textcolor);
    325          	BUTTON_SetTextColor(buttonRet.btnHandle, BUTTON_CI_UNPRESSED, gCfgItems.back_btn_textcolor);
    326          	
    327          
    328          	if(gCfgItems.multiple_language != 0)
    329          	{
    330          		BUTTON_SetText(buttonPreHeat.btnHandle,tool_menu.preheat);
    331          		BUTTON_SetText(buttonExtruse.btnHandle,tool_menu.extrude);
    332          		BUTTON_SetText(buttonMove.btnHandle,tool_menu.move);
    333          		BUTTON_SetText(buttonZero.btnHandle,tool_menu.home);
    334          #if 0                
    335          		if(gCfgItems.leveling_mode != 2)
    336          		{
    337          			if(gCfgItems.leveling_mode == 1)
    338          				BUTTON_SetText(buttonLeveling.btnHandle,tool_menu.autoleveling);
    339          			else
    340          				BUTTON_SetText(buttonLeveling.btnHandle,tool_menu.leveling);
    341          		}
    342          #endif                
    343          		BUTTON_SetText(buttonFilament.btnHandle,tool_menu.filament);
    344          		BUTTON_SetText(buttonMore.btnHandle,tool_menu.more);	
    345          		BUTTON_SetText(buttonRet.btnHandle,common_menu.text_back);
    346          	}
    347          #else
    348          	hToolWnd = WM_CreateWindow(0,0,LCD_WIDTH,imgHeight, WM_CF_SHOW, cbDrawToolWin, 0);
   \   0000003E   0x....             LDR.N    R6,??DataTable8_1
   \   00000040   0x2000             MOVS     R0,#+0
   \   00000042   0x9002             STR      R0,[SP, #+8]
   \   00000044   0x....             LDR.N    R0,??DataTable8_9
   \   00000046   0x9001             STR      R0,[SP, #+4]
   \   00000048   0x2002             MOVS     R0,#+2
   \   0000004A   0x9000             STR      R0,[SP, #+0]
   \   0000004C   0xF44F 0x73A0      MOV      R3,#+320
   \   00000050   0xF44F 0x72F0      MOV      R2,#+480
   \   00000054   0x2100             MOVS     R1,#+0
   \   00000056   0x4608             MOV      R0,R1
   \   00000058   0x.... 0x....      BL       WM_CreateWindow
   \   0000005C   0x8030             STRH     R0,[R6, #+0]
    349              buttonMoveZ.btnHandle = BUTTON_CreateEx(20,20,120,130,hToolWnd, BUTTON_CF_SHOW,0,alloc_win_id());
   \   0000005E   0x.... 0x....      BL       alloc_win_id
   \   00000062   0x9003             STR      R0,[SP, #+12]
   \   00000064   0x2000             MOVS     R0,#+0
   \   00000066   0x9002             STR      R0,[SP, #+8]
   \   00000068   0x2002             MOVS     R0,#+2
   \   0000006A   0x9001             STR      R0,[SP, #+4]
   \   0000006C   0xF9B6 0x0000      LDRSH    R0,[R6, #+0]
   \   00000070   0x9000             STR      R0,[SP, #+0]
   \   00000072   0x2382             MOVS     R3,#+130
   \   00000074   0x2278             MOVS     R2,#+120
   \   00000076   0x2114             MOVS     R1,#+20
   \   00000078   0x4608             MOV      R0,R1
   \   0000007A   0x.... 0x....      BL       BUTTON_CreateEx
   \   0000007E   0x83B0             STRH     R0,[R6, #+28]
    350              buttonCheck.btnHandle = BUTTON_CreateEx(180,20,120,130,hToolWnd,BUTTON_CF_SHOW,0,alloc_win_id());
   \   00000080   0x.... 0x....      BL       alloc_win_id
   \   00000084   0x....             LDR.N    R7,??DataTable8_3
   \   00000086   0x9003             STR      R0,[SP, #+12]
   \   00000088   0x2000             MOVS     R0,#+0
   \   0000008A   0x9002             STR      R0,[SP, #+8]
   \   0000008C   0x2002             MOVS     R0,#+2
   \   0000008E   0x9001             STR      R0,[SP, #+4]
   \   00000090   0xF9B6 0x0000      LDRSH    R0,[R6, #+0]
   \   00000094   0x9000             STR      R0,[SP, #+0]
   \   00000096   0x2382             MOVS     R3,#+130
   \   00000098   0x2278             MOVS     R2,#+120
   \   0000009A   0x2114             MOVS     R1,#+20
   \   0000009C   0x20B4             MOVS     R0,#+180
   \   0000009E   0x.... 0x....      BL       BUTTON_CreateEx
   \   000000A2   0x8038             STRH     R0,[R7, #+0]
    351              buttonZ0.btnHandle = BUTTON_CreateEx(340,20,120,130,hToolWnd,BUTTON_CF_SHOW,0,alloc_win_id());
   \   000000A4   0x.... 0x....      BL       alloc_win_id
   \   000000A8   0x9003             STR      R0,[SP, #+12]
   \   000000AA   0x2000             MOVS     R0,#+0
   \   000000AC   0x9002             STR      R0,[SP, #+8]
   \   000000AE   0x2002             MOVS     R0,#+2
   \   000000B0   0x9001             STR      R0,[SP, #+4]
   \   000000B2   0xF9B6 0x0000      LDRSH    R0,[R6, #+0]
   \   000000B6   0x9000             STR      R0,[SP, #+0]
   \   000000B8   0x2382             MOVS     R3,#+130
   \   000000BA   0x2278             MOVS     R2,#+120
   \   000000BC   0x2114             MOVS     R1,#+20
   \   000000BE   0xF44F 0x70AA      MOV      R0,#+340
   \   000000C2   0x.... 0x....      BL       BUTTON_CreateEx
   \   000000C6   0x8338             STRH     R0,[R7, #+24]
    352              buttonStop.btnHandle = BUTTON_CreateEx(20,170,120,130,hToolWnd,BUTTON_CF_SHOW,0,alloc_win_id());
   \   000000C8   0x.... 0x....      BL       alloc_win_id
   \   000000CC   0x.... 0x....      LDR.W    R8,??DataTable8_4
   \   000000D0   0x9003             STR      R0,[SP, #+12]
   \   000000D2   0x2000             MOVS     R0,#+0
   \   000000D4   0x9002             STR      R0,[SP, #+8]
   \   000000D6   0x2002             MOVS     R0,#+2
   \   000000D8   0x9001             STR      R0,[SP, #+4]
   \   000000DA   0xF9B6 0x0000      LDRSH    R0,[R6, #+0]
   \   000000DE   0x9000             STR      R0,[SP, #+0]
   \   000000E0   0x2382             MOVS     R3,#+130
   \   000000E2   0x2278             MOVS     R2,#+120
   \   000000E4   0x21AA             MOVS     R1,#+170
   \   000000E6   0x2014             MOVS     R0,#+20
   \   000000E8   0x.... 0x....      BL       BUTTON_CreateEx
   \   000000EC   0xF8A8 0x0000      STRH     R0,[R8, #+0]
    353              buttonClean.btnHandle = BUTTON_CreateEx(180,170,120,130,hToolWnd,BUTTON_CF_SHOW,0,alloc_win_id());
   \   000000F0   0x.... 0x....      BL       alloc_win_id
   \   000000F4   0x9003             STR      R0,[SP, #+12]
   \   000000F6   0x2000             MOVS     R0,#+0
   \   000000F8   0x9002             STR      R0,[SP, #+8]
   \   000000FA   0x2002             MOVS     R0,#+2
   \   000000FC   0x9001             STR      R0,[SP, #+4]
   \   000000FE   0xF9B6 0x0000      LDRSH    R0,[R6, #+0]
   \   00000102   0x9000             STR      R0,[SP, #+0]
   \   00000104   0x2382             MOVS     R3,#+130
   \   00000106   0x2278             MOVS     R2,#+120
   \   00000108   0x21AA             MOVS     R1,#+170
   \   0000010A   0x20B4             MOVS     R0,#+180
   \   0000010C   0x.... 0x....      BL       BUTTON_CreateEx
   \   00000110   0xF8A8 0x0018      STRH     R0,[R8, #+24]
    354          	buttonRet.btnHandle = BUTTON_CreateEx(340,170,120,130,hToolWnd,BUTTON_CF_SHOW, 0, 308);
   \   00000114   0xF44F 0x709A      MOV      R0,#+308
   \   00000118   0x9003             STR      R0,[SP, #+12]
   \   0000011A   0x2000             MOVS     R0,#+0
   \   0000011C   0x9002             STR      R0,[SP, #+8]
   \   0000011E   0x2002             MOVS     R0,#+2
   \   00000120   0x9001             STR      R0,[SP, #+4]
   \   00000122   0xF9B6 0x0000      LDRSH    R0,[R6, #+0]
   \   00000126   0x9000             STR      R0,[SP, #+0]
   \   00000128   0x2382             MOVS     R3,#+130
   \   0000012A   0x2278             MOVS     R2,#+120
   \   0000012C   0x21AA             MOVS     R1,#+170
   \   0000012E   0xF44F 0x70AA      MOV      R0,#+340
   \   00000132   0x.... 0x....      BL       BUTTON_CreateEx
   \   00000136   0x80B0             STRH     R0,[R6, #+4]
    355          
    356          #if 1
    357          
    358              BUTTON_SetBmpFileName(buttonMoveZ.btnHandle, "bmp_move_z.bin",1);
   \   00000138   0x2201             MOVS     R2,#+1
   \   0000013A   0x.... 0x....      ADR.W    R1,`?<Constant "bmp_move_z.bin">`
   \   0000013E   0xF9B6 0x001C      LDRSH    R0,[R6, #+28]
   \   00000142   0x.... 0x....      BL       BUTTON_SetBmpFileName
    359              BUTTON_SetBmpFileName(buttonCheck.btnHandle, "bmp_check.bin",1);
   \   00000146   0x2201             MOVS     R2,#+1
   \   00000148   0x.... 0x....      ADR.W    R1,`?<Constant "bmp_check.bin">`
   \   0000014C   0xF9B7 0x0000      LDRSH    R0,[R7, #+0]
   \   00000150   0x.... 0x....      BL       BUTTON_SetBmpFileName
    360              BUTTON_SetBmpFileName(buttonZ0.btnHandle, "bmp_set_z0.bin",1);
   \   00000154   0x2201             MOVS     R2,#+1
   \   00000156   0x.... 0x....      ADR.W    R1,`?<Constant "bmp_set_z0.bin">`
   \   0000015A   0xF9B7 0x0018      LDRSH    R0,[R7, #+24]
   \   0000015E   0x.... 0x....      BL       BUTTON_SetBmpFileName
    361              BUTTON_SetBmpFileName(buttonStop.btnHandle, "bmp_quickstop.bin",1);
   \   00000162   0x2201             MOVS     R2,#+1
   \   00000164   0x.... 0x....      ADR.W    R1,`?<Constant "bmp_quickstop.bin">`
   \   00000168   0xF9B8 0x0000      LDRSH    R0,[R8, #+0]
   \   0000016C   0x.... 0x....      BL       BUTTON_SetBmpFileName
    362              BUTTON_SetBmpFileName(buttonClean.btnHandle, "bmp_clean.bin",1);
   \   00000170   0x2201             MOVS     R2,#+1
   \   00000172   0x.... 0x....      ADR.W    R1,`?<Constant "bmp_clean.bin">`
   \   00000176   0xF9B8 0x0018      LDRSH    R0,[R8, #+24]
   \   0000017A   0x.... 0x....      BL       BUTTON_SetBmpFileName
    363              BUTTON_SetBmpFileName(buttonRet.btnHandle, "bmp_return.bin",1);
   \   0000017E   0x2201             MOVS     R2,#+1
   \   00000180   0x.... 0x....      ADR.W    R1,`?<Constant "bmp_return.bin">`
   \   00000184   0xF9B6 0x0004      LDRSH    R0,[R6, #+4]
   \   00000188   0x.... 0x....      BL       BUTTON_SetBmpFileName
    364          
    365              BUTTON_SetBitmapEx(buttonMoveZ.btnHandle, 0, &bmp_struct,BMP_PIC_X, BMP_PIC_Y);	
   \   0000018C   0x.... 0x....      LDR.W    R9,??DataTable8_10
   \   00000190   0x.... 0x....      LDR.W    R10,??DataTable8_11
   \   00000194   0x.... 0x....      LDR.W    R11,??DataTable8_12
   \   00000198   0xF99B 0x0000      LDRSB    R0,[R11, #+0]
   \   0000019C   0x9000             STR      R0,[SP, #+0]
   \   0000019E   0xF99A 0x3000      LDRSB    R3,[R10, #+0]
   \   000001A2   0x464A             MOV      R2,R9
   \   000001A4   0x2100             MOVS     R1,#+0
   \   000001A6   0xF9B6 0x001C      LDRSH    R0,[R6, #+28]
   \   000001AA   0x.... 0x....      BL       BUTTON_SetBitmapEx
    366              BUTTON_SetBitmapEx(buttonCheck.btnHandle, 0, &bmp_struct,BMP_PIC_X, BMP_PIC_Y);
   \   000001AE   0xF99B 0x0000      LDRSB    R0,[R11, #+0]
   \   000001B2   0x9000             STR      R0,[SP, #+0]
   \   000001B4   0xF99A 0x3000      LDRSB    R3,[R10, #+0]
   \   000001B8   0x464A             MOV      R2,R9
   \   000001BA   0x2100             MOVS     R1,#+0
   \   000001BC   0xF9B7 0x0000      LDRSH    R0,[R7, #+0]
   \   000001C0   0x.... 0x....      BL       BUTTON_SetBitmapEx
    367              BUTTON_SetBitmapEx(buttonZ0.btnHandle, 0, &bmp_struct,BMP_PIC_X, BMP_PIC_Y);
   \   000001C4   0xF99B 0x0000      LDRSB    R0,[R11, #+0]
   \   000001C8   0x9000             STR      R0,[SP, #+0]
   \   000001CA   0xF99A 0x3000      LDRSB    R3,[R10, #+0]
   \   000001CE   0x464A             MOV      R2,R9
   \   000001D0   0x2100             MOVS     R1,#+0
   \   000001D2   0xF9B7 0x0018      LDRSH    R0,[R7, #+24]
   \   000001D6   0x.... 0x....      BL       BUTTON_SetBitmapEx
    368              BUTTON_SetBitmapEx(buttonStop.btnHandle, 0, &bmp_struct,BMP_PIC_X, BMP_PIC_Y);
   \   000001DA   0xF99B 0x0000      LDRSB    R0,[R11, #+0]
   \   000001DE   0x9000             STR      R0,[SP, #+0]
   \   000001E0   0xF99A 0x3000      LDRSB    R3,[R10, #+0]
   \   000001E4   0x464A             MOV      R2,R9
   \   000001E6   0x2100             MOVS     R1,#+0
   \   000001E8   0xF9B8 0x0000      LDRSH    R0,[R8, #+0]
   \   000001EC   0x.... 0x....      BL       BUTTON_SetBitmapEx
    369              BUTTON_SetBitmapEx(buttonClean.btnHandle, 0, &bmp_struct,BMP_PIC_X, BMP_PIC_Y);
   \   000001F0   0xF99B 0x0000      LDRSB    R0,[R11, #+0]
   \   000001F4   0x9000             STR      R0,[SP, #+0]
   \   000001F6   0xF99A 0x3000      LDRSB    R3,[R10, #+0]
   \   000001FA   0x464A             MOV      R2,R9
   \   000001FC   0x2100             MOVS     R1,#+0
   \   000001FE   0xF9B8 0x0018      LDRSH    R0,[R8, #+24]
   \   00000202   0x.... 0x....      BL       BUTTON_SetBitmapEx
    370              BUTTON_SetBitmapEx(buttonRet.btnHandle, 0, &bmp_struct,BMP_PIC_X, BMP_PIC_Y);  
   \   00000206   0xF99B 0x0000      LDRSB    R0,[R11, #+0]
   \   0000020A   0x9000             STR      R0,[SP, #+0]
   \   0000020C   0xF99A 0x3000      LDRSB    R3,[R10, #+0]
   \   00000210   0x464A             MOV      R2,R9
   \   00000212   0x2100             MOVS     R1,#+0
   \   00000214   0xF9B6 0x0004      LDRSH    R0,[R6, #+4]
   \   00000218   0x.... 0x....      BL       BUTTON_SetBitmapEx
    371              
    372          
    373          	BUTTON_SetBkColor(buttonMoveZ.btnHandle, BUTTON_CI_PRESSED, gCfgItems.btn_color);
   \   0000021C   0x686A             LDR      R2,[R5, #+4]
   \   0000021E   0x2101             MOVS     R1,#+1
   \   00000220   0xF9B6 0x001C      LDRSH    R0,[R6, #+28]
   \   00000224   0x.... 0x....      BL       BUTTON_SetBkColor
    374          	BUTTON_SetBkColor(buttonMoveZ.btnHandle, BUTTON_CI_UNPRESSED, gCfgItems.btn_color);
   \   00000228   0x686A             LDR      R2,[R5, #+4]
   \   0000022A   0x2100             MOVS     R1,#+0
   \   0000022C   0xF9B6 0x001C      LDRSH    R0,[R6, #+28]
   \   00000230   0x.... 0x....      BL       BUTTON_SetBkColor
    375          	BUTTON_SetBkColor(buttonCheck.btnHandle, BUTTON_CI_PRESSED, gCfgItems.btn_color);
   \   00000234   0x686A             LDR      R2,[R5, #+4]
   \   00000236   0x2101             MOVS     R1,#+1
   \   00000238   0xF9B7 0x0000      LDRSH    R0,[R7, #+0]
   \   0000023C   0x.... 0x....      BL       BUTTON_SetBkColor
    376          	BUTTON_SetBkColor(buttonCheck.btnHandle, BUTTON_CI_UNPRESSED, gCfgItems.btn_color);
   \   00000240   0x686A             LDR      R2,[R5, #+4]
   \   00000242   0x2100             MOVS     R1,#+0
   \   00000244   0xF9B7 0x0000      LDRSH    R0,[R7, #+0]
   \   00000248   0x.... 0x....      BL       BUTTON_SetBkColor
    377          	BUTTON_SetBkColor(buttonZ0.btnHandle, BUTTON_CI_PRESSED, gCfgItems.btn_color);
   \   0000024C   0x686A             LDR      R2,[R5, #+4]
   \   0000024E   0x2101             MOVS     R1,#+1
   \   00000250   0xF9B7 0x0018      LDRSH    R0,[R7, #+24]
   \   00000254   0x.... 0x....      BL       BUTTON_SetBkColor
    378          	BUTTON_SetBkColor(buttonZ0.btnHandle, BUTTON_CI_UNPRESSED, gCfgItems.btn_color);
   \   00000258   0x686A             LDR      R2,[R5, #+4]
   \   0000025A   0x2100             MOVS     R1,#+0
   \   0000025C   0xF9B7 0x0018      LDRSH    R0,[R7, #+24]
   \   00000260   0x.... 0x....      BL       BUTTON_SetBkColor
    379          	BUTTON_SetBkColor(buttonStop.btnHandle, BUTTON_CI_PRESSED, gCfgItems.btn_color);
   \   00000264   0x686A             LDR      R2,[R5, #+4]
   \   00000266   0x2101             MOVS     R1,#+1
   \   00000268   0xF9B8 0x0000      LDRSH    R0,[R8, #+0]
   \   0000026C   0x.... 0x....      BL       BUTTON_SetBkColor
    380          	BUTTON_SetBkColor(buttonStop.btnHandle, BUTTON_CI_UNPRESSED, gCfgItems.btn_color);
   \   00000270   0x686A             LDR      R2,[R5, #+4]
   \   00000272   0x2100             MOVS     R1,#+0
   \   00000274   0xF9B8 0x0000      LDRSH    R0,[R8, #+0]
   \   00000278   0x.... 0x....      BL       BUTTON_SetBkColor
    381          	BUTTON_SetBkColor(buttonClean.btnHandle, BUTTON_CI_PRESSED, gCfgItems.btn_color);
   \   0000027C   0x686A             LDR      R2,[R5, #+4]
   \   0000027E   0x2101             MOVS     R1,#+1
   \   00000280   0xF9B8 0x0018      LDRSH    R0,[R8, #+24]
   \   00000284   0x.... 0x....      BL       BUTTON_SetBkColor
    382          	BUTTON_SetBkColor(buttonClean.btnHandle, BUTTON_CI_UNPRESSED, gCfgItems.btn_color);    
   \   00000288   0x686A             LDR      R2,[R5, #+4]
   \   0000028A   0x2100             MOVS     R1,#+0
   \   0000028C   0xF9B8 0x0018      LDRSH    R0,[R8, #+24]
   \   00000290   0x.... 0x....      BL       BUTTON_SetBkColor
    383          	BUTTON_SetBkColor(buttonRet.btnHandle, BUTTON_CI_PRESSED, gCfgItems.btn_color);
   \   00000294   0x686A             LDR      R2,[R5, #+4]
   \   00000296   0x2101             MOVS     R1,#+1
   \   00000298   0xF9B6 0x0004      LDRSH    R0,[R6, #+4]
   \   0000029C   0x.... 0x....      BL       BUTTON_SetBkColor
    384          	BUTTON_SetBkColor(buttonRet.btnHandle, BUTTON_CI_UNPRESSED, gCfgItems.btn_color);
   \   000002A0   0x686A             LDR      R2,[R5, #+4]
   \   000002A2   0x2100             MOVS     R1,#+0
   \   000002A4   0xF9B6 0x0004      LDRSH    R0,[R6, #+4]
   \   000002A8   0x.... 0x....      BL       BUTTON_SetBkColor
    385          
    386              BUTTON_SetTextColor(buttonMoveZ.btnHandle, BUTTON_CI_PRESSED, gCfgItems.btn_textcolor);
   \   000002AC   0x68EA             LDR      R2,[R5, #+12]
   \   000002AE   0x2101             MOVS     R1,#+1
   \   000002B0   0xF9B6 0x001C      LDRSH    R0,[R6, #+28]
   \   000002B4   0x.... 0x....      BL       BUTTON_SetTextColor
    387          	BUTTON_SetTextColor(buttonMoveZ.btnHandle, BUTTON_CI_UNPRESSED, gCfgItems.btn_textcolor);
   \   000002B8   0x68EA             LDR      R2,[R5, #+12]
   \   000002BA   0x2100             MOVS     R1,#+0
   \   000002BC   0xF9B6 0x001C      LDRSH    R0,[R6, #+28]
   \   000002C0   0x.... 0x....      BL       BUTTON_SetTextColor
    388          	BUTTON_SetTextColor(buttonCheck.btnHandle, BUTTON_CI_PRESSED, gCfgItems.btn_textcolor);
   \   000002C4   0x68EA             LDR      R2,[R5, #+12]
   \   000002C6   0x2101             MOVS     R1,#+1
   \   000002C8   0xF9B7 0x0000      LDRSH    R0,[R7, #+0]
   \   000002CC   0x.... 0x....      BL       BUTTON_SetTextColor
    389          	BUTTON_SetTextColor(buttonCheck.btnHandle, BUTTON_CI_UNPRESSED, gCfgItems.btn_textcolor);
   \   000002D0   0x68EA             LDR      R2,[R5, #+12]
   \   000002D2   0x2100             MOVS     R1,#+0
   \   000002D4   0xF9B7 0x0000      LDRSH    R0,[R7, #+0]
   \   000002D8   0x.... 0x....      BL       BUTTON_SetTextColor
    390          	BUTTON_SetTextColor(buttonZ0.btnHandle, BUTTON_CI_PRESSED, gCfgItems.btn_textcolor);
   \   000002DC   0x68EA             LDR      R2,[R5, #+12]
   \   000002DE   0x2101             MOVS     R1,#+1
   \   000002E0   0xF9B7 0x0018      LDRSH    R0,[R7, #+24]
   \   000002E4   0x.... 0x....      BL       BUTTON_SetTextColor
    391          	BUTTON_SetTextColor(buttonZ0.btnHandle, BUTTON_CI_UNPRESSED, gCfgItems.btn_textcolor);
   \   000002E8   0x68EA             LDR      R2,[R5, #+12]
   \   000002EA   0x2100             MOVS     R1,#+0
   \   000002EC   0xF9B7 0x0018      LDRSH    R0,[R7, #+24]
   \   000002F0   0x.... 0x....      BL       BUTTON_SetTextColor
    392          	BUTTON_SetTextColor(buttonStop.btnHandle, BUTTON_CI_PRESSED, gCfgItems.btn_textcolor);
   \   000002F4   0x68EA             LDR      R2,[R5, #+12]
   \   000002F6   0x2101             MOVS     R1,#+1
   \   000002F8   0xF9B8 0x0000      LDRSH    R0,[R8, #+0]
   \   000002FC   0x.... 0x....      BL       BUTTON_SetTextColor
    393          	BUTTON_SetTextColor(buttonStop.btnHandle, BUTTON_CI_UNPRESSED, gCfgItems.btn_textcolor);
   \   00000300   0x68EA             LDR      R2,[R5, #+12]
   \   00000302   0x2100             MOVS     R1,#+0
   \   00000304   0xF9B8 0x0000      LDRSH    R0,[R8, #+0]
   \   00000308   0x.... 0x....      BL       BUTTON_SetTextColor
    394          	BUTTON_SetTextColor(buttonClean.btnHandle, BUTTON_CI_PRESSED, gCfgItems.btn_textcolor);
   \   0000030C   0x68EA             LDR      R2,[R5, #+12]
   \   0000030E   0x2101             MOVS     R1,#+1
   \   00000310   0xF9B8 0x0018      LDRSH    R0,[R8, #+24]
   \   00000314   0x.... 0x....      BL       BUTTON_SetTextColor
    395          	BUTTON_SetTextColor(buttonClean.btnHandle, BUTTON_CI_UNPRESSED, gCfgItems.btn_textcolor);    
   \   00000318   0x68EA             LDR      R2,[R5, #+12]
   \   0000031A   0x2100             MOVS     R1,#+0
   \   0000031C   0xF9B8 0x0018      LDRSH    R0,[R8, #+24]
   \   00000320   0x.... 0x....      BL       BUTTON_SetTextColor
    396           	BUTTON_SetTextColor(buttonRet.btnHandle, BUTTON_CI_PRESSED, gCfgItems.btn_textcolor);
   \   00000324   0x68EA             LDR      R2,[R5, #+12]
   \   00000326   0x2101             MOVS     R1,#+1
   \   00000328   0xF9B6 0x0004      LDRSH    R0,[R6, #+4]
   \   0000032C   0x.... 0x....      BL       BUTTON_SetTextColor
    397          	BUTTON_SetTextColor(buttonRet.btnHandle, BUTTON_CI_UNPRESSED, gCfgItems.btn_textcolor); 
   \   00000330   0x68EA             LDR      R2,[R5, #+12]
   \   00000332   0x2100             MOVS     R1,#+0
   \   00000334   0xF9B6 0x0004      LDRSH    R0,[R6, #+4]
   \   00000338   0x.... 0x....      BL       BUTTON_SetTextColor
    398              
    399              BUTTON_SetTextAlign(buttonMoveZ.btnHandle, GUI_TA_BOTTOM | GUI_TA_HCENTER);
   \   0000033C   0x2106             MOVS     R1,#+6
   \   0000033E   0xF9B6 0x001C      LDRSH    R0,[R6, #+28]
   \   00000342   0x.... 0x....      BL       BUTTON_SetTextAlign
    400              BUTTON_SetTextAlign(buttonCheck.btnHandle, GUI_TA_BOTTOM | GUI_TA_HCENTER);
   \   00000346   0x2106             MOVS     R1,#+6
   \   00000348   0xF9B7 0x0000      LDRSH    R0,[R7, #+0]
   \   0000034C   0x.... 0x....      BL       BUTTON_SetTextAlign
    401              BUTTON_SetTextAlign(buttonZ0.btnHandle, GUI_TA_BOTTOM | GUI_TA_HCENTER);
   \   00000350   0x2106             MOVS     R1,#+6
   \   00000352   0xF9B7 0x0018      LDRSH    R0,[R7, #+24]
   \   00000356   0x.... 0x....      BL       BUTTON_SetTextAlign
    402              BUTTON_SetTextAlign(buttonStop.btnHandle, GUI_TA_BOTTOM | GUI_TA_HCENTER);
   \   0000035A   0x2106             MOVS     R1,#+6
   \   0000035C   0xF9B8 0x0000      LDRSH    R0,[R8, #+0]
   \   00000360   0x.... 0x....      BL       BUTTON_SetTextAlign
    403              BUTTON_SetTextAlign(buttonRet.btnHandle, GUI_TA_BOTTOM | GUI_TA_HCENTER);
   \   00000364   0x2106             MOVS     R1,#+6
   \   00000366   0xF9B6 0x0004      LDRSH    R0,[R6, #+4]
   \   0000036A   0x.... 0x....      BL       BUTTON_SetTextAlign
    404          
    405              
    406          	if(gCfgItems.multiple_language != 0)
   \   0000036E   0xF894 0x019B      LDRB     R0,[R4, #+411]
   \   00000372   0x2800             CMP      R0,#+0
   \   00000374   0xD022             BEQ.N    ??draw_tool_1
    407          	{
    408          		BUTTON_SetText(buttonMoveZ.btnHandle,tool_menu.movez);
   \   00000376   0x....             LDR.N    R4,??DataTable8_13
   \   00000378   0x6AA1             LDR      R1,[R4, #+40]
   \   0000037A   0xF9B6 0x001C      LDRSH    R0,[R6, #+28]
   \   0000037E   0x.... 0x....      BL       BUTTON_SetText
    409          		BUTTON_SetText(buttonCheck.btnHandle,tool_menu.check);
   \   00000382   0x6AE1             LDR      R1,[R4, #+44]
   \   00000384   0xF9B7 0x0000      LDRSH    R0,[R7, #+0]
   \   00000388   0x.... 0x....      BL       BUTTON_SetText
    410          		BUTTON_SetText(buttonZ0.btnHandle,tool_menu.z0);
   \   0000038C   0x6B21             LDR      R1,[R4, #+48]
   \   0000038E   0xF9B7 0x0018      LDRSH    R0,[R7, #+24]
   \   00000392   0x.... 0x....      BL       BUTTON_SetText
    411          		BUTTON_SetText(buttonStop.btnHandle,tool_menu.stop);
   \   00000396   0x6B61             LDR      R1,[R4, #+52]
   \   00000398   0xF9B8 0x0000      LDRSH    R0,[R8, #+0]
   \   0000039C   0x.... 0x....      BL       BUTTON_SetText
    412                  BUTTON_SetText(buttonClean.btnHandle,tool_menu.clean);
   \   000003A0   0x6BA1             LDR      R1,[R4, #+56]
   \   000003A2   0xF9B8 0x0018      LDRSH    R0,[R8, #+24]
   \   000003A6   0x.... 0x....      BL       BUTTON_SetText
    413                  BUTTON_SetText(buttonRet.btnHandle,common_menu.text_back);
   \   000003AA   0x....             LDR.N    R0,??DataTable8_14
   \   000003AC   0x6801             LDR      R1,[R0, #+0]
   \   000003AE   0xF9B6 0x0004      LDRSH    R0,[R6, #+4]
   \   000003B2   0xB005             ADD      SP,SP,#+20
   \   000003B4   0xE8BD 0x4FF0      POP      {R4-R11,LR}
   \   000003B8   0x.... 0x....      B.W      BUTTON_SetText
    414              }
    415              
    416          #else
    417              BUTTON_SetBmpFileName(buttonMoveZ.btnHandle,NULL,1);
    418          	BUTTON_SetBmpFileName(buttonCheck.btnHandle,NULL,1);
    419          	BUTTON_SetBmpFileName(buttonZ0.btnHandle,NULL,1);
    420          	BUTTON_SetBmpFileName(buttonStop.btnHandle,NULL,1);
    421              BUTTON_SetBmpFileName(buttonRet.btnHandle,NULL,1);  
    422          
    423          	BUTTON_SetBkColor(buttonMoveZ.btnHandle, BUTTON_CI_PRESSED, GUI_GRAY);
    424          	BUTTON_SetBkColor(buttonMoveZ.btnHandle, BUTTON_CI_UNPRESSED, 0xfed965);
    425          	BUTTON_SetBkColor(buttonCheck.btnHandle, BUTTON_CI_PRESSED, GUI_GRAY);
    426          	BUTTON_SetBkColor(buttonCheck.btnHandle, BUTTON_CI_UNPRESSED, 0xfed965);
    427          	BUTTON_SetBkColor(buttonZ0.btnHandle, BUTTON_CI_PRESSED, GUI_GRAY);
    428          	BUTTON_SetBkColor(buttonZ0.btnHandle, BUTTON_CI_UNPRESSED, 0xfed965);
    429          	BUTTON_SetBkColor(buttonStop.btnHandle, BUTTON_CI_PRESSED, GUI_GRAY);
    430          	BUTTON_SetBkColor(buttonStop.btnHandle, BUTTON_CI_UNPRESSED, 0xfed965);	
    431          	BUTTON_SetBkColor(buttonRet.btnHandle, BUTTON_CI_PRESSED, GUI_GRAY);
    432          	BUTTON_SetBkColor(buttonRet.btnHandle, BUTTON_CI_UNPRESSED, 0xfed965);
    433              
    434          	BUTTON_SetTextColor(buttonMoveZ.btnHandle, BUTTON_CI_PRESSED, GUI_WHITE);
    435          	BUTTON_SetTextColor(buttonMoveZ.btnHandle, BUTTON_CI_UNPRESSED, GUI_WHITE); 
    436              BUTTON_SetTextColor(buttonCheck.btnHandle, BUTTON_CI_PRESSED, GUI_WHITE);
    437          	BUTTON_SetTextColor(buttonCheck.btnHandle, BUTTON_CI_UNPRESSED, GUI_WHITE); 
    438              BUTTON_SetTextColor(buttonZ0.btnHandle, BUTTON_CI_PRESSED, GUI_WHITE);
    439          	BUTTON_SetTextColor(buttonZ0.btnHandle, BUTTON_CI_UNPRESSED, GUI_WHITE); 
    440              BUTTON_SetTextColor(buttonStop.btnHandle, BUTTON_CI_PRESSED, GUI_WHITE);
    441          	BUTTON_SetTextColor(buttonStop.btnHandle, BUTTON_CI_UNPRESSED, GUI_WHITE); 
    442          	BUTTON_SetTextColor(buttonRet.btnHandle, BUTTON_CI_PRESSED, GUI_WHITE);
    443          	BUTTON_SetTextColor(buttonRet.btnHandle, BUTTON_CI_UNPRESSED, GUI_WHITE);   
    444          #endif
    445          
    446            
    447          
    448          
    449          #endif
    450          
    451          #endif
    452          }
   \                     ??draw_tool_1: (+1)
   \   000003BC   0xB005             ADD      SP,SP,#+20
   \   000003BE   0xE8BD 0x8FF0      POP      {R4-R11,PC}      ;; return
    453          

   \                                 In section .text, align 2, keep-with-next
    454          void Clear_Tool()
    455          {
   \                     _Z10Clear_Toolv: (+1)
   \   00000000   0xB510             PUSH     {R4,LR}
    456          	GUI_SetBkColor(gCfgItems.background_color);
   \   00000002   0x....             LDR.N    R0,??DataTable8_8
   \   00000004   0x6840             LDR      R0,[R0, #+4]
   \   00000006   0x.... 0x....      BL       GUI_SetBkColor
    457          	if(WM_IsWindow(hToolWnd))
   \   0000000A   0x....             LDR.N    R4,??DataTable8_1
   \   0000000C   0xF9B4 0x0000      LDRSH    R0,[R4, #+0]
   \   00000010   0x.... 0x....      BL       WM_IsWindow
   \   00000014   0x2800             CMP      R0,#+0
   \   00000016   0xD007             BEQ.N    ??Clear_Tool_0
    458          	{
    459          		WM_DeleteWindow(hToolWnd);
   \   00000018   0xF9B4 0x0000      LDRSH    R0,[R4, #+0]
   \   0000001C   0x.... 0x....      BL       WM_DeleteWindow
    460          		GUI_Exec();
   \   00000020   0xE8BD 0x4010      POP      {R4,LR}
   \   00000024   0x.... 0x....      B.W      GUI_Exec
    461          	}
    462          	
    463          	//GUI_Clear();
    464          }
   \                     ??Clear_Tool_0: (+1)
   \   00000028   0xBD10             POP      {R4,PC}          ;; return

   \                                 In section .text, align 4, keep-with-next
   \                     ??DataTable8:
   \   00000000   0x........         DC32     dialog_display_flg

   \                                 In section .text, align 4, keep-with-next
   \                     ??DataTable8_1:
   \   00000000   0x........         DC32     hToolWnd

   \                                 In section .text, align 4, keep-with-next
   \                     ??DataTable8_2:
   \   00000000   0x........         DC32     last_disp_state

   \                                 In section .text, align 4, keep-with-next
   \                     ??DataTable8_3:
   \   00000000   0x........         DC32     buttonCheck

   \                                 In section .text, align 4, keep-with-next
   \                     ??DataTable8_4:
   \   00000000   0x........         DC32     buttonStop

   \                                 In section .text, align 4, keep-with-next
   \                     ??DataTable8_5:
   \   00000000   0x........         DC32     mksdlp

   \                                 In section .text, align 4, keep-with-next
   \                     ??DataTable8_6:
   \   00000000   0x........         DC32     disp_state_stack

   \                                 In section .text, align 4, keep-with-next
   \                     ??DataTable8_7:
   \   00000000   0x........         DC32     disp_state

   \                                 In section .text, align 4, keep-with-next
   \                     ??DataTable8_8:
   \   00000000   0x........         DC32     gCfgItems

   \                                 In section .text, align 4, keep-with-next
   \                     ??DataTable8_9:
   \   00000000   0x........         DC32     _Z13cbDrawToolWinP10WM_MESSAGE

   \                                 In section .text, align 4, keep-with-next
   \                     ??DataTable8_10:
   \   00000000   0x........         DC32     bmp_struct

   \                                 In section .text, align 4, keep-with-next
   \                     ??DataTable8_11:
   \   00000000   0x........         DC32     BMP_PIC_X

   \                                 In section .text, align 4, keep-with-next
   \                     ??DataTable8_12:
   \   00000000   0x........         DC32     BMP_PIC_Y

   \                                 In section .text, align 4, keep-with-next
   \                     ??DataTable8_13:
   \   00000000   0x........         DC32     tool_menu

   \                                 In section .text, align 4, keep-with-next
   \                     ??DataTable8_14:
   \   00000000   0x........         DC32     common_menu

   \                                 In section .text, align 4, keep-with-next
   \                     `?<Constant "bmp_move_z.bin">`:
   \   00000000   0x62 0x6D          DC8 "bmp_move_z.bin"
   \              0x70 0x5F    
   \              0x6D 0x6F    
   \              0x76 0x65    
   \              0x5F 0x7A    
   \              0x2E 0x62    
   \              0x69 0x6E    
   \              0x00         
   \   0000000F   0x00               DC8 0

   \                                 In section .text, align 4, keep-with-next
   \                     `?<Constant "bmp_check.bin">`:
   \   00000000   0x62 0x6D          DC8 "bmp_check.bin"
   \              0x70 0x5F    
   \              0x63 0x68    
   \              0x65 0x63    
   \              0x6B 0x2E    
   \              0x62 0x69    
   \              0x6E 0x00    
   \   0000000E   0x00 0x00          DC8 0, 0

   \                                 In section .text, align 4, keep-with-next
   \                     `?<Constant "bmp_set_z0.bin">`:
   \   00000000   0x62 0x6D          DC8 "bmp_set_z0.bin"
   \              0x70 0x5F    
   \              0x73 0x65    
   \              0x74 0x5F    
   \              0x7A 0x30    
   \              0x2E 0x62    
   \              0x69 0x6E    
   \              0x00         
   \   0000000F   0x00               DC8 0

   \                                 In section .text, align 4, keep-with-next
   \                     `?<Constant "bmp_quickstop.bin">`:
   \   00000000   0x62 0x6D          DC8 "bmp_quickstop.bin"
   \              0x70 0x5F    
   \              0x71 0x75    
   \              0x69 0x63    
   \              0x6B 0x73    
   \              0x74 0x6F    
   \              0x70 0x2E    
   \              0x62 0x69    
   \              0x6E 0x00    
   \   00000012   0x00 0x00          DC8 0, 0

   \                                 In section .text, align 4, keep-with-next
   \                     `?<Constant "bmp_clean.bin">`:
   \   00000000   0x62 0x6D          DC8 "bmp_clean.bin"
   \              0x70 0x5F    
   \              0x63 0x6C    
   \              0x65 0x61    
   \              0x6E 0x2E    
   \              0x62 0x69    
   \              0x6E 0x00    
   \   0000000E   0x00 0x00          DC8 0, 0

   \                                 In section .text, align 4, keep-with-next
   \                     `?<Constant "bmp_return.bin">`:
   \   00000000   0x62 0x6D          DC8 "bmp_return.bin"
   \              0x70 0x5F    
   \              0x72 0x65    
   \              0x74 0x75    
   \              0x72 0x6E    
   \              0x2E 0x62    
   \              0x69 0x6E    
   \              0x00         
   \   0000000F   0x00               DC8 0
    465          

   Maximum stack usage in bytes:

   .cstack Function
   ------- --------
       8   Clear_Tool()
         0   -> GUI_Exec
         8   -> GUI_SetBkColor
         8   -> WM_DeleteWindow
         8   -> WM_IsWindow
       8   cbDrawToolWin(WM_MESSAGE *)
         8   -> Clear_Tool()
         0   -> MKS_DLP::quick_stop()
         0   -> WM_DefaultProc
         8   -> axis_unhomed_error(bool)
         0   -> draw_Clean
         0   -> draw_detection
         0   -> draw_dialog
         0   -> draw_move_motor
         0   -> draw_return_ui
      56   draw_tool()
        56   -> BUTTON_CreateEx
        56   -> BUTTON_SetBitmapEx
        56   -> BUTTON_SetBkColor
        56   -> BUTTON_SetBmpFileName
         0   -> BUTTON_SetText
        56   -> BUTTON_SetText
        56   -> BUTTON_SetTextAlign
        56   -> BUTTON_SetTextColor
        56   -> GUI_Clear
        56   -> GUI_SetBkColor
        56   -> GUI_SetColor
        56   -> WM_CreateWindow
        56   -> alloc_win_id


   Section sizes:

   Bytes  Function/Label
   -----  --------------
      16  ?<Constant "bmp_check.bin">
      16  ?<Constant "bmp_clean.bin">
      16  ?<Constant "bmp_move_z.bin">
      20  ?<Constant "bmp_quickstop.bin">
      16  ?<Constant "bmp_return.bin">
      16  ?<Constant "bmp_set_z0.bin">
       4  ??DataTable8
       4  ??DataTable8_1
       4  ??DataTable8_10
       4  ??DataTable8_11
       4  ??DataTable8_12
       4  ??DataTable8_13
       4  ??DataTable8_14
       4  ??DataTable8_2
       4  ??DataTable8_3
       4  ??DataTable8_4
       4  ??DataTable8_5
       4  ??DataTable8_6
       4  ??DataTable8_7
       4  ??DataTable8_8
       4  ??DataTable8_9
      42  Clear_Tool()
      48  buttonCheck
          buttonZ0
      48  buttonStop
          buttonClean
     246  cbDrawToolWin(WM_MESSAGE *)
     962  draw_tool()
      52  hToolWnd
          buttonRet
          buttonMoveZ
       1  -- Other

 
   148 bytes in section .bss
     1 byte  in section .rodata
 1 410 bytes in section .text
 
 1 410 bytes of CODE  memory
     0 bytes of CONST memory (+ 1 byte shared)
   148 bytes of DATA  memory

Errors: none
Warnings: 90
