###############################################################################
#
# IAR ANSI C/C++ Compiler V7.10.1.6676/W32 for ARM        16/Apr/2020  18:38:40
# Copyright 1999-2014 IAR Systems AB.
#
#    Cpu mode     =  thumb
#    Endian       =  little
#    Source file  =  
#        D:\DLP_proj\DLP_github\MKS-DLP-FIRMWARE\User\ui\draw_info.cpp
#    Command line =  
#        D:\DLP_proj\DLP_github\MKS-DLP-FIRMWARE\User\ui\draw_info.cpp -D
#        USE_HAL_DRIVER -D STM32F407xx -D STM32F40_41xxx -D USE_HAL_LIB -D
#        MKS_DLP_BOARD -D TFT35 -D USE_STM32F407VET -lC
#        D:\DLP_proj\DLP_github\MKS-DLP-FIRMWARE\EWARM\mksDLP/List\ -lA
#        D:\DLP_proj\DLP_github\MKS-DLP-FIRMWARE\EWARM\mksDLP/List\
#        --diag_suppress Pa050 -o
#        D:\DLP_proj\DLP_github\MKS-DLP-FIRMWARE\EWARM\mksDLP/Obj\ --no_unroll
#        --no_inline --no_tbaa --no_scheduling --debug --endian=little
#        --cpu=Cortex-M4F -e --char_is_signed --fpu=VFPv4_sp --dlib_config
#        "D:\Program Files (x86)\IAR Systems\Embedded Workbench
#        7.0\arm\INC\c\DLib_Config_Full.h" -I
#        D:\DLP_proj\DLP_github\MKS-DLP-FIRMWARE\EWARM/../Inc\ -I
#        D:\DLP_proj\DLP_github\MKS-DLP-FIRMWARE\EWARM/../Src\ -I
#        D:\DLP_proj\DLP_github\MKS-DLP-FIRMWARE\EWARM/../Drivers/STM32F4xx_HAL_Driver/Inc\
#        -I
#        D:\DLP_proj\DLP_github\MKS-DLP-FIRMWARE\EWARM/../Drivers/STM32F4xx_HAL_Driver/Inc/Legacy\
#        -I
#        D:\DLP_proj\DLP_github\MKS-DLP-FIRMWARE\EWARM/../Middlewares/Third_Party/FatFs/src/drivers\
#        -I
#        D:\DLP_proj\DLP_github\MKS-DLP-FIRMWARE\EWARM/../Middlewares/ST/STM32_USB_Host_Library/Core/Inc\
#        -I
#        D:\DLP_proj\DLP_github\MKS-DLP-FIRMWARE\EWARM/../Middlewares/ST/STM32_USB_Host_Library/Class/MSC/Inc\
#        -I
#        D:\DLP_proj\DLP_github\MKS-DLP-FIRMWARE\EWARM/../Drivers/CMSIS/Device/ST/STM32F4xx/Include\
#        -I
#        D:\DLP_proj\DLP_github\MKS-DLP-FIRMWARE\EWARM/../Middlewares/Third_Party/FatFs/src\
#        -I
#        D:\DLP_proj\DLP_github\MKS-DLP-FIRMWARE\EWARM/../Middlewares/Third_Party/Marlin\
#        -I
#        D:\DLP_proj\DLP_github\MKS-DLP-FIRMWARE\EWARM/../Drivers/CMSIS/Include\
#        -I
#        D:\DLP_proj\DLP_github\MKS-DLP-FIRMWARE\EWARM/../Drivers/BSP/variant\
#        -I
#        D:\DLP_proj\DLP_github\MKS-DLP-FIRMWARE\EWARM/../Drivers/BSP/Components/at24cxx\
#        -I
#        D:\DLP_proj\DLP_github\MKS-DLP-FIRMWARE\EWARM/../Drivers/BSP/Components/w25qxx\
#        -I
#        D:\DLP_proj\DLP_github\MKS-DLP-FIRMWARE\EWARM/../Drivers/BSP/Components/ssd2828\
#        -I
#        D:\DLP_proj\DLP_github\MKS-DLP-FIRMWARE\EWARM/../Drivers/BSP/Components/lcd\
#        -I D:\DLP_proj\DLP_github\MKS-DLP-FIRMWARE\EWARM/../Drivers/libstmf4\
#        -I
#        D:\DLP_proj\DLP_github\MKS-DLP-FIRMWARE\EWARM/../Drivers/libstmf4/include\
#        -I
#        D:\DLP_proj\DLP_github\MKS-DLP-FIRMWARE\EWARM/../Middlewares/arduino/stm32/cores/arduino\
#        -I D:\DLP_proj\DLP_github\MKS-DLP-FIRMWARE\EWARM/../User/ui\ -I
#        D:\DLP_proj\DLP_github\MKS-DLP-FIRMWARE\EWARM/../User/ui/Multi_language\
#        -I D:\DLP_proj\DLP_github\MKS-DLP-FIRMWARE\EWARM/../User/ui/QRENCODE\
#        -I D:\DLP_proj\DLP_github\MKS-DLP-FIRMWARE\EWARM/../Middlewares/GUI\
#        -Om --eec++ -I "D:\Program Files (x86)\IAR Systems\Embedded Workbench
#        7.0\arm\CMSIS\Include\"
#    List file    =  
#        D:\DLP_proj\DLP_github\MKS-DLP-FIRMWARE\EWARM\mksDLP/List\draw_info.lst
#    Object file  =  
#        D:\DLP_proj\DLP_github\MKS-DLP-FIRMWARE\EWARM\mksDLP/Obj\draw_info.o
#
###############################################################################

D:\DLP_proj\DLP_github\MKS-DLP-FIRMWARE\User\ui\draw_info.cpp
      1          #include "gui.h"
      2          #include "button.h"
      3          #include "draw_ui.h"

  #define UNUSED(x) (void) (x)
          ^
"D:\DLP_proj\DLP_github\MKS-DLP-FIRMWARE\Middlewares\Third_Party\Marlin\macros.h",101  Warning[Pe047]: 
          incompatible redefinition of macro "UNUSED" (declared at line 87 of
          "D:\DLP_proj\DLP_github\MKS-DLP-FIRMWARE\Drivers\STM32F4xx_HAL_Driver
          \Inc\stm32f4xx_hal_def.h")

  		volatile volatile float desireBedTempBak;
  		         ^
"D:\DLP_proj\DLP_github\MKS-DLP-FIRMWARE\Inc\mks_cfg.h",407  Warning[Pe083]: 
          type qualifier specified more than once

  #define IS_SPI_MODE(MODE) (((MODE) == SPI_Mode_Master) || \
          ^
"D:\DLP_proj\DLP_github\MKS-DLP-FIRMWARE\Drivers\libstmf4\include\stm32f4xx_spi.h",173  Warning[Pe047]: 
          incompatible redefinition of macro "IS_SPI_MODE" (declared at line
          511 of
          "D:\DLP_proj\DLP_github\MKS-DLP-FIRMWARE\Drivers\STM32F4xx_HAL_Driver
          \Inc\stm32f4xx_hal_spi.h")

  #define IS_SPI_DATASIZE(DATASIZE) (((DATASIZE) == SPI_DataSize_16b) || \
          ^
"D:\DLP_proj\DLP_github\MKS-DLP-FIRMWARE\Drivers\libstmf4\include\stm32f4xx_spi.h",185  Warning[Pe047]: 
          incompatible redefinition of macro "IS_SPI_DATASIZE" (declared at
          line 523 of
          "D:\DLP_proj\DLP_github\MKS-DLP-FIRMWARE\Drivers\STM32F4xx_HAL_Driver
          \Inc\stm32f4xx_hal_spi.h")

  #define IS_SPI_CPOL(CPOL) (((CPOL) == SPI_CPOL_Low) || \
          ^
"D:\DLP_proj\DLP_github\MKS-DLP-FIRMWARE\Drivers\libstmf4\include\stm32f4xx_spi.h",197  Warning[Pe047]: 
          incompatible redefinition of macro "IS_SPI_CPOL" (declared at line
          526 of
          "D:\DLP_proj\DLP_github\MKS-DLP-FIRMWARE\Drivers\STM32F4xx_HAL_Driver
          \Inc\stm32f4xx_hal_spi.h")

  #define IS_SPI_CPHA(CPHA) (((CPHA) == SPI_CPHA_1Edge) || \
          ^
"D:\DLP_proj\DLP_github\MKS-DLP-FIRMWARE\Drivers\libstmf4\include\stm32f4xx_spi.h",209  Warning[Pe047]: 
          incompatible redefinition of macro "IS_SPI_CPHA" (declared at line
          529 of
          "D:\DLP_proj\DLP_github\MKS-DLP-FIRMWARE\Drivers\STM32F4xx_HAL_Driver
          \Inc\stm32f4xx_hal_spi.h")

  #define IS_SPI_NSS(NSS) (((NSS) == SPI_NSS_Soft) || \
          ^
"D:\DLP_proj\DLP_github\MKS-DLP-FIRMWARE\Drivers\libstmf4\include\stm32f4xx_spi.h",221  Warning[Pe047]: 
          incompatible redefinition of macro "IS_SPI_NSS" (declared at line
          532 of
          "D:\DLP_proj\DLP_github\MKS-DLP-FIRMWARE\Drivers\STM32F4xx_HAL_Driver
          \Inc\stm32f4xx_hal_spi.h")

  #define IS_SPI_BAUDRATE_PRESCALER(PRESCALER) (((PRESCALER) == SPI_BaudRatePrescaler_2) || \
          ^
"D:\DLP_proj\DLP_github\MKS-DLP-FIRMWARE\Drivers\libstmf4\include\stm32f4xx_spi.h",239  Warning[Pe047]: 
          incompatible redefinition of macro "IS_SPI_BAUDRATE_PRESCALER"
          (declared at line 536 of
          "D:\DLP_proj\DLP_github\MKS-DLP-FIRMWARE\Drivers\STM32F4xx_HAL_Driver
          \Inc\stm32f4xx_hal_spi.h")

  #define IS_SPI_FIRST_BIT(BIT) (((BIT) == SPI_FirstBit_MSB) || \
          ^
"D:\DLP_proj\DLP_github\MKS-DLP-FIRMWARE\Drivers\libstmf4\include\stm32f4xx_spi.h",257  Warning[Pe047]: 
          incompatible redefinition of macro "IS_SPI_FIRST_BIT" (declared at
          line 545 of
          "D:\DLP_proj\DLP_github\MKS-DLP-FIRMWARE\Drivers\STM32F4xx_HAL_Driver
          \Inc\stm32f4xx_hal_spi.h")

  #define IS_SPI_DIRECTION(DIRECTION) (((DIRECTION) == SPI_Direction_Rx) || \
          ^
"D:\DLP_proj\DLP_github\MKS-DLP-FIRMWARE\Drivers\libstmf4\include\stm32f4xx_spi.h",400  Warning[Pe047]: 
          incompatible redefinition of macro "IS_SPI_DIRECTION" (declared at
          line 514 of
          "D:\DLP_proj\DLP_github\MKS-DLP-FIRMWARE\Drivers\STM32F4xx_HAL_Driver
          \Inc\stm32f4xx_hal_spi.h")

  #define SPI_FLAG_CRCERR                 ((uint16_t)0x0010)
          ^
"D:\DLP_proj\DLP_github\MKS-DLP-FIRMWARE\Drivers\libstmf4\include\stm32f4xx_spi.h",442  Warning[Pe047]: 
          incompatible redefinition of macro "SPI_FLAG_CRCERR" (declared at
          line 293 of
          "D:\DLP_proj\DLP_github\MKS-DLP-FIRMWARE\Drivers\STM32F4xx_HAL_Driver
          \Inc\stm32f4xx_hal_spi.h")

  #define SPI_FLAG_MODF                   ((uint16_t)0x0020)
          ^
"D:\DLP_proj\DLP_github\MKS-DLP-FIRMWARE\Drivers\libstmf4\include\stm32f4xx_spi.h",443  Warning[Pe047]: 
          incompatible redefinition of macro "SPI_FLAG_MODF" (declared at line
          294 of
          "D:\DLP_proj\DLP_github\MKS-DLP-FIRMWARE\Drivers\STM32F4xx_HAL_Driver
          \Inc\stm32f4xx_hal_spi.h")

  #define IS_SPI_CRC_POLYNOMIAL(POLYNOMIAL) ((POLYNOMIAL) >= 0x1)
          ^
"D:\DLP_proj\DLP_github\MKS-DLP-FIRMWARE\Drivers\libstmf4\include\stm32f4xx_spi.h",462  Warning[Pe047]: 
          incompatible redefinition of macro "IS_SPI_CRC_POLYNOMIAL" (declared
          at line 554 of
          "D:\DLP_proj\DLP_github\MKS-DLP-FIRMWARE\Drivers\STM32F4xx_HAL_Driver
          \Inc\stm32f4xx_hal_spi.h")

  #define SPI_IT_TXE                   SPI_I2S_IT_TXE
          ^
"D:\DLP_proj\DLP_github\MKS-DLP-FIRMWARE\Drivers\libstmf4\include\stm32f4xx_spi.h",473  Warning[Pe047]: 
          incompatible redefinition of macro "SPI_IT_TXE" (declared at line
          280 of
          "D:\DLP_proj\DLP_github\MKS-DLP-FIRMWARE\Drivers\STM32F4xx_HAL_Driver
          \Inc\stm32f4xx_hal_spi.h")

  #define SPI_IT_RXNE                  SPI_I2S_IT_RXNE
          ^
"D:\DLP_proj\DLP_github\MKS-DLP-FIRMWARE\Drivers\libstmf4\include\stm32f4xx_spi.h",474  Warning[Pe047]: 
          incompatible redefinition of macro "SPI_IT_RXNE" (declared at line
          281 of
          "D:\DLP_proj\DLP_github\MKS-DLP-FIRMWARE\Drivers\STM32F4xx_HAL_Driver
          \Inc\stm32f4xx_hal_spi.h")

  #define SPI_IT_ERR                   SPI_I2S_IT_ERR
          ^
"D:\DLP_proj\DLP_github\MKS-DLP-FIRMWARE\Drivers\libstmf4\include\stm32f4xx_spi.h",475  Warning[Pe047]: 
          incompatible redefinition of macro "SPI_IT_ERR" (declared at line
          282 of
          "D:\DLP_proj\DLP_github\MKS-DLP-FIRMWARE\Drivers\STM32F4xx_HAL_Driver
          \Inc\stm32f4xx_hal_spi.h")

  #define SPI_FLAG_RXNE                SPI_I2S_FLAG_RXNE
          ^
"D:\DLP_proj\DLP_github\MKS-DLP-FIRMWARE\Drivers\libstmf4\include\stm32f4xx_spi.h",477  Warning[Pe047]: 
          incompatible redefinition of macro "SPI_FLAG_RXNE" (declared at line
          290 of
          "D:\DLP_proj\DLP_github\MKS-DLP-FIRMWARE\Drivers\STM32F4xx_HAL_Driver
          \Inc\stm32f4xx_hal_spi.h")

  #define SPI_FLAG_TXE                 SPI_I2S_FLAG_TXE
          ^
"D:\DLP_proj\DLP_github\MKS-DLP-FIRMWARE\Drivers\libstmf4\include\stm32f4xx_spi.h",478  Warning[Pe047]: 
          incompatible redefinition of macro "SPI_FLAG_TXE" (declared at line
          291 of
          "D:\DLP_proj\DLP_github\MKS-DLP-FIRMWARE\Drivers\STM32F4xx_HAL_Driver
          \Inc\stm32f4xx_hal_spi.h")

  #define SPI_FLAG_OVR                 SPI_I2S_FLAG_OVR
          ^
"D:\DLP_proj\DLP_github\MKS-DLP-FIRMWARE\Drivers\libstmf4\include\stm32f4xx_spi.h",479  Warning[Pe047]: 
          incompatible redefinition of macro "SPI_FLAG_OVR" (declared at line
          295 of
          "D:\DLP_proj\DLP_github\MKS-DLP-FIRMWARE\Drivers\STM32F4xx_HAL_Driver
          \Inc\stm32f4xx_hal_spi.h")

  #define SPI_FLAG_BSY                 SPI_I2S_FLAG_BSY
          ^
"D:\DLP_proj\DLP_github\MKS-DLP-FIRMWARE\Drivers\libstmf4\include\stm32f4xx_spi.h",480  Warning[Pe047]: 
          incompatible redefinition of macro "SPI_FLAG_BSY" (declared at line
          292 of
          "D:\DLP_proj\DLP_github\MKS-DLP-FIRMWARE\Drivers\STM32F4xx_HAL_Driver
          \Inc\stm32f4xx_hal_spi.h")

    #define FILAMENT_CHANGE_TEXT_EN				"Please click <Load> \nor <unload>,After \npinter pause."
            ^
"D:\DLP_proj\DLP_github\MKS-DLP-FIRMWARE\User\ui\Multi_language\Language_en.h",175  Warning[Pe047]: 
          incompatible redefinition of macro "FILAMENT_CHANGE_TEXT_EN"
          (declared at line 153)

  #define DIALOG_UNBIND_PRINTER_CN            "Ëß£Èô§ÁªëÂÆö?"
          ^
"D:\DLP_proj\DLP_github\MKS-DLP-FIRMWARE\User\ui\Multi_language\Language_s_cn.h",258  Warning[Pe047]: 
          incompatible redefinition of macro "DIALOG_UNBIND_PRINTER_CN"
          (declared at line 253)

    #define FILAMENT_CHANGE_TEXT_T_CN				"ÂæÖÊâìÂç∞Ê©üÊö´ÂÅúÂêé,\nË´ãÊåâ<ÈÄ≤Êñô>Êàñ<ÈÄÄÊñô>"
            ^
"D:\DLP_proj\DLP_github\MKS-DLP-FIRMWARE\User\ui\Multi_language\Language_t_cn.h",167  Warning[Pe047]: 
          incompatible redefinition of macro "FILAMENT_CHANGE_TEXT_T_CN"
          (declared at line 153)

    #define FILAMENT_CHANGE_TEXT_RU				"Please click <Load> \nor <unload>,After \npinter pause."
            ^
"D:\DLP_proj\DLP_github\MKS-DLP-FIRMWARE\User\ui\Multi_language\Language_ru.h",173  Warning[Pe047]: 
          incompatible redefinition of macro "FILAMENT_CHANGE_TEXT_RU"
          (declared at line 153)

  #define DIALOG_UNBIND_PRINTER_RU            "Unbind the printer?"
          ^
"D:\DLP_proj\DLP_github\MKS-DLP-FIRMWARE\User\ui\Multi_language\Language_ru.h",270  Warning[Pe047]: 
          incompatible redefinition of macro "DIALOG_UNBIND_PRINTER_RU"
          (declared at line 265)

    #define FILAMENT_CHANGE_TEXT_FR				"Please click <Load> \nor <unload>,After \npinter pause."
            ^
"D:\DLP_proj\DLP_github\MKS-DLP-FIRMWARE\User\ui\Multi_language\Language_fr.h",173  Warning[Pe047]: 
          incompatible redefinition of macro "FILAMENT_CHANGE_TEXT_FR"
          (declared at line 153)

  #define DIALOG_UNBIND_PRINTER_FR        "Unbind the printer?"
          ^
"D:\DLP_proj\DLP_github\MKS-DLP-FIRMWARE\User\ui\Multi_language\Language_fr.h",273  Warning[Pe047]: 
          incompatible redefinition of macro "DIALOG_UNBIND_PRINTER_FR"
          (declared at line 269)

    #define FILAMENT_CHANGE_TEXT_SP				"Please click <Load> \nor <unload>,After \npinter pause."
            ^
"D:\DLP_proj\DLP_github\MKS-DLP-FIRMWARE\User\ui\Multi_language\Language_sp.h",173  Warning[Pe047]: 
          incompatible redefinition of macro "FILAMENT_CHANGE_TEXT_SP"
          (declared at line 154)

    #define FILAMENT_CHANGE_TEXT_IT				"Please click <Load> \nor <unload>,After \npinter pause."
            ^
"D:\DLP_proj\DLP_github\MKS-DLP-FIRMWARE\User\ui\Multi_language\Language_it.h",173  Warning[Pe047]: 
          incompatible redefinition of macro "FILAMENT_CHANGE_TEXT_IT"
          (declared at line 153)

  #define DIALOG_UNBIND_PRINTER_IT                "Unbind the printer?"
          ^
"D:\DLP_proj\DLP_github\MKS-DLP-FIRMWARE\User\ui\Multi_language\Language_it.h",269  Warning[Pe047]: 
          incompatible redefinition of macro "DIALOG_UNBIND_PRINTER_IT"
          (declared at line 264)

  #define FILAMENT_CHANGE_TEXT_JP				"Please click <Load> \nor <unload>,After \npinter pause."
          ^
"D:\DLP_proj\DLP_github\MKS-DLP-FIRMWARE\User\ui\Multi_language\Multi_language.h",705  Warning[Pe047]: 
          incompatible redefinition of macro "FILAMENT_CHANGE_TEXT_JP"
          (declared at line 698)

  #define FILAMENT_CHANGE_TEXT_GN				"Please click <Load> \nor <unload>,After \npinter pause."
          ^
"D:\DLP_proj\DLP_github\MKS-DLP-FIRMWARE\User\ui\Multi_language\Multi_language.h",913  Warning[Pe047]: 
          incompatible redefinition of macro "FILAMENT_CHANGE_TEXT_GN"
          (declared at line 907)

  #define Simple_Dec"ºı…Ÿ"
                    ^
"D:\DLP_proj\DLP_github\MKS-DLP-FIRMWARE\User\ui\draw_ui.h",499  Warning[Pe1649]: 
          white space is required between the macro name "Simple_Dec" and its
          replacement text

  #define Simple_Speed "ÀŸ∂»"
          ^
"D:\DLP_proj\DLP_github\MKS-DLP-FIRMWARE\User\ui\draw_ui.h",554  Warning[Pe047]: 
          incompatible redefinition of macro "Simple_Speed" (declared at line
          551)

  #define Complex_Speed "ÀŸ∂»"
          ^
"D:\DLP_proj\DLP_github\MKS-DLP-FIRMWARE\User\ui\draw_ui.h",555  Warning[Pe047]: 
          incompatible redefinition of macro "Complex_Speed" (declared at line
          552)
      4          #include "draw_info.h"
      5          #include "mks_dlp_main.h"
      6          
      7          extern char cmd_code[CMD_CODE_LEN+1];
      8          

   \                                 In section .bss, align 4
      9          GUI_HWIN hInfoWnd;
   \                     hInfoWnd:
   \   00000000                      DS8 2
   \   00000002                      DS8 2
   \   00000004                      DS8 2
   \   00000006                      DS8 2
   \   00000008                      DS8 2
   \   0000000A                      DS8 2
   \   0000000C                      DS8 24
   \   00000024                      DS8 24
     10          static BUTTON_STRUCT buttonRet,buttonBeeper;
     11          static TEXT_Handle Systom,Firmware_ver,Wifi_ver;
                                                        ^
Warning[Pe177]: variable "Wifi_ver" was declared but never referenced
     12          static TEXT_Handle Systom_val,Firmware_ver_val,Wifi_ver_val;
                                                                ^
Warning[Pe177]: variable "Wifi_ver_val" was declared but never referenced
     13          
     14          void buzzer_onoff_display();
     15          

   \                                 In section .text, align 2, keep-with-next
     16          static void cbInfoWin(WM_MESSAGE * pMsg) {
     17          
     18              switch (pMsg->MsgId)
   \                     _Z9cbInfoWinP10WM_MESSAGE: (+1)
   \   00000000   0x6801             LDR      R1,[R0, #+0]
   \   00000002   0x290C             CMP      R1,#+12
   \   00000004   0xD100             BNE.N    ??cbInfoWin_0
   \   00000006   0x4770             BX       LR
   \                     ??cbInfoWin_0: (+1)
   \   00000008   0xB510             PUSH     {R4,LR}
   \   0000000A   0x290D             CMP      R1,#+13
   \   0000000C   0xD038             BEQ.N    ??cbInfoWin_1
   \   0000000E   0x290F             CMP      R1,#+15
   \   00000010   0xD002             BEQ.N    ??cbInfoWin_2
   \   00000012   0x2926             CMP      R1,#+38
   \   00000014   0xD014             BEQ.N    ??cbInfoWin_3
   \   00000016   0xE02F             B.N      ??cbInfoWin_4
     19              {
     20              case WM_PAINT:
     21          		GUI_SetColor(0XD8D8D8);
   \                     ??cbInfoWin_2: (+1)
   \   00000018   0x.... 0x....      LDR.W    R0,??DataTable8_1  ;; 0xd8d8d8
   \   0000001C   0x.... 0x....      BL       GUI_SetColor
     22          		GUI_DrawRect(15, 58,465,58);
   \   00000020   0xF240 0x14D1      MOVW     R4,#+465
   \   00000024   0x233A             MOVS     R3,#+58
   \   00000026   0x4622             MOV      R2,R4
   \   00000028   0x4619             MOV      R1,R3
   \   0000002A   0x200F             MOVS     R0,#+15
   \   0000002C   0x.... 0x....      BL       GUI_DrawRect
     23                  GUI_DrawRect(15, 102,465,102);
   \   00000030   0x2366             MOVS     R3,#+102
   \   00000032   0x4622             MOV      R2,R4
   \   00000034   0x4619             MOV      R1,R3
   \   00000036   0x200F             MOVS     R0,#+15
   \   00000038   0xE8BD 0x4010      POP      {R4,LR}
   \   0000003C   0x.... 0x....      B.W      GUI_DrawRect
     24          
     25                  break;
     26              case WM_TOUCH:
     27                  
     28                  break;
     29              case WM_TOUCH_CHILD:
     30                  
     31                  break;
     32                  
     33              case WM_NOTIFY_PARENT:   
     34                  if(pMsg->Data.v == WM_NOTIFICATION_RELEASED)
   \                     ??cbInfoWin_3: (+1)
   \   00000040   0x6881             LDR      R1,[R0, #+8]
   \   00000042   0x2902             CMP      R1,#+2
   \   00000044   0xD11C             BNE.N    ??cbInfoWin_1
     35                  {
     36                      if(pMsg->hWinSrc == buttonRet.btnHandle)
   \   00000046   0xF9B0 0x0006      LDRSH    R0,[R0, #+6]
   \   0000004A   0x.... 0x....      LDR.W    R1,??DataTable8_2
   \   0000004E   0xF9B1 0x200C      LDRSH    R2,[R1, #+12]
   \   00000052   0x4290             CMP      R0,R2
   \   00000054   0xD109             BNE.N    ??cbInfoWin_5
     37                      {
     38           				    last_disp_state = INFO_UI;
   \   00000056   0x2025             MOVS     R0,#+37
   \   00000058   0x.... 0x....      LDR.W    R1,??DataTable8_3
   \   0000005C   0x7008             STRB     R0,[R1, #+0]
     39          					Clear_Info();
   \   0000005E   0x.... 0x....      BL       Clear_Info
     40          					draw_return_ui();               
   \   00000062   0xE8BD 0x4010      POP      {R4,LR}
   \   00000066   0x.... 0x....      B.W      draw_return_ui
     41                      }
     42                  
     43                      else if(pMsg->hWinSrc == buttonBeeper.btnHandle)
   \                     ??cbInfoWin_5: (+1)
   \   0000006A   0xF9B1 0x1024      LDRSH    R1,[R1, #+36]
   \   0000006E   0x4288             CMP      R0,R1
   \   00000070   0xD106             BNE.N    ??cbInfoWin_1
     44                      {
     45          
     46                          buzzer_onoff_display();
   \   00000072   0xE8BD 0x4010      POP      {R4,LR}
   \   00000076   0x....             B.N      _Z20buzzer_onoff_displayv
     47                      }
     48                  }
     49                  break;
     50          		default:
     51          			WM_DefaultProc(pMsg);        
   \                     ??cbInfoWin_4: (+1)
   \   00000078   0xE8BD 0x4010      POP      {R4,LR}
   \   0000007C   0x.... 0x....      B.W      WM_DefaultProc
     52              }
     53          
     54          }
   \                     ??cbInfoWin_1: (+1)
   \   00000080   0xBD10             POP      {R4,PC}          ;; return

   \                                 In section .text, align 2, keep-with-next
     55          void buzzer_onoff_display()
     56          {
   \                     _Z20buzzer_onoff_displayv: (+1)
   \   00000000   0xE92D 0x41F0      PUSH     {R4-R8,LR}
   \   00000004   0xB082             SUB      SP,SP,#+8
     57              if(mksdlp.get_buzzer_status()==1)
   \   00000006   0x....             LDR.N    R4,??DataTable8_4
   \   00000008   0x....             LDR.N    R5,??DataTable8_5
   \   0000000A   0x....             LDR.N    R6,??DataTable8_6
   \   0000000C   0x....             LDR.N    R7,??DataTable8_2
   \   0000000E   0x.... 0x....      LDR.W    R8,??DataTable8_7
   \   00000012   0x4640             MOV      R0,R8
   \   00000014   0x.... 0x....      BL       _ZN7MKS_DLP17get_buzzer_statusEv
   \   00000018   0x2801             CMP      R0,#+1
   \   0000001A   0xD116             BNE.N    ??buzzer_onoff_display_0
     58              {
     59                  mksdlp.buzzer_enable(0);
   \   0000001C   0x2100             MOVS     R1,#+0
   \   0000001E   0x4640             MOV      R0,R8
   \   00000020   0x.... 0x....      BL       _ZN7MKS_DLP13buzzer_enableEh
     60                  BUTTON_SetBmpFileName(buttonBeeper.btnHandle, "bmp_buzzer_off.bin",1);
   \   00000024   0x2201             MOVS     R2,#+1
   \   00000026   0x.... 0x....      ADR.W    R1,`?<Constant "bmp_buzzer_off.bin">`
   \   0000002A   0xF9B7 0x0024      LDRSH    R0,[R7, #+36]
   \   0000002E   0x.... 0x....      BL       BUTTON_SetBmpFileName
     61                  BUTTON_SetBitmapEx(buttonBeeper.btnHandle, 0, &bmp_struct_140X90,BMP_PIC_X, BMP_PIC_Y); 
   \   00000032   0xF996 0x0000      LDRSB    R0,[R6, #+0]
   \   00000036   0x9000             STR      R0,[SP, #+0]
   \   00000038   0xF995 0x3000      LDRSB    R3,[R5, #+0]
   \   0000003C   0x4622             MOV      R2,R4
   \   0000003E   0x2100             MOVS     R1,#+0
   \   00000040   0xF9B7 0x0024      LDRSH    R0,[R7, #+36]
   \   00000044   0x.... 0x....      BL       BUTTON_SetBitmapEx
   \   00000048   0xE015             B.N      ??buzzer_onoff_display_1
     62              }
     63              else
     64              {
     65                  mksdlp.buzzer_enable(1);
   \                     ??buzzer_onoff_display_0: (+1)
   \   0000004A   0x2101             MOVS     R1,#+1
   \   0000004C   0x4640             MOV      R0,R8
   \   0000004E   0x.... 0x....      BL       _ZN7MKS_DLP13buzzer_enableEh
     66                  BUTTON_SetBmpFileName(buttonBeeper.btnHandle, "bmp_buzzer_on.bin",1);
   \   00000052   0x2201             MOVS     R2,#+1
   \   00000054   0x.... 0x....      ADR.W    R1,`?<Constant "bmp_buzzer_on.bin">`
   \   00000058   0xF9B7 0x0024      LDRSH    R0,[R7, #+36]
   \   0000005C   0x.... 0x....      BL       BUTTON_SetBmpFileName
     67                  BUTTON_SetBitmapEx(buttonBeeper.btnHandle, 0, &bmp_struct_140X90,BMP_PIC_X, BMP_PIC_Y);
   \   00000060   0xF996 0x0000      LDRSB    R0,[R6, #+0]
   \   00000064   0x9000             STR      R0,[SP, #+0]
   \   00000066   0xF995 0x3000      LDRSB    R3,[R5, #+0]
   \   0000006A   0x4622             MOV      R2,R4
   \   0000006C   0x2100             MOVS     R1,#+0
   \   0000006E   0xF9B7 0x0024      LDRSH    R0,[R7, #+36]
   \   00000072   0x.... 0x....      BL       BUTTON_SetBitmapEx
     68              }
     69          
     70          }
   \                     ??buzzer_onoff_display_1: (+1)
   \   00000076   0xE8BD 0x81F3      POP      {R0,R1,R4-R8,PC}  ;; return

   \                                 In section .text, align 2, keep-with-next
     71          void draw_Info()
     72          {
   \                     draw_Info: (+1)
   \   00000000   0xE92D 0x4FF0      PUSH     {R4-R11,LR}
   \   00000004   0xB08D             SUB      SP,SP,#+52
     73              char buf[30]={0};
   \   00000006   0xA805             ADD      R0,SP,#+20
   \   00000008   0x2120             MOVS     R1,#+32
   \   0000000A   0x.... 0x....      BL       __aeabi_memclr4
     74              
     75          	if(disp_state_stack._disp_state[disp_state_stack._disp_index] != INFO_UI)
   \   0000000E   0x....             LDR.N    R0,??DataTable8_8
   \   00000010   0xF990 0x1064      LDRSB    R1,[R0, #+100]
   \   00000014   0x560A             LDRSB    R2,[R1, R0]
   \   00000016   0x2A25             CMP      R2,#+37
   \   00000018   0xD005             BEQ.N    ??draw_Info_0
     76          	{
     77          		disp_state_stack._disp_index++;
   \   0000001A   0x1C49             ADDS     R1,R1,#+1
   \   0000001C   0xF880 0x1064      STRB     R1,[R0, #+100]
     78          		disp_state_stack._disp_state[disp_state_stack._disp_index] = INFO_UI;
   \   00000020   0x2225             MOVS     R2,#+37
   \   00000022   0xB249             SXTB     R1,R1
   \   00000024   0x540A             STRB     R2,[R1, R0]
     79          	}
     80          	disp_state = INFO_UI;
   \                     ??draw_Info_0: (+1)
   \   00000026   0x2025             MOVS     R0,#+37
   \   00000028   0x....             LDR.N    R1,??DataTable8_9
   \   0000002A   0x7008             STRB     R0,[R1, #+0]
     81          	
     82          	GUI_SetBkColor(gCfgItems.background_color);
   \   0000002C   0x....             LDR.N    R4,??DataTable8_10
   \   0000002E   0x6860             LDR      R0,[R4, #+4]
   \   00000030   0x.... 0x....      BL       GUI_SetBkColor
     83          	GUI_SetColor(gCfgItems.title_color);
   \   00000034   0xF104 0x0904      ADD      R9,R4,#+4
   \   00000038   0xF8D9 0x0054      LDR      R0,[R9, #+84]
   \   0000003C   0x.... 0x....      BL       GUI_SetColor
     84          	GUI_Clear();    
   \   00000040   0x.... 0x....      BL       GUI_Clear
     85          
     86              hInfoWnd = WM_CreateWindow(0, 0, LCD_WIDTH, LCD_HEIGHT, WM_CF_SHOW, cbInfoWin, 0);
   \   00000044   0x2000             MOVS     R0,#+0
   \   00000046   0x9002             STR      R0,[SP, #+8]
   \   00000048   0x....             LDR.N    R0,??DataTable8_11
   \   0000004A   0x9001             STR      R0,[SP, #+4]
   \   0000004C   0x2002             MOVS     R0,#+2
   \   0000004E   0x9000             STR      R0,[SP, #+0]
   \   00000050   0xF44F 0x73A0      MOV      R3,#+320
   \   00000054   0xF44F 0x72F0      MOV      R2,#+480
   \   00000058   0x2100             MOVS     R1,#+0
   \   0000005A   0x4608             MOV      R0,R1
   \   0000005C   0x.... 0x....      BL       WM_CreateWindow
   \   00000060   0x....             LDR.N    R5,??DataTable8_2
   \   00000062   0x8028             STRH     R0,[R5, #+0]
     87              Systom = TEXT_CreateEx(15,24,220, 24, hInfoWnd, WM_CF_SHOW, TEXT_CF_LEFT|TEXT_CF_VCENTER,  GUI_ID_TEXT0, " ");
   \   00000064   0x....             ADR.N    R6,??DataTable8  ;; " "
   \   00000066   0x9604             STR      R6,[SP, #+16]
   \   00000068   0xF44F 0x71B0      MOV      R1,#+352
   \   0000006C   0x9103             STR      R1,[SP, #+12]
   \   0000006E   0x210C             MOVS     R1,#+12
   \   00000070   0x9102             STR      R1,[SP, #+8]
   \   00000072   0x2102             MOVS     R1,#+2
   \   00000074   0x9101             STR      R1,[SP, #+4]
   \   00000076   0x9000             STR      R0,[SP, #+0]
   \   00000078   0x2318             MOVS     R3,#+24
   \   0000007A   0x22DC             MOVS     R2,#+220
   \   0000007C   0x4619             MOV      R1,R3
   \   0000007E   0x200F             MOVS     R0,#+15
   \   00000080   0x.... 0x....      BL       TEXT_CreateEx
   \   00000084   0x8068             STRH     R0,[R5, #+2]
     88              Firmware_ver= TEXT_CreateEx(15,68,220, 24, hInfoWnd, WM_CF_SHOW, TEXT_CF_LEFT|TEXT_CF_VCENTER,  GUI_ID_TEXT0, " ");
   \   00000086   0x9604             STR      R6,[SP, #+16]
   \   00000088   0xF44F 0x70B0      MOV      R0,#+352
   \   0000008C   0x9003             STR      R0,[SP, #+12]
   \   0000008E   0x200C             MOVS     R0,#+12
   \   00000090   0x9002             STR      R0,[SP, #+8]
   \   00000092   0x2002             MOVS     R0,#+2
   \   00000094   0x9001             STR      R0,[SP, #+4]
   \   00000096   0xF9B5 0x0000      LDRSH    R0,[R5, #+0]
   \   0000009A   0x9000             STR      R0,[SP, #+0]
   \   0000009C   0x2318             MOVS     R3,#+24
   \   0000009E   0x22DC             MOVS     R2,#+220
   \   000000A0   0x2144             MOVS     R1,#+68
   \   000000A2   0x200F             MOVS     R0,#+15
   \   000000A4   0x.... 0x....      BL       TEXT_CreateEx
   \   000000A8   0x80A8             STRH     R0,[R5, #+4]
     89              //Wifi_ver = TEXT_CreateEx(15,220,220, 50, hInfoWnd, WM_CF_SHOW, TEXT_CF_LEFT|TEXT_CF_VCENTER,  GUI_ID_TEXT0, " ");
     90              Systom_val = TEXT_CreateEx(255,24,210, 24, hInfoWnd, WM_CF_SHOW, TEXT_CF_RIGHT|TEXT_CF_VCENTER,  GUI_ID_TEXT0, " ");
   \   000000AA   0x9604             STR      R6,[SP, #+16]
   \   000000AC   0xF44F 0x70B0      MOV      R0,#+352
   \   000000B0   0x9003             STR      R0,[SP, #+12]
   \   000000B2   0x200D             MOVS     R0,#+13
   \   000000B4   0x9002             STR      R0,[SP, #+8]
   \   000000B6   0x2002             MOVS     R0,#+2
   \   000000B8   0x9001             STR      R0,[SP, #+4]
   \   000000BA   0xF9B5 0x0000      LDRSH    R0,[R5, #+0]
   \   000000BE   0x9000             STR      R0,[SP, #+0]
   \   000000C0   0x2318             MOVS     R3,#+24
   \   000000C2   0x22D2             MOVS     R2,#+210
   \   000000C4   0x4619             MOV      R1,R3
   \   000000C6   0x20FF             MOVS     R0,#+255
   \   000000C8   0x.... 0x....      BL       TEXT_CreateEx
   \   000000CC   0x80E8             STRH     R0,[R5, #+6]
     91              Firmware_ver_val= TEXT_CreateEx(255,68,210, 24, hInfoWnd, WM_CF_SHOW, TEXT_CF_RIGHT|TEXT_CF_VCENTER,  GUI_ID_TEXT0, " ");
   \   000000CE   0x9604             STR      R6,[SP, #+16]
   \   000000D0   0xF44F 0x70B0      MOV      R0,#+352
   \   000000D4   0x9003             STR      R0,[SP, #+12]
   \   000000D6   0x200D             MOVS     R0,#+13
   \   000000D8   0x9002             STR      R0,[SP, #+8]
   \   000000DA   0x2002             MOVS     R0,#+2
   \   000000DC   0x9001             STR      R0,[SP, #+4]
   \   000000DE   0xF9B5 0x0000      LDRSH    R0,[R5, #+0]
   \   000000E2   0x9000             STR      R0,[SP, #+0]
   \   000000E4   0x2318             MOVS     R3,#+24
   \   000000E6   0x22D2             MOVS     R2,#+210
   \   000000E8   0x2144             MOVS     R1,#+68
   \   000000EA   0x20FF             MOVS     R0,#+255
   \   000000EC   0x.... 0x....      BL       TEXT_CreateEx
   \   000000F0   0x8128             STRH     R0,[R5, #+8]
     92              //Wifi_ver_val = TEXT_CreateEx(255,220,220, 50, hInfoWnd, WM_CF_SHOW, TEXT_CF_RIGHT|TEXT_CF_VCENTER,  GUI_ID_TEXT0, " ");
     93              
     94          	//buttonRet.btnHandle = BUTTON_CreateEx(BTN_X_PIXEL*2+INTERVAL_H*3,BTN_Y_PIXEL+BTN_TEXT_Y_PIXEL+INTERVAL_V+2,BTN_X_PIXEL,BTN_Y_PIXEL,hInfoWnd,BUTTON_CF_SHOW, 0, 308);
     95              //buttonBeeper.btnHandle = BUTTON_CreateEx(15,235,50, 40, hInfoWnd, BUTTON_CF_SHOW, 0, 308);
     96              //buttonRet.btnHandle = BUTTON_CreateEx(325,235,140,70,hInfoWnd, BUTTON_CF_SHOW, 0, 101);
     97          	buttonBeeper.btnHandle = BUTTON_CreateEx(15,215,140,90,hInfoWnd, BUTTON_CF_SHOW, 0, 104);//alloc_win_id());
   \   000000F2   0x2068             MOVS     R0,#+104
   \   000000F4   0x9003             STR      R0,[SP, #+12]
   \   000000F6   0x2000             MOVS     R0,#+0
   \   000000F8   0x9002             STR      R0,[SP, #+8]
   \   000000FA   0x2002             MOVS     R0,#+2
   \   000000FC   0x9001             STR      R0,[SP, #+4]
   \   000000FE   0xF9B5 0x0000      LDRSH    R0,[R5, #+0]
   \   00000102   0x9000             STR      R0,[SP, #+0]
   \   00000104   0x235A             MOVS     R3,#+90
   \   00000106   0x228C             MOVS     R2,#+140
   \   00000108   0x21D7             MOVS     R1,#+215
   \   0000010A   0x200F             MOVS     R0,#+15
   \   0000010C   0x.... 0x....      BL       BUTTON_CreateEx
   \   00000110   0x84A8             STRH     R0,[R5, #+36]
     98          	buttonRet.btnHandle = BUTTON_CreateEx(325,215,140,90,hInfoWnd, BUTTON_CF_SHOW, 0, 106);//alloc_win_id());
   \   00000112   0x206A             MOVS     R0,#+106
   \   00000114   0x9003             STR      R0,[SP, #+12]
   \   00000116   0x2000             MOVS     R0,#+0
   \   00000118   0x9002             STR      R0,[SP, #+8]
   \   0000011A   0x2002             MOVS     R0,#+2
   \   0000011C   0x9001             STR      R0,[SP, #+4]
   \   0000011E   0xF9B5 0x0000      LDRSH    R0,[R5, #+0]
   \   00000122   0x9000             STR      R0,[SP, #+0]
   \   00000124   0x235A             MOVS     R3,#+90
   \   00000126   0x228C             MOVS     R2,#+140
   \   00000128   0x21D7             MOVS     R1,#+215
   \   0000012A   0xF240 0x1045      MOVW     R0,#+325
   \   0000012E   0x.... 0x....      BL       BUTTON_CreateEx
   \   00000132   0x81A8             STRH     R0,[R5, #+12]
     99          
    100              //BUTTON_SetBmpFileName(buttonBeeper.btnHandle, NULL,1);
    101              BUTTON_SetBmpFileName(buttonRet.btnHandle, "bmp_back140x90.bin",1);
   \   00000134   0x2201             MOVS     R2,#+1
   \   00000136   0x.... 0x....      ADR.W    R1,`?<Constant "bmp_back140x90.bin">`
   \   0000013A   0x.... 0x....      BL       BUTTON_SetBmpFileName
    102              BUTTON_SetBitmapEx(buttonRet.btnHandle, 0, &bmp_struct_140X90,BMP_PIC_X, BMP_PIC_Y);   
   \   0000013E   0x....             LDR.N    R6,??DataTable8_4
   \   00000140   0x....             LDR.N    R7,??DataTable8_5
   \   00000142   0x.... 0x....      LDR.W    R8,??DataTable8_6
   \   00000146   0xF998 0x0000      LDRSB    R0,[R8, #+0]
   \   0000014A   0x9000             STR      R0,[SP, #+0]
   \   0000014C   0xF997 0x3000      LDRSB    R3,[R7, #+0]
   \   00000150   0x4632             MOV      R2,R6
   \   00000152   0x2100             MOVS     R1,#+0
   \   00000154   0xF9B5 0x000C      LDRSH    R0,[R5, #+12]
   \   00000158   0x.... 0x....      BL       BUTTON_SetBitmapEx
    103          
    104          	TEXT_SetBkColor(Systom,  gCfgItems.background_color);
   \   0000015C   0x6861             LDR      R1,[R4, #+4]
   \   0000015E   0xF9B5 0x0002      LDRSH    R0,[R5, #+2]
   \   00000162   0x.... 0x....      BL       TEXT_SetBkColor
    105          	TEXT_SetTextColor(Systom, gCfgItems.state_msg_textcolor);
   \   00000166   0xF8D9 0x1018      LDR      R1,[R9, #+24]
   \   0000016A   0xF9B5 0x0002      LDRSH    R0,[R5, #+2]
   \   0000016E   0x.... 0x....      BL       TEXT_SetTextColor
    106              TEXT_SetBkColor(Firmware_ver,  gCfgItems.background_color);
   \   00000172   0x6861             LDR      R1,[R4, #+4]
   \   00000174   0xF9B5 0x0004      LDRSH    R0,[R5, #+4]
   \   00000178   0x.... 0x....      BL       TEXT_SetBkColor
    107          	TEXT_SetTextColor(Firmware_ver, gCfgItems.state_msg_textcolor);
   \   0000017C   0xF8D9 0x1018      LDR      R1,[R9, #+24]
   \   00000180   0xF9B5 0x0004      LDRSH    R0,[R5, #+4]
   \   00000184   0x.... 0x....      BL       TEXT_SetTextColor
    108          	TEXT_SetBkColor(Systom_val,  gCfgItems.background_color);
   \   00000188   0x6861             LDR      R1,[R4, #+4]
   \   0000018A   0xF9B5 0x0006      LDRSH    R0,[R5, #+6]
   \   0000018E   0x.... 0x....      BL       TEXT_SetBkColor
    109          	TEXT_SetTextColor(Systom_val, gCfgItems.state_msg_textcolor);
   \   00000192   0xF8D9 0x1018      LDR      R1,[R9, #+24]
   \   00000196   0xF9B5 0x0006      LDRSH    R0,[R5, #+6]
   \   0000019A   0x.... 0x....      BL       TEXT_SetTextColor
    110              TEXT_SetBkColor(Firmware_ver_val,  gCfgItems.background_color);
   \   0000019E   0x6861             LDR      R1,[R4, #+4]
   \   000001A0   0xF9B5 0x0008      LDRSH    R0,[R5, #+8]
   \   000001A4   0x.... 0x....      BL       TEXT_SetBkColor
    111          	TEXT_SetTextColor(Firmware_ver_val, gCfgItems.state_msg_textcolor);
   \   000001A8   0xF8D9 0x1018      LDR      R1,[R9, #+24]
   \   000001AC   0xF9B5 0x0008      LDRSH    R0,[R5, #+8]
   \   000001B0   0x.... 0x....      BL       TEXT_SetTextColor
    112          
    113              
    114              BUTTON_SetBkColor(buttonBeeper.btnHandle, BUTTON_CI_PRESSED, gCfgItems.btn_color);
   \   000001B4   0xF8D9 0x2004      LDR      R2,[R9, #+4]
   \   000001B8   0x2101             MOVS     R1,#+1
   \   000001BA   0xF9B5 0x0024      LDRSH    R0,[R5, #+36]
   \   000001BE   0x.... 0x....      BL       BUTTON_SetBkColor
    115              BUTTON_SetBkColor(buttonBeeper.btnHandle, BUTTON_CI_UNPRESSED, gCfgItems.btn_color);
   \   000001C2   0xF8D9 0x2004      LDR      R2,[R9, #+4]
   \   000001C6   0x2100             MOVS     R1,#+0
   \   000001C8   0xF9B5 0x0024      LDRSH    R0,[R5, #+36]
   \   000001CC   0x.... 0x....      BL       BUTTON_SetBkColor
    116              BUTTON_SetTextColor(buttonBeeper.btnHandle, BUTTON_CI_PRESSED, gCfgItems.btn_textcolor);
   \   000001D0   0xF8D9 0x200C      LDR      R2,[R9, #+12]
   \   000001D4   0x2101             MOVS     R1,#+1
   \   000001D6   0xF9B5 0x0024      LDRSH    R0,[R5, #+36]
   \   000001DA   0x.... 0x....      BL       BUTTON_SetTextColor
    117              BUTTON_SetTextColor(buttonBeeper.btnHandle, BUTTON_CI_UNPRESSED, gCfgItems.btn_textcolor);
   \   000001DE   0xF8D9 0x200C      LDR      R2,[R9, #+12]
   \   000001E2   0x2100             MOVS     R1,#+0
   \   000001E4   0xF9B5 0x0024      LDRSH    R0,[R5, #+36]
   \   000001E8   0x.... 0x....      BL       BUTTON_SetTextColor
    118              
    119              BUTTON_SetBkColor(buttonRet.btnHandle, BUTTON_CI_PRESSED, gCfgItems.btn_color);
   \   000001EC   0xF8D9 0x2004      LDR      R2,[R9, #+4]
   \   000001F0   0x2101             MOVS     R1,#+1
   \   000001F2   0xF9B5 0x000C      LDRSH    R0,[R5, #+12]
   \   000001F6   0x.... 0x....      BL       BUTTON_SetBkColor
    120              BUTTON_SetBkColor(buttonRet.btnHandle, BUTTON_CI_UNPRESSED, gCfgItems.btn_color);
   \   000001FA   0xF8D9 0x2004      LDR      R2,[R9, #+4]
   \   000001FE   0x2100             MOVS     R1,#+0
   \   00000200   0xF9B5 0x000C      LDRSH    R0,[R5, #+12]
   \   00000204   0x.... 0x....      BL       BUTTON_SetBkColor
    121              BUTTON_SetTextColor(buttonRet.btnHandle, BUTTON_CI_PRESSED, gCfgItems.btn_textcolor);
   \   00000208   0xF8D9 0x200C      LDR      R2,[R9, #+12]
   \   0000020C   0x2101             MOVS     R1,#+1
   \   0000020E   0xF9B5 0x000C      LDRSH    R0,[R5, #+12]
   \   00000212   0x.... 0x....      BL       BUTTON_SetTextColor
    122              BUTTON_SetTextColor(buttonRet.btnHandle, BUTTON_CI_UNPRESSED, gCfgItems.btn_textcolor);
   \   00000216   0xF8D9 0x200C      LDR      R2,[R9, #+12]
   \   0000021A   0x2100             MOVS     R1,#+0
   \   0000021C   0xF9B5 0x000C      LDRSH    R0,[R5, #+12]
   \   00000220   0x.... 0x....      BL       BUTTON_SetTextColor
    123          
    124              TEXT_SetText(Systom,about_menu.systom);
   \   00000224   0x.... 0x....      LDR.W    R9,??DataTable8_12
   \   00000228   0xF8D9 0x1024      LDR      R1,[R9, #+36]
   \   0000022C   0xF9B5 0x0002      LDRSH    R0,[R5, #+2]
   \   00000230   0x.... 0x....      BL       TEXT_SetText
    125              memset(cmd_code,0,sizeof(cmd_code));
   \   00000234   0x.... 0x....      LDR.W    R10,??DataTable8_13
   \   00000238   0x22C9             MOVS     R2,#+201
   \   0000023A   0x2100             MOVS     R1,#+0
   \   0000023C   0x4650             MOV      R0,R10
   \   0000023E   0x.... 0x....      BL       memset
    126              SPI_FLASH_BufferRead((u8 *)cmd_code,SYSTEM_TYPE_ADDR,201); 
   \   00000242   0x22C9             MOVS     R2,#+201
   \   00000244   0xF241 0x1118      MOVW     R1,#+4376
   \   00000248   0x4650             MOV      R0,R10
   \   0000024A   0x.... 0x....      BL       SPI_FLASH_BufferRead
    127              TEXT_SetText(Systom_val,cmd_code);	
   \   0000024E   0x4651             MOV      R1,R10
   \   00000250   0xF9B5 0x0006      LDRSH    R0,[R5, #+6]
   \   00000254   0x.... 0x....      BL       TEXT_SetText
    128              //TEXT_SetText(Systom_val,about_menu.systom_v);
    129              TEXT_SetText(Firmware_ver,about_menu.firmware);
   \   00000258   0xF8D9 0x1028      LDR      R1,[R9, #+40]
   \   0000025C   0xF9B5 0x0004      LDRSH    R0,[R5, #+4]
   \   00000260   0x.... 0x....      BL       TEXT_SetText
    130          	if(gCfgItems.version_number_custom == 1)//øÕªß◊‘∂®“Â∞Ê±æ∫≈
   \   00000264   0x.... 0x....      LDR.W    R11,??DataTable8_7
   \   00000268   0xF894 0x027E      LDRB     R0,[R4, #+638]
   \   0000026C   0x2801             CMP      R0,#+1
   \   0000026E   0xD110             BNE.N    ??draw_Info_1
    131          	{
    132              	memset(cmd_code,0,sizeof(cmd_code));
   \   00000270   0x22C9             MOVS     R2,#+201
   \   00000272   0x2100             MOVS     R1,#+0
   \   00000274   0x4650             MOV      R0,R10
   \   00000276   0x.... 0x....      BL       memset
    133              	SPI_FLASH_BufferRead((u8 *)cmd_code,FIRMWARE_VERSION_ADDR,201);     
   \   0000027A   0x22C9             MOVS     R2,#+201
   \   0000027C   0xF241 0x11E4      MOVW     R1,#+4580
   \   00000280   0x4650             MOV      R0,R10
   \   00000282   0x.... 0x....      BL       SPI_FLASH_BufferRead
    134              	TEXT_SetText(Firmware_ver_val,cmd_code);
   \   00000286   0x4651             MOV      R1,R10
   \   00000288   0xF9B5 0x0008      LDRSH    R0,[R5, #+8]
   \   0000028C   0x.... 0x....      BL       TEXT_SetText
   \   00000290   0xE00D             B.N      ??draw_Info_2
    135          	}
    136          	else//ƒ¨»œ∞Ê∫≈£¨≥ˆ≥ß±ÿ–Î”–∏ˆ∞Ê±æ∫≈£¨“‘»∑±£«¯∑÷–¬æ…∞Ê±æ°£
    137          	{
    138          		sprintf(buf,about_menu.firmware_val,mksdlp.get_cpld_ver());
   \                     ??draw_Info_1: (+1)
   \   00000292   0x4658             MOV      R0,R11
   \   00000294   0x.... 0x....      BL       _ZN7MKS_DLP12get_cpld_verEv
   \   00000298   0x4602             MOV      R2,R0
   \   0000029A   0xF8D9 0x1030      LDR      R1,[R9, #+48]
   \   0000029E   0xA805             ADD      R0,SP,#+20
   \   000002A0   0x.... 0x....      BL       sprintf
    139              	TEXT_SetText(Firmware_ver_val,buf);   
   \   000002A4   0xA905             ADD      R1,SP,#+20
   \   000002A6   0xF9B5 0x0008      LDRSH    R0,[R5, #+8]
   \   000002AA   0x.... 0x....      BL       TEXT_SetText
    140          	}   
    141          
    142              if(mksdlp.get_buzzer_status()!=1)
   \                     ??draw_Info_2: (+1)
   \   000002AE   0x4658             MOV      R0,R11
   \   000002B0   0x.... 0x....      BL       _ZN7MKS_DLP17get_buzzer_statusEv
   \   000002B4   0x2801             CMP      R0,#+1
   \   000002B6   0xD012             BEQ.N    ??draw_Info_3
    143              {
    144                  BUTTON_SetBmpFileName(buttonBeeper.btnHandle, "bmp_buzzer_off.bin",1);
   \   000002B8   0x2201             MOVS     R2,#+1
   \   000002BA   0x.... 0x....      ADR.W    R1,`?<Constant "bmp_buzzer_off.bin">`
   \   000002BE   0xF9B5 0x0024      LDRSH    R0,[R5, #+36]
   \   000002C2   0x.... 0x....      BL       BUTTON_SetBmpFileName
    145                  BUTTON_SetBitmapEx(buttonBeeper.btnHandle, 0, &bmp_struct_140X90,BMP_PIC_X, BMP_PIC_Y); 
   \   000002C6   0xF998 0x0000      LDRSB    R0,[R8, #+0]
   \   000002CA   0x9000             STR      R0,[SP, #+0]
   \   000002CC   0xF997 0x3000      LDRSB    R3,[R7, #+0]
   \   000002D0   0x4632             MOV      R2,R6
   \   000002D2   0x2100             MOVS     R1,#+0
   \   000002D4   0xF9B5 0x0024      LDRSH    R0,[R5, #+36]
   \   000002D8   0x.... 0x....      BL       BUTTON_SetBitmapEx
   \   000002DC   0xE011             B.N      ??draw_Info_4
    146              }
    147              else
    148              {
    149                  BUTTON_SetBmpFileName(buttonBeeper.btnHandle, "bmp_buzzer_on.bin",1);
   \                     ??draw_Info_3: (+1)
   \   000002DE   0x2201             MOVS     R2,#+1
   \   000002E0   0x.... 0x....      ADR.W    R1,`?<Constant "bmp_buzzer_on.bin">`
   \   000002E4   0xF9B5 0x0024      LDRSH    R0,[R5, #+36]
   \   000002E8   0x.... 0x....      BL       BUTTON_SetBmpFileName
    150                  BUTTON_SetBitmapEx(buttonBeeper.btnHandle, 0, &bmp_struct_140X90,BMP_PIC_X, BMP_PIC_Y);
   \   000002EC   0xF998 0x0000      LDRSB    R0,[R8, #+0]
   \   000002F0   0x9000             STR      R0,[SP, #+0]
   \   000002F2   0xF997 0x3000      LDRSB    R3,[R7, #+0]
   \   000002F6   0x4632             MOV      R2,R6
   \   000002F8   0x2100             MOVS     R1,#+0
   \   000002FA   0xF9B5 0x0024      LDRSH    R0,[R5, #+36]
   \   000002FE   0x.... 0x....      BL       BUTTON_SetBitmapEx
    151              }
    152          
    153          
    154              //if(gCfgItems.multiple_language != 0)
    155              {
    156                  //BUTTON_SetText(buttonRet.btnHandle, "RETURN");
    157                  //if(gCfgItems.beeper_on==1)
    158                      //BUTTON_SetText(buttonBeeper.btnHandle, "BEEPER on");
    159                  //else
    160                      //BUTTON_SetText(buttonBeeper.btnHandle, "BEEPER off");
    161              }
    162          }
   \                     ??draw_Info_4: (+1)
   \   00000302   0xB00D             ADD      SP,SP,#+52
   \   00000304   0xE8BD 0x8FF0      POP      {R4-R11,PC}      ;; return
    163          

   \                                 In section .text, align 2, keep-with-next
    164          void Clear_Info()
    165          {
   \                     Clear_Info: (+1)
   \   00000000   0xB510             PUSH     {R4,LR}
    166          	GUI_SetBkColor(gCfgItems.background_color);
   \   00000002   0x....             LDR.N    R0,??DataTable8_10
   \   00000004   0x6840             LDR      R0,[R0, #+4]
   \   00000006   0x.... 0x....      BL       GUI_SetBkColor
    167          	if(WM_IsWindow(hInfoWnd))
   \   0000000A   0x....             LDR.N    R4,??DataTable8_2
   \   0000000C   0xF9B4 0x0000      LDRSH    R0,[R4, #+0]
   \   00000010   0x.... 0x....      BL       WM_IsWindow
   \   00000014   0x2800             CMP      R0,#+0
   \   00000016   0xD005             BEQ.N    ??Clear_Info_0
    168          	{
    169          		WM_DeleteWindow(hInfoWnd);
   \   00000018   0xF9B4 0x0000      LDRSH    R0,[R4, #+0]
   \   0000001C   0xE8BD 0x4010      POP      {R4,LR}
   \   00000020   0x.... 0x....      B.W      WM_DeleteWindow
    170          		//GUI_Exec();
    171          	}
    172          	
    173          	//GUI_Clear();
    174          }
   \                     ??Clear_Info_0: (+1)
   \   00000024   0xBD10             POP      {R4,PC}          ;; return

   \                                 In section .text, align 4, keep-with-next
   \                     ??DataTable8:
   \   00000000   0x20 0x00          DC8      " ",0x0,0x0
   \              0x00 0x00    

   \                                 In section .text, align 4, keep-with-next
   \                     ??DataTable8_1:
   \   00000000   0x00D8D8D8         DC32     0xd8d8d8

   \                                 In section .text, align 4, keep-with-next
   \                     ??DataTable8_2:
   \   00000000   0x........         DC32     hInfoWnd

   \                                 In section .text, align 4, keep-with-next
   \                     ??DataTable8_3:
   \   00000000   0x........         DC32     last_disp_state

   \                                 In section .text, align 4, keep-with-next
   \                     ??DataTable8_4:
   \   00000000   0x........         DC32     bmp_struct_140X90

   \                                 In section .text, align 4, keep-with-next
   \                     ??DataTable8_5:
   \   00000000   0x........         DC32     BMP_PIC_X

   \                                 In section .text, align 4, keep-with-next
   \                     ??DataTable8_6:
   \   00000000   0x........         DC32     BMP_PIC_Y

   \                                 In section .text, align 4, keep-with-next
   \                     ??DataTable8_7:
   \   00000000   0x........         DC32     mksdlp

   \                                 In section .text, align 4, keep-with-next
   \                     ??DataTable8_8:
   \   00000000   0x........         DC32     disp_state_stack

   \                                 In section .text, align 4, keep-with-next
   \                     ??DataTable8_9:
   \   00000000   0x........         DC32     disp_state

   \                                 In section .text, align 4, keep-with-next
   \                     ??DataTable8_10:
   \   00000000   0x........         DC32     gCfgItems

   \                                 In section .text, align 4, keep-with-next
   \                     ??DataTable8_11:
   \   00000000   0x........         DC32     _Z9cbInfoWinP10WM_MESSAGE

   \                                 In section .text, align 4, keep-with-next
   \                     ??DataTable8_12:
   \   00000000   0x........         DC32     about_menu

   \                                 In section .text, align 4, keep-with-next
   \                     ??DataTable8_13:
   \   00000000   0x........         DC32     cmd_code

   \                                 In section .text, align 4, keep-with-next
   \                     `?<Constant "bmp_buzzer_off.bin">`:
   \   00000000   0x62 0x6D          DC8 "bmp_buzzer_off.bin"
   \              0x70 0x5F    
   \              0x62 0x75    
   \              0x7A 0x7A    
   \              0x65 0x72    
   \              0x5F 0x6F    
   \              0x66 0x66    
   \              0x2E 0x62    
   \              0x69 0x6E    
   \              0x00         
   \   00000013   0x00               DC8 0

   \                                 In section .text, align 4, keep-with-next
   \                     `?<Constant "bmp_buzzer_on.bin">`:
   \   00000000   0x62 0x6D          DC8 "bmp_buzzer_on.bin"
   \              0x70 0x5F    
   \              0x62 0x75    
   \              0x7A 0x7A    
   \              0x65 0x72    
   \              0x5F 0x6F    
   \              0x6E 0x2E    
   \              0x62 0x69    
   \              0x6E 0x00    
   \   00000012   0x00 0x00          DC8 0, 0

   \                                 In section .text, align 4, keep-with-next
   \                     `?<Constant "bmp_back140x90.bin">`:
   \   00000000   0x62 0x6D          DC8 "bmp_back140x90.bin"
   \              0x70 0x5F    
   \              0x62 0x61    
   \              0x63 0x6B    
   \              0x31 0x34    
   \              0x30 0x78    
   \              0x39 0x30    
   \              0x2E 0x62    
   \              0x69 0x6E    
   \              0x00         
   \   00000013   0x00               DC8 0

   \                                 In section .rodata, align 4, keep-with-next
   \                     `?<Constant {'\\000'}>`:
   \   00000000   0x00 0x00          DC8 0, 0, 0, 0, 0, 0, 0, 0, 0, 0, 0, 0, 0, 0, 0, 0, 0
   \              0x00 0x00    
   \              0x00 0x00    
   \              0x00 0x00    
   \              0x00 0x00    
   \              0x00 0x00    
   \              0x00 0x00    
   \              0x00 0x00    
   \              0x00         
   \   00000011   0x00 0x00          DC8 0, 0, 0, 0, 0, 0, 0, 0, 0, 0, 0, 0, 0, 0, 0
   \              0x00 0x00    
   \              0x00 0x00    
   \              0x00 0x00    
   \              0x00 0x00    
   \              0x00 0x00    
   \              0x00 0x00    
   \              0x00         

   \                                 In section .rodata, align 2, keep-with-next
   \                     `?<Constant " ">`:
   \   00000000   0x20 0x00          DC8 " "
    175          
    176          

   Maximum stack usage in bytes:

   .cstack Function
   ------- --------
       8   Clear_Info
         8   -> GUI_SetBkColor
         0   -> WM_DeleteWindow
         8   -> WM_IsWindow
      32   buzzer_onoff_display()
        32   -> BUTTON_SetBitmapEx
        32   -> BUTTON_SetBmpFileName
        32   -> MKS_DLP::buzzer_enable(uint8_t)
        32   -> MKS_DLP::get_buzzer_status()
       8   cbInfoWin(WM_MESSAGE *)
         8   -> Clear_Info
         0   -> GUI_DrawRect
         8   -> GUI_DrawRect
         8   -> GUI_SetColor
         0   -> WM_DefaultProc
         0   -> buzzer_onoff_display()
         0   -> draw_return_ui
      88   draw_Info
        88   -> BUTTON_CreateEx
        88   -> BUTTON_SetBitmapEx
        88   -> BUTTON_SetBkColor
        88   -> BUTTON_SetBmpFileName
        88   -> BUTTON_SetTextColor
        88   -> GUI_Clear
        88   -> GUI_SetBkColor
        88   -> GUI_SetColor
        88   -> MKS_DLP::get_buzzer_status()
        88   -> MKS_DLP::get_cpld_ver()
        88   -> SPI_FLASH_BufferRead
        88   -> TEXT_CreateEx
        88   -> TEXT_SetBkColor
        88   -> TEXT_SetText
        88   -> TEXT_SetTextColor
        88   -> WM_CreateWindow
        88   -> __aeabi_memclr4
        88   -> memset
        88   -> sprintf


   Section sizes:

   Bytes  Function/Label
   -----  --------------
       2  ?<Constant " ">
      20  ?<Constant "bmp_back140x90.bin">
      20  ?<Constant "bmp_buzzer_off.bin">
      20  ?<Constant "bmp_buzzer_on.bin">
      32  ?<Constant {'\000'}>
       4  ??DataTable8
       4  ??DataTable8_1
       4  ??DataTable8_10
       4  ??DataTable8_11
       4  ??DataTable8_12
       4  ??DataTable8_13
       4  ??DataTable8_2
       4  ??DataTable8_3
       4  ??DataTable8_4
       4  ??DataTable8_5
       4  ??DataTable8_6
       4  ??DataTable8_7
       4  ??DataTable8_8
       4  ??DataTable8_9
      38  Clear_Info
     122  buzzer_onoff_display()
     130  cbInfoWin(WM_MESSAGE *)
     776  draw_Info
      60  hInfoWnd
          Systom
          Firmware_ver
          Systom_val
          Firmware_ver_val
          buttonRet
          buttonBeeper

 
    60 bytes in section .bss
    34 bytes in section .rodata
 1 182 bytes in section .text
 
 1 182 bytes of CODE  memory
    34 bytes of CONST memory
    60 bytes of DATA  memory

Errors: none
Warnings: 37
