###############################################################################
#
# IAR ANSI C/C++ Compiler V7.10.1.6676/W32 for ARM        16/Apr/2020  18:38:49
# Copyright 1999-2014 IAR Systems AB.
#
#    Cpu mode     =  thumb
#    Endian       =  little
#    Source file  =  
#        D:\DLP_proj\DLP_github\MKS-DLP-FIRMWARE\User\ui\draw_service.cpp
#    Command line =  
#        D:\DLP_proj\DLP_github\MKS-DLP-FIRMWARE\User\ui\draw_service.cpp -D
#        USE_HAL_DRIVER -D STM32F407xx -D STM32F40_41xxx -D USE_HAL_LIB -D
#        MKS_DLP_BOARD -D TFT35 -D USE_STM32F407VET -lC
#        D:\DLP_proj\DLP_github\MKS-DLP-FIRMWARE\EWARM\mksDLP/List\ -lA
#        D:\DLP_proj\DLP_github\MKS-DLP-FIRMWARE\EWARM\mksDLP/List\
#        --diag_suppress Pa050 -o
#        D:\DLP_proj\DLP_github\MKS-DLP-FIRMWARE\EWARM\mksDLP/Obj\ --no_unroll
#        --no_inline --no_tbaa --no_scheduling --debug --endian=little
#        --cpu=Cortex-M4F -e --char_is_signed --fpu=VFPv4_sp --dlib_config
#        "D:\Program Files (x86)\IAR Systems\Embedded Workbench
#        7.0\arm\INC\c\DLib_Config_Full.h" -I
#        D:\DLP_proj\DLP_github\MKS-DLP-FIRMWARE\EWARM/../Inc\ -I
#        D:\DLP_proj\DLP_github\MKS-DLP-FIRMWARE\EWARM/../Src\ -I
#        D:\DLP_proj\DLP_github\MKS-DLP-FIRMWARE\EWARM/../Drivers/STM32F4xx_HAL_Driver/Inc\
#        -I
#        D:\DLP_proj\DLP_github\MKS-DLP-FIRMWARE\EWARM/../Drivers/STM32F4xx_HAL_Driver/Inc/Legacy\
#        -I
#        D:\DLP_proj\DLP_github\MKS-DLP-FIRMWARE\EWARM/../Middlewares/Third_Party/FatFs/src/drivers\
#        -I
#        D:\DLP_proj\DLP_github\MKS-DLP-FIRMWARE\EWARM/../Middlewares/ST/STM32_USB_Host_Library/Core/Inc\
#        -I
#        D:\DLP_proj\DLP_github\MKS-DLP-FIRMWARE\EWARM/../Middlewares/ST/STM32_USB_Host_Library/Class/MSC/Inc\
#        -I
#        D:\DLP_proj\DLP_github\MKS-DLP-FIRMWARE\EWARM/../Drivers/CMSIS/Device/ST/STM32F4xx/Include\
#        -I
#        D:\DLP_proj\DLP_github\MKS-DLP-FIRMWARE\EWARM/../Middlewares/Third_Party/FatFs/src\
#        -I
#        D:\DLP_proj\DLP_github\MKS-DLP-FIRMWARE\EWARM/../Middlewares/Third_Party/Marlin\
#        -I
#        D:\DLP_proj\DLP_github\MKS-DLP-FIRMWARE\EWARM/../Drivers/CMSIS/Include\
#        -I
#        D:\DLP_proj\DLP_github\MKS-DLP-FIRMWARE\EWARM/../Drivers/BSP/variant\
#        -I
#        D:\DLP_proj\DLP_github\MKS-DLP-FIRMWARE\EWARM/../Drivers/BSP/Components/at24cxx\
#        -I
#        D:\DLP_proj\DLP_github\MKS-DLP-FIRMWARE\EWARM/../Drivers/BSP/Components/w25qxx\
#        -I
#        D:\DLP_proj\DLP_github\MKS-DLP-FIRMWARE\EWARM/../Drivers/BSP/Components/ssd2828\
#        -I
#        D:\DLP_proj\DLP_github\MKS-DLP-FIRMWARE\EWARM/../Drivers/BSP/Components/lcd\
#        -I D:\DLP_proj\DLP_github\MKS-DLP-FIRMWARE\EWARM/../Drivers/libstmf4\
#        -I
#        D:\DLP_proj\DLP_github\MKS-DLP-FIRMWARE\EWARM/../Drivers/libstmf4/include\
#        -I
#        D:\DLP_proj\DLP_github\MKS-DLP-FIRMWARE\EWARM/../Middlewares/arduino/stm32/cores/arduino\
#        -I D:\DLP_proj\DLP_github\MKS-DLP-FIRMWARE\EWARM/../User/ui\ -I
#        D:\DLP_proj\DLP_github\MKS-DLP-FIRMWARE\EWARM/../User/ui/Multi_language\
#        -I D:\DLP_proj\DLP_github\MKS-DLP-FIRMWARE\EWARM/../User/ui/QRENCODE\
#        -I D:\DLP_proj\DLP_github\MKS-DLP-FIRMWARE\EWARM/../Middlewares/GUI\
#        -Om --eec++ -I "D:\Program Files (x86)\IAR Systems\Embedded Workbench
#        7.0\arm\CMSIS\Include\"
#    List file    =  
#        D:\DLP_proj\DLP_github\MKS-DLP-FIRMWARE\EWARM\mksDLP/List\draw_service.lst
#    Object file  =  
#        D:\DLP_proj\DLP_github\MKS-DLP-FIRMWARE\EWARM\mksDLP/Obj\draw_service.o
#
###############################################################################

D:\DLP_proj\DLP_github\MKS-DLP-FIRMWARE\User\ui\draw_service.cpp
      1          #include "gui.h"
      2          #include "button.h"
      3          #include "draw_ui.h"

  #define UNUSED(x) (void) (x)
          ^
"D:\DLP_proj\DLP_github\MKS-DLP-FIRMWARE\Middlewares\Third_Party\Marlin\macros.h",101  Warning[Pe047]: 
          incompatible redefinition of macro "UNUSED" (declared at line 87 of
          "D:\DLP_proj\DLP_github\MKS-DLP-FIRMWARE\Drivers\STM32F4xx_HAL_Driver
          \Inc\stm32f4xx_hal_def.h")

  		volatile volatile float desireBedTempBak;
  		         ^
"D:\DLP_proj\DLP_github\MKS-DLP-FIRMWARE\Inc\mks_cfg.h",407  Warning[Pe083]: 
          type qualifier specified more than once

  #define IS_SPI_MODE(MODE) (((MODE) == SPI_Mode_Master) || \
          ^
"D:\DLP_proj\DLP_github\MKS-DLP-FIRMWARE\Drivers\libstmf4\include\stm32f4xx_spi.h",173  Warning[Pe047]: 
          incompatible redefinition of macro "IS_SPI_MODE" (declared at line
          511 of
          "D:\DLP_proj\DLP_github\MKS-DLP-FIRMWARE\Drivers\STM32F4xx_HAL_Driver
          \Inc\stm32f4xx_hal_spi.h")

  #define IS_SPI_DATASIZE(DATASIZE) (((DATASIZE) == SPI_DataSize_16b) || \
          ^
"D:\DLP_proj\DLP_github\MKS-DLP-FIRMWARE\Drivers\libstmf4\include\stm32f4xx_spi.h",185  Warning[Pe047]: 
          incompatible redefinition of macro "IS_SPI_DATASIZE" (declared at
          line 523 of
          "D:\DLP_proj\DLP_github\MKS-DLP-FIRMWARE\Drivers\STM32F4xx_HAL_Driver
          \Inc\stm32f4xx_hal_spi.h")

  #define IS_SPI_CPOL(CPOL) (((CPOL) == SPI_CPOL_Low) || \
          ^
"D:\DLP_proj\DLP_github\MKS-DLP-FIRMWARE\Drivers\libstmf4\include\stm32f4xx_spi.h",197  Warning[Pe047]: 
          incompatible redefinition of macro "IS_SPI_CPOL" (declared at line
          526 of
          "D:\DLP_proj\DLP_github\MKS-DLP-FIRMWARE\Drivers\STM32F4xx_HAL_Driver
          \Inc\stm32f4xx_hal_spi.h")

  #define IS_SPI_CPHA(CPHA) (((CPHA) == SPI_CPHA_1Edge) || \
          ^
"D:\DLP_proj\DLP_github\MKS-DLP-FIRMWARE\Drivers\libstmf4\include\stm32f4xx_spi.h",209  Warning[Pe047]: 
          incompatible redefinition of macro "IS_SPI_CPHA" (declared at line
          529 of
          "D:\DLP_proj\DLP_github\MKS-DLP-FIRMWARE\Drivers\STM32F4xx_HAL_Driver
          \Inc\stm32f4xx_hal_spi.h")

  #define IS_SPI_NSS(NSS) (((NSS) == SPI_NSS_Soft) || \
          ^
"D:\DLP_proj\DLP_github\MKS-DLP-FIRMWARE\Drivers\libstmf4\include\stm32f4xx_spi.h",221  Warning[Pe047]: 
          incompatible redefinition of macro "IS_SPI_NSS" (declared at line
          532 of
          "D:\DLP_proj\DLP_github\MKS-DLP-FIRMWARE\Drivers\STM32F4xx_HAL_Driver
          \Inc\stm32f4xx_hal_spi.h")

  #define IS_SPI_BAUDRATE_PRESCALER(PRESCALER) (((PRESCALER) == SPI_BaudRatePrescaler_2) || \
          ^
"D:\DLP_proj\DLP_github\MKS-DLP-FIRMWARE\Drivers\libstmf4\include\stm32f4xx_spi.h",239  Warning[Pe047]: 
          incompatible redefinition of macro "IS_SPI_BAUDRATE_PRESCALER"
          (declared at line 536 of
          "D:\DLP_proj\DLP_github\MKS-DLP-FIRMWARE\Drivers\STM32F4xx_HAL_Driver
          \Inc\stm32f4xx_hal_spi.h")

  #define IS_SPI_FIRST_BIT(BIT) (((BIT) == SPI_FirstBit_MSB) || \
          ^
"D:\DLP_proj\DLP_github\MKS-DLP-FIRMWARE\Drivers\libstmf4\include\stm32f4xx_spi.h",257  Warning[Pe047]: 
          incompatible redefinition of macro "IS_SPI_FIRST_BIT" (declared at
          line 545 of
          "D:\DLP_proj\DLP_github\MKS-DLP-FIRMWARE\Drivers\STM32F4xx_HAL_Driver
          \Inc\stm32f4xx_hal_spi.h")

  #define IS_SPI_DIRECTION(DIRECTION) (((DIRECTION) == SPI_Direction_Rx) || \
          ^
"D:\DLP_proj\DLP_github\MKS-DLP-FIRMWARE\Drivers\libstmf4\include\stm32f4xx_spi.h",400  Warning[Pe047]: 
          incompatible redefinition of macro "IS_SPI_DIRECTION" (declared at
          line 514 of
          "D:\DLP_proj\DLP_github\MKS-DLP-FIRMWARE\Drivers\STM32F4xx_HAL_Driver
          \Inc\stm32f4xx_hal_spi.h")

  #define SPI_FLAG_CRCERR                 ((uint16_t)0x0010)
          ^
"D:\DLP_proj\DLP_github\MKS-DLP-FIRMWARE\Drivers\libstmf4\include\stm32f4xx_spi.h",442  Warning[Pe047]: 
          incompatible redefinition of macro "SPI_FLAG_CRCERR" (declared at
          line 293 of
          "D:\DLP_proj\DLP_github\MKS-DLP-FIRMWARE\Drivers\STM32F4xx_HAL_Driver
          \Inc\stm32f4xx_hal_spi.h")

  #define SPI_FLAG_MODF                   ((uint16_t)0x0020)
          ^
"D:\DLP_proj\DLP_github\MKS-DLP-FIRMWARE\Drivers\libstmf4\include\stm32f4xx_spi.h",443  Warning[Pe047]: 
          incompatible redefinition of macro "SPI_FLAG_MODF" (declared at line
          294 of
          "D:\DLP_proj\DLP_github\MKS-DLP-FIRMWARE\Drivers\STM32F4xx_HAL_Driver
          \Inc\stm32f4xx_hal_spi.h")

  #define IS_SPI_CRC_POLYNOMIAL(POLYNOMIAL) ((POLYNOMIAL) >= 0x1)
          ^
"D:\DLP_proj\DLP_github\MKS-DLP-FIRMWARE\Drivers\libstmf4\include\stm32f4xx_spi.h",462  Warning[Pe047]: 
          incompatible redefinition of macro "IS_SPI_CRC_POLYNOMIAL" (declared
          at line 554 of
          "D:\DLP_proj\DLP_github\MKS-DLP-FIRMWARE\Drivers\STM32F4xx_HAL_Driver
          \Inc\stm32f4xx_hal_spi.h")

  #define SPI_IT_TXE                   SPI_I2S_IT_TXE
          ^
"D:\DLP_proj\DLP_github\MKS-DLP-FIRMWARE\Drivers\libstmf4\include\stm32f4xx_spi.h",473  Warning[Pe047]: 
          incompatible redefinition of macro "SPI_IT_TXE" (declared at line
          280 of
          "D:\DLP_proj\DLP_github\MKS-DLP-FIRMWARE\Drivers\STM32F4xx_HAL_Driver
          \Inc\stm32f4xx_hal_spi.h")

  #define SPI_IT_RXNE                  SPI_I2S_IT_RXNE
          ^
"D:\DLP_proj\DLP_github\MKS-DLP-FIRMWARE\Drivers\libstmf4\include\stm32f4xx_spi.h",474  Warning[Pe047]: 
          incompatible redefinition of macro "SPI_IT_RXNE" (declared at line
          281 of
          "D:\DLP_proj\DLP_github\MKS-DLP-FIRMWARE\Drivers\STM32F4xx_HAL_Driver
          \Inc\stm32f4xx_hal_spi.h")

  #define SPI_IT_ERR                   SPI_I2S_IT_ERR
          ^
"D:\DLP_proj\DLP_github\MKS-DLP-FIRMWARE\Drivers\libstmf4\include\stm32f4xx_spi.h",475  Warning[Pe047]: 
          incompatible redefinition of macro "SPI_IT_ERR" (declared at line
          282 of
          "D:\DLP_proj\DLP_github\MKS-DLP-FIRMWARE\Drivers\STM32F4xx_HAL_Driver
          \Inc\stm32f4xx_hal_spi.h")

  #define SPI_FLAG_RXNE                SPI_I2S_FLAG_RXNE
          ^
"D:\DLP_proj\DLP_github\MKS-DLP-FIRMWARE\Drivers\libstmf4\include\stm32f4xx_spi.h",477  Warning[Pe047]: 
          incompatible redefinition of macro "SPI_FLAG_RXNE" (declared at line
          290 of
          "D:\DLP_proj\DLP_github\MKS-DLP-FIRMWARE\Drivers\STM32F4xx_HAL_Driver
          \Inc\stm32f4xx_hal_spi.h")

  #define SPI_FLAG_TXE                 SPI_I2S_FLAG_TXE
          ^
"D:\DLP_proj\DLP_github\MKS-DLP-FIRMWARE\Drivers\libstmf4\include\stm32f4xx_spi.h",478  Warning[Pe047]: 
          incompatible redefinition of macro "SPI_FLAG_TXE" (declared at line
          291 of
          "D:\DLP_proj\DLP_github\MKS-DLP-FIRMWARE\Drivers\STM32F4xx_HAL_Driver
          \Inc\stm32f4xx_hal_spi.h")

  #define SPI_FLAG_OVR                 SPI_I2S_FLAG_OVR
          ^
"D:\DLP_proj\DLP_github\MKS-DLP-FIRMWARE\Drivers\libstmf4\include\stm32f4xx_spi.h",479  Warning[Pe047]: 
          incompatible redefinition of macro "SPI_FLAG_OVR" (declared at line
          295 of
          "D:\DLP_proj\DLP_github\MKS-DLP-FIRMWARE\Drivers\STM32F4xx_HAL_Driver
          \Inc\stm32f4xx_hal_spi.h")

  #define SPI_FLAG_BSY                 SPI_I2S_FLAG_BSY
          ^
"D:\DLP_proj\DLP_github\MKS-DLP-FIRMWARE\Drivers\libstmf4\include\stm32f4xx_spi.h",480  Warning[Pe047]: 
          incompatible redefinition of macro "SPI_FLAG_BSY" (declared at line
          292 of
          "D:\DLP_proj\DLP_github\MKS-DLP-FIRMWARE\Drivers\STM32F4xx_HAL_Driver
          \Inc\stm32f4xx_hal_spi.h")

    #define FILAMENT_CHANGE_TEXT_EN				"Please click <Load> \nor <unload>,After \npinter pause."
            ^
"D:\DLP_proj\DLP_github\MKS-DLP-FIRMWARE\User\ui\Multi_language\Language_en.h",175  Warning[Pe047]: 
          incompatible redefinition of macro "FILAMENT_CHANGE_TEXT_EN"
          (declared at line 153)

  #define DIALOG_UNBIND_PRINTER_CN            "Ëß£Èô§ÁªëÂÆö?"
          ^
"D:\DLP_proj\DLP_github\MKS-DLP-FIRMWARE\User\ui\Multi_language\Language_s_cn.h",258  Warning[Pe047]: 
          incompatible redefinition of macro "DIALOG_UNBIND_PRINTER_CN"
          (declared at line 253)

    #define FILAMENT_CHANGE_TEXT_T_CN				"ÂæÖÊâìÂç∞Ê©üÊö´ÂÅúÂêé,\nË´ãÊåâ<ÈÄ≤Êñô>Êàñ<ÈÄÄÊñô>"
            ^
"D:\DLP_proj\DLP_github\MKS-DLP-FIRMWARE\User\ui\Multi_language\Language_t_cn.h",167  Warning[Pe047]: 
          incompatible redefinition of macro "FILAMENT_CHANGE_TEXT_T_CN"
          (declared at line 153)

    #define FILAMENT_CHANGE_TEXT_RU				"Please click <Load> \nor <unload>,After \npinter pause."
            ^
"D:\DLP_proj\DLP_github\MKS-DLP-FIRMWARE\User\ui\Multi_language\Language_ru.h",173  Warning[Pe047]: 
          incompatible redefinition of macro "FILAMENT_CHANGE_TEXT_RU"
          (declared at line 153)

  #define DIALOG_UNBIND_PRINTER_RU            "Unbind the printer?"
          ^
"D:\DLP_proj\DLP_github\MKS-DLP-FIRMWARE\User\ui\Multi_language\Language_ru.h",270  Warning[Pe047]: 
          incompatible redefinition of macro "DIALOG_UNBIND_PRINTER_RU"
          (declared at line 265)

    #define FILAMENT_CHANGE_TEXT_FR				"Please click <Load> \nor <unload>,After \npinter pause."
            ^
"D:\DLP_proj\DLP_github\MKS-DLP-FIRMWARE\User\ui\Multi_language\Language_fr.h",173  Warning[Pe047]: 
          incompatible redefinition of macro "FILAMENT_CHANGE_TEXT_FR"
          (declared at line 153)

  #define DIALOG_UNBIND_PRINTER_FR        "Unbind the printer?"
          ^
"D:\DLP_proj\DLP_github\MKS-DLP-FIRMWARE\User\ui\Multi_language\Language_fr.h",273  Warning[Pe047]: 
          incompatible redefinition of macro "DIALOG_UNBIND_PRINTER_FR"
          (declared at line 269)

    #define FILAMENT_CHANGE_TEXT_SP				"Please click <Load> \nor <unload>,After \npinter pause."
            ^
"D:\DLP_proj\DLP_github\MKS-DLP-FIRMWARE\User\ui\Multi_language\Language_sp.h",173  Warning[Pe047]: 
          incompatible redefinition of macro "FILAMENT_CHANGE_TEXT_SP"
          (declared at line 154)

    #define FILAMENT_CHANGE_TEXT_IT				"Please click <Load> \nor <unload>,After \npinter pause."
            ^
"D:\DLP_proj\DLP_github\MKS-DLP-FIRMWARE\User\ui\Multi_language\Language_it.h",173  Warning[Pe047]: 
          incompatible redefinition of macro "FILAMENT_CHANGE_TEXT_IT"
          (declared at line 153)

  #define DIALOG_UNBIND_PRINTER_IT                "Unbind the printer?"
          ^
"D:\DLP_proj\DLP_github\MKS-DLP-FIRMWARE\User\ui\Multi_language\Language_it.h",269  Warning[Pe047]: 
          incompatible redefinition of macro "DIALOG_UNBIND_PRINTER_IT"
          (declared at line 264)

  #define FILAMENT_CHANGE_TEXT_JP				"Please click <Load> \nor <unload>,After \npinter pause."
          ^
"D:\DLP_proj\DLP_github\MKS-DLP-FIRMWARE\User\ui\Multi_language\Multi_language.h",705  Warning[Pe047]: 
          incompatible redefinition of macro "FILAMENT_CHANGE_TEXT_JP"
          (declared at line 698)

  #define FILAMENT_CHANGE_TEXT_GN				"Please click <Load> \nor <unload>,After \npinter pause."
          ^
"D:\DLP_proj\DLP_github\MKS-DLP-FIRMWARE\User\ui\Multi_language\Multi_language.h",913  Warning[Pe047]: 
          incompatible redefinition of macro "FILAMENT_CHANGE_TEXT_GN"
          (declared at line 907)

  #define Simple_Dec"ºı…Ÿ"
                    ^
"D:\DLP_proj\DLP_github\MKS-DLP-FIRMWARE\User\ui\draw_ui.h",499  Warning[Pe1649]: 
          white space is required between the macro name "Simple_Dec" and its
          replacement text

  #define Simple_Speed "ÀŸ∂»"
          ^
"D:\DLP_proj\DLP_github\MKS-DLP-FIRMWARE\User\ui\draw_ui.h",554  Warning[Pe047]: 
          incompatible redefinition of macro "Simple_Speed" (declared at line
          551)

  #define Complex_Speed "ÀŸ∂»"
          ^
"D:\DLP_proj\DLP_github\MKS-DLP-FIRMWARE\User\ui\draw_ui.h",555  Warning[Pe047]: 
          incompatible redefinition of macro "Complex_Speed" (declared at line
          552)
      4          #include "draw_service.h"
      5          
      6          extern char cmd_code[CMD_CODE_LEN+1];
      7          

   \                                 In section .bss, align 4
      8          GUI_HWIN hServiceWnd;
   \                     hServiceWnd:
   \   00000000                      DS8 2
   \   00000002                      DS8 2
   \   00000004                      DS8 2
   \   00000006                      DS8 2
   \   00000008                      DS8 2
   \   0000000A                      DS8 2
   \   0000000C                      DS8 24
      9          static BUTTON_STRUCT buttonRet;
     10          
     11          static TEXT_Handle Website,Email;
     12          static TEXT_Handle Website_val,Email_val;
     13          

   \                                 In section .text, align 2, keep-with-next
     14          static void cbServiceWin(WM_MESSAGE * pMsg) {
     15          
     16              switch (pMsg->MsgId)
   \                     _Z12cbServiceWinP10WM_MESSAGE: (+1)
   \   00000000   0x6801             LDR      R1,[R0, #+0]
   \   00000002   0x290C             CMP      R1,#+12
   \   00000004   0xD100             BNE.N    ??cbServiceWin_0
   \   00000006   0x4770             BX       LR
   \                     ??cbServiceWin_0: (+1)
   \   00000008   0xB510             PUSH     {R4,LR}
   \   0000000A   0x290D             CMP      R1,#+13
   \   0000000C   0xD02E             BEQ.N    ??cbServiceWin_1
   \   0000000E   0x290F             CMP      R1,#+15
   \   00000010   0xD002             BEQ.N    ??cbServiceWin_2
   \   00000012   0x2926             CMP      R1,#+38
   \   00000014   0xD013             BEQ.N    ??cbServiceWin_3
   \   00000016   0xE025             B.N      ??cbServiceWin_4
     17              {
     18              case WM_PAINT:
     19          		GUI_SetColor(0XD8D8D8);
   \                     ??cbServiceWin_2: (+1)
   \   00000018   0x....             LDR.N    R0,??DataTable4_1  ;; 0xd8d8d8
   \   0000001A   0x.... 0x....      BL       GUI_SetColor
     20          		GUI_DrawRect(15, 58,465,58);
   \   0000001E   0xF240 0x14D1      MOVW     R4,#+465
   \   00000022   0x233A             MOVS     R3,#+58
   \   00000024   0x4622             MOV      R2,R4
   \   00000026   0x4619             MOV      R1,R3
   \   00000028   0x200F             MOVS     R0,#+15
   \   0000002A   0x.... 0x....      BL       GUI_DrawRect
     21                  GUI_DrawRect(15, 102,465,102);
   \   0000002E   0x2366             MOVS     R3,#+102
   \   00000030   0x4622             MOV      R2,R4
   \   00000032   0x4619             MOV      R1,R3
   \   00000034   0x200F             MOVS     R0,#+15
   \   00000036   0xE8BD 0x4010      POP      {R4,LR}
   \   0000003A   0x.... 0x....      B.W      GUI_DrawRect
     22          
     23                  break;
     24              case WM_TOUCH:
     25                  
     26                  break;
     27              case WM_TOUCH_CHILD:
     28                  
     29                  break;
     30                  
     31              case WM_NOTIFY_PARENT:   
     32                  if(pMsg->Data.v == WM_NOTIFICATION_RELEASED)
   \                     ??cbServiceWin_3: (+1)
   \   0000003E   0x6881             LDR      R1,[R0, #+8]
   \   00000040   0x2902             CMP      R1,#+2
   \   00000042   0xD113             BNE.N    ??cbServiceWin_1
     33                  {
     34                      if(pMsg->hWinSrc == buttonRet.btnHandle)
   \   00000044   0xF9B0 0x0006      LDRSH    R0,[R0, #+6]
   \   00000048   0x....             LDR.N    R1,??DataTable4_2
   \   0000004A   0xF9B1 0x100C      LDRSH    R1,[R1, #+12]
   \   0000004E   0x4288             CMP      R0,R1
   \   00000050   0xD10C             BNE.N    ??cbServiceWin_1
     35                      {
     36           				    last_disp_state = SERVICE_UI;
   \   00000052   0x2024             MOVS     R0,#+36
   \   00000054   0x....             LDR.N    R1,??DataTable4_3
   \   00000056   0x7008             STRB     R0,[R1, #+0]
     37          					Clear_Service();
   \   00000058   0x.... 0x....      BL       Clear_Service
     38          					draw_return_ui();               
   \   0000005C   0xE8BD 0x4010      POP      {R4,LR}
   \   00000060   0x.... 0x....      B.W      draw_return_ui
     39                      }
     40                  }
     41                  break;
     42                 default:
     43          			WM_DefaultProc(pMsg);
   \                     ??cbServiceWin_4: (+1)
   \   00000064   0xE8BD 0x4010      POP      {R4,LR}
   \   00000068   0x.... 0x....      B.W      WM_DefaultProc
     44              }
     45          
     46          }
   \                     ??cbServiceWin_1: (+1)
   \   0000006C   0xBD10             POP      {R4,PC}          ;; return
     47          

   \                                 In section .text, align 2, keep-with-next
     48          void draw_Service()
     49          {
   \                     draw_Service: (+1)
   \   00000000   0xB570             PUSH     {R4-R6,LR}
   \   00000002   0xB086             SUB      SP,SP,#+24
     50          	if(disp_state_stack._disp_state[disp_state_stack._disp_index] != SERVICE_UI)
   \   00000004   0x....             LDR.N    R0,??DataTable4_4
   \   00000006   0xF990 0x1064      LDRSB    R1,[R0, #+100]
   \   0000000A   0x560A             LDRSB    R2,[R1, R0]
   \   0000000C   0x2A24             CMP      R2,#+36
   \   0000000E   0xD005             BEQ.N    ??draw_Service_0
     51          	{
     52          		disp_state_stack._disp_index++;
   \   00000010   0x1C49             ADDS     R1,R1,#+1
   \   00000012   0xF880 0x1064      STRB     R1,[R0, #+100]
     53          		disp_state_stack._disp_state[disp_state_stack._disp_index] = SERVICE_UI;
   \   00000016   0x2224             MOVS     R2,#+36
   \   00000018   0xB249             SXTB     R1,R1
   \   0000001A   0x540A             STRB     R2,[R1, R0]
     54          	}
     55          	disp_state = SERVICE_UI;
   \                     ??draw_Service_0: (+1)
   \   0000001C   0x2024             MOVS     R0,#+36
   \   0000001E   0x....             LDR.N    R1,??DataTable4_5
   \   00000020   0x7008             STRB     R0,[R1, #+0]
     56          	
     57          	GUI_SetBkColor(gCfgItems.background_color);
   \   00000022   0x....             LDR.N    R4,??DataTable4_6
   \   00000024   0x6860             LDR      R0,[R4, #+4]
   \   00000026   0x.... 0x....      BL       GUI_SetBkColor
     58          	GUI_SetColor(gCfgItems.title_color);
   \   0000002A   0x6DA0             LDR      R0,[R4, #+88]
   \   0000002C   0x.... 0x....      BL       GUI_SetColor
     59          	GUI_Clear();    
   \   00000030   0x.... 0x....      BL       GUI_Clear
     60          
     61              hServiceWnd = WM_CreateWindow(0, 0, LCD_WIDTH, LCD_HEIGHT, WM_CF_SHOW, cbServiceWin, 0);
   \   00000034   0x2000             MOVS     R0,#+0
   \   00000036   0x9002             STR      R0,[SP, #+8]
   \   00000038   0x....             LDR.N    R0,??DataTable4_7
   \   0000003A   0x9001             STR      R0,[SP, #+4]
   \   0000003C   0x2002             MOVS     R0,#+2
   \   0000003E   0x9000             STR      R0,[SP, #+0]
   \   00000040   0xF44F 0x73A0      MOV      R3,#+320
   \   00000044   0xF44F 0x72F0      MOV      R2,#+480
   \   00000048   0x2100             MOVS     R1,#+0
   \   0000004A   0x4608             MOV      R0,R1
   \   0000004C   0x.... 0x....      BL       WM_CreateWindow
   \   00000050   0x....             LDR.N    R5,??DataTable4_2
   \   00000052   0x8028             STRH     R0,[R5, #+0]
     62              Website = TEXT_CreateEx(15,24,100, 24, hServiceWnd, WM_CF_SHOW, TEXT_CF_LEFT|TEXT_CF_VCENTER,  GUI_ID_TEXT0, " ");
   \   00000054   0x....             ADR.N    R6,??DataTable4  ;; " "
   \   00000056   0x9604             STR      R6,[SP, #+16]
   \   00000058   0xF44F 0x71B0      MOV      R1,#+352
   \   0000005C   0x9103             STR      R1,[SP, #+12]
   \   0000005E   0x210C             MOVS     R1,#+12
   \   00000060   0x9102             STR      R1,[SP, #+8]
   \   00000062   0x2102             MOVS     R1,#+2
   \   00000064   0x9101             STR      R1,[SP, #+4]
   \   00000066   0x9000             STR      R0,[SP, #+0]
   \   00000068   0x2318             MOVS     R3,#+24
   \   0000006A   0x2264             MOVS     R2,#+100
   \   0000006C   0x4619             MOV      R1,R3
   \   0000006E   0x200F             MOVS     R0,#+15
   \   00000070   0x.... 0x....      BL       TEXT_CreateEx
   \   00000074   0x8068             STRH     R0,[R5, #+2]
     63              Email= TEXT_CreateEx(15,68,100, 24, hServiceWnd, WM_CF_SHOW, TEXT_CF_LEFT|TEXT_CF_VCENTER,  GUI_ID_TEXT0, " ");
   \   00000076   0x9604             STR      R6,[SP, #+16]
   \   00000078   0xF44F 0x70B0      MOV      R0,#+352
   \   0000007C   0x9003             STR      R0,[SP, #+12]
   \   0000007E   0x200C             MOVS     R0,#+12
   \   00000080   0x9002             STR      R0,[SP, #+8]
   \   00000082   0x2002             MOVS     R0,#+2
   \   00000084   0x9001             STR      R0,[SP, #+4]
   \   00000086   0xF9B5 0x0000      LDRSH    R0,[R5, #+0]
   \   0000008A   0x9000             STR      R0,[SP, #+0]
   \   0000008C   0x2318             MOVS     R3,#+24
   \   0000008E   0x2264             MOVS     R2,#+100
   \   00000090   0x2144             MOVS     R1,#+68
   \   00000092   0x200F             MOVS     R0,#+15
   \   00000094   0x.... 0x....      BL       TEXT_CreateEx
   \   00000098   0x80A8             STRH     R0,[R5, #+4]
     64              Website_val = TEXT_CreateEx(115,24,350, 24, hServiceWnd, WM_CF_SHOW, TEXT_CF_RIGHT|TEXT_CF_VCENTER,  GUI_ID_TEXT0, " ");
   \   0000009A   0x9604             STR      R6,[SP, #+16]
   \   0000009C   0xF44F 0x70B0      MOV      R0,#+352
   \   000000A0   0x9003             STR      R0,[SP, #+12]
   \   000000A2   0x200D             MOVS     R0,#+13
   \   000000A4   0x9002             STR      R0,[SP, #+8]
   \   000000A6   0x2002             MOVS     R0,#+2
   \   000000A8   0x9001             STR      R0,[SP, #+4]
   \   000000AA   0xF9B5 0x0000      LDRSH    R0,[R5, #+0]
   \   000000AE   0x9000             STR      R0,[SP, #+0]
   \   000000B0   0x2318             MOVS     R3,#+24
   \   000000B2   0xF44F 0x72AF      MOV      R2,#+350
   \   000000B6   0x4619             MOV      R1,R3
   \   000000B8   0x2073             MOVS     R0,#+115
   \   000000BA   0x.... 0x....      BL       TEXT_CreateEx
   \   000000BE   0x80E8             STRH     R0,[R5, #+6]
     65              Email_val= TEXT_CreateEx(115,68,350, 24, hServiceWnd, WM_CF_SHOW, TEXT_CF_RIGHT|TEXT_CF_VCENTER,  GUI_ID_TEXT0, " ");
   \   000000C0   0x9604             STR      R6,[SP, #+16]
   \   000000C2   0xF44F 0x70B0      MOV      R0,#+352
   \   000000C6   0x9003             STR      R0,[SP, #+12]
   \   000000C8   0x200D             MOVS     R0,#+13
   \   000000CA   0x9002             STR      R0,[SP, #+8]
   \   000000CC   0x2002             MOVS     R0,#+2
   \   000000CE   0x9001             STR      R0,[SP, #+4]
   \   000000D0   0xF9B5 0x0000      LDRSH    R0,[R5, #+0]
   \   000000D4   0x9000             STR      R0,[SP, #+0]
   \   000000D6   0x2318             MOVS     R3,#+24
   \   000000D8   0xF44F 0x72AF      MOV      R2,#+350
   \   000000DC   0x2144             MOVS     R1,#+68
   \   000000DE   0x2073             MOVS     R0,#+115
   \   000000E0   0x.... 0x....      BL       TEXT_CreateEx
   \   000000E4   0x8128             STRH     R0,[R5, #+8]
     66              
     67          	//buttonRet.btnHandle = BUTTON_CreateEx(BTN_X_PIXEL*2+INTERVAL_H*3,BTN_Y_PIXEL+BTN_TEXT_Y_PIXEL+INTERVAL_V+2,BTN_X_PIXEL,BTN_Y_PIXEL,hServiceWnd,BUTTON_CF_SHOW, 0, 308);
     68          	buttonRet.btnHandle = BUTTON_CreateEx(325,215,140,90,hServiceWnd, BUTTON_CF_SHOW, 0, 106);//alloc_win_id());
   \   000000E6   0x206A             MOVS     R0,#+106
   \   000000E8   0x9003             STR      R0,[SP, #+12]
   \   000000EA   0x2000             MOVS     R0,#+0
   \   000000EC   0x9002             STR      R0,[SP, #+8]
   \   000000EE   0x2002             MOVS     R0,#+2
   \   000000F0   0x9001             STR      R0,[SP, #+4]
   \   000000F2   0xF9B5 0x0000      LDRSH    R0,[R5, #+0]
   \   000000F6   0x9000             STR      R0,[SP, #+0]
   \   000000F8   0x235A             MOVS     R3,#+90
   \   000000FA   0x228C             MOVS     R2,#+140
   \   000000FC   0x21D7             MOVS     R1,#+215
   \   000000FE   0xF240 0x1045      MOVW     R0,#+325
   \   00000102   0x.... 0x....      BL       BUTTON_CreateEx
   \   00000106   0x81A8             STRH     R0,[R5, #+12]
     69          
     70              //BUTTON_SetBmpFileName(buttonInfo.btnHandle, NULL,1);
     71              //BUTTON_SetBmpFileName(buttonBeeper.btnHandle, NULL,1);
     72              BUTTON_SetBmpFileName(buttonRet.btnHandle, "bmp_back140x90.bin",1);
   \   00000108   0x2201             MOVS     R2,#+1
   \   0000010A   0x.... 0x....      ADR.W    R1,`?<Constant "bmp_back140x90.bin">`
   \   0000010E   0x.... 0x....      BL       BUTTON_SetBmpFileName
     73              BUTTON_SetBitmapEx(buttonRet.btnHandle, 0, &bmp_struct_140X90,BMP_PIC_X, BMP_PIC_Y); 
   \   00000112   0x....             LDR.N    R0,??DataTable4_8
   \   00000114   0xF990 0x0000      LDRSB    R0,[R0, #+0]
   \   00000118   0x9000             STR      R0,[SP, #+0]
   \   0000011A   0x....             LDR.N    R0,??DataTable4_9
   \   0000011C   0xF990 0x3000      LDRSB    R3,[R0, #+0]
   \   00000120   0x....             LDR.N    R2,??DataTable4_10
   \   00000122   0x2100             MOVS     R1,#+0
   \   00000124   0xF9B5 0x000C      LDRSH    R0,[R5, #+12]
   \   00000128   0x.... 0x....      BL       BUTTON_SetBitmapEx
     74          
     75              
     76              BUTTON_SetBkColor(buttonRet.btnHandle, BUTTON_CI_PRESSED, gCfgItems.btn_color);
   \   0000012C   0x68A2             LDR      R2,[R4, #+8]
   \   0000012E   0x2101             MOVS     R1,#+1
   \   00000130   0xF9B5 0x000C      LDRSH    R0,[R5, #+12]
   \   00000134   0x.... 0x....      BL       BUTTON_SetBkColor
     77              BUTTON_SetBkColor(buttonRet.btnHandle, BUTTON_CI_UNPRESSED, gCfgItems.btn_color);
   \   00000138   0x68A2             LDR      R2,[R4, #+8]
   \   0000013A   0x2100             MOVS     R1,#+0
   \   0000013C   0xF9B5 0x000C      LDRSH    R0,[R5, #+12]
   \   00000140   0x.... 0x....      BL       BUTTON_SetBkColor
     78              BUTTON_SetTextColor(buttonRet.btnHandle, BUTTON_CI_PRESSED, gCfgItems.btn_textcolor);
   \   00000144   0x6922             LDR      R2,[R4, #+16]
   \   00000146   0x2101             MOVS     R1,#+1
   \   00000148   0xF9B5 0x000C      LDRSH    R0,[R5, #+12]
   \   0000014C   0x.... 0x....      BL       BUTTON_SetTextColor
     79              BUTTON_SetTextColor(buttonRet.btnHandle, BUTTON_CI_UNPRESSED, gCfgItems.btn_textcolor);
   \   00000150   0x6922             LDR      R2,[R4, #+16]
   \   00000152   0x2100             MOVS     R1,#+0
   \   00000154   0xF9B5 0x000C      LDRSH    R0,[R5, #+12]
   \   00000158   0x.... 0x....      BL       BUTTON_SetTextColor
     80          
     81          	TEXT_SetBkColor(Website,  gCfgItems.background_color);
   \   0000015C   0x6861             LDR      R1,[R4, #+4]
   \   0000015E   0xF9B5 0x0002      LDRSH    R0,[R5, #+2]
   \   00000162   0x.... 0x....      BL       TEXT_SetBkColor
     82          	TEXT_SetTextColor(Website, gCfgItems.state_msg_textcolor);
   \   00000166   0x69E1             LDR      R1,[R4, #+28]
   \   00000168   0xF9B5 0x0002      LDRSH    R0,[R5, #+2]
   \   0000016C   0x.... 0x....      BL       TEXT_SetTextColor
     83              TEXT_SetBkColor(Email,  gCfgItems.background_color);
   \   00000170   0x6861             LDR      R1,[R4, #+4]
   \   00000172   0xF9B5 0x0004      LDRSH    R0,[R5, #+4]
   \   00000176   0x.... 0x....      BL       TEXT_SetBkColor
     84          	TEXT_SetTextColor(Email, gCfgItems.state_msg_textcolor);
   \   0000017A   0x69E1             LDR      R1,[R4, #+28]
   \   0000017C   0xF9B5 0x0004      LDRSH    R0,[R5, #+4]
   \   00000180   0x.... 0x....      BL       TEXT_SetTextColor
     85          	TEXT_SetBkColor(Website_val,  gCfgItems.background_color);
   \   00000184   0x6861             LDR      R1,[R4, #+4]
   \   00000186   0xF9B5 0x0006      LDRSH    R0,[R5, #+6]
   \   0000018A   0x.... 0x....      BL       TEXT_SetBkColor
     86          	TEXT_SetTextColor(Website_val, gCfgItems.state_msg_textcolor);
   \   0000018E   0x69E1             LDR      R1,[R4, #+28]
   \   00000190   0xF9B5 0x0006      LDRSH    R0,[R5, #+6]
   \   00000194   0x.... 0x....      BL       TEXT_SetTextColor
     87              TEXT_SetBkColor(Email_val,  gCfgItems.background_color);
   \   00000198   0x6861             LDR      R1,[R4, #+4]
   \   0000019A   0xF9B5 0x0008      LDRSH    R0,[R5, #+8]
   \   0000019E   0x.... 0x....      BL       TEXT_SetBkColor
     88          	TEXT_SetTextColor(Email_val, gCfgItems.state_msg_textcolor);
   \   000001A2   0x69E1             LDR      R1,[R4, #+28]
   \   000001A4   0xF9B5 0x0008      LDRSH    R0,[R5, #+8]
   \   000001A8   0x.... 0x....      BL       TEXT_SetTextColor
     89              
     90              TEXT_SetText(Website,about_menu.website);
   \   000001AC   0x....             LDR.N    R4,??DataTable4_11
   \   000001AE   0x6B61             LDR      R1,[R4, #+52]
   \   000001B0   0xF9B5 0x0002      LDRSH    R0,[R5, #+2]
   \   000001B4   0x.... 0x....      BL       TEXT_SetText
     91              //TEXT_SetText(Website_val,about_menu.website_v);
     92              memset(cmd_code,0,sizeof(cmd_code));
   \   000001B8   0x....             LDR.N    R6,??DataTable4_12
   \   000001BA   0x22C9             MOVS     R2,#+201
   \   000001BC   0x2100             MOVS     R1,#+0
   \   000001BE   0x4630             MOV      R0,R6
   \   000001C0   0x.... 0x....      BL       memset
     93              SPI_FLASH_BufferRead((u8 *)cmd_code,WEBSITE_ADDR,201);
   \   000001C4   0x22C9             MOVS     R2,#+201
   \   000001C6   0xF241 0x21B0      MOVW     R1,#+4784
   \   000001CA   0x4630             MOV      R0,R6
   \   000001CC   0x.... 0x....      BL       SPI_FLASH_BufferRead
     94              TEXT_SetText(Website_val,cmd_code);    
   \   000001D0   0x4631             MOV      R1,R6
   \   000001D2   0xF9B5 0x0006      LDRSH    R0,[R5, #+6]
   \   000001D6   0x.... 0x....      BL       TEXT_SetText
     95              TEXT_SetText(Email,about_menu.email);
   \   000001DA   0x6BA1             LDR      R1,[R4, #+56]
   \   000001DC   0xF9B5 0x0004      LDRSH    R0,[R5, #+4]
   \   000001E0   0x.... 0x....      BL       TEXT_SetText
     96              //TEXT_SetText(Email_val,about_menu.email_v);
     97              memset(cmd_code,0,sizeof(cmd_code));
   \   000001E4   0x22C9             MOVS     R2,#+201
   \   000001E6   0x2100             MOVS     R1,#+0
   \   000001E8   0x4630             MOV      R0,R6
   \   000001EA   0x.... 0x....      BL       memset
     98              SPI_FLASH_BufferRead((u8 *)cmd_code,EMAIL_ADDR,201);    
   \   000001EE   0x22C9             MOVS     R2,#+201
   \   000001F0   0xF241 0x317C      MOVW     R1,#+4988
   \   000001F4   0x4630             MOV      R0,R6
   \   000001F6   0x.... 0x....      BL       SPI_FLASH_BufferRead
     99              TEXT_SetText(Email_val,cmd_code);
   \   000001FA   0x4631             MOV      R1,R6
   \   000001FC   0xF9B5 0x0008      LDRSH    R0,[R5, #+8]
   \   00000200   0xB006             ADD      SP,SP,#+24
   \   00000202   0xE8BD 0x4070      POP      {R4-R6,LR}
   \   00000206   0x.... 0x....      B.W      TEXT_SetText
    100          
    101              //if(gCfgItems.multiple_language != 0)
    102              {
    103                  //BUTTON_SetText(buttonRet.btnHandle, "RETURN");
    104              }
    105          }
    106          

   \                                 In section .text, align 2, keep-with-next
    107          void Clear_Service()
    108          {
   \                     Clear_Service: (+1)
   \   00000000   0xB510             PUSH     {R4,LR}
    109          	GUI_SetBkColor(gCfgItems.background_color);
   \   00000002   0x....             LDR.N    R0,??DataTable4_6
   \   00000004   0x6840             LDR      R0,[R0, #+4]
   \   00000006   0x.... 0x....      BL       GUI_SetBkColor
    110          	if(WM_IsWindow(hServiceWnd))
   \   0000000A   0x....             LDR.N    R4,??DataTable4_2
   \   0000000C   0xF9B4 0x0000      LDRSH    R0,[R4, #+0]
   \   00000010   0x.... 0x....      BL       WM_IsWindow
   \   00000014   0x2800             CMP      R0,#+0
   \   00000016   0xD005             BEQ.N    ??Clear_Service_0
    111          	{
    112          		WM_DeleteWindow(hServiceWnd);
   \   00000018   0xF9B4 0x0000      LDRSH    R0,[R4, #+0]
   \   0000001C   0xE8BD 0x4010      POP      {R4,LR}
   \   00000020   0x.... 0x....      B.W      WM_DeleteWindow
    113          		//GUI_Exec();
    114          	}
    115          	
    116          	//GUI_Clear();
    117          }
   \                     ??Clear_Service_0: (+1)
   \   00000024   0xBD10             POP      {R4,PC}          ;; return

   \                                 In section .text, align 4, keep-with-next
   \                     ??DataTable4:
   \   00000000   0x20 0x00          DC8      " ",0x0,0x0
   \              0x00 0x00    

   \                                 In section .text, align 4, keep-with-next
   \                     ??DataTable4_1:
   \   00000000   0x00D8D8D8         DC32     0xd8d8d8

   \                                 In section .text, align 4, keep-with-next
   \                     ??DataTable4_2:
   \   00000000   0x........         DC32     hServiceWnd

   \                                 In section .text, align 4, keep-with-next
   \                     ??DataTable4_3:
   \   00000000   0x........         DC32     last_disp_state

   \                                 In section .text, align 4, keep-with-next
   \                     ??DataTable4_4:
   \   00000000   0x........         DC32     disp_state_stack

   \                                 In section .text, align 4, keep-with-next
   \                     ??DataTable4_5:
   \   00000000   0x........         DC32     disp_state

   \                                 In section .text, align 4, keep-with-next
   \                     ??DataTable4_6:
   \   00000000   0x........         DC32     gCfgItems

   \                                 In section .text, align 4, keep-with-next
   \                     ??DataTable4_7:
   \   00000000   0x........         DC32     _Z12cbServiceWinP10WM_MESSAGE

   \                                 In section .text, align 4, keep-with-next
   \                     ??DataTable4_8:
   \   00000000   0x........         DC32     BMP_PIC_Y

   \                                 In section .text, align 4, keep-with-next
   \                     ??DataTable4_9:
   \   00000000   0x........         DC32     BMP_PIC_X

   \                                 In section .text, align 4, keep-with-next
   \                     ??DataTable4_10:
   \   00000000   0x........         DC32     bmp_struct_140X90

   \                                 In section .text, align 4, keep-with-next
   \                     ??DataTable4_11:
   \   00000000   0x........         DC32     about_menu

   \                                 In section .text, align 4, keep-with-next
   \                     ??DataTable4_12:
   \   00000000   0x........         DC32     cmd_code

   \                                 In section .rodata, align 2, keep-with-next
   \                     `?<Constant " ">`:
   \   00000000   0x20 0x00          DC8 " "

   \                                 In section .text, align 4, keep-with-next
   \                     `?<Constant "bmp_back140x90.bin">`:
   \   00000000   0x62 0x6D          DC8 "bmp_back140x90.bin"
   \              0x70 0x5F    
   \              0x62 0x61    
   \              0x63 0x6B    
   \              0x31 0x34    
   \              0x30 0x78    
   \              0x39 0x30    
   \              0x2E 0x62    
   \              0x69 0x6E    
   \              0x00         
   \   00000013   0x00               DC8 0
    118          

   Maximum stack usage in bytes:

   .cstack Function
   ------- --------
       8   Clear_Service
         8   -> GUI_SetBkColor
         0   -> WM_DeleteWindow
         8   -> WM_IsWindow
       8   cbServiceWin(WM_MESSAGE *)
         8   -> Clear_Service
         0   -> GUI_DrawRect
         8   -> GUI_DrawRect
         8   -> GUI_SetColor
         0   -> WM_DefaultProc
         0   -> draw_return_ui
      40   draw_Service
        40   -> BUTTON_CreateEx
        40   -> BUTTON_SetBitmapEx
        40   -> BUTTON_SetBkColor
        40   -> BUTTON_SetBmpFileName
        40   -> BUTTON_SetTextColor
        40   -> GUI_Clear
        40   -> GUI_SetBkColor
        40   -> GUI_SetColor
        40   -> SPI_FLASH_BufferRead
        40   -> TEXT_CreateEx
        40   -> TEXT_SetBkColor
         0   -> TEXT_SetText
        40   -> TEXT_SetText
        40   -> TEXT_SetTextColor
        40   -> WM_CreateWindow
        40   -> memset


   Section sizes:

   Bytes  Function/Label
   -----  --------------
       2  ?<Constant " ">
      20  ?<Constant "bmp_back140x90.bin">
       4  ??DataTable4
       4  ??DataTable4_1
       4  ??DataTable4_10
       4  ??DataTable4_11
       4  ??DataTable4_12
       4  ??DataTable4_2
       4  ??DataTable4_3
       4  ??DataTable4_4
       4  ??DataTable4_5
       4  ??DataTable4_6
       4  ??DataTable4_7
       4  ??DataTable4_8
       4  ??DataTable4_9
      38  Clear_Service
     110  cbServiceWin(WM_MESSAGE *)
     522  draw_Service
      36  hServiceWnd
          Website
          Email
          Website_val
          Email_val
          buttonRet

 
  36 bytes in section .bss
   2 bytes in section .rodata
 742 bytes in section .text
 
 742 bytes of CODE  memory
   2 bytes of CONST memory
  36 bytes of DATA  memory

Errors: none
Warnings: 35
