###############################################################################
#
# IAR ANSI C/C++ Compiler V7.10.1.6676/W32 for ARM        16/Apr/2020  18:38:34
# Copyright 1999-2014 IAR Systems AB.
#
#    Cpu mode     =  thumb
#    Endian       =  little
#    Source file  =  
#        D:\DLP_proj\DLP_github\MKS-DLP-FIRMWARE\User\ui\draw_about.cpp
#    Command line =  
#        D:\DLP_proj\DLP_github\MKS-DLP-FIRMWARE\User\ui\draw_about.cpp -D
#        USE_HAL_DRIVER -D STM32F407xx -D STM32F40_41xxx -D USE_HAL_LIB -D
#        MKS_DLP_BOARD -D TFT35 -D USE_STM32F407VET -lC
#        D:\DLP_proj\DLP_github\MKS-DLP-FIRMWARE\EWARM\mksDLP/List\ -lA
#        D:\DLP_proj\DLP_github\MKS-DLP-FIRMWARE\EWARM\mksDLP/List\
#        --diag_suppress Pa050 -o
#        D:\DLP_proj\DLP_github\MKS-DLP-FIRMWARE\EWARM\mksDLP/Obj\ --no_unroll
#        --no_inline --no_tbaa --no_scheduling --debug --endian=little
#        --cpu=Cortex-M4F -e --char_is_signed --fpu=VFPv4_sp --dlib_config
#        "D:\Program Files (x86)\IAR Systems\Embedded Workbench
#        7.0\arm\INC\c\DLib_Config_Full.h" -I
#        D:\DLP_proj\DLP_github\MKS-DLP-FIRMWARE\EWARM/../Inc\ -I
#        D:\DLP_proj\DLP_github\MKS-DLP-FIRMWARE\EWARM/../Src\ -I
#        D:\DLP_proj\DLP_github\MKS-DLP-FIRMWARE\EWARM/../Drivers/STM32F4xx_HAL_Driver/Inc\
#        -I
#        D:\DLP_proj\DLP_github\MKS-DLP-FIRMWARE\EWARM/../Drivers/STM32F4xx_HAL_Driver/Inc/Legacy\
#        -I
#        D:\DLP_proj\DLP_github\MKS-DLP-FIRMWARE\EWARM/../Middlewares/Third_Party/FatFs/src/drivers\
#        -I
#        D:\DLP_proj\DLP_github\MKS-DLP-FIRMWARE\EWARM/../Middlewares/ST/STM32_USB_Host_Library/Core/Inc\
#        -I
#        D:\DLP_proj\DLP_github\MKS-DLP-FIRMWARE\EWARM/../Middlewares/ST/STM32_USB_Host_Library/Class/MSC/Inc\
#        -I
#        D:\DLP_proj\DLP_github\MKS-DLP-FIRMWARE\EWARM/../Drivers/CMSIS/Device/ST/STM32F4xx/Include\
#        -I
#        D:\DLP_proj\DLP_github\MKS-DLP-FIRMWARE\EWARM/../Middlewares/Third_Party/FatFs/src\
#        -I
#        D:\DLP_proj\DLP_github\MKS-DLP-FIRMWARE\EWARM/../Middlewares/Third_Party/Marlin\
#        -I
#        D:\DLP_proj\DLP_github\MKS-DLP-FIRMWARE\EWARM/../Drivers/CMSIS/Include\
#        -I
#        D:\DLP_proj\DLP_github\MKS-DLP-FIRMWARE\EWARM/../Drivers/BSP/variant\
#        -I
#        D:\DLP_proj\DLP_github\MKS-DLP-FIRMWARE\EWARM/../Drivers/BSP/Components/at24cxx\
#        -I
#        D:\DLP_proj\DLP_github\MKS-DLP-FIRMWARE\EWARM/../Drivers/BSP/Components/w25qxx\
#        -I
#        D:\DLP_proj\DLP_github\MKS-DLP-FIRMWARE\EWARM/../Drivers/BSP/Components/ssd2828\
#        -I
#        D:\DLP_proj\DLP_github\MKS-DLP-FIRMWARE\EWARM/../Drivers/BSP/Components/lcd\
#        -I D:\DLP_proj\DLP_github\MKS-DLP-FIRMWARE\EWARM/../Drivers/libstmf4\
#        -I
#        D:\DLP_proj\DLP_github\MKS-DLP-FIRMWARE\EWARM/../Drivers/libstmf4/include\
#        -I
#        D:\DLP_proj\DLP_github\MKS-DLP-FIRMWARE\EWARM/../Middlewares/arduino/stm32/cores/arduino\
#        -I D:\DLP_proj\DLP_github\MKS-DLP-FIRMWARE\EWARM/../User/ui\ -I
#        D:\DLP_proj\DLP_github\MKS-DLP-FIRMWARE\EWARM/../User/ui/Multi_language\
#        -I D:\DLP_proj\DLP_github\MKS-DLP-FIRMWARE\EWARM/../User/ui/QRENCODE\
#        -I D:\DLP_proj\DLP_github\MKS-DLP-FIRMWARE\EWARM/../Middlewares/GUI\
#        -Om --eec++ -I "D:\Program Files (x86)\IAR Systems\Embedded Workbench
#        7.0\arm\CMSIS\Include\"
#    List file    =  
#        D:\DLP_proj\DLP_github\MKS-DLP-FIRMWARE\EWARM\mksDLP/List\draw_about.lst
#    Object file  =  
#        D:\DLP_proj\DLP_github\MKS-DLP-FIRMWARE\EWARM\mksDLP/Obj\draw_about.o
#
###############################################################################

D:\DLP_proj\DLP_github\MKS-DLP-FIRMWARE\User\ui\draw_about.cpp
      1          #include "draw_about.h"
      2          #include "draw_ui.h"

  #define UNUSED(x) (void) (x)
          ^
"D:\DLP_proj\DLP_github\MKS-DLP-FIRMWARE\Middlewares\Third_Party\Marlin\macros.h",101  Warning[Pe047]: 
          incompatible redefinition of macro "UNUSED" (declared at line 87 of
          "D:\DLP_proj\DLP_github\MKS-DLP-FIRMWARE\Drivers\STM32F4xx_HAL_Driver
          \Inc\stm32f4xx_hal_def.h")

  		volatile volatile float desireBedTempBak;
  		         ^
"D:\DLP_proj\DLP_github\MKS-DLP-FIRMWARE\Inc\mks_cfg.h",407  Warning[Pe083]: 
          type qualifier specified more than once

  #define IS_SPI_MODE(MODE) (((MODE) == SPI_Mode_Master) || \
          ^
"D:\DLP_proj\DLP_github\MKS-DLP-FIRMWARE\Drivers\libstmf4\include\stm32f4xx_spi.h",173  Warning[Pe047]: 
          incompatible redefinition of macro "IS_SPI_MODE" (declared at line
          511 of
          "D:\DLP_proj\DLP_github\MKS-DLP-FIRMWARE\Drivers\STM32F4xx_HAL_Driver
          \Inc\stm32f4xx_hal_spi.h")

  #define IS_SPI_DATASIZE(DATASIZE) (((DATASIZE) == SPI_DataSize_16b) || \
          ^
"D:\DLP_proj\DLP_github\MKS-DLP-FIRMWARE\Drivers\libstmf4\include\stm32f4xx_spi.h",185  Warning[Pe047]: 
          incompatible redefinition of macro "IS_SPI_DATASIZE" (declared at
          line 523 of
          "D:\DLP_proj\DLP_github\MKS-DLP-FIRMWARE\Drivers\STM32F4xx_HAL_Driver
          \Inc\stm32f4xx_hal_spi.h")

  #define IS_SPI_CPOL(CPOL) (((CPOL) == SPI_CPOL_Low) || \
          ^
"D:\DLP_proj\DLP_github\MKS-DLP-FIRMWARE\Drivers\libstmf4\include\stm32f4xx_spi.h",197  Warning[Pe047]: 
          incompatible redefinition of macro "IS_SPI_CPOL" (declared at line
          526 of
          "D:\DLP_proj\DLP_github\MKS-DLP-FIRMWARE\Drivers\STM32F4xx_HAL_Driver
          \Inc\stm32f4xx_hal_spi.h")

  #define IS_SPI_CPHA(CPHA) (((CPHA) == SPI_CPHA_1Edge) || \
          ^
"D:\DLP_proj\DLP_github\MKS-DLP-FIRMWARE\Drivers\libstmf4\include\stm32f4xx_spi.h",209  Warning[Pe047]: 
          incompatible redefinition of macro "IS_SPI_CPHA" (declared at line
          529 of
          "D:\DLP_proj\DLP_github\MKS-DLP-FIRMWARE\Drivers\STM32F4xx_HAL_Driver
          \Inc\stm32f4xx_hal_spi.h")

  #define IS_SPI_NSS(NSS) (((NSS) == SPI_NSS_Soft) || \
          ^
"D:\DLP_proj\DLP_github\MKS-DLP-FIRMWARE\Drivers\libstmf4\include\stm32f4xx_spi.h",221  Warning[Pe047]: 
          incompatible redefinition of macro "IS_SPI_NSS" (declared at line
          532 of
          "D:\DLP_proj\DLP_github\MKS-DLP-FIRMWARE\Drivers\STM32F4xx_HAL_Driver
          \Inc\stm32f4xx_hal_spi.h")

  #define IS_SPI_BAUDRATE_PRESCALER(PRESCALER) (((PRESCALER) == SPI_BaudRatePrescaler_2) || \
          ^
"D:\DLP_proj\DLP_github\MKS-DLP-FIRMWARE\Drivers\libstmf4\include\stm32f4xx_spi.h",239  Warning[Pe047]: 
          incompatible redefinition of macro "IS_SPI_BAUDRATE_PRESCALER"
          (declared at line 536 of
          "D:\DLP_proj\DLP_github\MKS-DLP-FIRMWARE\Drivers\STM32F4xx_HAL_Driver
          \Inc\stm32f4xx_hal_spi.h")

  #define IS_SPI_FIRST_BIT(BIT) (((BIT) == SPI_FirstBit_MSB) || \
          ^
"D:\DLP_proj\DLP_github\MKS-DLP-FIRMWARE\Drivers\libstmf4\include\stm32f4xx_spi.h",257  Warning[Pe047]: 
          incompatible redefinition of macro "IS_SPI_FIRST_BIT" (declared at
          line 545 of
          "D:\DLP_proj\DLP_github\MKS-DLP-FIRMWARE\Drivers\STM32F4xx_HAL_Driver
          \Inc\stm32f4xx_hal_spi.h")

  #define IS_SPI_DIRECTION(DIRECTION) (((DIRECTION) == SPI_Direction_Rx) || \
          ^
"D:\DLP_proj\DLP_github\MKS-DLP-FIRMWARE\Drivers\libstmf4\include\stm32f4xx_spi.h",400  Warning[Pe047]: 
          incompatible redefinition of macro "IS_SPI_DIRECTION" (declared at
          line 514 of
          "D:\DLP_proj\DLP_github\MKS-DLP-FIRMWARE\Drivers\STM32F4xx_HAL_Driver
          \Inc\stm32f4xx_hal_spi.h")

  #define SPI_FLAG_CRCERR                 ((uint16_t)0x0010)
          ^
"D:\DLP_proj\DLP_github\MKS-DLP-FIRMWARE\Drivers\libstmf4\include\stm32f4xx_spi.h",442  Warning[Pe047]: 
          incompatible redefinition of macro "SPI_FLAG_CRCERR" (declared at
          line 293 of
          "D:\DLP_proj\DLP_github\MKS-DLP-FIRMWARE\Drivers\STM32F4xx_HAL_Driver
          \Inc\stm32f4xx_hal_spi.h")

  #define SPI_FLAG_MODF                   ((uint16_t)0x0020)
          ^
"D:\DLP_proj\DLP_github\MKS-DLP-FIRMWARE\Drivers\libstmf4\include\stm32f4xx_spi.h",443  Warning[Pe047]: 
          incompatible redefinition of macro "SPI_FLAG_MODF" (declared at line
          294 of
          "D:\DLP_proj\DLP_github\MKS-DLP-FIRMWARE\Drivers\STM32F4xx_HAL_Driver
          \Inc\stm32f4xx_hal_spi.h")

  #define IS_SPI_CRC_POLYNOMIAL(POLYNOMIAL) ((POLYNOMIAL) >= 0x1)
          ^
"D:\DLP_proj\DLP_github\MKS-DLP-FIRMWARE\Drivers\libstmf4\include\stm32f4xx_spi.h",462  Warning[Pe047]: 
          incompatible redefinition of macro "IS_SPI_CRC_POLYNOMIAL" (declared
          at line 554 of
          "D:\DLP_proj\DLP_github\MKS-DLP-FIRMWARE\Drivers\STM32F4xx_HAL_Driver
          \Inc\stm32f4xx_hal_spi.h")

  #define SPI_IT_TXE                   SPI_I2S_IT_TXE
          ^
"D:\DLP_proj\DLP_github\MKS-DLP-FIRMWARE\Drivers\libstmf4\include\stm32f4xx_spi.h",473  Warning[Pe047]: 
          incompatible redefinition of macro "SPI_IT_TXE" (declared at line
          280 of
          "D:\DLP_proj\DLP_github\MKS-DLP-FIRMWARE\Drivers\STM32F4xx_HAL_Driver
          \Inc\stm32f4xx_hal_spi.h")

  #define SPI_IT_RXNE                  SPI_I2S_IT_RXNE
          ^
"D:\DLP_proj\DLP_github\MKS-DLP-FIRMWARE\Drivers\libstmf4\include\stm32f4xx_spi.h",474  Warning[Pe047]: 
          incompatible redefinition of macro "SPI_IT_RXNE" (declared at line
          281 of
          "D:\DLP_proj\DLP_github\MKS-DLP-FIRMWARE\Drivers\STM32F4xx_HAL_Driver
          \Inc\stm32f4xx_hal_spi.h")

  #define SPI_IT_ERR                   SPI_I2S_IT_ERR
          ^
"D:\DLP_proj\DLP_github\MKS-DLP-FIRMWARE\Drivers\libstmf4\include\stm32f4xx_spi.h",475  Warning[Pe047]: 
          incompatible redefinition of macro "SPI_IT_ERR" (declared at line
          282 of
          "D:\DLP_proj\DLP_github\MKS-DLP-FIRMWARE\Drivers\STM32F4xx_HAL_Driver
          \Inc\stm32f4xx_hal_spi.h")

  #define SPI_FLAG_RXNE                SPI_I2S_FLAG_RXNE
          ^
"D:\DLP_proj\DLP_github\MKS-DLP-FIRMWARE\Drivers\libstmf4\include\stm32f4xx_spi.h",477  Warning[Pe047]: 
          incompatible redefinition of macro "SPI_FLAG_RXNE" (declared at line
          290 of
          "D:\DLP_proj\DLP_github\MKS-DLP-FIRMWARE\Drivers\STM32F4xx_HAL_Driver
          \Inc\stm32f4xx_hal_spi.h")

  #define SPI_FLAG_TXE                 SPI_I2S_FLAG_TXE
          ^
"D:\DLP_proj\DLP_github\MKS-DLP-FIRMWARE\Drivers\libstmf4\include\stm32f4xx_spi.h",478  Warning[Pe047]: 
          incompatible redefinition of macro "SPI_FLAG_TXE" (declared at line
          291 of
          "D:\DLP_proj\DLP_github\MKS-DLP-FIRMWARE\Drivers\STM32F4xx_HAL_Driver
          \Inc\stm32f4xx_hal_spi.h")

  #define SPI_FLAG_OVR                 SPI_I2S_FLAG_OVR
          ^
"D:\DLP_proj\DLP_github\MKS-DLP-FIRMWARE\Drivers\libstmf4\include\stm32f4xx_spi.h",479  Warning[Pe047]: 
          incompatible redefinition of macro "SPI_FLAG_OVR" (declared at line
          295 of
          "D:\DLP_proj\DLP_github\MKS-DLP-FIRMWARE\Drivers\STM32F4xx_HAL_Driver
          \Inc\stm32f4xx_hal_spi.h")

  #define SPI_FLAG_BSY                 SPI_I2S_FLAG_BSY
          ^
"D:\DLP_proj\DLP_github\MKS-DLP-FIRMWARE\Drivers\libstmf4\include\stm32f4xx_spi.h",480  Warning[Pe047]: 
          incompatible redefinition of macro "SPI_FLAG_BSY" (declared at line
          292 of
          "D:\DLP_proj\DLP_github\MKS-DLP-FIRMWARE\Drivers\STM32F4xx_HAL_Driver
          \Inc\stm32f4xx_hal_spi.h")

    #define FILAMENT_CHANGE_TEXT_EN				"Please click <Load> \nor <unload>,After \npinter pause."
            ^
"D:\DLP_proj\DLP_github\MKS-DLP-FIRMWARE\User\ui\Multi_language\Language_en.h",175  Warning[Pe047]: 
          incompatible redefinition of macro "FILAMENT_CHANGE_TEXT_EN"
          (declared at line 153)

  #define DIALOG_UNBIND_PRINTER_CN            "Ëß£Èô§ÁªëÂÆö?"
          ^
"D:\DLP_proj\DLP_github\MKS-DLP-FIRMWARE\User\ui\Multi_language\Language_s_cn.h",258  Warning[Pe047]: 
          incompatible redefinition of macro "DIALOG_UNBIND_PRINTER_CN"
          (declared at line 253)

    #define FILAMENT_CHANGE_TEXT_T_CN				"ÂæÖÊâìÂç∞Ê©üÊö´ÂÅúÂêé,\nË´ãÊåâ<ÈÄ≤Êñô>Êàñ<ÈÄÄÊñô>"
            ^
"D:\DLP_proj\DLP_github\MKS-DLP-FIRMWARE\User\ui\Multi_language\Language_t_cn.h",167  Warning[Pe047]: 
          incompatible redefinition of macro "FILAMENT_CHANGE_TEXT_T_CN"
          (declared at line 153)

    #define FILAMENT_CHANGE_TEXT_RU				"Please click <Load> \nor <unload>,After \npinter pause."
            ^
"D:\DLP_proj\DLP_github\MKS-DLP-FIRMWARE\User\ui\Multi_language\Language_ru.h",173  Warning[Pe047]: 
          incompatible redefinition of macro "FILAMENT_CHANGE_TEXT_RU"
          (declared at line 153)

  #define DIALOG_UNBIND_PRINTER_RU            "Unbind the printer?"
          ^
"D:\DLP_proj\DLP_github\MKS-DLP-FIRMWARE\User\ui\Multi_language\Language_ru.h",270  Warning[Pe047]: 
          incompatible redefinition of macro "DIALOG_UNBIND_PRINTER_RU"
          (declared at line 265)

    #define FILAMENT_CHANGE_TEXT_FR				"Please click <Load> \nor <unload>,After \npinter pause."
            ^
"D:\DLP_proj\DLP_github\MKS-DLP-FIRMWARE\User\ui\Multi_language\Language_fr.h",173  Warning[Pe047]: 
          incompatible redefinition of macro "FILAMENT_CHANGE_TEXT_FR"
          (declared at line 153)

  #define DIALOG_UNBIND_PRINTER_FR        "Unbind the printer?"
          ^
"D:\DLP_proj\DLP_github\MKS-DLP-FIRMWARE\User\ui\Multi_language\Language_fr.h",273  Warning[Pe047]: 
          incompatible redefinition of macro "DIALOG_UNBIND_PRINTER_FR"
          (declared at line 269)

    #define FILAMENT_CHANGE_TEXT_SP				"Please click <Load> \nor <unload>,After \npinter pause."
            ^
"D:\DLP_proj\DLP_github\MKS-DLP-FIRMWARE\User\ui\Multi_language\Language_sp.h",173  Warning[Pe047]: 
          incompatible redefinition of macro "FILAMENT_CHANGE_TEXT_SP"
          (declared at line 154)

    #define FILAMENT_CHANGE_TEXT_IT				"Please click <Load> \nor <unload>,After \npinter pause."
            ^
"D:\DLP_proj\DLP_github\MKS-DLP-FIRMWARE\User\ui\Multi_language\Language_it.h",173  Warning[Pe047]: 
          incompatible redefinition of macro "FILAMENT_CHANGE_TEXT_IT"
          (declared at line 153)

  #define DIALOG_UNBIND_PRINTER_IT                "Unbind the printer?"
          ^
"D:\DLP_proj\DLP_github\MKS-DLP-FIRMWARE\User\ui\Multi_language\Language_it.h",269  Warning[Pe047]: 
          incompatible redefinition of macro "DIALOG_UNBIND_PRINTER_IT"
          (declared at line 264)

  #define FILAMENT_CHANGE_TEXT_JP				"Please click <Load> \nor <unload>,After \npinter pause."
          ^
"D:\DLP_proj\DLP_github\MKS-DLP-FIRMWARE\User\ui\Multi_language\Multi_language.h",705  Warning[Pe047]: 
          incompatible redefinition of macro "FILAMENT_CHANGE_TEXT_JP"
          (declared at line 698)

  #define FILAMENT_CHANGE_TEXT_GN				"Please click <Load> \nor <unload>,After \npinter pause."
          ^
"D:\DLP_proj\DLP_github\MKS-DLP-FIRMWARE\User\ui\Multi_language\Multi_language.h",913  Warning[Pe047]: 
          incompatible redefinition of macro "FILAMENT_CHANGE_TEXT_GN"
          (declared at line 907)

  #define Simple_Dec"ºı…Ÿ"
                    ^
"D:\DLP_proj\DLP_github\MKS-DLP-FIRMWARE\User\ui\draw_ui.h",499  Warning[Pe1649]: 
          white space is required between the macro name "Simple_Dec" and its
          replacement text

  #define Simple_Speed "ÀŸ∂»"
          ^
"D:\DLP_proj\DLP_github\MKS-DLP-FIRMWARE\User\ui\draw_ui.h",554  Warning[Pe047]: 
          incompatible redefinition of macro "Simple_Speed" (declared at line
          551)

  #define Complex_Speed "ÀŸ∂»"
          ^
"D:\DLP_proj\DLP_github\MKS-DLP-FIRMWARE\User\ui\draw_ui.h",555  Warning[Pe047]: 
          incompatible redefinition of macro "Complex_Speed" (declared at line
          552)
      3          
      4          #ifndef GUI_FLASH
      5          #define GUI_FLASH
      6          #endif
      7          

   \                                 In section .bss, align 4
      8          static GUI_HWIN hAboutWnd;
   \                     hAboutWnd:
   \   00000000                      DS8 2
   \   00000002                      DS8 2
   \   00000004                      DS8 2
   \   00000006                      DS8 2
   \   00000008                      DS8 24
      9          
     10          extern char wifi_firm_ver[20];
     11          //char wifi_firm_ver[20] = {0};
     12          
     13          extern GUI_FLASH const GUI_FONT GUI_FontHZ_fontHz18;
     14          extern GUI_CONST_STORAGE GUI_BITMAP bmp_logo;
     15          extern int X_ADD,X_INTERVAL;   //**Õº∆¨º‰∏Ù
     16          
     17          static BUTTON_STRUCT buttonRet;
     18          static TEXT_Handle TFT_Version_text,TFT_Type_text,Wifi_Ver_text;
     19          

   \                                 In section .text, align 2, keep-with-next
     20          static void cbAboutWin(WM_MESSAGE * pMsg) {
     21          
     22          	switch (pMsg->MsgId)
   \                     _Z10cbAboutWinP10WM_MESSAGE: (+1)
   \   00000000   0x6801             LDR      R1,[R0, #+0]
   \   00000002   0x290C             CMP      R1,#+12
   \   00000004   0xD100             BNE.N    ??cbAboutWin_0
   \   00000006   0x4770             BX       LR
   \                     ??cbAboutWin_0: (+1)
   \   00000008   0xB580             PUSH     {R7,LR}
   \   0000000A   0x290D             CMP      R1,#+13
   \   0000000C   0xD017             BEQ.N    ??cbAboutWin_1
   \   0000000E   0x290F             CMP      R1,#+15
   \   00000010   0xD015             BEQ.N    ??cbAboutWin_1
   \   00000012   0x2926             CMP      R1,#+38
   \   00000014   0xD10F             BNE.N    ??cbAboutWin_2
     23          	{
     24          		case WM_PAINT:
     25          			//GUI_SetBkColor(GUI_BLUE);
     26          			//GUI_Clear();
     27          			//GUI_DispString("window");
     28          			break;
     29          		case WM_TOUCH:
     30          		 	
     31          			break;
     32          		case WM_TOUCH_CHILD:
     33          			
     34          			break;
     35          			
     36          		case WM_NOTIFY_PARENT:
     37          			if(pMsg->Data.v == WM_NOTIFICATION_RELEASED)
   \   00000016   0x6881             LDR      R1,[R0, #+8]
   \   00000018   0x2902             CMP      R1,#+2
   \   0000001A   0xD110             BNE.N    ??cbAboutWin_1
     38          			{
     39          				if(pMsg->hWinSrc == buttonRet.btnHandle)
   \   0000001C   0xF9B0 0x0006      LDRSH    R0,[R0, #+6]
   \   00000020   0x....             LDR.N    R1,??DataTable6
   \   00000022   0xF9B1 0x1008      LDRSH    R1,[R1, #+8]
   \   00000026   0x4288             CMP      R0,R1
   \   00000028   0xD109             BNE.N    ??cbAboutWin_1
     40          				{
     41          					
     42          					Clear_About();
   \   0000002A   0x.... 0x....      BL       Clear_About
     43          					draw_return_ui();
   \   0000002E   0xE8BD 0x4001      POP      {R0,LR}
   \   00000032   0x.... 0x....      B.W      draw_return_ui
     44          				}
     45          				
     46          			}
     47          			break;
     48          			
     49          		default:
     50          			WM_DefaultProc(pMsg);
   \                     ??cbAboutWin_2: (+1)
   \   00000036   0xE8BD 0x4002      POP      {R1,LR}
   \   0000003A   0x.... 0x....      B.W      WM_DefaultProc
     51          		}
     52          	}
   \                     ??cbAboutWin_1: (+1)
   \   0000003E   0xBD01             POP      {R0,PC}          ;; return
     53          
     54          #define ESP_WIFI		0x02
     55          

   \                                 In section .text, align 2, keep-with-next
     56          void draw_About()
     57          {
   \                     draw_About: (+1)
   \   00000000   0xB5F0             PUSH     {R4-R7,LR}
   \   00000002   0xB08D             SUB      SP,SP,#+52
     58          		
     59          //	int titleHeight = 30;
     60          
     61          //	int imgHeight = LCD_HEIGHT - titleHeight;	
     62          	
     63          	int i;
                 	    ^
Warning[Pe177]: variable "i" was declared but never referenced
     64          	uint8_t buf[30];
     65          	
     66          	if(disp_state_stack._disp_state[disp_state_stack._disp_index] != ABOUT_UI)
   \   00000004   0x....             LDR.N    R0,??DataTable6_1
   \   00000006   0xF990 0x1064      LDRSB    R1,[R0, #+100]
   \   0000000A   0x560A             LDRSB    R2,[R1, R0]
   \   0000000C   0x2A11             CMP      R2,#+17
   \   0000000E   0xD005             BEQ.N    ??draw_About_0
     67          	{
     68          		disp_state_stack._disp_index++;
   \   00000010   0x1C49             ADDS     R1,R1,#+1
   \   00000012   0xF880 0x1064      STRB     R1,[R0, #+100]
     69          		disp_state_stack._disp_state[disp_state_stack._disp_index] = ABOUT_UI;
   \   00000016   0x2211             MOVS     R2,#+17
   \   00000018   0xB249             SXTB     R1,R1
   \   0000001A   0x540A             STRB     R2,[R1, R0]
     70          	}
     71          	disp_state = ABOUT_UI;
   \                     ??draw_About_0: (+1)
   \   0000001C   0x2011             MOVS     R0,#+17
   \   0000001E   0x....             LDR.N    R1,??DataTable6_2
   \   00000020   0x7008             STRB     R0,[R1, #+0]
     72          /*
     73          	GUI_SetBkColor(gCfgItems.state_background_color);
     74          	GUI_SetColor(gCfgItems.state_text_color);
     75          	GUI_Clear();
     76          */
     77          	GUI_SetBkColor(gCfgItems.background_color);
   \   00000022   0x....             LDR.N    R4,??DataTable6_3
   \   00000024   0x6860             LDR      R0,[R4, #+4]
   \   00000026   0x.... 0x....      BL       GUI_SetBkColor
     78          	GUI_SetColor(gCfgItems.title_color);
   \   0000002A   0x1D26             ADDS     R6,R4,#+4
   \   0000002C   0x6D70             LDR      R0,[R6, #+84]
   \   0000002E   0x.... 0x....      BL       GUI_SetColor
     79          	GUI_Clear();
   \   00000032   0x.... 0x....      BL       GUI_Clear
     80          
     81          
     82          	
     83          	//GUI_DispStringAt(about_menu.type, 240, titleHeight  + 135);
     84          	//GUI_DispStringAt(about_menu.version, 240, titleHeight + 175);
     85          
     86          	GUI_DispStringAt(creat_title_text(),  TITLE_XPOS, TITLE_YPOS);
   \   00000036   0x.... 0x....      BL       creat_title_text
   \   0000003A   0x....             LDR.N    R1,??DataTable6_4
   \   0000003C   0x89CA             LDRH     R2,[R1, #+14]
   \   0000003E   0x8989             LDRH     R1,[R1, #+12]
   \   00000040   0x.... 0x....      BL       GUI_DispStringAt
     87          	
     88          	hAboutWnd = WM_CreateWindow(0,titleHeight, LCD_WIDTH, imgHeight, WM_CF_SHOW, cbAboutWin, 0);
   \   00000044   0x2000             MOVS     R0,#+0
   \   00000046   0x9002             STR      R0,[SP, #+8]
   \   00000048   0x....             LDR.N    R0,??DataTable6_5
   \   0000004A   0x9001             STR      R0,[SP, #+4]
   \   0000004C   0x2002             MOVS     R0,#+2
   \   0000004E   0x9000             STR      R0,[SP, #+0]
   \   00000050   0xF44F 0x73A0      MOV      R3,#+320
   \   00000054   0xF44F 0x72F0      MOV      R2,#+480
   \   00000058   0x2100             MOVS     R1,#+0
   \   0000005A   0x4608             MOV      R0,R1
   \   0000005C   0x.... 0x....      BL       WM_CreateWindow
   \   00000060   0x....             LDR.N    R5,??DataTable6
   \   00000062   0x8028             STRH     R0,[R5, #+0]
     89          
     90          	TFT_Type_text = TEXT_CreateEx(BTN_X_PIXEL,BTN_Y_PIXEL-60, LCD_WIDTH-BTN_X_PIXEL, 30, hAboutWnd, WM_CF_SHOW,TEXT_CF_LEFT|GUI_TA_VCENTER, GUI_ID_TEXT1, "Type:MKS TFT");
   \   00000064   0xF240 0x1761      MOVW     R7,#+353
   \   00000068   0x.... 0x....      ADR.W    R1,`?<Constant "Type:MKS TFT">`
   \   0000006C   0x9104             STR      R1,[SP, #+16]
   \   0000006E   0x9703             STR      R7,[SP, #+12]
   \   00000070   0x210C             MOVS     R1,#+12
   \   00000072   0x9102             STR      R1,[SP, #+8]
   \   00000074   0x2102             MOVS     R1,#+2
   \   00000076   0x9101             STR      R1,[SP, #+4]
   \   00000078   0x9000             STR      R0,[SP, #+0]
   \   0000007A   0x231E             MOVS     R3,#+30
   \   0000007C   0xF44F 0x72AA      MOV      R2,#+340
   \   00000080   0x2138             MOVS     R1,#+56
   \   00000082   0x208C             MOVS     R0,#+140
   \   00000084   0x.... 0x....      BL       TEXT_CreateEx
   \   00000088   0x80A8             STRH     R0,[R5, #+4]
     91          	TFT_Version_text = TEXT_CreateEx(BTN_X_PIXEL,BTN_Y_PIXEL-30, LCD_WIDTH-BTN_X_PIXEL, 30, hAboutWnd, WM_CF_SHOW,TEXT_CF_LEFT|GUI_TA_VCENTER, GUI_ID_TEXT1, "Version:1.0.0");
   \   0000008A   0x.... 0x....      ADR.W    R0,`?<Constant "Version:1.0.0">`
   \   0000008E   0x9004             STR      R0,[SP, #+16]
   \   00000090   0x9703             STR      R7,[SP, #+12]
   \   00000092   0x200C             MOVS     R0,#+12
   \   00000094   0x9002             STR      R0,[SP, #+8]
   \   00000096   0x2002             MOVS     R0,#+2
   \   00000098   0x9001             STR      R0,[SP, #+4]
   \   0000009A   0xF9B5 0x0000      LDRSH    R0,[R5, #+0]
   \   0000009E   0x9000             STR      R0,[SP, #+0]
   \   000000A0   0x231E             MOVS     R3,#+30
   \   000000A2   0xF44F 0x72AA      MOV      R2,#+340
   \   000000A6   0x2156             MOVS     R1,#+86
   \   000000A8   0x208C             MOVS     R0,#+140
   \   000000AA   0x.... 0x....      BL       TEXT_CreateEx
   \   000000AE   0x8068             STRH     R0,[R5, #+2]
     92          	Wifi_Ver_text = TEXT_CreateEx(BTN_X_PIXEL,BTN_Y_PIXEL, LCD_WIDTH-BTN_X_PIXEL, 30, hAboutWnd, WM_CF_SHOW,TEXT_CF_LEFT|GUI_TA_VCENTER, GUI_ID_TEXT1, "Wifi: ");
   \   000000B0   0x.... 0x....      ADR.W    R0,`?<Constant "Wifi: ">`
   \   000000B4   0x9004             STR      R0,[SP, #+16]
   \   000000B6   0x9703             STR      R7,[SP, #+12]
   \   000000B8   0x200C             MOVS     R0,#+12
   \   000000BA   0x9002             STR      R0,[SP, #+8]
   \   000000BC   0x2002             MOVS     R0,#+2
   \   000000BE   0x9001             STR      R0,[SP, #+4]
   \   000000C0   0xF9B5 0x0000      LDRSH    R0,[R5, #+0]
   \   000000C4   0x9000             STR      R0,[SP, #+0]
   \   000000C6   0x231E             MOVS     R3,#+30
   \   000000C8   0xF44F 0x72AA      MOV      R2,#+340
   \   000000CC   0x2174             MOVS     R1,#+116
   \   000000CE   0x208C             MOVS     R0,#+140
   \   000000D0   0x.... 0x....      BL       TEXT_CreateEx
   \   000000D4   0x80E8             STRH     R0,[R5, #+6]
     93          
     94          	buttonRet.btnHandle = BUTTON_CreateEx(BTN_X_PIXEL*3+INTERVAL_V*4 , BTN_Y_PIXEL+INTERVAL_H,BTN_X_PIXEL, BTN_Y_PIXEL, hAboutWnd, BUTTON_CF_SHOW, 0, alloc_win_id());
   \   000000D6   0x.... 0x....      BL       alloc_win_id
   \   000000DA   0x9003             STR      R0,[SP, #+12]
   \   000000DC   0x2000             MOVS     R0,#+0
   \   000000DE   0x9002             STR      R0,[SP, #+8]
   \   000000E0   0x2002             MOVS     R0,#+2
   \   000000E2   0x9001             STR      R0,[SP, #+4]
   \   000000E4   0xF9B5 0x0000      LDRSH    R0,[R5, #+0]
   \   000000E8   0x9000             STR      R0,[SP, #+0]
   \   000000EA   0x2374             MOVS     R3,#+116
   \   000000EC   0x228C             MOVS     R2,#+140
   \   000000EE   0x2183             MOVS     R1,#+131
   \   000000F0   0xF44F 0x700A      MOV      R0,#+552
   \   000000F4   0x.... 0x....      BL       BUTTON_CreateEx
   \   000000F8   0x8128             STRH     R0,[R5, #+8]
     95          	//TEXT_SetDefaultFont(&FONT_STATE_INF);	
     96          
     97          	BUTTON_SetBmpFileName(buttonRet.btnHandle, "bmp_return.bin",1);	
   \   000000FA   0x2201             MOVS     R2,#+1
   \   000000FC   0x.... 0x....      ADR.W    R1,`?<Constant "bmp_return.bin">`
   \   00000100   0x.... 0x....      BL       BUTTON_SetBmpFileName
     98          	BUTTON_SetBitmapEx(buttonRet.btnHandle, 0, &bmp_struct,BMP_PIC_X, BMP_PIC_Y);
   \   00000104   0x....             LDR.N    R0,??DataTable6_6
   \   00000106   0xF990 0x0000      LDRSB    R0,[R0, #+0]
   \   0000010A   0x9000             STR      R0,[SP, #+0]
   \   0000010C   0x....             LDR.N    R0,??DataTable6_7
   \   0000010E   0xF990 0x3000      LDRSB    R3,[R0, #+0]
   \   00000112   0x....             LDR.N    R2,??DataTable6_8
   \   00000114   0x2100             MOVS     R1,#+0
   \   00000116   0xF9B5 0x0008      LDRSH    R0,[R5, #+8]
   \   0000011A   0x.... 0x....      BL       BUTTON_SetBitmapEx
     99          
    100          	BUTTON_SetBkColor(buttonRet.btnHandle, BUTTON_CI_PRESSED, gCfgItems.back_btn_color);
   \   0000011E   0x6FB2             LDR      R2,[R6, #+120]
   \   00000120   0x2101             MOVS     R1,#+1
   \   00000122   0xF9B5 0x0008      LDRSH    R0,[R5, #+8]
   \   00000126   0x.... 0x....      BL       BUTTON_SetBkColor
    101          	BUTTON_SetBkColor(buttonRet.btnHandle, BUTTON_CI_UNPRESSED, gCfgItems.back_btn_color);
   \   0000012A   0x6FB2             LDR      R2,[R6, #+120]
   \   0000012C   0x2100             MOVS     R1,#+0
   \   0000012E   0xF9B5 0x0008      LDRSH    R0,[R5, #+8]
   \   00000132   0x.... 0x....      BL       BUTTON_SetBkColor
    102          	BUTTON_SetTextColor(buttonRet.btnHandle, BUTTON_CI_PRESSED, gCfgItems.back_btn_textcolor);
   \   00000136   0x6FF2             LDR      R2,[R6, #+124]
   \   00000138   0x2101             MOVS     R1,#+1
   \   0000013A   0xF9B5 0x0008      LDRSH    R0,[R5, #+8]
   \   0000013E   0x.... 0x....      BL       BUTTON_SetTextColor
    103          	BUTTON_SetTextColor(buttonRet.btnHandle, BUTTON_CI_UNPRESSED, gCfgItems.back_btn_textcolor);
   \   00000142   0x6FF2             LDR      R2,[R6, #+124]
   \   00000144   0x2100             MOVS     R1,#+0
   \   00000146   0xF9B5 0x0008      LDRSH    R0,[R5, #+8]
   \   0000014A   0x.... 0x....      BL       BUTTON_SetTextColor
    104          
    105          	TEXT_SetBkColor(TFT_Type_text, gCfgItems.state_background_color);
   \   0000014E   0x6DB1             LDR      R1,[R6, #+88]
   \   00000150   0xF9B5 0x0004      LDRSH    R0,[R5, #+4]
   \   00000154   0x.... 0x....      BL       TEXT_SetBkColor
    106          	TEXT_SetTextColor(TFT_Type_text, gCfgItems.state_text_color);
   \   00000158   0x6DF1             LDR      R1,[R6, #+92]
   \   0000015A   0xF9B5 0x0004      LDRSH    R0,[R5, #+4]
   \   0000015E   0x.... 0x....      BL       TEXT_SetTextColor
    107          	TEXT_SetBkColor(TFT_Version_text, gCfgItems.state_background_color);
   \   00000162   0x6DB1             LDR      R1,[R6, #+88]
   \   00000164   0xF9B5 0x0002      LDRSH    R0,[R5, #+2]
   \   00000168   0x.... 0x....      BL       TEXT_SetBkColor
    108          	TEXT_SetTextColor(TFT_Version_text, gCfgItems.state_text_color);
   \   0000016C   0x6DF1             LDR      R1,[R6, #+92]
   \   0000016E   0xF9B5 0x0002      LDRSH    R0,[R5, #+2]
   \   00000172   0x.... 0x....      BL       TEXT_SetTextColor
    109          	TEXT_SetBkColor(Wifi_Ver_text, gCfgItems.state_background_color);
   \   00000176   0x6DB1             LDR      R1,[R6, #+88]
   \   00000178   0xF9B5 0x0006      LDRSH    R0,[R5, #+6]
   \   0000017C   0x.... 0x....      BL       TEXT_SetBkColor
    110          	TEXT_SetTextColor(Wifi_Ver_text, gCfgItems.state_text_color);
   \   00000180   0x6DF1             LDR      R1,[R6, #+92]
   \   00000182   0xF9B5 0x0006      LDRSH    R0,[R5, #+6]
   \   00000186   0x.... 0x....      BL       TEXT_SetTextColor
    111          
    112          	strcpy((char*)buf,(const char *)about_menu.type);
   \   0000018A   0x....             LDR.N    R6,??DataTable6_9
   \   0000018C   0x68F1             LDR      R1,[R6, #+12]
   \   0000018E   0xA805             ADD      R0,SP,#+20
   \   00000190   0x.... 0x....      BL       strcpy
    113          	strcat((char*)buf,(const char *)about_menu.type_name);
   \   00000194   0x6871             LDR      R1,[R6, #+4]
   \   00000196   0xA805             ADD      R0,SP,#+20
   \   00000198   0x.... 0x....      BL       strcat
    114          	TEXT_SetText(TFT_Type_text,(char *)buf);
   \   0000019C   0xA905             ADD      R1,SP,#+20
   \   0000019E   0xF9B5 0x0004      LDRSH    R0,[R5, #+4]
   \   000001A2   0x.... 0x....      BL       TEXT_SetText
    115          	memset(buf,0,sizeof(buf));
   \   000001A6   0x221E             MOVS     R2,#+30
   \   000001A8   0x2100             MOVS     R1,#+0
   \   000001AA   0xA805             ADD      R0,SP,#+20
   \   000001AC   0x.... 0x....      BL       memset
    116          	strcpy((char*)buf,(const char *)about_menu.version);
   \   000001B0   0x6931             LDR      R1,[R6, #+16]
   \   000001B2   0xA805             ADD      R0,SP,#+20
   \   000001B4   0x.... 0x....      BL       strcpy
    117          	strcat((char*)buf,(const char *)about_menu.firmware_v);	
   \   000001B8   0x68B1             LDR      R1,[R6, #+8]
   \   000001BA   0xA805             ADD      R0,SP,#+20
   \   000001BC   0x.... 0x....      BL       strcat
    118          	TEXT_SetText(TFT_Version_text,(char *)buf);
   \   000001C0   0xA905             ADD      R1,SP,#+20
   \   000001C2   0xF9B5 0x0002      LDRSH    R0,[R5, #+2]
   \   000001C6   0x.... 0x....      BL       TEXT_SetText
    119          
    120          	//GUI_DispStringAt(about_menu.type, 40, titleHeight  + 50);
    121          	//GUI_DispStringAt(about_menu.version, 40, titleHeight + 75); 
    122          	if(gCfgItems.wifi_type == ESP_WIFI)
   \   000001CA   0xF894 0x0208      LDRB     R0,[R4, #+520]
   \   000001CE   0x2802             CMP      R0,#+2
   \   000001D0   0xD116             BNE.N    ??draw_About_1
    123          	{
    124          		//GUI_DispStringAt(about_menu.wifi, 40, titleHeight + 100);
    125          		//TEXT_SetText(TFT_Version_text,about_menu.wifi);
    126          		if(wifi_firm_ver[0] != 0)
   \   000001D2   0x....             LDR.N    R7,??DataTable6_10
   \   000001D4   0xF997 0x0000      LDRSB    R0,[R7, #+0]
   \   000001D8   0x2800             CMP      R0,#+0
   \   000001DA   0xD011             BEQ.N    ??draw_About_1
    127          		{
    128          			memset(buf,0,sizeof(buf));
   \   000001DC   0x221E             MOVS     R2,#+30
   \   000001DE   0x2100             MOVS     R1,#+0
   \   000001E0   0xA805             ADD      R0,SP,#+20
   \   000001E2   0x.... 0x....      BL       memset
    129          			//GUI_DispStringAt((const char *)wifi_firm_ver, 90, titleHeight + 100); 
    130          			strcpy((char*)buf,(const char *)about_menu.wifi);
   \   000001E6   0x6971             LDR      R1,[R6, #+20]
   \   000001E8   0xA805             ADD      R0,SP,#+20
   \   000001EA   0x.... 0x....      BL       strcpy
    131          			strcat((char*)buf,(const char *)wifi_firm_ver);
   \   000001EE   0x4639             MOV      R1,R7
   \   000001F0   0xA805             ADD      R0,SP,#+20
   \   000001F2   0x.... 0x....      BL       strcat
    132          			TEXT_SetText(Wifi_Ver_text,(char*)buf);
   \   000001F6   0xA905             ADD      R1,SP,#+20
   \   000001F8   0xF9B5 0x0006      LDRSH    R0,[R5, #+6]
   \   000001FC   0x.... 0x....      BL       TEXT_SetText
    133          			
    134          		}
    135          	}
    136          
    137          	if(gCfgItems.multiple_language != 0)
   \                     ??draw_About_1: (+1)
   \   00000200   0xF894 0x019B      LDRB     R0,[R4, #+411]
   \   00000204   0x2800             CMP      R0,#+0
   \   00000206   0xD005             BEQ.N    ??draw_About_2
    138          	{
    139              	BUTTON_SetText(buttonRet.btnHandle, common_menu.text_back);
   \   00000208   0x....             LDR.N    R0,??DataTable6_11
   \   0000020A   0x6801             LDR      R1,[R0, #+0]
   \   0000020C   0xF9B5 0x0008      LDRSH    R0,[R5, #+8]
   \   00000210   0x.... 0x....      BL       BUTTON_SetText
    140          	}
    141          
    142          	
    143          	
    144          }
   \                     ??draw_About_2: (+1)
   \   00000214   0xB00D             ADD      SP,SP,#+52
   \   00000216   0xBDF0             POP      {R4-R7,PC}       ;; return
    145          

   \                                 In section .text, align 2, keep-with-next
    146          void Clear_About()
    147          {
   \                     Clear_About: (+1)
   \   00000000   0xB510             PUSH     {R4,LR}
    148          	GUI_SetBkColor(gCfgItems.background_color);
   \   00000002   0x....             LDR.N    R0,??DataTable6_3
   \   00000004   0x6840             LDR      R0,[R0, #+4]
   \   00000006   0x.... 0x....      BL       GUI_SetBkColor
    149          	if(WM_IsWindow(hAboutWnd))
   \   0000000A   0x....             LDR.N    R4,??DataTable6
   \   0000000C   0xF9B4 0x0000      LDRSH    R0,[R4, #+0]
   \   00000010   0x.... 0x....      BL       WM_IsWindow
   \   00000014   0x2800             CMP      R0,#+0
   \   00000016   0xD005             BEQ.N    ??Clear_About_0
    150          	{
    151          		WM_DeleteWindow(hAboutWnd);
   \   00000018   0xF9B4 0x0000      LDRSH    R0,[R4, #+0]
   \   0000001C   0xE8BD 0x4010      POP      {R4,LR}
   \   00000020   0x.... 0x....      B.W      WM_DeleteWindow
    152          		//GUI_Exec();
    153          	}
    154          	//GUI_Clear();
    155          }
   \                     ??Clear_About_0: (+1)
   \   00000024   0xBD10             POP      {R4,PC}          ;; return

   \                                 In section .text, align 4, keep-with-next
   \                     ??DataTable6:
   \   00000000   0x........         DC32     hAboutWnd

   \                                 In section .text, align 4, keep-with-next
   \                     ??DataTable6_1:
   \   00000000   0x........         DC32     disp_state_stack

   \                                 In section .text, align 4, keep-with-next
   \                     ??DataTable6_2:
   \   00000000   0x........         DC32     disp_state

   \                                 In section .text, align 4, keep-with-next
   \                     ??DataTable6_3:
   \   00000000   0x........         DC32     gCfgItems

   \                                 In section .text, align 4, keep-with-next
   \                     ??DataTable6_4:
   \   00000000   0x........         DC32     TFT_screen

   \                                 In section .text, align 4, keep-with-next
   \                     ??DataTable6_5:
   \   00000000   0x........         DC32     _Z10cbAboutWinP10WM_MESSAGE

   \                                 In section .text, align 4, keep-with-next
   \                     ??DataTable6_6:
   \   00000000   0x........         DC32     BMP_PIC_Y

   \                                 In section .text, align 4, keep-with-next
   \                     ??DataTable6_7:
   \   00000000   0x........         DC32     BMP_PIC_X

   \                                 In section .text, align 4, keep-with-next
   \                     ??DataTable6_8:
   \   00000000   0x........         DC32     bmp_struct

   \                                 In section .text, align 4, keep-with-next
   \                     ??DataTable6_9:
   \   00000000   0x........         DC32     about_menu

   \                                 In section .text, align 4, keep-with-next
   \                     ??DataTable6_10:
   \   00000000   0x........         DC32     wifi_firm_ver

   \                                 In section .text, align 4, keep-with-next
   \                     ??DataTable6_11:
   \   00000000   0x........         DC32     common_menu

   \                                 In section .text, align 4, keep-with-next
   \                     `?<Constant "Type:MKS TFT">`:
   \   00000000   0x54 0x79          DC8 "Type:MKS TFT"
   \              0x70 0x65    
   \              0x3A 0x4D    
   \              0x4B 0x53    
   \              0x20 0x54    
   \              0x46 0x54    
   \              0x00         
   \   0000000D   0x00 0x00          DC8 0, 0, 0
   \              0x00         

   \                                 In section .text, align 4, keep-with-next
   \                     `?<Constant "Version:1.0.0">`:
   \   00000000   0x56 0x65          DC8 "Version:1.0.0"
   \              0x72 0x73    
   \              0x69 0x6F    
   \              0x6E 0x3A    
   \              0x31 0x2E    
   \              0x30 0x2E    
   \              0x30 0x00    
   \   0000000E   0x00 0x00          DC8 0, 0

   \                                 In section .text, align 4, keep-with-next
   \                     `?<Constant "Wifi: ">`:
   \   00000000   0x57 0x69          DC8 "Wifi: "
   \              0x66 0x69    
   \              0x3A 0x20    
   \              0x00         
   \   00000007   0x00               DC8 0

   \                                 In section .text, align 4, keep-with-next
   \                     `?<Constant "bmp_return.bin">`:
   \   00000000   0x62 0x6D          DC8 "bmp_return.bin"
   \              0x70 0x5F    
   \              0x72 0x65    
   \              0x74 0x75    
   \              0x72 0x6E    
   \              0x2E 0x62    
   \              0x69 0x6E    
   \              0x00         
   \   0000000F   0x00               DC8 0
    156          
    157          

   Maximum stack usage in bytes:

   .cstack Function
   ------- --------
       8   Clear_About
         8   -> GUI_SetBkColor
         0   -> WM_DeleteWindow
         8   -> WM_IsWindow
       8   cbAboutWin(WM_MESSAGE *)
         8   -> Clear_About
         0   -> WM_DefaultProc
         0   -> draw_return_ui
      72   draw_About
        72   -> BUTTON_CreateEx
        72   -> BUTTON_SetBitmapEx
        72   -> BUTTON_SetBkColor
        72   -> BUTTON_SetBmpFileName
        72   -> BUTTON_SetText
        72   -> BUTTON_SetTextColor
        72   -> GUI_Clear
        72   -> GUI_DispStringAt
        72   -> GUI_SetBkColor
        72   -> GUI_SetColor
        72   -> TEXT_CreateEx
        72   -> TEXT_SetBkColor
        72   -> TEXT_SetText
        72   -> TEXT_SetTextColor
        72   -> WM_CreateWindow
        72   -> alloc_win_id
        72   -> creat_title_text
        72   -> memset
        72   -> strcat
        72   -> strcpy


   Section sizes:

   Bytes  Function/Label
   -----  --------------
      16  ?<Constant "Type:MKS TFT">
      16  ?<Constant "Version:1.0.0">
       8  ?<Constant "Wifi: ">
      16  ?<Constant "bmp_return.bin">
       4  ??DataTable6
       4  ??DataTable6_1
       4  ??DataTable6_10
       4  ??DataTable6_11
       4  ??DataTable6_2
       4  ??DataTable6_3
       4  ??DataTable6_4
       4  ??DataTable6_5
       4  ??DataTable6_6
       4  ??DataTable6_7
       4  ??DataTable6_8
       4  ??DataTable6_9
      38  Clear_About
      64  cbAboutWin(WM_MESSAGE *)
     536  draw_About
      32  hAboutWnd
          TFT_Version_text
          TFT_Type_text
          Wifi_Ver_text
          buttonRet

 
  32 bytes in section .bss
 742 bytes in section .text
 
 742 bytes of CODE memory
  32 bytes of DATA memory

Errors: none
Warnings: 36
