###############################################################################
#
# IAR ANSI C/C++ Compiler V7.10.1.6676/W32 for ARM        16/Apr/2020  18:38:35
# Copyright 1999-2014 IAR Systems AB.
#
#    Cpu mode     =  thumb
#    Endian       =  little
#    Source file  =  
#        D:\DLP_proj\DLP_github\MKS-DLP-FIRMWARE\User\ui\draw_clean.cpp
#    Command line =  
#        D:\DLP_proj\DLP_github\MKS-DLP-FIRMWARE\User\ui\draw_clean.cpp -D
#        USE_HAL_DRIVER -D STM32F407xx -D STM32F40_41xxx -D USE_HAL_LIB -D
#        MKS_DLP_BOARD -D TFT35 -D USE_STM32F407VET -lC
#        D:\DLP_proj\DLP_github\MKS-DLP-FIRMWARE\EWARM\mksDLP/List\ -lA
#        D:\DLP_proj\DLP_github\MKS-DLP-FIRMWARE\EWARM\mksDLP/List\
#        --diag_suppress Pa050 -o
#        D:\DLP_proj\DLP_github\MKS-DLP-FIRMWARE\EWARM\mksDLP/Obj\ --no_unroll
#        --no_inline --no_tbaa --no_scheduling --debug --endian=little
#        --cpu=Cortex-M4F -e --char_is_signed --fpu=VFPv4_sp --dlib_config
#        "D:\Program Files (x86)\IAR Systems\Embedded Workbench
#        7.0\arm\INC\c\DLib_Config_Full.h" -I
#        D:\DLP_proj\DLP_github\MKS-DLP-FIRMWARE\EWARM/../Inc\ -I
#        D:\DLP_proj\DLP_github\MKS-DLP-FIRMWARE\EWARM/../Src\ -I
#        D:\DLP_proj\DLP_github\MKS-DLP-FIRMWARE\EWARM/../Drivers/STM32F4xx_HAL_Driver/Inc\
#        -I
#        D:\DLP_proj\DLP_github\MKS-DLP-FIRMWARE\EWARM/../Drivers/STM32F4xx_HAL_Driver/Inc/Legacy\
#        -I
#        D:\DLP_proj\DLP_github\MKS-DLP-FIRMWARE\EWARM/../Middlewares/Third_Party/FatFs/src/drivers\
#        -I
#        D:\DLP_proj\DLP_github\MKS-DLP-FIRMWARE\EWARM/../Middlewares/ST/STM32_USB_Host_Library/Core/Inc\
#        -I
#        D:\DLP_proj\DLP_github\MKS-DLP-FIRMWARE\EWARM/../Middlewares/ST/STM32_USB_Host_Library/Class/MSC/Inc\
#        -I
#        D:\DLP_proj\DLP_github\MKS-DLP-FIRMWARE\EWARM/../Drivers/CMSIS/Device/ST/STM32F4xx/Include\
#        -I
#        D:\DLP_proj\DLP_github\MKS-DLP-FIRMWARE\EWARM/../Middlewares/Third_Party/FatFs/src\
#        -I
#        D:\DLP_proj\DLP_github\MKS-DLP-FIRMWARE\EWARM/../Middlewares/Third_Party/Marlin\
#        -I
#        D:\DLP_proj\DLP_github\MKS-DLP-FIRMWARE\EWARM/../Drivers/CMSIS/Include\
#        -I
#        D:\DLP_proj\DLP_github\MKS-DLP-FIRMWARE\EWARM/../Drivers/BSP/variant\
#        -I
#        D:\DLP_proj\DLP_github\MKS-DLP-FIRMWARE\EWARM/../Drivers/BSP/Components/at24cxx\
#        -I
#        D:\DLP_proj\DLP_github\MKS-DLP-FIRMWARE\EWARM/../Drivers/BSP/Components/w25qxx\
#        -I
#        D:\DLP_proj\DLP_github\MKS-DLP-FIRMWARE\EWARM/../Drivers/BSP/Components/ssd2828\
#        -I
#        D:\DLP_proj\DLP_github\MKS-DLP-FIRMWARE\EWARM/../Drivers/BSP/Components/lcd\
#        -I D:\DLP_proj\DLP_github\MKS-DLP-FIRMWARE\EWARM/../Drivers/libstmf4\
#        -I
#        D:\DLP_proj\DLP_github\MKS-DLP-FIRMWARE\EWARM/../Drivers/libstmf4/include\
#        -I
#        D:\DLP_proj\DLP_github\MKS-DLP-FIRMWARE\EWARM/../Middlewares/arduino/stm32/cores/arduino\
#        -I D:\DLP_proj\DLP_github\MKS-DLP-FIRMWARE\EWARM/../User/ui\ -I
#        D:\DLP_proj\DLP_github\MKS-DLP-FIRMWARE\EWARM/../User/ui/Multi_language\
#        -I D:\DLP_proj\DLP_github\MKS-DLP-FIRMWARE\EWARM/../User/ui/QRENCODE\
#        -I D:\DLP_proj\DLP_github\MKS-DLP-FIRMWARE\EWARM/../Middlewares/GUI\
#        -Om --eec++ -I "D:\Program Files (x86)\IAR Systems\Embedded Workbench
#        7.0\arm\CMSIS\Include\"
#    List file    =  
#        D:\DLP_proj\DLP_github\MKS-DLP-FIRMWARE\EWARM\mksDLP/List\draw_clean.lst
#    Object file  =  
#        D:\DLP_proj\DLP_github\MKS-DLP-FIRMWARE\EWARM\mksDLP/Obj\draw_clean.o
#
###############################################################################

D:\DLP_proj\DLP_github\MKS-DLP-FIRMWARE\User\ui\draw_clean.cpp
      1          #include "gui.h"
      2          #include "draw_ui.h"

  #define UNUSED(x) (void) (x)
          ^
"D:\DLP_proj\DLP_github\MKS-DLP-FIRMWARE\Middlewares\Third_Party\Marlin\macros.h",101  Warning[Pe047]: 
          incompatible redefinition of macro "UNUSED" (declared at line 87 of
          "D:\DLP_proj\DLP_github\MKS-DLP-FIRMWARE\Drivers\STM32F4xx_HAL_Driver
          \Inc\stm32f4xx_hal_def.h")

  		volatile volatile float desireBedTempBak;
  		         ^
"D:\DLP_proj\DLP_github\MKS-DLP-FIRMWARE\Inc\mks_cfg.h",407  Warning[Pe083]: 
          type qualifier specified more than once

  #define IS_SPI_MODE(MODE) (((MODE) == SPI_Mode_Master) || \
          ^
"D:\DLP_proj\DLP_github\MKS-DLP-FIRMWARE\Drivers\libstmf4\include\stm32f4xx_spi.h",173  Warning[Pe047]: 
          incompatible redefinition of macro "IS_SPI_MODE" (declared at line
          511 of
          "D:\DLP_proj\DLP_github\MKS-DLP-FIRMWARE\Drivers\STM32F4xx_HAL_Driver
          \Inc\stm32f4xx_hal_spi.h")

  #define IS_SPI_DATASIZE(DATASIZE) (((DATASIZE) == SPI_DataSize_16b) || \
          ^
"D:\DLP_proj\DLP_github\MKS-DLP-FIRMWARE\Drivers\libstmf4\include\stm32f4xx_spi.h",185  Warning[Pe047]: 
          incompatible redefinition of macro "IS_SPI_DATASIZE" (declared at
          line 523 of
          "D:\DLP_proj\DLP_github\MKS-DLP-FIRMWARE\Drivers\STM32F4xx_HAL_Driver
          \Inc\stm32f4xx_hal_spi.h")

  #define IS_SPI_CPOL(CPOL) (((CPOL) == SPI_CPOL_Low) || \
          ^
"D:\DLP_proj\DLP_github\MKS-DLP-FIRMWARE\Drivers\libstmf4\include\stm32f4xx_spi.h",197  Warning[Pe047]: 
          incompatible redefinition of macro "IS_SPI_CPOL" (declared at line
          526 of
          "D:\DLP_proj\DLP_github\MKS-DLP-FIRMWARE\Drivers\STM32F4xx_HAL_Driver
          \Inc\stm32f4xx_hal_spi.h")

  #define IS_SPI_CPHA(CPHA) (((CPHA) == SPI_CPHA_1Edge) || \
          ^
"D:\DLP_proj\DLP_github\MKS-DLP-FIRMWARE\Drivers\libstmf4\include\stm32f4xx_spi.h",209  Warning[Pe047]: 
          incompatible redefinition of macro "IS_SPI_CPHA" (declared at line
          529 of
          "D:\DLP_proj\DLP_github\MKS-DLP-FIRMWARE\Drivers\STM32F4xx_HAL_Driver
          \Inc\stm32f4xx_hal_spi.h")

  #define IS_SPI_NSS(NSS) (((NSS) == SPI_NSS_Soft) || \
          ^
"D:\DLP_proj\DLP_github\MKS-DLP-FIRMWARE\Drivers\libstmf4\include\stm32f4xx_spi.h",221  Warning[Pe047]: 
          incompatible redefinition of macro "IS_SPI_NSS" (declared at line
          532 of
          "D:\DLP_proj\DLP_github\MKS-DLP-FIRMWARE\Drivers\STM32F4xx_HAL_Driver
          \Inc\stm32f4xx_hal_spi.h")

  #define IS_SPI_BAUDRATE_PRESCALER(PRESCALER) (((PRESCALER) == SPI_BaudRatePrescaler_2) || \
          ^
"D:\DLP_proj\DLP_github\MKS-DLP-FIRMWARE\Drivers\libstmf4\include\stm32f4xx_spi.h",239  Warning[Pe047]: 
          incompatible redefinition of macro "IS_SPI_BAUDRATE_PRESCALER"
          (declared at line 536 of
          "D:\DLP_proj\DLP_github\MKS-DLP-FIRMWARE\Drivers\STM32F4xx_HAL_Driver
          \Inc\stm32f4xx_hal_spi.h")

  #define IS_SPI_FIRST_BIT(BIT) (((BIT) == SPI_FirstBit_MSB) || \
          ^
"D:\DLP_proj\DLP_github\MKS-DLP-FIRMWARE\Drivers\libstmf4\include\stm32f4xx_spi.h",257  Warning[Pe047]: 
          incompatible redefinition of macro "IS_SPI_FIRST_BIT" (declared at
          line 545 of
          "D:\DLP_proj\DLP_github\MKS-DLP-FIRMWARE\Drivers\STM32F4xx_HAL_Driver
          \Inc\stm32f4xx_hal_spi.h")

  #define IS_SPI_DIRECTION(DIRECTION) (((DIRECTION) == SPI_Direction_Rx) || \
          ^
"D:\DLP_proj\DLP_github\MKS-DLP-FIRMWARE\Drivers\libstmf4\include\stm32f4xx_spi.h",400  Warning[Pe047]: 
          incompatible redefinition of macro "IS_SPI_DIRECTION" (declared at
          line 514 of
          "D:\DLP_proj\DLP_github\MKS-DLP-FIRMWARE\Drivers\STM32F4xx_HAL_Driver
          \Inc\stm32f4xx_hal_spi.h")

  #define SPI_FLAG_CRCERR                 ((uint16_t)0x0010)
          ^
"D:\DLP_proj\DLP_github\MKS-DLP-FIRMWARE\Drivers\libstmf4\include\stm32f4xx_spi.h",442  Warning[Pe047]: 
          incompatible redefinition of macro "SPI_FLAG_CRCERR" (declared at
          line 293 of
          "D:\DLP_proj\DLP_github\MKS-DLP-FIRMWARE\Drivers\STM32F4xx_HAL_Driver
          \Inc\stm32f4xx_hal_spi.h")

  #define SPI_FLAG_MODF                   ((uint16_t)0x0020)
          ^
"D:\DLP_proj\DLP_github\MKS-DLP-FIRMWARE\Drivers\libstmf4\include\stm32f4xx_spi.h",443  Warning[Pe047]: 
          incompatible redefinition of macro "SPI_FLAG_MODF" (declared at line
          294 of
          "D:\DLP_proj\DLP_github\MKS-DLP-FIRMWARE\Drivers\STM32F4xx_HAL_Driver
          \Inc\stm32f4xx_hal_spi.h")

  #define IS_SPI_CRC_POLYNOMIAL(POLYNOMIAL) ((POLYNOMIAL) >= 0x1)
          ^
"D:\DLP_proj\DLP_github\MKS-DLP-FIRMWARE\Drivers\libstmf4\include\stm32f4xx_spi.h",462  Warning[Pe047]: 
          incompatible redefinition of macro "IS_SPI_CRC_POLYNOMIAL" (declared
          at line 554 of
          "D:\DLP_proj\DLP_github\MKS-DLP-FIRMWARE\Drivers\STM32F4xx_HAL_Driver
          \Inc\stm32f4xx_hal_spi.h")

  #define SPI_IT_TXE                   SPI_I2S_IT_TXE
          ^
"D:\DLP_proj\DLP_github\MKS-DLP-FIRMWARE\Drivers\libstmf4\include\stm32f4xx_spi.h",473  Warning[Pe047]: 
          incompatible redefinition of macro "SPI_IT_TXE" (declared at line
          280 of
          "D:\DLP_proj\DLP_github\MKS-DLP-FIRMWARE\Drivers\STM32F4xx_HAL_Driver
          \Inc\stm32f4xx_hal_spi.h")

  #define SPI_IT_RXNE                  SPI_I2S_IT_RXNE
          ^
"D:\DLP_proj\DLP_github\MKS-DLP-FIRMWARE\Drivers\libstmf4\include\stm32f4xx_spi.h",474  Warning[Pe047]: 
          incompatible redefinition of macro "SPI_IT_RXNE" (declared at line
          281 of
          "D:\DLP_proj\DLP_github\MKS-DLP-FIRMWARE\Drivers\STM32F4xx_HAL_Driver
          \Inc\stm32f4xx_hal_spi.h")

  #define SPI_IT_ERR                   SPI_I2S_IT_ERR
          ^
"D:\DLP_proj\DLP_github\MKS-DLP-FIRMWARE\Drivers\libstmf4\include\stm32f4xx_spi.h",475  Warning[Pe047]: 
          incompatible redefinition of macro "SPI_IT_ERR" (declared at line
          282 of
          "D:\DLP_proj\DLP_github\MKS-DLP-FIRMWARE\Drivers\STM32F4xx_HAL_Driver
          \Inc\stm32f4xx_hal_spi.h")

  #define SPI_FLAG_RXNE                SPI_I2S_FLAG_RXNE
          ^
"D:\DLP_proj\DLP_github\MKS-DLP-FIRMWARE\Drivers\libstmf4\include\stm32f4xx_spi.h",477  Warning[Pe047]: 
          incompatible redefinition of macro "SPI_FLAG_RXNE" (declared at line
          290 of
          "D:\DLP_proj\DLP_github\MKS-DLP-FIRMWARE\Drivers\STM32F4xx_HAL_Driver
          \Inc\stm32f4xx_hal_spi.h")

  #define SPI_FLAG_TXE                 SPI_I2S_FLAG_TXE
          ^
"D:\DLP_proj\DLP_github\MKS-DLP-FIRMWARE\Drivers\libstmf4\include\stm32f4xx_spi.h",478  Warning[Pe047]: 
          incompatible redefinition of macro "SPI_FLAG_TXE" (declared at line
          291 of
          "D:\DLP_proj\DLP_github\MKS-DLP-FIRMWARE\Drivers\STM32F4xx_HAL_Driver
          \Inc\stm32f4xx_hal_spi.h")

  #define SPI_FLAG_OVR                 SPI_I2S_FLAG_OVR
          ^
"D:\DLP_proj\DLP_github\MKS-DLP-FIRMWARE\Drivers\libstmf4\include\stm32f4xx_spi.h",479  Warning[Pe047]: 
          incompatible redefinition of macro "SPI_FLAG_OVR" (declared at line
          295 of
          "D:\DLP_proj\DLP_github\MKS-DLP-FIRMWARE\Drivers\STM32F4xx_HAL_Driver
          \Inc\stm32f4xx_hal_spi.h")

  #define SPI_FLAG_BSY                 SPI_I2S_FLAG_BSY
          ^
"D:\DLP_proj\DLP_github\MKS-DLP-FIRMWARE\Drivers\libstmf4\include\stm32f4xx_spi.h",480  Warning[Pe047]: 
          incompatible redefinition of macro "SPI_FLAG_BSY" (declared at line
          292 of
          "D:\DLP_proj\DLP_github\MKS-DLP-FIRMWARE\Drivers\STM32F4xx_HAL_Driver
          \Inc\stm32f4xx_hal_spi.h")

    #define FILAMENT_CHANGE_TEXT_EN				"Please click <Load> \nor <unload>,After \npinter pause."
            ^
"D:\DLP_proj\DLP_github\MKS-DLP-FIRMWARE\User\ui\Multi_language\Language_en.h",175  Warning[Pe047]: 
          incompatible redefinition of macro "FILAMENT_CHANGE_TEXT_EN"
          (declared at line 153)

  #define DIALOG_UNBIND_PRINTER_CN            "Ëß£Èô§ÁªëÂÆö?"
          ^
"D:\DLP_proj\DLP_github\MKS-DLP-FIRMWARE\User\ui\Multi_language\Language_s_cn.h",258  Warning[Pe047]: 
          incompatible redefinition of macro "DIALOG_UNBIND_PRINTER_CN"
          (declared at line 253)

    #define FILAMENT_CHANGE_TEXT_T_CN				"ÂæÖÊâìÂç∞Ê©üÊö´ÂÅúÂêé,\nË´ãÊåâ<ÈÄ≤Êñô>Êàñ<ÈÄÄÊñô>"
            ^
"D:\DLP_proj\DLP_github\MKS-DLP-FIRMWARE\User\ui\Multi_language\Language_t_cn.h",167  Warning[Pe047]: 
          incompatible redefinition of macro "FILAMENT_CHANGE_TEXT_T_CN"
          (declared at line 153)

    #define FILAMENT_CHANGE_TEXT_RU				"Please click <Load> \nor <unload>,After \npinter pause."
            ^
"D:\DLP_proj\DLP_github\MKS-DLP-FIRMWARE\User\ui\Multi_language\Language_ru.h",173  Warning[Pe047]: 
          incompatible redefinition of macro "FILAMENT_CHANGE_TEXT_RU"
          (declared at line 153)

  #define DIALOG_UNBIND_PRINTER_RU            "Unbind the printer?"
          ^
"D:\DLP_proj\DLP_github\MKS-DLP-FIRMWARE\User\ui\Multi_language\Language_ru.h",270  Warning[Pe047]: 
          incompatible redefinition of macro "DIALOG_UNBIND_PRINTER_RU"
          (declared at line 265)

    #define FILAMENT_CHANGE_TEXT_FR				"Please click <Load> \nor <unload>,After \npinter pause."
            ^
"D:\DLP_proj\DLP_github\MKS-DLP-FIRMWARE\User\ui\Multi_language\Language_fr.h",173  Warning[Pe047]: 
          incompatible redefinition of macro "FILAMENT_CHANGE_TEXT_FR"
          (declared at line 153)

  #define DIALOG_UNBIND_PRINTER_FR        "Unbind the printer?"
          ^
"D:\DLP_proj\DLP_github\MKS-DLP-FIRMWARE\User\ui\Multi_language\Language_fr.h",273  Warning[Pe047]: 
          incompatible redefinition of macro "DIALOG_UNBIND_PRINTER_FR"
          (declared at line 269)

    #define FILAMENT_CHANGE_TEXT_SP				"Please click <Load> \nor <unload>,After \npinter pause."
            ^
"D:\DLP_proj\DLP_github\MKS-DLP-FIRMWARE\User\ui\Multi_language\Language_sp.h",173  Warning[Pe047]: 
          incompatible redefinition of macro "FILAMENT_CHANGE_TEXT_SP"
          (declared at line 154)

    #define FILAMENT_CHANGE_TEXT_IT				"Please click <Load> \nor <unload>,After \npinter pause."
            ^
"D:\DLP_proj\DLP_github\MKS-DLP-FIRMWARE\User\ui\Multi_language\Language_it.h",173  Warning[Pe047]: 
          incompatible redefinition of macro "FILAMENT_CHANGE_TEXT_IT"
          (declared at line 153)

  #define DIALOG_UNBIND_PRINTER_IT                "Unbind the printer?"
          ^
"D:\DLP_proj\DLP_github\MKS-DLP-FIRMWARE\User\ui\Multi_language\Language_it.h",269  Warning[Pe047]: 
          incompatible redefinition of macro "DIALOG_UNBIND_PRINTER_IT"
          (declared at line 264)

  #define FILAMENT_CHANGE_TEXT_JP				"Please click <Load> \nor <unload>,After \npinter pause."
          ^
"D:\DLP_proj\DLP_github\MKS-DLP-FIRMWARE\User\ui\Multi_language\Multi_language.h",705  Warning[Pe047]: 
          incompatible redefinition of macro "FILAMENT_CHANGE_TEXT_JP"
          (declared at line 698)

  #define FILAMENT_CHANGE_TEXT_GN				"Please click <Load> \nor <unload>,After \npinter pause."
          ^
"D:\DLP_proj\DLP_github\MKS-DLP-FIRMWARE\User\ui\Multi_language\Multi_language.h",913  Warning[Pe047]: 
          incompatible redefinition of macro "FILAMENT_CHANGE_TEXT_GN"
          (declared at line 907)

  #define Simple_Dec"ºı…Ÿ"
                    ^
"D:\DLP_proj\DLP_github\MKS-DLP-FIRMWARE\User\ui\draw_ui.h",499  Warning[Pe1649]: 
          white space is required between the macro name "Simple_Dec" and its
          replacement text

  #define Simple_Speed "ÀŸ∂»"
          ^
"D:\DLP_proj\DLP_github\MKS-DLP-FIRMWARE\User\ui\draw_ui.h",554  Warning[Pe047]: 
          incompatible redefinition of macro "Simple_Speed" (declared at line
          551)

  #define Complex_Speed "ÀŸ∂»"
          ^
"D:\DLP_proj\DLP_github\MKS-DLP-FIRMWARE\User\ui\draw_ui.h",555  Warning[Pe047]: 
          incompatible redefinition of macro "Complex_Speed" (declared at line
          552)
      3          
      4          #ifndef GUI_FLASH
      5          #define GUI_FLASH
      6          #endif
      7          
      8          extern para_edit text_edit;
      9          

   \                                 In section .bss, align 4
     10          static GUI_HWIN hCleanWnd;
     11          
     12          static BUTTON_STRUCT buttonStart,buttonAdjustTime,buttonRet;
     13          static BUTTON_STRUCT button_timing;//¥À∞¥≈• «Œ™¡À∑Ω±„œ‘ æ£¨≤¢≤ª «“ª∏ˆ∞¥≈•π¶ƒ‹°£
     14          
     15          static TEXT_Handle clean_platform_text,clean_time_text;
     16          
     17          static uint8_t btn_status=0;
   \                     btn_status:
   \   00000000                      DS8 1
     18          
     19          uint8_t clean_time_flg=0;
   \                     clean_time_flg:
   \   00000001                      DS8 1
     20          uint8_t time_1s_flg=0;
   \                     time_1s_flg:
   \   00000002                      DS8 1
   \   00000003                      DS8 1
   \   00000004                      DS8 2
   \   00000006                      DS8 2
   \   00000008                      DS8 2
     21          uint16_t time_cnt=0;
   \                     time_cnt:
   \   0000000A                      DS8 2
   \   0000000C                      DS8 24
   \   00000024                      DS8 24

   \                                 In section .bss, align 4
   \                     buttonAdjustTime:
   \   00000000                      DS8 24
   \   00000018                      DS8 24
     22          

   \                                 In section .text, align 2, keep-with-next
     23          static void cbDrawCleanWin(WM_MESSAGE * pMsg) {
   \                     _Z14cbDrawCleanWinP10WM_MESSAGE: (+1)
   \   00000000   0xB57F             PUSH     {R0-R6,LR}
   \   00000002   0x4601             MOV      R1,R0
     24              
     25              char buf[15];	
     26              
     27          	switch (pMsg->MsgId) {
   \   00000004   0x6808             LDR      R0,[R1, #+0]
   \   00000006   0x280F             CMP      R0,#+15
   \   00000008   0xF000 0x8094      BEQ.W    ??cbDrawCleanWin_0
   \   0000000C   0x2826             CMP      R0,#+38
   \   0000000E   0xF040 0x808E      BNE.W    ??cbDrawCleanWin_1
     28          		case WM_PAINT:
     29          
     30          			break;
     31          		
     32          		case WM_NOTIFY_PARENT:
     33          			if(pMsg->Data.v == WM_NOTIFICATION_RELEASED)
   \   00000012   0x6888             LDR      R0,[R1, #+8]
   \   00000014   0x2802             CMP      R0,#+2
   \   00000016   0xF040 0x808D      BNE.W    ??cbDrawCleanWin_0
     34          			{
     35                
     36                          if(pMsg->hWinSrc == buttonStart.btnHandle)
   \   0000001A   0x.... 0x....      LDR.W    R4,??DataTable8
   \   0000001E   0xF9B4 0x000C      LDRSH    R0,[R4, #+12]
   \   00000022   0xF9B1 0x1006      LDRSH    R1,[R1, #+6]
   \   00000026   0x4281             CMP      R1,R0
   \   00000028   0xD15B             BNE.N    ??cbDrawCleanWin_2
     37          				{
     38          					last_disp_state = CLEAN_UI;
   \   0000002A   0x2127             MOVS     R1,#+39
   \   0000002C   0x.... 0x....      LDR.W    R2,??DataTable8_1
   \   00000030   0x7011             STRB     R1,[R2, #+0]
     39          					//Clear_Clean();
     40          					if(btn_status==0)
   \   00000032   0x.... 0x....      LDR.W    R5,??DataTable8_2
   \   00000036   0x.... 0x....      LDR.W    R6,??DataTable8_3
   \   0000003A   0x7821             LDRB     R1,[R4, #+0]
   \   0000003C   0x2900             CMP      R1,#+0
   \   0000003E   0xD122             BNE.N    ??cbDrawCleanWin_3
     41                              {               
     42                                  btn_status=1;
   \   00000040   0x2101             MOVS     R1,#+1
   \   00000042   0x7021             STRB     R1,[R4, #+0]
     43                                  BUTTON_SetBmpFileName(buttonStart.btnHandle, "bmp_clean_stop.bin",1);
   \   00000044   0x460A             MOV      R2,R1
   \   00000046   0x.... 0x....      ADR.W    R1,`?<Constant "bmp_clean_stop.bin">`
   \   0000004A   0x.... 0x....      BL       BUTTON_SetBmpFileName
     44                                  TEXT_SetText(clean_platform_text, common_menu.cleaning);
   \   0000004E   0x6B31             LDR      R1,[R6, #+48]
   \   00000050   0xF9B4 0x0006      LDRSH    R0,[R4, #+6]
   \   00000054   0x.... 0x....      BL       TEXT_SetText
     45                               	if(gCfgItems.multiple_language != 0)
   \   00000058   0xF895 0x019B      LDRB     R0,[R5, #+411]
   \   0000005C   0x2800             CMP      R0,#+0
   \   0000005E   0xD004             BEQ.N    ??cbDrawCleanWin_4
     46                              	{
     47                              		BUTTON_SetText(buttonStart.btnHandle,common_menu.stop);
   \   00000060   0x6BB1             LDR      R1,[R6, #+56]
   \   00000062   0xF9B4 0x000C      LDRSH    R0,[R4, #+12]
   \   00000066   0x.... 0x....      BL       BUTTON_SetText
     48                                  }   
     49                                  gCfgItems.clean_time_bak = gCfgItems.clean_time;//”√”⁄º∆À„œ‘ æ
   \                     ??cbDrawCleanWin_4: (+1)
   \   0000006A   0xF8B5 0x027A      LDRH     R0,[R5, #+634]
   \   0000006E   0xF8A5 0x027C      STRH     R0,[R5, #+636]
     50                                  clean_time_flg=1;
   \   00000072   0x2001             MOVS     R0,#+1
   \   00000074   0x7060             STRB     R0,[R4, #+1]
     51                                  time_1s_flg=0;
   \   00000076   0x2000             MOVS     R0,#+0
   \   00000078   0x70A0             STRB     R0,[R4, #+2]
     52                                  time_cnt=0;
   \   0000007A   0x8160             STRH     R0,[R4, #+10]
     53                                  //µ„¡¡»´∆¡
     54                                  mksdlp.ExposureAll_on();
   \   0000007C   0x.... 0x....      LDR.W    R0,??DataTable8_4
   \   00000080   0x.... 0x....      BL       _ZN7MKS_DLP14ExposureAll_onEv
   \   00000084   0xBD7F             POP      {R0-R6,PC}
     55                              }
     56                              else 
     57                              {
     58                                  btn_status =0;
   \                     ??cbDrawCleanWin_3: (+1)
   \   00000086   0x2100             MOVS     R1,#+0
   \   00000088   0x7021             STRB     R1,[R4, #+0]
     59                                  BUTTON_SetBmpFileName(buttonStart.btnHandle, "bmp_clean_start.bin",1);
   \   0000008A   0x2201             MOVS     R2,#+1
   \   0000008C   0x.... 0x....      ADR.W    R1,`?<Constant "bmp_clean_start.bin">`
   \   00000090   0x.... 0x....      BL       BUTTON_SetBmpFileName
     60                                  TEXT_SetText(clean_platform_text, common_menu.clean_platform);
   \   00000094   0x6A71             LDR      R1,[R6, #+36]
   \   00000096   0xF9B4 0x0006      LDRSH    R0,[R4, #+6]
   \   0000009A   0x.... 0x....      BL       TEXT_SetText
     61                               	if(gCfgItems.multiple_language != 0)
   \   0000009E   0xF895 0x019B      LDRB     R0,[R5, #+411]
   \   000000A2   0x2800             CMP      R0,#+0
   \   000000A4   0xD004             BEQ.N    ??cbDrawCleanWin_5
     62                              	{
     63                              		BUTTON_SetText(buttonStart.btnHandle,common_menu.start);
   \   000000A6   0x69F1             LDR      R1,[R6, #+28]
   \   000000A8   0xF9B4 0x000C      LDRSH    R0,[R4, #+12]
   \   000000AC   0x.... 0x....      BL       BUTTON_SetText
     64                                  }  
     65                                  memset(buf,0,sizeof(buf));
   \                     ??cbDrawCleanWin_5: (+1)
   \   000000B0   0x220F             MOVS     R2,#+15
   \   000000B2   0x2100             MOVS     R1,#+0
   \   000000B4   0xA800             ADD      R0,SP,#+0
   \   000000B6   0x.... 0x....      BL       memset
     66                                  sprintf(buf,common_menu.clean_time_value,gCfgItems.clean_time);
   \   000000BA   0xF8B5 0x227A      LDRH     R2,[R5, #+634]
   \   000000BE   0x6AF1             LDR      R1,[R6, #+44]
   \   000000C0   0xA800             ADD      R0,SP,#+0
   \   000000C2   0x.... 0x....      BL       sprintf
     67                                  BUTTON_SetText(button_timing.btnHandle,buf);
   \   000000C6   0xA900             ADD      R1,SP,#+0
   \   000000C8   0xF9B4 0x0024      LDRSH    R0,[R4, #+36]
   \   000000CC   0x.... 0x....      BL       BUTTON_SetText
     68          
     69                                  clean_time_flg=0;
   \   000000D0   0x2000             MOVS     R0,#+0
   \   000000D2   0x7060             STRB     R0,[R4, #+1]
     70                                  time_1s_flg=0;
   \   000000D4   0x70A0             STRB     R0,[R4, #+2]
     71                                  time_cnt=0;                        
   \   000000D6   0x8160             STRH     R0,[R4, #+10]
     72                                  //πÿ±’µ„¡¡
     73                                  mksdlp.ExposureAll_off();
   \   000000D8   0x.... 0x....      LDR.W    R0,??DataTable8_4
   \   000000DC   0x.... 0x....      BL       _ZN7MKS_DLP15ExposureAll_offEv
   \   000000E0   0xBD7F             POP      {R0-R6,PC}
     74                              }
     75          
     76          				}
     77          
     78                          else if(pMsg->hWinSrc == buttonAdjustTime.btnHandle)
   \                     ??cbDrawCleanWin_2: (+1)
   \   000000E2   0x.... 0x....      LDR.W    R0,??DataTable8_5
   \   000000E6   0xF9B0 0x2000      LDRSH    R2,[R0, #+0]
   \   000000EA   0x4291             CMP      R1,R2
   \   000000EC   0xD10F             BNE.N    ??cbDrawCleanWin_6
     79                          {
     80                              if(btn_status==0)
   \   000000EE   0x7820             LDRB     R0,[R4, #+0]
   \   000000F0   0x2800             CMP      R0,#+0
   \   000000F2   0xD11F             BNE.N    ??cbDrawCleanWin_0
     81                              {
     82                                  last_disp_state = CLEAN_UI;
   \   000000F4   0x2027             MOVS     R0,#+39
   \   000000F6   0x.... 0x....      LDR.W    R1,??DataTable8_1
   \   000000FA   0x7008             STRB     R0,[R1, #+0]
     83                                  Clear_Clean();
   \   000000FC   0x.... 0x....      BL       Clear_Clean
     84                                  text_edit = Clean_edit;
   \   00000100   0x2005             MOVS     R0,#+5
   \   00000102   0x.... 0x....      LDR.W    R1,??DataTable8_6
   \   00000106   0x7008             STRB     R0,[R1, #+0]
     85                                  draw_keyboard();
   \   00000108   0x.... 0x....      BL       draw_keyboard
   \   0000010C   0xBD7F             POP      {R0-R6,PC}
     86                              }
     87                          }
     88          				else if(pMsg->hWinSrc == buttonRet.btnHandle)
   \                     ??cbDrawCleanWin_6: (+1)
   \   0000010E   0xF9B0 0x0018      LDRSH    R0,[R0, #+24]
   \   00000112   0x4281             CMP      R1,R0
   \   00000114   0xD10E             BNE.N    ??cbDrawCleanWin_0
     89          				{
     90          				    if(btn_status==0)
   \   00000116   0x7820             LDRB     R0,[R4, #+0]
   \   00000118   0x2800             CMP      R0,#+0
   \   0000011A   0xD10B             BNE.N    ??cbDrawCleanWin_0
     91                              {            
     92          					    last_disp_state = CLEAN_UI;
   \   0000011C   0x2027             MOVS     R0,#+39
   \   0000011E   0x.... 0x....      LDR.W    R1,??DataTable8_1
   \   00000122   0x7008             STRB     R0,[R1, #+0]
     93          					    Clear_Clean();
   \   00000124   0x.... 0x....      BL       Clear_Clean
     94          					    draw_return_ui();
   \   00000128   0x.... 0x....      BL       draw_return_ui
   \   0000012C   0xBD7F             POP      {R0-R6,PC}
     95                              }
     96          				}  
     97          			
     98                       }
     99          			break;
    100          		default:
    101          			WM_DefaultProc(pMsg);
   \                     ??cbDrawCleanWin_1: (+1)
   \   0000012E   0x4608             MOV      R0,R1
   \   00000130   0x.... 0x....      BL       WM_DefaultProc
    102          	}
    103          }
   \                     ??cbDrawCleanWin_0: (+1)
   \   00000134   0xBD7F             POP      {R0-R6,PC}       ;; return

   \                                 In section .text, align 2, keep-with-next
    104          void draw_Clean()
    105          {
   \                     draw_Clean: (+1)
   \   00000000   0xE92D 0x47F0      PUSH     {R4-R10,LR}
   \   00000004   0xB08E             SUB      SP,SP,#+56
    106              char buf[30];
    107          	int i;
                 	    ^
Warning[Pe177]: variable "i" was declared but never referenced
    108          	if(disp_state_stack._disp_state[disp_state_stack._disp_index] != CLEAN_UI)
   \   00000006   0x.... 0x....      LDR.W    R0,??DataTable8_7
   \   0000000A   0xF990 0x1064      LDRSB    R1,[R0, #+100]
   \   0000000E   0x560A             LDRSB    R2,[R1, R0]
   \   00000010   0x2A27             CMP      R2,#+39
   \   00000012   0xD005             BEQ.N    ??draw_Clean_0
    109          	{
    110          		disp_state_stack._disp_index++;
   \   00000014   0x1C49             ADDS     R1,R1,#+1
   \   00000016   0xF880 0x1064      STRB     R1,[R0, #+100]
    111          		disp_state_stack._disp_state[disp_state_stack._disp_index] = CLEAN_UI;
   \   0000001A   0x2227             MOVS     R2,#+39
   \   0000001C   0xB249             SXTB     R1,R1
   \   0000001E   0x540A             STRB     R2,[R1, R0]
    112          	}
    113          	disp_state = CLEAN_UI;    
   \                     ??draw_Clean_0: (+1)
   \   00000020   0x2027             MOVS     R0,#+39
   \   00000022   0x.... 0x....      LDR.W    R1,??DataTable8_8
   \   00000026   0x7008             STRB     R0,[R1, #+0]
    114          
    115          	GUI_Clear();
   \   00000028   0x.... 0x....      BL       GUI_Clear
    116          
    117          	GUI_SetBkColor(gCfgItems.background_color);
   \   0000002C   0x.... 0x....      LDR.W    R4,??DataTable8_2
   \   00000030   0x6860             LDR      R0,[R4, #+4]
   \   00000032   0x.... 0x....      BL       GUI_SetBkColor
    118          	GUI_SetColor(gCfgItems.title_color);
   \   00000036   0x1D25             ADDS     R5,R4,#+4
   \   00000038   0x6D68             LDR      R0,[R5, #+84]
   \   0000003A   0x.... 0x....      BL       GUI_SetColor
    119          
    120              hCleanWnd = WM_CreateWindow(0,0,LCD_WIDTH,imgHeight, WM_CF_SHOW, cbDrawCleanWin, 0);
   \   0000003E   0x....             LDR.N    R6,??DataTable8
   \   00000040   0x2000             MOVS     R0,#+0
   \   00000042   0x9002             STR      R0,[SP, #+8]
   \   00000044   0x.... 0x....      LDR.W    R0,??DataTable8_9
   \   00000048   0x9001             STR      R0,[SP, #+4]
   \   0000004A   0x2002             MOVS     R0,#+2
   \   0000004C   0x9000             STR      R0,[SP, #+0]
   \   0000004E   0xF44F 0x73A0      MOV      R3,#+320
   \   00000052   0xF44F 0x72F0      MOV      R2,#+480
   \   00000056   0x2100             MOVS     R1,#+0
   \   00000058   0x4608             MOV      R0,R1
   \   0000005A   0x.... 0x....      BL       WM_CreateWindow
   \   0000005E   0x80B0             STRH     R0,[R6, #+4]
    121              clean_platform_text = TEXT_CreateEx(0,50, 480, 30, hCleanWnd, WM_CF_SHOW, TEXT_CF_LEFT,  alloc_win_id(), "");
   \   00000060   0x.... 0x....      BL       alloc_win_id
   \   00000064   0x....             ADR.N    R7,??DataTable6  ;; ""
   \   00000066   0x9704             STR      R7,[SP, #+16]
   \   00000068   0x9003             STR      R0,[SP, #+12]
   \   0000006A   0x2000             MOVS     R0,#+0
   \   0000006C   0x9002             STR      R0,[SP, #+8]
   \   0000006E   0x2002             MOVS     R0,#+2
   \   00000070   0x9001             STR      R0,[SP, #+4]
   \   00000072   0xF9B6 0x0004      LDRSH    R0,[R6, #+4]
   \   00000076   0x9000             STR      R0,[SP, #+0]
   \   00000078   0x231E             MOVS     R3,#+30
   \   0000007A   0xF44F 0x72F0      MOV      R2,#+480
   \   0000007E   0x2132             MOVS     R1,#+50
   \   00000080   0x2000             MOVS     R0,#+0
   \   00000082   0x.... 0x....      BL       TEXT_CreateEx
   \   00000086   0x80F0             STRH     R0,[R6, #+6]
    122              clean_time_text = TEXT_CreateEx(0,80,215, 30, hCleanWnd, WM_CF_SHOW, TEXT_CF_RIGHT,  alloc_win_id(), "");
   \   00000088   0x.... 0x....      BL       alloc_win_id
   \   0000008C   0x9704             STR      R7,[SP, #+16]
   \   0000008E   0x9003             STR      R0,[SP, #+12]
   \   00000090   0x2001             MOVS     R0,#+1
   \   00000092   0x9002             STR      R0,[SP, #+8]
   \   00000094   0x2002             MOVS     R0,#+2
   \   00000096   0x9001             STR      R0,[SP, #+4]
   \   00000098   0xF9B6 0x0004      LDRSH    R0,[R6, #+4]
   \   0000009C   0x9000             STR      R0,[SP, #+0]
   \   0000009E   0x231E             MOVS     R3,#+30
   \   000000A0   0x22D7             MOVS     R2,#+215
   \   000000A2   0x2150             MOVS     R1,#+80
   \   000000A4   0x2000             MOVS     R0,#+0
   \   000000A6   0x.... 0x....      BL       TEXT_CreateEx
   \   000000AA   0x8130             STRH     R0,[R6, #+8]
    123              
    124              button_timing.btnHandle = BUTTON_CreateEx(220,80,200,30,hCleanWnd,BUTTON_CF_SHOW,0,alloc_win_id());
   \   000000AC   0x.... 0x....      BL       alloc_win_id
   \   000000B0   0x9003             STR      R0,[SP, #+12]
   \   000000B2   0x2000             MOVS     R0,#+0
   \   000000B4   0x9002             STR      R0,[SP, #+8]
   \   000000B6   0x2002             MOVS     R0,#+2
   \   000000B8   0x9001             STR      R0,[SP, #+4]
   \   000000BA   0xF9B6 0x0004      LDRSH    R0,[R6, #+4]
   \   000000BE   0x9000             STR      R0,[SP, #+0]
   \   000000C0   0x231E             MOVS     R3,#+30
   \   000000C2   0x22C8             MOVS     R2,#+200
   \   000000C4   0x2150             MOVS     R1,#+80
   \   000000C6   0x20DC             MOVS     R0,#+220
   \   000000C8   0x.... 0x....      BL       BUTTON_CreateEx
   \   000000CC   0x84B0             STRH     R0,[R6, #+36]
    125              
    126              buttonStart.btnHandle = BUTTON_CreateEx(20,170,120,130,hCleanWnd,BUTTON_CF_SHOW,0,alloc_win_id());
   \   000000CE   0x.... 0x....      BL       alloc_win_id
   \   000000D2   0x9003             STR      R0,[SP, #+12]
   \   000000D4   0x2000             MOVS     R0,#+0
   \   000000D6   0x9002             STR      R0,[SP, #+8]
   \   000000D8   0x2002             MOVS     R0,#+2
   \   000000DA   0x9001             STR      R0,[SP, #+4]
   \   000000DC   0xF9B6 0x0004      LDRSH    R0,[R6, #+4]
   \   000000E0   0x9000             STR      R0,[SP, #+0]
   \   000000E2   0x2382             MOVS     R3,#+130
   \   000000E4   0x2278             MOVS     R2,#+120
   \   000000E6   0x21AA             MOVS     R1,#+170
   \   000000E8   0x2014             MOVS     R0,#+20
   \   000000EA   0x.... 0x....      BL       BUTTON_CreateEx
   \   000000EE   0x81B0             STRH     R0,[R6, #+12]
    127              buttonAdjustTime.btnHandle = BUTTON_CreateEx(180,170,120,130,hCleanWnd,BUTTON_CF_SHOW,0,alloc_win_id());
   \   000000F0   0x.... 0x....      BL       alloc_win_id
   \   000000F4   0x....             LDR.N    R7,??DataTable8_5
   \   000000F6   0x9003             STR      R0,[SP, #+12]
   \   000000F8   0x2000             MOVS     R0,#+0
   \   000000FA   0x9002             STR      R0,[SP, #+8]
   \   000000FC   0x2002             MOVS     R0,#+2
   \   000000FE   0x9001             STR      R0,[SP, #+4]
   \   00000100   0xF9B6 0x0004      LDRSH    R0,[R6, #+4]
   \   00000104   0x9000             STR      R0,[SP, #+0]
   \   00000106   0x2382             MOVS     R3,#+130
   \   00000108   0x2278             MOVS     R2,#+120
   \   0000010A   0x21AA             MOVS     R1,#+170
   \   0000010C   0x20B4             MOVS     R0,#+180
   \   0000010E   0x.... 0x....      BL       BUTTON_CreateEx
   \   00000112   0x8038             STRH     R0,[R7, #+0]
    128              buttonRet.btnHandle = BUTTON_CreateEx(340,170,120,130,hCleanWnd,BUTTON_CF_SHOW, 0, 308);
   \   00000114   0xF44F 0x709A      MOV      R0,#+308
   \   00000118   0x9003             STR      R0,[SP, #+12]
   \   0000011A   0x2000             MOVS     R0,#+0
   \   0000011C   0x9002             STR      R0,[SP, #+8]
   \   0000011E   0x2002             MOVS     R0,#+2
   \   00000120   0x9001             STR      R0,[SP, #+4]
   \   00000122   0xF9B6 0x0004      LDRSH    R0,[R6, #+4]
   \   00000126   0x9000             STR      R0,[SP, #+0]
   \   00000128   0x2382             MOVS     R3,#+130
   \   0000012A   0x2278             MOVS     R2,#+120
   \   0000012C   0x21AA             MOVS     R1,#+170
   \   0000012E   0xF44F 0x70AA      MOV      R0,#+340
   \   00000132   0x.... 0x....      BL       BUTTON_CreateEx
   \   00000136   0x8338             STRH     R0,[R7, #+24]
    129          
    130              TEXT_SetBkColor(clean_platform_text, gCfgItems.btn_color);
   \   00000138   0x6869             LDR      R1,[R5, #+4]
   \   0000013A   0xF9B6 0x0006      LDRSH    R0,[R6, #+6]
   \   0000013E   0x.... 0x....      BL       TEXT_SetBkColor
    131              TEXT_SetTextColor(clean_platform_text, gCfgItems.btn_textcolor);
   \   00000142   0x68E9             LDR      R1,[R5, #+12]
   \   00000144   0xF9B6 0x0006      LDRSH    R0,[R6, #+6]
   \   00000148   0x.... 0x....      BL       TEXT_SetTextColor
    132              TEXT_SetTextAlign(clean_platform_text, GUI_TA_VCENTER | GUI_TA_HCENTER);
   \   0000014C   0x210E             MOVS     R1,#+14
   \   0000014E   0xF9B6 0x0006      LDRSH    R0,[R6, #+6]
   \   00000152   0x.... 0x....      BL       TEXT_SetTextAlign
    133              
    134              TEXT_SetBkColor(clean_time_text, gCfgItems.btn_color);
   \   00000156   0x6869             LDR      R1,[R5, #+4]
   \   00000158   0xF9B6 0x0008      LDRSH    R0,[R6, #+8]
   \   0000015C   0x.... 0x....      BL       TEXT_SetBkColor
    135              TEXT_SetTextColor(clean_time_text, gCfgItems.btn_textcolor);
   \   00000160   0x68E9             LDR      R1,[R5, #+12]
   \   00000162   0xF9B6 0x0008      LDRSH    R0,[R6, #+8]
   \   00000166   0x.... 0x....      BL       TEXT_SetTextColor
    136              TEXT_SetTextAlign(clean_time_text, GUI_TA_VCENTER | TEXT_CF_RIGHT);
   \   0000016A   0x210D             MOVS     R1,#+13
   \   0000016C   0xF9B6 0x0008      LDRSH    R0,[R6, #+8]
   \   00000170   0x.... 0x....      BL       TEXT_SetTextAlign
    137              
    138          
    139              BUTTON_SetBmpFileName(button_timing.btnHandle, NULL,1);
   \   00000174   0x2201             MOVS     R2,#+1
   \   00000176   0x2100             MOVS     R1,#+0
   \   00000178   0xF9B6 0x0024      LDRSH    R0,[R6, #+36]
   \   0000017C   0x.... 0x....      BL       BUTTON_SetBmpFileName
    140              
    141              BUTTON_SetBmpFileName(buttonStart.btnHandle, "bmp_clean_start.bin",1);
   \   00000180   0x2201             MOVS     R2,#+1
   \   00000182   0x.... 0x....      ADR.W    R1,`?<Constant "bmp_clean_start.bin">`
   \   00000186   0xF9B6 0x000C      LDRSH    R0,[R6, #+12]
   \   0000018A   0x.... 0x....      BL       BUTTON_SetBmpFileName
    142              BUTTON_SetBmpFileName(buttonAdjustTime.btnHandle, "bmp_clean_adjust.bin",1);
   \   0000018E   0x2201             MOVS     R2,#+1
   \   00000190   0x.... 0x....      ADR.W    R1,`?<Constant "bmp_clean_adjust.bin">`
   \   00000194   0xF9B7 0x0000      LDRSH    R0,[R7, #+0]
   \   00000198   0x.... 0x....      BL       BUTTON_SetBmpFileName
    143              BUTTON_SetBmpFileName(buttonRet.btnHandle, "bmp_return.bin",1);  
   \   0000019C   0x2201             MOVS     R2,#+1
   \   0000019E   0x.... 0x....      ADR.W    R1,`?<Constant "bmp_return.bin">`
   \   000001A2   0xF9B7 0x0018      LDRSH    R0,[R7, #+24]
   \   000001A6   0x.... 0x....      BL       BUTTON_SetBmpFileName
    144          
    145              BUTTON_SetBitmapEx(buttonStart.btnHandle, 0, &bmp_struct,BMP_PIC_X, BMP_PIC_Y);
   \   000001AA   0x.... 0x....      LDR.W    R8,??DataTable8_10
   \   000001AE   0x.... 0x....      LDR.W    R9,??DataTable8_11
   \   000001B2   0x.... 0x....      LDR.W    R10,??DataTable8_12
   \   000001B6   0xF99A 0x0000      LDRSB    R0,[R10, #+0]
   \   000001BA   0x9000             STR      R0,[SP, #+0]
   \   000001BC   0xF999 0x3000      LDRSB    R3,[R9, #+0]
   \   000001C0   0x4642             MOV      R2,R8
   \   000001C2   0x2100             MOVS     R1,#+0
   \   000001C4   0xF9B6 0x000C      LDRSH    R0,[R6, #+12]
   \   000001C8   0x.... 0x....      BL       BUTTON_SetBitmapEx
    146              BUTTON_SetBitmapEx(buttonAdjustTime.btnHandle, 0, &bmp_struct,BMP_PIC_X, BMP_PIC_Y);
   \   000001CC   0xF99A 0x0000      LDRSB    R0,[R10, #+0]
   \   000001D0   0x9000             STR      R0,[SP, #+0]
   \   000001D2   0xF999 0x3000      LDRSB    R3,[R9, #+0]
   \   000001D6   0x4642             MOV      R2,R8
   \   000001D8   0x2100             MOVS     R1,#+0
   \   000001DA   0xF9B7 0x0000      LDRSH    R0,[R7, #+0]
   \   000001DE   0x.... 0x....      BL       BUTTON_SetBitmapEx
    147              BUTTON_SetBitmapEx(buttonRet.btnHandle, 0, &bmp_struct,BMP_PIC_X, BMP_PIC_Y); 
   \   000001E2   0xF99A 0x0000      LDRSB    R0,[R10, #+0]
   \   000001E6   0x9000             STR      R0,[SP, #+0]
   \   000001E8   0xF999 0x3000      LDRSB    R3,[R9, #+0]
   \   000001EC   0x4642             MOV      R2,R8
   \   000001EE   0x2100             MOVS     R1,#+0
   \   000001F0   0xF9B7 0x0018      LDRSH    R0,[R7, #+24]
   \   000001F4   0x.... 0x....      BL       BUTTON_SetBitmapEx
    148          
    149          	BUTTON_SetBkColor(button_timing.btnHandle, BUTTON_CI_PRESSED, gCfgItems.btn_color);
   \   000001F8   0x686A             LDR      R2,[R5, #+4]
   \   000001FA   0x2101             MOVS     R1,#+1
   \   000001FC   0xF9B6 0x0024      LDRSH    R0,[R6, #+36]
   \   00000200   0x.... 0x....      BL       BUTTON_SetBkColor
    150          	BUTTON_SetBkColor(button_timing.btnHandle, BUTTON_CI_UNPRESSED, gCfgItems.btn_color);
   \   00000204   0x686A             LDR      R2,[R5, #+4]
   \   00000206   0x2100             MOVS     R1,#+0
   \   00000208   0xF9B6 0x0024      LDRSH    R0,[R6, #+36]
   \   0000020C   0x.... 0x....      BL       BUTTON_SetBkColor
    151              BUTTON_SetTextColor(button_timing.btnHandle, BUTTON_CI_PRESSED, gCfgItems.btn_textcolor);
   \   00000210   0x68EA             LDR      R2,[R5, #+12]
   \   00000212   0x2101             MOVS     R1,#+1
   \   00000214   0xF9B6 0x0024      LDRSH    R0,[R6, #+36]
   \   00000218   0x.... 0x....      BL       BUTTON_SetTextColor
    152              BUTTON_SetTextColor(button_timing.btnHandle, BUTTON_CI_UNPRESSED, gCfgItems.btn_textcolor);
   \   0000021C   0x68EA             LDR      R2,[R5, #+12]
   \   0000021E   0x2100             MOVS     R1,#+0
   \   00000220   0xF9B6 0x0024      LDRSH    R0,[R6, #+36]
   \   00000224   0x.... 0x....      BL       BUTTON_SetTextColor
    153          
    154          	BUTTON_SetBkColor(buttonStart.btnHandle, BUTTON_CI_PRESSED, gCfgItems.btn_color);
   \   00000228   0x686A             LDR      R2,[R5, #+4]
   \   0000022A   0x2101             MOVS     R1,#+1
   \   0000022C   0xF9B6 0x000C      LDRSH    R0,[R6, #+12]
   \   00000230   0x.... 0x....      BL       BUTTON_SetBkColor
    155          	BUTTON_SetBkColor(buttonStart.btnHandle, BUTTON_CI_UNPRESSED, gCfgItems.btn_color);
   \   00000234   0x686A             LDR      R2,[R5, #+4]
   \   00000236   0x2100             MOVS     R1,#+0
   \   00000238   0xF9B6 0x000C      LDRSH    R0,[R6, #+12]
   \   0000023C   0x.... 0x....      BL       BUTTON_SetBkColor
    156          	BUTTON_SetBkColor(buttonAdjustTime.btnHandle, BUTTON_CI_PRESSED, gCfgItems.btn_color);
   \   00000240   0x686A             LDR      R2,[R5, #+4]
   \   00000242   0x2101             MOVS     R1,#+1
   \   00000244   0xF9B7 0x0000      LDRSH    R0,[R7, #+0]
   \   00000248   0x.... 0x....      BL       BUTTON_SetBkColor
    157          	BUTTON_SetBkColor(buttonAdjustTime.btnHandle, BUTTON_CI_UNPRESSED, gCfgItems.btn_color);    
   \   0000024C   0x686A             LDR      R2,[R5, #+4]
   \   0000024E   0x2100             MOVS     R1,#+0
   \   00000250   0xF9B7 0x0000      LDRSH    R0,[R7, #+0]
   \   00000254   0x.... 0x....      BL       BUTTON_SetBkColor
    158          	BUTTON_SetBkColor(buttonRet.btnHandle, BUTTON_CI_PRESSED, gCfgItems.btn_color);
   \   00000258   0x686A             LDR      R2,[R5, #+4]
   \   0000025A   0x2101             MOVS     R1,#+1
   \   0000025C   0xF9B7 0x0018      LDRSH    R0,[R7, #+24]
   \   00000260   0x.... 0x....      BL       BUTTON_SetBkColor
    159          	BUTTON_SetBkColor(buttonRet.btnHandle, BUTTON_CI_UNPRESSED, gCfgItems.btn_color); 
   \   00000264   0x686A             LDR      R2,[R5, #+4]
   \   00000266   0x2100             MOVS     R1,#+0
   \   00000268   0xF9B7 0x0018      LDRSH    R0,[R7, #+24]
   \   0000026C   0x.... 0x....      BL       BUTTON_SetBkColor
    160          
    161              BUTTON_SetTextColor(buttonStart.btnHandle, BUTTON_CI_PRESSED, gCfgItems.btn_textcolor);
   \   00000270   0x68EA             LDR      R2,[R5, #+12]
   \   00000272   0x2101             MOVS     R1,#+1
   \   00000274   0xF9B6 0x000C      LDRSH    R0,[R6, #+12]
   \   00000278   0x.... 0x....      BL       BUTTON_SetTextColor
    162              BUTTON_SetTextColor(buttonStart.btnHandle, BUTTON_CI_UNPRESSED, gCfgItems.btn_textcolor);
   \   0000027C   0x68EA             LDR      R2,[R5, #+12]
   \   0000027E   0x2100             MOVS     R1,#+0
   \   00000280   0xF9B6 0x000C      LDRSH    R0,[R6, #+12]
   \   00000284   0x.... 0x....      BL       BUTTON_SetTextColor
    163              BUTTON_SetTextColor(buttonAdjustTime.btnHandle, BUTTON_CI_PRESSED, gCfgItems.btn_textcolor);
   \   00000288   0x68EA             LDR      R2,[R5, #+12]
   \   0000028A   0x2101             MOVS     R1,#+1
   \   0000028C   0xF9B7 0x0000      LDRSH    R0,[R7, #+0]
   \   00000290   0x.... 0x....      BL       BUTTON_SetTextColor
    164              BUTTON_SetTextColor(buttonAdjustTime.btnHandle, BUTTON_CI_UNPRESSED, gCfgItems.btn_textcolor);    
   \   00000294   0x68EA             LDR      R2,[R5, #+12]
   \   00000296   0x2100             MOVS     R1,#+0
   \   00000298   0xF9B7 0x0000      LDRSH    R0,[R7, #+0]
   \   0000029C   0x.... 0x....      BL       BUTTON_SetTextColor
    165              BUTTON_SetTextColor(buttonRet.btnHandle, BUTTON_CI_PRESSED, gCfgItems.btn_textcolor);
   \   000002A0   0x68EA             LDR      R2,[R5, #+12]
   \   000002A2   0x2101             MOVS     R1,#+1
   \   000002A4   0xF9B7 0x0018      LDRSH    R0,[R7, #+24]
   \   000002A8   0x.... 0x....      BL       BUTTON_SetTextColor
    166              BUTTON_SetTextColor(buttonRet.btnHandle, BUTTON_CI_UNPRESSED, gCfgItems.btn_textcolor); 
   \   000002AC   0x68EA             LDR      R2,[R5, #+12]
   \   000002AE   0x2100             MOVS     R1,#+0
   \   000002B0   0xF9B7 0x0018      LDRSH    R0,[R7, #+24]
   \   000002B4   0x.... 0x....      BL       BUTTON_SetTextColor
    167          
    168              BUTTON_SetTextAlign(button_timing.btnHandle, GUI_TA_VCENTER | GUI_TA_LEFT);
   \   000002B8   0x210C             MOVS     R1,#+12
   \   000002BA   0xF9B6 0x0024      LDRSH    R0,[R6, #+36]
   \   000002BE   0x.... 0x....      BL       BUTTON_SetTextAlign
    169          
    170              BUTTON_SetTextAlign(buttonStart.btnHandle, GUI_TA_BOTTOM | GUI_TA_HCENTER);
   \   000002C2   0x2106             MOVS     R1,#+6
   \   000002C4   0xF9B6 0x000C      LDRSH    R0,[R6, #+12]
   \   000002C8   0x.... 0x....      BL       BUTTON_SetTextAlign
    171              BUTTON_SetTextAlign(buttonAdjustTime.btnHandle, GUI_TA_BOTTOM | GUI_TA_HCENTER);
   \   000002CC   0x2106             MOVS     R1,#+6
   \   000002CE   0xF9B7 0x0000      LDRSH    R0,[R7, #+0]
   \   000002D2   0x.... 0x....      BL       BUTTON_SetTextAlign
    172              BUTTON_SetTextAlign(buttonRet.btnHandle, GUI_TA_BOTTOM | GUI_TA_HCENTER); 
   \   000002D6   0x2106             MOVS     R1,#+6
   \   000002D8   0xF9B7 0x0018      LDRSH    R0,[R7, #+24]
   \   000002DC   0x.... 0x....      BL       BUTTON_SetTextAlign
    173          
    174              TEXT_SetText(clean_platform_text, common_menu.clean_platform);
   \   000002E0   0x....             LDR.N    R5,??DataTable8_3
   \   000002E2   0x6A69             LDR      R1,[R5, #+36]
   \   000002E4   0xF9B6 0x0006      LDRSH    R0,[R6, #+6]
   \   000002E8   0x.... 0x....      BL       TEXT_SetText
    175              TEXT_SetText(clean_time_text, common_menu.clean_time_text);
   \   000002EC   0x6AA9             LDR      R1,[R5, #+40]
   \   000002EE   0xF9B6 0x0008      LDRSH    R0,[R6, #+8]
   \   000002F2   0x.... 0x....      BL       TEXT_SetText
    176              memset(buf,0,sizeof(buf));
   \   000002F6   0x221E             MOVS     R2,#+30
   \   000002F8   0x2100             MOVS     R1,#+0
   \   000002FA   0xA805             ADD      R0,SP,#+20
   \   000002FC   0x.... 0x....      BL       memset
    177              sprintf(buf,common_menu.clean_time_value,gCfgItems.clean_time);
   \   00000300   0xF8B4 0x227A      LDRH     R2,[R4, #+634]
   \   00000304   0x6AE9             LDR      R1,[R5, #+44]
   \   00000306   0xA805             ADD      R0,SP,#+20
   \   00000308   0x.... 0x....      BL       sprintf
    178              BUTTON_SetText(button_timing.btnHandle,buf);
   \   0000030C   0xA905             ADD      R1,SP,#+20
   \   0000030E   0xF9B6 0x0024      LDRSH    R0,[R6, #+36]
   \   00000312   0x.... 0x....      BL       BUTTON_SetText
    179              
    180              
    181          	if(gCfgItems.multiple_language != 0)
   \   00000316   0xF894 0x019B      LDRB     R0,[R4, #+411]
   \   0000031A   0x2800             CMP      R0,#+0
   \   0000031C   0xD00E             BEQ.N    ??draw_Clean_1
    182          	{
    183          		BUTTON_SetText(buttonStart.btnHandle,common_menu.start);
   \   0000031E   0x69E9             LDR      R1,[R5, #+28]
   \   00000320   0xF9B6 0x000C      LDRSH    R0,[R6, #+12]
   \   00000324   0x.... 0x....      BL       BUTTON_SetText
    184                  BUTTON_SetText(buttonAdjustTime.btnHandle,common_menu.adjust);
   \   00000328   0x6A29             LDR      R1,[R5, #+32]
   \   0000032A   0xF9B7 0x0000      LDRSH    R0,[R7, #+0]
   \   0000032E   0x.... 0x....      BL       BUTTON_SetText
    185                  BUTTON_SetText(buttonRet.btnHandle,common_menu.text_back);
   \   00000332   0x6829             LDR      R1,[R5, #+0]
   \   00000334   0xF9B7 0x0018      LDRSH    R0,[R7, #+24]
   \   00000338   0x.... 0x....      BL       BUTTON_SetText
    186              }    
    187          }
   \                     ??draw_Clean_1: (+1)
   \   0000033C   0xB00E             ADD      SP,SP,#+56
   \   0000033E   0xE8BD 0x87F0      POP      {R4-R10,PC}      ;; return
    188          

   \                                 In section .text, align 2, keep-with-next
    189          void time_value_cnt()
    190          {
   \                     time_value_cnt: (+1)
   \   00000000   0xB57F             PUSH     {R0-R6,LR}
    191              char buf[15];
    192              
    193              if(gCfgItems.clean_time_bak != 0)
   \   00000002   0x....             LDR.N    R5,??DataTable8_2
   \   00000004   0xF205 0x267A      ADDW     R6,R5,#+634
   \   00000008   0x....             LDR.N    R4,??DataTable8
   \   0000000A   0x8870             LDRH     R0,[R6, #+2]
   \   0000000C   0x2800             CMP      R0,#+0
   \   0000000E   0xD015             BEQ.N    ??time_value_cnt_0
    194              {
    195                  if(time_1s_flg==1)
   \   00000010   0x78A0             LDRB     R0,[R4, #+2]
   \   00000012   0x2801             CMP      R0,#+1
   \   00000014   0xD140             BNE.N    ??time_value_cnt_1
    196                  {
    197                      time_1s_flg=0;
   \   00000016   0x2000             MOVS     R0,#+0
   \   00000018   0x70A0             STRB     R0,[R4, #+2]
    198                      memset(buf,0,sizeof(buf));
   \   0000001A   0x220F             MOVS     R2,#+15
   \   0000001C   0x4601             MOV      R1,R0
   \   0000001E   0xA800             ADD      R0,SP,#+0
   \   00000020   0x.... 0x....      BL       memset
    199                      sprintf(buf,common_menu.clean_time_value,gCfgItems.clean_time_bak);
   \   00000024   0x8872             LDRH     R2,[R6, #+2]
   \   00000026   0x....             LDR.N    R0,??DataTable8_3
   \   00000028   0x6AC1             LDR      R1,[R0, #+44]
   \   0000002A   0xA800             ADD      R0,SP,#+0
   \   0000002C   0x.... 0x....      BL       sprintf
    200                      BUTTON_SetText(button_timing.btnHandle,buf);  
   \   00000030   0xA900             ADD      R1,SP,#+0
   \   00000032   0xF9B4 0x0024      LDRSH    R0,[R4, #+36]
   \   00000036   0x.... 0x....      BL       BUTTON_SetText
   \   0000003A   0xBD7F             POP      {R0-R6,PC}
    201                  }
    202              }
    203              else
    204              {
    205                  if(btn_status !=0)
   \                     ??time_value_cnt_0: (+1)
   \   0000003C   0x7820             LDRB     R0,[R4, #+0]
   \   0000003E   0x2800             CMP      R0,#+0
   \   00000040   0xD02A             BEQ.N    ??time_value_cnt_1
    206                  {
    207                      
    208                      btn_status =0;
   \   00000042   0x2000             MOVS     R0,#+0
   \   00000044   0x7020             STRB     R0,[R4, #+0]
    209                      BUTTON_SetBmpFileName(buttonStart.btnHandle, "bmp_clean_start.bin",1);
   \   00000046   0x2201             MOVS     R2,#+1
   \   00000048   0x.... 0x....      ADR.W    R1,`?<Constant "bmp_clean_start.bin">`
   \   0000004C   0xF9B4 0x000C      LDRSH    R0,[R4, #+12]
   \   00000050   0x.... 0x....      BL       BUTTON_SetBmpFileName
    210                      TEXT_SetText(clean_platform_text, common_menu.clean_platform);
   \   00000054   0x....             LDR.N    R6,??DataTable8_3
   \   00000056   0x6A71             LDR      R1,[R6, #+36]
   \   00000058   0xF9B4 0x0006      LDRSH    R0,[R4, #+6]
   \   0000005C   0x.... 0x....      BL       TEXT_SetText
    211                      memset(buf,0,sizeof(buf));
   \   00000060   0x220F             MOVS     R2,#+15
   \   00000062   0x2100             MOVS     R1,#+0
   \   00000064   0xA800             ADD      R0,SP,#+0
   \   00000066   0x.... 0x....      BL       memset
    212                      sprintf(buf,common_menu.clean_time_value,gCfgItems.clean_time);
   \   0000006A   0xF8B5 0x227A      LDRH     R2,[R5, #+634]
   \   0000006E   0x6AF1             LDR      R1,[R6, #+44]
   \   00000070   0xA800             ADD      R0,SP,#+0
   \   00000072   0x.... 0x....      BL       sprintf
    213                      BUTTON_SetText(button_timing.btnHandle,buf);  
   \   00000076   0xA900             ADD      R1,SP,#+0
   \   00000078   0xF9B4 0x0024      LDRSH    R0,[R4, #+36]
   \   0000007C   0x.... 0x....      BL       BUTTON_SetText
    214                   	if(gCfgItems.multiple_language != 0)
   \   00000080   0xF895 0x019B      LDRB     R0,[R5, #+411]
   \   00000084   0x2800             CMP      R0,#+0
   \   00000086   0xD004             BEQ.N    ??time_value_cnt_2
    215                  	{
    216                  		BUTTON_SetText(buttonStart.btnHandle,common_menu.start);
   \   00000088   0x69F1             LDR      R1,[R6, #+28]
   \   0000008A   0xF9B4 0x000C      LDRSH    R0,[R4, #+12]
   \   0000008E   0x.... 0x....      BL       BUTTON_SetText
    217                      } 
    218                      //πÿ±’µ„¡¡
    219                      mksdlp.ExposureAll_off();
   \                     ??time_value_cnt_2: (+1)
   \   00000092   0x....             LDR.N    R0,??DataTable8_4
   \   00000094   0x.... 0x....      BL       _ZN7MKS_DLP15ExposureAll_offEv
    220                  }
    221              }
    222          }
   \                     ??time_value_cnt_1: (+1)
   \   00000098   0xBD7F             POP      {R0-R6,PC}       ;; return

   \                                 In section .text, align 2, keep-with-next
    223          void Clear_Clean()
    224          {
   \                     Clear_Clean: (+1)
   \   00000000   0xB510             PUSH     {R4,LR}
    225          	GUI_SetBkColor(gCfgItems.background_color);
   \   00000002   0x....             LDR.N    R0,??DataTable8_2
   \   00000004   0x6840             LDR      R0,[R0, #+4]
   \   00000006   0x.... 0x....      BL       GUI_SetBkColor
    226          	if(WM_IsWindow(hCleanWnd))
   \   0000000A   0x....             LDR.N    R4,??DataTable8
   \   0000000C   0xF9B4 0x0004      LDRSH    R0,[R4, #+4]
   \   00000010   0x.... 0x....      BL       WM_IsWindow
   \   00000014   0x2800             CMP      R0,#+0
   \   00000016   0xD007             BEQ.N    ??Clear_Clean_0
    227          	{
    228          		WM_DeleteWindow(hCleanWnd);
   \   00000018   0xF9B4 0x0004      LDRSH    R0,[R4, #+4]
   \   0000001C   0x.... 0x....      BL       WM_DeleteWindow
    229          		GUI_Exec();
   \   00000020   0xE8BD 0x4010      POP      {R4,LR}
   \   00000024   0x.... 0x....      B.W      GUI_Exec
    230          	}
    231          	
    232          	//GUI_Clear();
    233          }
   \                     ??Clear_Clean_0: (+1)
   \   00000028   0xBD10             POP      {R4,PC}          ;; return

   \                                 In section .text, align 4, keep-with-next
   \                     ??DataTable6:
   \   00000000   0x00 0x00          DC8      "",0x0,0x0,0x0
   \              0x00 0x00    

   \                                 In section .text, align 4, keep-with-next
   \                     ??DataTable8:
   \   00000000   0x........         DC32     btn_status

   \                                 In section .text, align 4, keep-with-next
   \                     ??DataTable8_1:
   \   00000000   0x........         DC32     last_disp_state

   \                                 In section .text, align 4, keep-with-next
   \                     ??DataTable8_2:
   \   00000000   0x........         DC32     gCfgItems

   \                                 In section .text, align 4, keep-with-next
   \                     ??DataTable8_3:
   \   00000000   0x........         DC32     common_menu

   \                                 In section .text, align 4, keep-with-next
   \                     ??DataTable8_4:
   \   00000000   0x........         DC32     mksdlp

   \                                 In section .text, align 4, keep-with-next
   \                     ??DataTable8_5:
   \   00000000   0x........         DC32     buttonAdjustTime

   \                                 In section .text, align 4, keep-with-next
   \                     ??DataTable8_6:
   \   00000000   0x........         DC32     text_edit

   \                                 In section .text, align 4, keep-with-next
   \                     ??DataTable8_7:
   \   00000000   0x........         DC32     disp_state_stack

   \                                 In section .text, align 4, keep-with-next
   \                     ??DataTable8_8:
   \   00000000   0x........         DC32     disp_state

   \                                 In section .text, align 4, keep-with-next
   \                     ??DataTable8_9:
   \   00000000   0x........         DC32     _Z14cbDrawCleanWinP10WM_MESSAGE

   \                                 In section .text, align 4, keep-with-next
   \                     ??DataTable8_10:
   \   00000000   0x........         DC32     bmp_struct

   \                                 In section .text, align 4, keep-with-next
   \                     ??DataTable8_11:
   \   00000000   0x........         DC32     BMP_PIC_X

   \                                 In section .text, align 4, keep-with-next
   \                     ??DataTable8_12:
   \   00000000   0x........         DC32     BMP_PIC_Y

   \                                 In section .rodata, align 1, keep-with-next
   \                     `?<Constant "">`:
   \   00000000   0x00               DC8 ""

   \                                 In section .text, align 4, keep-with-next
   \                     `?<Constant "bmp_clean_stop.bin">`:
   \   00000000   0x62 0x6D          DC8 "bmp_clean_stop.bin"
   \              0x70 0x5F    
   \              0x63 0x6C    
   \              0x65 0x61    
   \              0x6E 0x5F    
   \              0x73 0x74    
   \              0x6F 0x70    
   \              0x2E 0x62    
   \              0x69 0x6E    
   \              0x00         
   \   00000013   0x00               DC8 0

   \                                 In section .text, align 4, keep-with-next
   \                     `?<Constant "bmp_clean_start.bin">`:
   \   00000000   0x62 0x6D          DC8 "bmp_clean_start.bin"
   \              0x70 0x5F    
   \              0x63 0x6C    
   \              0x65 0x61    
   \              0x6E 0x5F    
   \              0x73 0x74    
   \              0x61 0x72    
   \              0x74 0x2E    
   \              0x62 0x69    
   \              0x6E 0x00    

   \                                 In section .text, align 4, keep-with-next
   \                     `?<Constant "bmp_clean_adjust.bin">`:
   \   00000000   0x62 0x6D          DC8 "bmp_clean_adjust.bin"
   \              0x70 0x5F    
   \              0x63 0x6C    
   \              0x65 0x61    
   \              0x6E 0x5F    
   \              0x61 0x64    
   \              0x6A 0x75    
   \              0x73 0x74    
   \              0x2E 0x62    
   \              0x69 0x6E    
   \              0x00         
   \   00000015   0x00 0x00          DC8 0, 0, 0
   \              0x00         

   \                                 In section .text, align 4, keep-with-next
   \                     `?<Constant "bmp_return.bin">`:
   \   00000000   0x62 0x6D          DC8 "bmp_return.bin"
   \              0x70 0x5F    
   \              0x72 0x65    
   \              0x74 0x75    
   \              0x72 0x6E    
   \              0x2E 0x62    
   \              0x69 0x6E    
   \              0x00         
   \   0000000F   0x00               DC8 0
    234          
    235          

   Maximum stack usage in bytes:

   .cstack Function
   ------- --------
       8   Clear_Clean
         0   -> GUI_Exec
         8   -> GUI_SetBkColor
         8   -> WM_DeleteWindow
         8   -> WM_IsWindow
      32   cbDrawCleanWin(WM_MESSAGE *)
        32   -> BUTTON_SetBmpFileName
        32   -> BUTTON_SetText
        32   -> Clear_Clean
        32   -> MKS_DLP::ExposureAll_off()
        32   -> MKS_DLP::ExposureAll_on()
        32   -> TEXT_SetText
        32   -> WM_DefaultProc
        32   -> draw_keyboard
        32   -> draw_return_ui
        32   -> memset
        32   -> sprintf
      88   draw_Clean
        88   -> BUTTON_CreateEx
        88   -> BUTTON_SetBitmapEx
        88   -> BUTTON_SetBkColor
        88   -> BUTTON_SetBmpFileName
        88   -> BUTTON_SetText
        88   -> BUTTON_SetTextAlign
        88   -> BUTTON_SetTextColor
        88   -> GUI_Clear
        88   -> GUI_SetBkColor
        88   -> GUI_SetColor
        88   -> TEXT_CreateEx
        88   -> TEXT_SetBkColor
        88   -> TEXT_SetText
        88   -> TEXT_SetTextAlign
        88   -> TEXT_SetTextColor
        88   -> WM_CreateWindow
        88   -> alloc_win_id
        88   -> memset
        88   -> sprintf
      32   time_value_cnt
        32   -> BUTTON_SetBmpFileName
        32   -> BUTTON_SetText
        32   -> MKS_DLP::ExposureAll_off()
        32   -> TEXT_SetText
        32   -> memset
        32   -> sprintf


   Section sizes:

   Bytes  Function/Label
   -----  --------------
       1  ?<Constant "">
      24  ?<Constant "bmp_clean_adjust.bin">
      20  ?<Constant "bmp_clean_start.bin">
      20  ?<Constant "bmp_clean_stop.bin">
      16  ?<Constant "bmp_return.bin">
       4  ??DataTable6
       4  ??DataTable8
       4  ??DataTable8_1
       4  ??DataTable8_10
       4  ??DataTable8_11
       4  ??DataTable8_12
       4  ??DataTable8_2
       4  ??DataTable8_3
       4  ??DataTable8_4
       4  ??DataTable8_5
       4  ??DataTable8_6
       4  ??DataTable8_7
       4  ??DataTable8_8
       4  ??DataTable8_9
      42  Clear_Clean
      60  btn_status
          clean_time_flg
          time_1s_flg
          hCleanWnd
          clean_platform_text
          clean_time_text
          time_cnt
          buttonStart
          button_timing
      48  buttonAdjustTime
          buttonRet
     310  cbDrawCleanWin(WM_MESSAGE *)
     834  draw_Clean
     154  time_value_cnt

 
   108 bytes in section .bss
     1 byte  in section .rodata
 1 476 bytes in section .text
 
 1 476 bytes of CODE  memory
     1 byte  of CONST memory
   108 bytes of DATA  memory

Errors: none
Warnings: 36
