###############################################################################
#
# IAR ANSI C/C++ Compiler V7.10.1.6676/W32 for ARM        16/Apr/2020  18:38:46
# Copyright 1999-2014 IAR Systems AB.
#
#    Cpu mode     =  thumb
#    Endian       =  little
#    Source file  =  
#        D:\DLP_proj\DLP_github\MKS-DLP-FIRMWARE\User\ui\draw_preview.cpp
#    Command line =  
#        D:\DLP_proj\DLP_github\MKS-DLP-FIRMWARE\User\ui\draw_preview.cpp -D
#        USE_HAL_DRIVER -D STM32F407xx -D STM32F40_41xxx -D USE_HAL_LIB -D
#        MKS_DLP_BOARD -D TFT35 -D USE_STM32F407VET -lC
#        D:\DLP_proj\DLP_github\MKS-DLP-FIRMWARE\EWARM\mksDLP/List\ -lA
#        D:\DLP_proj\DLP_github\MKS-DLP-FIRMWARE\EWARM\mksDLP/List\
#        --diag_suppress Pa050 -o
#        D:\DLP_proj\DLP_github\MKS-DLP-FIRMWARE\EWARM\mksDLP/Obj\ --no_unroll
#        --no_inline --no_tbaa --no_scheduling --debug --endian=little
#        --cpu=Cortex-M4F -e --char_is_signed --fpu=VFPv4_sp --dlib_config
#        "D:\Program Files (x86)\IAR Systems\Embedded Workbench
#        7.0\arm\INC\c\DLib_Config_Full.h" -I
#        D:\DLP_proj\DLP_github\MKS-DLP-FIRMWARE\EWARM/../Inc\ -I
#        D:\DLP_proj\DLP_github\MKS-DLP-FIRMWARE\EWARM/../Src\ -I
#        D:\DLP_proj\DLP_github\MKS-DLP-FIRMWARE\EWARM/../Drivers/STM32F4xx_HAL_Driver/Inc\
#        -I
#        D:\DLP_proj\DLP_github\MKS-DLP-FIRMWARE\EWARM/../Drivers/STM32F4xx_HAL_Driver/Inc/Legacy\
#        -I
#        D:\DLP_proj\DLP_github\MKS-DLP-FIRMWARE\EWARM/../Middlewares/Third_Party/FatFs/src/drivers\
#        -I
#        D:\DLP_proj\DLP_github\MKS-DLP-FIRMWARE\EWARM/../Middlewares/ST/STM32_USB_Host_Library/Core/Inc\
#        -I
#        D:\DLP_proj\DLP_github\MKS-DLP-FIRMWARE\EWARM/../Middlewares/ST/STM32_USB_Host_Library/Class/MSC/Inc\
#        -I
#        D:\DLP_proj\DLP_github\MKS-DLP-FIRMWARE\EWARM/../Drivers/CMSIS/Device/ST/STM32F4xx/Include\
#        -I
#        D:\DLP_proj\DLP_github\MKS-DLP-FIRMWARE\EWARM/../Middlewares/Third_Party/FatFs/src\
#        -I
#        D:\DLP_proj\DLP_github\MKS-DLP-FIRMWARE\EWARM/../Middlewares/Third_Party/Marlin\
#        -I
#        D:\DLP_proj\DLP_github\MKS-DLP-FIRMWARE\EWARM/../Drivers/CMSIS/Include\
#        -I
#        D:\DLP_proj\DLP_github\MKS-DLP-FIRMWARE\EWARM/../Drivers/BSP/variant\
#        -I
#        D:\DLP_proj\DLP_github\MKS-DLP-FIRMWARE\EWARM/../Drivers/BSP/Components/at24cxx\
#        -I
#        D:\DLP_proj\DLP_github\MKS-DLP-FIRMWARE\EWARM/../Drivers/BSP/Components/w25qxx\
#        -I
#        D:\DLP_proj\DLP_github\MKS-DLP-FIRMWARE\EWARM/../Drivers/BSP/Components/ssd2828\
#        -I
#        D:\DLP_proj\DLP_github\MKS-DLP-FIRMWARE\EWARM/../Drivers/BSP/Components/lcd\
#        -I D:\DLP_proj\DLP_github\MKS-DLP-FIRMWARE\EWARM/../Drivers/libstmf4\
#        -I
#        D:\DLP_proj\DLP_github\MKS-DLP-FIRMWARE\EWARM/../Drivers/libstmf4/include\
#        -I
#        D:\DLP_proj\DLP_github\MKS-DLP-FIRMWARE\EWARM/../Middlewares/arduino/stm32/cores/arduino\
#        -I D:\DLP_proj\DLP_github\MKS-DLP-FIRMWARE\EWARM/../User/ui\ -I
#        D:\DLP_proj\DLP_github\MKS-DLP-FIRMWARE\EWARM/../User/ui/Multi_language\
#        -I D:\DLP_proj\DLP_github\MKS-DLP-FIRMWARE\EWARM/../User/ui/QRENCODE\
#        -I D:\DLP_proj\DLP_github\MKS-DLP-FIRMWARE\EWARM/../Middlewares/GUI\
#        -Om --eec++ -I "D:\Program Files (x86)\IAR Systems\Embedded Workbench
#        7.0\arm\CMSIS\Include\"
#    List file    =  
#        D:\DLP_proj\DLP_github\MKS-DLP-FIRMWARE\EWARM\mksDLP/List\draw_preview.lst
#    Object file  =  
#        D:\DLP_proj\DLP_github\MKS-DLP-FIRMWARE\EWARM\mksDLP/Obj\draw_preview.o
#
###############################################################################

D:\DLP_proj\DLP_github\MKS-DLP-FIRMWARE\User\ui\draw_preview.cpp
      1          #include "gui.h"
      2          #include "button.h"
      3          #include "draw_ui.h"

  #define UNUSED(x) (void) (x)
          ^
"D:\DLP_proj\DLP_github\MKS-DLP-FIRMWARE\Middlewares\Third_Party\Marlin\macros.h",101  Warning[Pe047]: 
          incompatible redefinition of macro "UNUSED" (declared at line 87 of
          "D:\DLP_proj\DLP_github\MKS-DLP-FIRMWARE\Drivers\STM32F4xx_HAL_Driver
          \Inc\stm32f4xx_hal_def.h")

   \                                 In section .text, align 2
   \   __intrinsic __nounwind __interwork __softfp char *strstr(char *, char const *)
   \                     _Z6strstrPcPKc: (+1)
   \   00000000   0x.... 0x....      B.W      __iar_Strstr

  		volatile volatile float desireBedTempBak;
  		         ^
"D:\DLP_proj\DLP_github\MKS-DLP-FIRMWARE\Inc\mks_cfg.h",407  Warning[Pe083]: 
          type qualifier specified more than once

  #define IS_SPI_MODE(MODE) (((MODE) == SPI_Mode_Master) || \
          ^
"D:\DLP_proj\DLP_github\MKS-DLP-FIRMWARE\Drivers\libstmf4\include\stm32f4xx_spi.h",173  Warning[Pe047]: 
          incompatible redefinition of macro "IS_SPI_MODE" (declared at line
          511 of
          "D:\DLP_proj\DLP_github\MKS-DLP-FIRMWARE\Drivers\STM32F4xx_HAL_Driver
          \Inc\stm32f4xx_hal_spi.h")

  #define IS_SPI_DATASIZE(DATASIZE) (((DATASIZE) == SPI_DataSize_16b) || \
          ^
"D:\DLP_proj\DLP_github\MKS-DLP-FIRMWARE\Drivers\libstmf4\include\stm32f4xx_spi.h",185  Warning[Pe047]: 
          incompatible redefinition of macro "IS_SPI_DATASIZE" (declared at
          line 523 of
          "D:\DLP_proj\DLP_github\MKS-DLP-FIRMWARE\Drivers\STM32F4xx_HAL_Driver
          \Inc\stm32f4xx_hal_spi.h")

  #define IS_SPI_CPOL(CPOL) (((CPOL) == SPI_CPOL_Low) || \
          ^
"D:\DLP_proj\DLP_github\MKS-DLP-FIRMWARE\Drivers\libstmf4\include\stm32f4xx_spi.h",197  Warning[Pe047]: 
          incompatible redefinition of macro "IS_SPI_CPOL" (declared at line
          526 of
          "D:\DLP_proj\DLP_github\MKS-DLP-FIRMWARE\Drivers\STM32F4xx_HAL_Driver
          \Inc\stm32f4xx_hal_spi.h")

  #define IS_SPI_CPHA(CPHA) (((CPHA) == SPI_CPHA_1Edge) || \
          ^
"D:\DLP_proj\DLP_github\MKS-DLP-FIRMWARE\Drivers\libstmf4\include\stm32f4xx_spi.h",209  Warning[Pe047]: 
          incompatible redefinition of macro "IS_SPI_CPHA" (declared at line
          529 of
          "D:\DLP_proj\DLP_github\MKS-DLP-FIRMWARE\Drivers\STM32F4xx_HAL_Driver
          \Inc\stm32f4xx_hal_spi.h")

  #define IS_SPI_NSS(NSS) (((NSS) == SPI_NSS_Soft) || \
          ^
"D:\DLP_proj\DLP_github\MKS-DLP-FIRMWARE\Drivers\libstmf4\include\stm32f4xx_spi.h",221  Warning[Pe047]: 
          incompatible redefinition of macro "IS_SPI_NSS" (declared at line
          532 of
          "D:\DLP_proj\DLP_github\MKS-DLP-FIRMWARE\Drivers\STM32F4xx_HAL_Driver
          \Inc\stm32f4xx_hal_spi.h")

  #define IS_SPI_BAUDRATE_PRESCALER(PRESCALER) (((PRESCALER) == SPI_BaudRatePrescaler_2) || \
          ^
"D:\DLP_proj\DLP_github\MKS-DLP-FIRMWARE\Drivers\libstmf4\include\stm32f4xx_spi.h",239  Warning[Pe047]: 
          incompatible redefinition of macro "IS_SPI_BAUDRATE_PRESCALER"
          (declared at line 536 of
          "D:\DLP_proj\DLP_github\MKS-DLP-FIRMWARE\Drivers\STM32F4xx_HAL_Driver
          \Inc\stm32f4xx_hal_spi.h")

  #define IS_SPI_FIRST_BIT(BIT) (((BIT) == SPI_FirstBit_MSB) || \
          ^
"D:\DLP_proj\DLP_github\MKS-DLP-FIRMWARE\Drivers\libstmf4\include\stm32f4xx_spi.h",257  Warning[Pe047]: 
          incompatible redefinition of macro "IS_SPI_FIRST_BIT" (declared at
          line 545 of
          "D:\DLP_proj\DLP_github\MKS-DLP-FIRMWARE\Drivers\STM32F4xx_HAL_Driver
          \Inc\stm32f4xx_hal_spi.h")

  #define IS_SPI_DIRECTION(DIRECTION) (((DIRECTION) == SPI_Direction_Rx) || \
          ^
"D:\DLP_proj\DLP_github\MKS-DLP-FIRMWARE\Drivers\libstmf4\include\stm32f4xx_spi.h",400  Warning[Pe047]: 
          incompatible redefinition of macro "IS_SPI_DIRECTION" (declared at
          line 514 of
          "D:\DLP_proj\DLP_github\MKS-DLP-FIRMWARE\Drivers\STM32F4xx_HAL_Driver
          \Inc\stm32f4xx_hal_spi.h")

  #define SPI_FLAG_CRCERR                 ((uint16_t)0x0010)
          ^
"D:\DLP_proj\DLP_github\MKS-DLP-FIRMWARE\Drivers\libstmf4\include\stm32f4xx_spi.h",442  Warning[Pe047]: 
          incompatible redefinition of macro "SPI_FLAG_CRCERR" (declared at
          line 293 of
          "D:\DLP_proj\DLP_github\MKS-DLP-FIRMWARE\Drivers\STM32F4xx_HAL_Driver
          \Inc\stm32f4xx_hal_spi.h")

  #define SPI_FLAG_MODF                   ((uint16_t)0x0020)
          ^
"D:\DLP_proj\DLP_github\MKS-DLP-FIRMWARE\Drivers\libstmf4\include\stm32f4xx_spi.h",443  Warning[Pe047]: 
          incompatible redefinition of macro "SPI_FLAG_MODF" (declared at line
          294 of
          "D:\DLP_proj\DLP_github\MKS-DLP-FIRMWARE\Drivers\STM32F4xx_HAL_Driver
          \Inc\stm32f4xx_hal_spi.h")

  #define IS_SPI_CRC_POLYNOMIAL(POLYNOMIAL) ((POLYNOMIAL) >= 0x1)
          ^
"D:\DLP_proj\DLP_github\MKS-DLP-FIRMWARE\Drivers\libstmf4\include\stm32f4xx_spi.h",462  Warning[Pe047]: 
          incompatible redefinition of macro "IS_SPI_CRC_POLYNOMIAL" (declared
          at line 554 of
          "D:\DLP_proj\DLP_github\MKS-DLP-FIRMWARE\Drivers\STM32F4xx_HAL_Driver
          \Inc\stm32f4xx_hal_spi.h")

  #define SPI_IT_TXE                   SPI_I2S_IT_TXE
          ^
"D:\DLP_proj\DLP_github\MKS-DLP-FIRMWARE\Drivers\libstmf4\include\stm32f4xx_spi.h",473  Warning[Pe047]: 
          incompatible redefinition of macro "SPI_IT_TXE" (declared at line
          280 of
          "D:\DLP_proj\DLP_github\MKS-DLP-FIRMWARE\Drivers\STM32F4xx_HAL_Driver
          \Inc\stm32f4xx_hal_spi.h")

  #define SPI_IT_RXNE                  SPI_I2S_IT_RXNE
          ^
"D:\DLP_proj\DLP_github\MKS-DLP-FIRMWARE\Drivers\libstmf4\include\stm32f4xx_spi.h",474  Warning[Pe047]: 
          incompatible redefinition of macro "SPI_IT_RXNE" (declared at line
          281 of
          "D:\DLP_proj\DLP_github\MKS-DLP-FIRMWARE\Drivers\STM32F4xx_HAL_Driver
          \Inc\stm32f4xx_hal_spi.h")

  #define SPI_IT_ERR                   SPI_I2S_IT_ERR
          ^
"D:\DLP_proj\DLP_github\MKS-DLP-FIRMWARE\Drivers\libstmf4\include\stm32f4xx_spi.h",475  Warning[Pe047]: 
          incompatible redefinition of macro "SPI_IT_ERR" (declared at line
          282 of
          "D:\DLP_proj\DLP_github\MKS-DLP-FIRMWARE\Drivers\STM32F4xx_HAL_Driver
          \Inc\stm32f4xx_hal_spi.h")

  #define SPI_FLAG_RXNE                SPI_I2S_FLAG_RXNE
          ^
"D:\DLP_proj\DLP_github\MKS-DLP-FIRMWARE\Drivers\libstmf4\include\stm32f4xx_spi.h",477  Warning[Pe047]: 
          incompatible redefinition of macro "SPI_FLAG_RXNE" (declared at line
          290 of
          "D:\DLP_proj\DLP_github\MKS-DLP-FIRMWARE\Drivers\STM32F4xx_HAL_Driver
          \Inc\stm32f4xx_hal_spi.h")

  #define SPI_FLAG_TXE                 SPI_I2S_FLAG_TXE
          ^
"D:\DLP_proj\DLP_github\MKS-DLP-FIRMWARE\Drivers\libstmf4\include\stm32f4xx_spi.h",478  Warning[Pe047]: 
          incompatible redefinition of macro "SPI_FLAG_TXE" (declared at line
          291 of
          "D:\DLP_proj\DLP_github\MKS-DLP-FIRMWARE\Drivers\STM32F4xx_HAL_Driver
          \Inc\stm32f4xx_hal_spi.h")

  #define SPI_FLAG_OVR                 SPI_I2S_FLAG_OVR
          ^
"D:\DLP_proj\DLP_github\MKS-DLP-FIRMWARE\Drivers\libstmf4\include\stm32f4xx_spi.h",479  Warning[Pe047]: 
          incompatible redefinition of macro "SPI_FLAG_OVR" (declared at line
          295 of
          "D:\DLP_proj\DLP_github\MKS-DLP-FIRMWARE\Drivers\STM32F4xx_HAL_Driver
          \Inc\stm32f4xx_hal_spi.h")

  #define SPI_FLAG_BSY                 SPI_I2S_FLAG_BSY
          ^
"D:\DLP_proj\DLP_github\MKS-DLP-FIRMWARE\Drivers\libstmf4\include\stm32f4xx_spi.h",480  Warning[Pe047]: 
          incompatible redefinition of macro "SPI_FLAG_BSY" (declared at line
          292 of
          "D:\DLP_proj\DLP_github\MKS-DLP-FIRMWARE\Drivers\STM32F4xx_HAL_Driver
          \Inc\stm32f4xx_hal_spi.h")

    #define FILAMENT_CHANGE_TEXT_EN				"Please click <Load> \nor <unload>,After \npinter pause."
            ^
"D:\DLP_proj\DLP_github\MKS-DLP-FIRMWARE\User\ui\Multi_language\Language_en.h",175  Warning[Pe047]: 
          incompatible redefinition of macro "FILAMENT_CHANGE_TEXT_EN"
          (declared at line 153)

  #define DIALOG_UNBIND_PRINTER_CN            "Ëß£Èô§ÁªëÂÆö?"
          ^
"D:\DLP_proj\DLP_github\MKS-DLP-FIRMWARE\User\ui\Multi_language\Language_s_cn.h",258  Warning[Pe047]: 
          incompatible redefinition of macro "DIALOG_UNBIND_PRINTER_CN"
          (declared at line 253)

    #define FILAMENT_CHANGE_TEXT_T_CN				"ÂæÖÊâìÂç∞Ê©üÊö´ÂÅúÂêé,\nË´ãÊåâ<ÈÄ≤Êñô>Êàñ<ÈÄÄÊñô>"
            ^
"D:\DLP_proj\DLP_github\MKS-DLP-FIRMWARE\User\ui\Multi_language\Language_t_cn.h",167  Warning[Pe047]: 
          incompatible redefinition of macro "FILAMENT_CHANGE_TEXT_T_CN"
          (declared at line 153)

    #define FILAMENT_CHANGE_TEXT_RU				"Please click <Load> \nor <unload>,After \npinter pause."
            ^
"D:\DLP_proj\DLP_github\MKS-DLP-FIRMWARE\User\ui\Multi_language\Language_ru.h",173  Warning[Pe047]: 
          incompatible redefinition of macro "FILAMENT_CHANGE_TEXT_RU"
          (declared at line 153)

  #define DIALOG_UNBIND_PRINTER_RU            "Unbind the printer?"
          ^
"D:\DLP_proj\DLP_github\MKS-DLP-FIRMWARE\User\ui\Multi_language\Language_ru.h",270  Warning[Pe047]: 
          incompatible redefinition of macro "DIALOG_UNBIND_PRINTER_RU"
          (declared at line 265)

    #define FILAMENT_CHANGE_TEXT_FR				"Please click <Load> \nor <unload>,After \npinter pause."
            ^
"D:\DLP_proj\DLP_github\MKS-DLP-FIRMWARE\User\ui\Multi_language\Language_fr.h",173  Warning[Pe047]: 
          incompatible redefinition of macro "FILAMENT_CHANGE_TEXT_FR"
          (declared at line 153)

  #define DIALOG_UNBIND_PRINTER_FR        "Unbind the printer?"
          ^
"D:\DLP_proj\DLP_github\MKS-DLP-FIRMWARE\User\ui\Multi_language\Language_fr.h",273  Warning[Pe047]: 
          incompatible redefinition of macro "DIALOG_UNBIND_PRINTER_FR"
          (declared at line 269)

    #define FILAMENT_CHANGE_TEXT_SP				"Please click <Load> \nor <unload>,After \npinter pause."
            ^
"D:\DLP_proj\DLP_github\MKS-DLP-FIRMWARE\User\ui\Multi_language\Language_sp.h",173  Warning[Pe047]: 
          incompatible redefinition of macro "FILAMENT_CHANGE_TEXT_SP"
          (declared at line 154)

    #define FILAMENT_CHANGE_TEXT_IT				"Please click <Load> \nor <unload>,After \npinter pause."
            ^
"D:\DLP_proj\DLP_github\MKS-DLP-FIRMWARE\User\ui\Multi_language\Language_it.h",173  Warning[Pe047]: 
          incompatible redefinition of macro "FILAMENT_CHANGE_TEXT_IT"
          (declared at line 153)

  #define DIALOG_UNBIND_PRINTER_IT                "Unbind the printer?"
          ^
"D:\DLP_proj\DLP_github\MKS-DLP-FIRMWARE\User\ui\Multi_language\Language_it.h",269  Warning[Pe047]: 
          incompatible redefinition of macro "DIALOG_UNBIND_PRINTER_IT"
          (declared at line 264)

  #define FILAMENT_CHANGE_TEXT_JP				"Please click <Load> \nor <unload>,After \npinter pause."
          ^
"D:\DLP_proj\DLP_github\MKS-DLP-FIRMWARE\User\ui\Multi_language\Multi_language.h",705  Warning[Pe047]: 
          incompatible redefinition of macro "FILAMENT_CHANGE_TEXT_JP"
          (declared at line 698)

  #define FILAMENT_CHANGE_TEXT_GN				"Please click <Load> \nor <unload>,After \npinter pause."
          ^
"D:\DLP_proj\DLP_github\MKS-DLP-FIRMWARE\User\ui\Multi_language\Multi_language.h",913  Warning[Pe047]: 
          incompatible redefinition of macro "FILAMENT_CHANGE_TEXT_GN"
          (declared at line 907)

  #define Simple_Dec"ºı…Ÿ"
                    ^
"D:\DLP_proj\DLP_github\MKS-DLP-FIRMWARE\User\ui\draw_ui.h",499  Warning[Pe1649]: 
          white space is required between the macro name "Simple_Dec" and its
          replacement text

  #define Simple_Speed "ÀŸ∂»"
          ^
"D:\DLP_proj\DLP_github\MKS-DLP-FIRMWARE\User\ui\draw_ui.h",554  Warning[Pe047]: 
          incompatible redefinition of macro "Simple_Speed" (declared at line
          551)

  #define Complex_Speed "ÀŸ∂»"
          ^
"D:\DLP_proj\DLP_github\MKS-DLP-FIRMWARE\User\ui\draw_ui.h",555  Warning[Pe047]: 
          incompatible redefinition of macro "Complex_Speed" (declared at line
          552)
      4          #include "draw_preview.h"
      5          
      6          #include "mks_cfg.h"
      7          #include "marlin.h"

    #define MIN_SOFTWARE_ENDSTOPS mksCfg.min_software_endstops	/*--mks cfg--*/
            ^
"D:\DLP_proj\DLP_github\MKS-DLP-FIRMWARE\Middlewares\Third_Party\Marlin\Configuration.h",824  Warning[Pe047]: 
          incompatible redefinition of macro "MIN_SOFTWARE_ENDSTOPS" (declared
          at line 819)

    #define MAX_SOFTWARE_ENDSTOPS mksCfg.max_software_endstops	/*--mks cfg--*/
            ^
"D:\DLP_proj\DLP_github\MKS-DLP-FIRMWARE\Middlewares\Third_Party\Marlin\Configuration.h",834  Warning[Pe047]: 
          incompatible redefinition of macro "MAX_SOFTWARE_ENDSTOPS" (declared
          at line 829)

  #define strcpy_P(dest, src) strcpy((dest), (src))
          ^
"D:\DLP_proj\DLP_github\MKS-DLP-FIRMWARE\Middlewares\arduino\stm32\cores\arduino\avr\pgmspace.h",23  Warning[Pe047]: 
          incompatible redefinition of macro "strcpy_P" (declared at line 93
          of
          "D:\DLP_proj\DLP_github\MKS-DLP-FIRMWARE\Middlewares\Third_Party\Marl
          in\Marlin_export.h")

  #define strstr_P(a, b) strstr((a), (b))
          ^
"D:\DLP_proj\DLP_github\MKS-DLP-FIRMWARE\Middlewares\arduino\stm32\cores\arduino\avr\pgmspace.h",26  Warning[Pe047]: 
          incompatible redefinition of macro "strstr_P" (declared at line 94
          of
          "D:\DLP_proj\DLP_github\MKS-DLP-FIRMWARE\Middlewares\Third_Party\Marl
          in\Marlin_export.h")

  #define sprintf_P(s, f, ...) sprintf((s), (f), __VA_ARGS__)
          ^
"D:\DLP_proj\DLP_github\MKS-DLP-FIRMWARE\Middlewares\arduino\stm32\cores\arduino\avr\pgmspace.h",28  Warning[Pe047]: 
          incompatible redefinition of macro "sprintf_P" (declared at line 95
          of
          "D:\DLP_proj\DLP_github\MKS-DLP-FIRMWARE\Middlewares\Third_Party\Marl
          in\Marlin_export.h")

  #define pgm_read_word_near(addr) pgm_read_word(addr)
          ^
"D:\DLP_proj\DLP_github\MKS-DLP-FIRMWARE\Middlewares\arduino\stm32\cores\arduino\avr\pgmspace.h",38  Warning[Pe047]: 
          incompatible redefinition of macro "pgm_read_word_near" (declared at
          line 65 of
          "D:\DLP_proj\DLP_github\MKS-DLP-FIRMWARE\Middlewares\Third_Party\Marl
          in\Marlin_export.h")

  #define IS_IWDG_PRESCALER(PRESCALER) (((PRESCALER) == IWDG_Prescaler_4)  || \
          ^
"D:\DLP_proj\DLP_github\MKS-DLP-FIRMWARE\Drivers\libstmf4\include\stm32f4xx_iwdg.h",80  Warning[Pe047]: 
          incompatible redefinition of macro "IS_IWDG_PRESCALER" (declared at
          line 209 of
          "D:\DLP_proj\DLP_github\MKS-DLP-FIRMWARE\Drivers\STM32F4xx_HAL_Driver
          \Inc\stm32f4xx_hal_iwdg.h")

  #define IS_IWDG_RELOAD(RELOAD) ((RELOAD) <= 0xFFF)
          ^
"D:\DLP_proj\DLP_github\MKS-DLP-FIRMWARE\Drivers\libstmf4\include\stm32f4xx_iwdg.h",97  Warning[Pe047]: 
          incompatible redefinition of macro "IS_IWDG_RELOAD" (declared at
          line 222 of
          "D:\DLP_proj\DLP_github\MKS-DLP-FIRMWARE\Drivers\STM32F4xx_HAL_Driver
          \Inc\stm32f4xx_hal_iwdg.h")

  #define IS_FSMC_NORSRAM_BANK(BANK) (((BANK) == FSMC_Bank1_NORSRAM1) || \
          ^
"D:\DLP_proj\DLP_github\MKS-DLP-FIRMWARE\Drivers\libstmf4\include\stm32f4xx_fsmc.h",272  Warning[Pe047]: 
          incompatible redefinition of macro "IS_FSMC_NORSRAM_BANK" (declared
          at line 834 of
          "D:\DLP_proj\DLP_github\MKS-DLP-FIRMWARE\Drivers\STM32F4xx_HAL_Driver
          \Inc\stm32f4xx_ll_fsmc.h")

  #define IS_FSMC_NAND_BANK(BANK) (((BANK) == FSMC_Bank2_NAND) || \
          ^
"D:\DLP_proj\DLP_github\MKS-DLP-FIRMWARE\Drivers\libstmf4\include\stm32f4xx_fsmc.h",277  Warning[Pe047]: 
          incompatible redefinition of macro "IS_FSMC_NAND_BANK" (declared at
          line 855 of
          "D:\DLP_proj\DLP_github\MKS-DLP-FIRMWARE\Drivers\STM32F4xx_HAL_Driver
          \Inc\stm32f4xx_ll_fsmc.h")

  #define IS_FSMC_MUX(MUX) (((MUX) == FSMC_DataAddressMux_Disable) || \
          ^
"D:\DLP_proj\DLP_github\MKS-DLP-FIRMWARE\Drivers\libstmf4\include\stm32f4xx_fsmc.h",298  Warning[Pe047]: 
          incompatible redefinition of macro "IS_FSMC_MUX" (declared at line
          839 of
          "D:\DLP_proj\DLP_github\MKS-DLP-FIRMWARE\Drivers\STM32F4xx_HAL_Driver
          \Inc\stm32f4xx_ll_fsmc.h")

  #define IS_FSMC_MEMORY(MEMORY) (((MEMORY) == FSMC_MemoryType_SRAM) || \
          ^
"D:\DLP_proj\DLP_github\MKS-DLP-FIRMWARE\Drivers\libstmf4\include\stm32f4xx_fsmc.h",311  Warning[Pe047]: 
          incompatible redefinition of macro "IS_FSMC_MEMORY" (declared at
          line 842 of
          "D:\DLP_proj\DLP_github\MKS-DLP-FIRMWARE\Drivers\STM32F4xx_HAL_Driver
          \Inc\stm32f4xx_ll_fsmc.h")

  #define IS_FSMC_BURSTMODE(STATE) (((STATE) == FSMC_BurstAccessMode_Disable) || \
          ^
"D:\DLP_proj\DLP_github\MKS-DLP-FIRMWARE\Drivers\libstmf4\include\stm32f4xx_fsmc.h",336  Warning[Pe047]: 
          incompatible redefinition of macro "IS_FSMC_BURSTMODE" (declared at
          line 894 of
          "D:\DLP_proj\DLP_github\MKS-DLP-FIRMWARE\Drivers\STM32F4xx_HAL_Driver
          \Inc\stm32f4xx_ll_fsmc.h")

  #define IS_FSMC_ASYNWAIT(STATE) (((STATE) == FSMC_AsynchronousWait_Disable) || \
          ^
"D:\DLP_proj\DLP_github\MKS-DLP-FIRMWARE\Drivers\libstmf4\include\stm32f4xx_fsmc.h",347  Warning[Pe047]: 
          incompatible redefinition of macro "IS_FSMC_ASYNWAIT" (declared at
          line 915 of
          "D:\DLP_proj\DLP_github\MKS-DLP-FIRMWARE\Drivers\STM32F4xx_HAL_Driver
          \Inc\stm32f4xx_ll_fsmc.h")

  #define IS_FSMC_WAIT_POLARITY(POLARITY) (((POLARITY) == FSMC_WaitSignalPolarity_Low) || \
          ^
"D:\DLP_proj\DLP_github\MKS-DLP-FIRMWARE\Drivers\libstmf4\include\stm32f4xx_fsmc.h",358  Warning[Pe047]: 
          incompatible redefinition of macro "IS_FSMC_WAIT_POLARITY" (declared
          at line 897 of
          "D:\DLP_proj\DLP_github\MKS-DLP-FIRMWARE\Drivers\STM32F4xx_HAL_Driver
          \Inc\stm32f4xx_ll_fsmc.h")

  #define IS_FSMC_WRAP_MODE(MODE) (((MODE) == FSMC_WrapMode_Disable) || \
          ^
"D:\DLP_proj\DLP_github\MKS-DLP-FIRMWARE\Drivers\libstmf4\include\stm32f4xx_fsmc.h",369  Warning[Pe047]: 
          incompatible redefinition of macro "IS_FSMC_WRAP_MODE" (declared at
          line 900 of
          "D:\DLP_proj\DLP_github\MKS-DLP-FIRMWARE\Drivers\STM32F4xx_HAL_Driver
          \Inc\stm32f4xx_ll_fsmc.h")

  #define IS_FSMC_WAIT_SIGNAL_ACTIVE(ACTIVE) (((ACTIVE) == FSMC_WaitSignalActive_BeforeWaitState) || \
          ^
"D:\DLP_proj\DLP_github\MKS-DLP-FIRMWARE\Drivers\libstmf4\include\stm32f4xx_fsmc.h",380  Warning[Pe047]: 
          incompatible redefinition of macro "IS_FSMC_WAIT_SIGNAL_ACTIVE"
          (declared at line 903 of
          "D:\DLP_proj\DLP_github\MKS-DLP-FIRMWARE\Drivers\STM32F4xx_HAL_Driver
          \Inc\stm32f4xx_ll_fsmc.h")

  #define IS_FSMC_WRITE_OPERATION(OPERATION) (((OPERATION) == FSMC_WriteOperation_Disable) || \
          ^
"D:\DLP_proj\DLP_github\MKS-DLP-FIRMWARE\Drivers\libstmf4\include\stm32f4xx_fsmc.h",391  Warning[Pe047]: 
          incompatible redefinition of macro "IS_FSMC_WRITE_OPERATION"
          (declared at line 906 of
          "D:\DLP_proj\DLP_github\MKS-DLP-FIRMWARE\Drivers\STM32F4xx_HAL_Driver
          \Inc\stm32f4xx_ll_fsmc.h")

  #define IS_FSMC_WAITE_SIGNAL(SIGNAL) (((SIGNAL) == FSMC_WaitSignal_Disable) || \
          ^
"D:\DLP_proj\DLP_github\MKS-DLP-FIRMWARE\Drivers\libstmf4\include\stm32f4xx_fsmc.h",402  Warning[Pe047]: 
          incompatible redefinition of macro "IS_FSMC_WAITE_SIGNAL" (declared
          at line 909 of
          "D:\DLP_proj\DLP_github\MKS-DLP-FIRMWARE\Drivers\STM32F4xx_HAL_Driver
          \Inc\stm32f4xx_ll_fsmc.h")

  #define IS_FSMC_EXTENDED_MODE(MODE) (((MODE) == FSMC_ExtendedMode_Disable) || \
          ^
"D:\DLP_proj\DLP_github\MKS-DLP-FIRMWARE\Drivers\libstmf4\include\stm32f4xx_fsmc.h",414  Warning[Pe047]: 
          incompatible redefinition of macro "IS_FSMC_EXTENDED_MODE" (declared
          at line 912 of
          "D:\DLP_proj\DLP_github\MKS-DLP-FIRMWARE\Drivers\STM32F4xx_HAL_Driver
          \Inc\stm32f4xx_ll_fsmc.h")

  #define IS_FSMC_WRITE_BURST(BURST) (((BURST) == FSMC_WriteBurst_Disable) || \
          ^
"D:\DLP_proj\DLP_github\MKS-DLP-FIRMWARE\Drivers\libstmf4\include\stm32f4xx_fsmc.h",426  Warning[Pe047]: 
          incompatible redefinition of macro "IS_FSMC_WRITE_BURST" (declared
          at line 920 of
          "D:\DLP_proj\DLP_github\MKS-DLP-FIRMWARE\Drivers\STM32F4xx_HAL_Driver
          \Inc\stm32f4xx_ll_fsmc.h")

  #define IS_FSMC_ADDRESS_SETUP_TIME(TIME) ((TIME) <= 0xF)
          ^
"D:\DLP_proj\DLP_github\MKS-DLP-FIRMWARE\Drivers\libstmf4\include\stm32f4xx_fsmc.h",435  Warning[Pe047]: 
          incompatible redefinition of macro "IS_FSMC_ADDRESS_SETUP_TIME"
          (declared at line 923 of
          "D:\DLP_proj\DLP_github\MKS-DLP-FIRMWARE\Drivers\STM32F4xx_HAL_Driver
          \Inc\stm32f4xx_ll_fsmc.h")

  #define IS_FSMC_ADDRESS_HOLD_TIME(TIME) ((TIME) <= 0xF)
          ^
"D:\DLP_proj\DLP_github\MKS-DLP-FIRMWARE\Drivers\libstmf4\include\stm32f4xx_fsmc.h",443  Warning[Pe047]: 
          incompatible redefinition of macro "IS_FSMC_ADDRESS_HOLD_TIME"
          (declared at line 925 of
          "D:\DLP_proj\DLP_github\MKS-DLP-FIRMWARE\Drivers\STM32F4xx_HAL_Driver
          \Inc\stm32f4xx_ll_fsmc.h")

  #define IS_FSMC_DATASETUP_TIME(TIME) (((TIME) > 0) && ((TIME) <= 0xFF))
          ^
"D:\DLP_proj\DLP_github\MKS-DLP-FIRMWARE\Drivers\libstmf4\include\stm32f4xx_fsmc.h",451  Warning[Pe047]: 
          incompatible redefinition of macro "IS_FSMC_DATASETUP_TIME"
          (declared at line 927 of
          "D:\DLP_proj\DLP_github\MKS-DLP-FIRMWARE\Drivers\STM32F4xx_HAL_Driver
          \Inc\stm32f4xx_ll_fsmc.h")

  #define IS_FSMC_TURNAROUND_TIME(TIME) ((TIME) <= 0xF)
          ^
"D:\DLP_proj\DLP_github\MKS-DLP-FIRMWARE\Drivers\libstmf4\include\stm32f4xx_fsmc.h",459  Warning[Pe047]: 
          incompatible redefinition of macro "IS_FSMC_TURNAROUND_TIME"
          (declared at line 929 of
          "D:\DLP_proj\DLP_github\MKS-DLP-FIRMWARE\Drivers\STM32F4xx_HAL_Driver
          \Inc\stm32f4xx_ll_fsmc.h")

  #define IS_FSMC_CLK_DIV(DIV) ((DIV) <= 0xF)
          ^
"D:\DLP_proj\DLP_github\MKS-DLP-FIRMWARE\Drivers\libstmf4\include\stm32f4xx_fsmc.h",467  Warning[Pe047]: 
          incompatible redefinition of macro "IS_FSMC_CLK_DIV" (declared at
          line 934 of
          "D:\DLP_proj\DLP_github\MKS-DLP-FIRMWARE\Drivers\STM32F4xx_HAL_Driver
          \Inc\stm32f4xx_ll_fsmc.h")

  #define IS_FSMC_DATA_LATENCY(LATENCY) ((LATENCY) <= 0xF)
          ^
"D:\DLP_proj\DLP_github\MKS-DLP-FIRMWARE\Drivers\libstmf4\include\stm32f4xx_fsmc.h",475  Warning[Pe047]: 
          incompatible redefinition of macro "IS_FSMC_DATA_LATENCY" (declared
          at line 918 of
          "D:\DLP_proj\DLP_github\MKS-DLP-FIRMWARE\Drivers\STM32F4xx_HAL_Driver
          \Inc\stm32f4xx_ll_fsmc.h")

  #define IS_FSMC_ACCESS_MODE(MODE) (((MODE) == FSMC_AccessMode_A) || \
          ^
"D:\DLP_proj\DLP_github\MKS-DLP-FIRMWARE\Drivers\libstmf4\include\stm32f4xx_fsmc.h",487  Warning[Pe047]: 
          incompatible redefinition of macro "IS_FSMC_ACCESS_MODE" (declared
          at line 850 of
          "D:\DLP_proj\DLP_github\MKS-DLP-FIRMWARE\Drivers\STM32F4xx_HAL_Driver
          \Inc\stm32f4xx_ll_fsmc.h")

  #define IS_FSMC_WAIT_FEATURE(FEATURE) (((FEATURE) == FSMC_Waitfeature_Disable) || \
          ^
"D:\DLP_proj\DLP_github\MKS-DLP-FIRMWARE\Drivers\libstmf4\include\stm32f4xx_fsmc.h",508  Warning[Pe047]: 
          incompatible redefinition of macro "IS_FSMC_WAIT_FEATURE" (declared
          at line 858 of
          "D:\DLP_proj\DLP_github\MKS-DLP-FIRMWARE\Drivers\STM32F4xx_HAL_Driver
          \Inc\stm32f4xx_ll_fsmc.h")

  #define IS_FSMC_ECC_STATE(STATE) (((STATE) == FSMC_ECC_Disable) || \
          ^
"D:\DLP_proj\DLP_github\MKS-DLP-FIRMWARE\Drivers\libstmf4\include\stm32f4xx_fsmc.h",520  Warning[Pe047]: 
          incompatible redefinition of macro "IS_FSMC_ECC_STATE" (declared at
          line 864 of
          "D:\DLP_proj\DLP_github\MKS-DLP-FIRMWARE\Drivers\STM32F4xx_HAL_Driver
          \Inc\stm32f4xx_ll_fsmc.h")

  #define IS_FSMC_ECCPAGE_SIZE(SIZE) (((SIZE) == FSMC_ECCPageSize_256Bytes) || \
          ^
"D:\DLP_proj\DLP_github\MKS-DLP-FIRMWARE\Drivers\libstmf4\include\stm32f4xx_fsmc.h",535  Warning[Pe047]: 
          incompatible redefinition of macro "IS_FSMC_ECCPAGE_SIZE" (declared
          at line 867 of
          "D:\DLP_proj\DLP_github\MKS-DLP-FIRMWARE\Drivers\STM32F4xx_HAL_Driver
          \Inc\stm32f4xx_ll_fsmc.h")

  #define IS_FSMC_TCLR_TIME(TIME) ((TIME) <= 0xFF)
          ^
"D:\DLP_proj\DLP_github\MKS-DLP-FIRMWARE\Drivers\libstmf4\include\stm32f4xx_fsmc.h",548  Warning[Pe047]: 
          incompatible redefinition of macro "IS_FSMC_TCLR_TIME" (declared at
          line 874 of
          "D:\DLP_proj\DLP_github\MKS-DLP-FIRMWARE\Drivers\STM32F4xx_HAL_Driver
          \Inc\stm32f4xx_ll_fsmc.h")

  #define IS_FSMC_TAR_TIME(TIME) ((TIME) <= 0xFF)
          ^
"D:\DLP_proj\DLP_github\MKS-DLP-FIRMWARE\Drivers\libstmf4\include\stm32f4xx_fsmc.h",556  Warning[Pe047]: 
          incompatible redefinition of macro "IS_FSMC_TAR_TIME" (declared at
          line 876 of
          "D:\DLP_proj\DLP_github\MKS-DLP-FIRMWARE\Drivers\STM32F4xx_HAL_Driver
          \Inc\stm32f4xx_ll_fsmc.h")

  #define IS_FSMC_SETUP_TIME(TIME) ((TIME) <= 0xFF)
          ^
"D:\DLP_proj\DLP_github\MKS-DLP-FIRMWARE\Drivers\libstmf4\include\stm32f4xx_fsmc.h",564  Warning[Pe047]: 
          incompatible redefinition of macro "IS_FSMC_SETUP_TIME" (declared at
          line 878 of
          "D:\DLP_proj\DLP_github\MKS-DLP-FIRMWARE\Drivers\STM32F4xx_HAL_Driver
          \Inc\stm32f4xx_ll_fsmc.h")

  #define IS_FSMC_WAIT_TIME(TIME) ((TIME) <= 0xFF)
          ^
"D:\DLP_proj\DLP_github\MKS-DLP-FIRMWARE\Drivers\libstmf4\include\stm32f4xx_fsmc.h",572  Warning[Pe047]: 
          incompatible redefinition of macro "IS_FSMC_WAIT_TIME" (declared at
          line 880 of
          "D:\DLP_proj\DLP_github\MKS-DLP-FIRMWARE\Drivers\STM32F4xx_HAL_Driver
          \Inc\stm32f4xx_ll_fsmc.h")

  #define IS_FSMC_HOLD_TIME(TIME) ((TIME) <= 0xFF)
          ^
"D:\DLP_proj\DLP_github\MKS-DLP-FIRMWARE\Drivers\libstmf4\include\stm32f4xx_fsmc.h",580  Warning[Pe047]: 
          incompatible redefinition of macro "IS_FSMC_HOLD_TIME" (declared at
          line 882 of
          "D:\DLP_proj\DLP_github\MKS-DLP-FIRMWARE\Drivers\STM32F4xx_HAL_Driver
          \Inc\stm32f4xx_ll_fsmc.h")

  #define IS_FSMC_HIZ_TIME(TIME) ((TIME) <= 0xFF)
          ^
"D:\DLP_proj\DLP_github\MKS-DLP-FIRMWARE\Drivers\libstmf4\include\stm32f4xx_fsmc.h",588  Warning[Pe047]: 
          incompatible redefinition of macro "IS_FSMC_HIZ_TIME" (declared at
          line 884 of
          "D:\DLP_proj\DLP_github\MKS-DLP-FIRMWARE\Drivers\STM32F4xx_HAL_Driver
          \Inc\stm32f4xx_ll_fsmc.h")

  #define FSMC_FLAG_FEMPT                          ((uint32_t)0x00000040)
          ^
"D:\DLP_proj\DLP_github\MKS-DLP-FIRMWARE\Drivers\libstmf4\include\stm32f4xx_fsmc.h",613  Warning[Pe047]: 
          incompatible redefinition of macro "FSMC_FLAG_FEMPT" (declared at
          line 530 of
          "D:\DLP_proj\DLP_github\MKS-DLP-FIRMWARE\Drivers\STM32F4xx_HAL_Driver
          \Inc\stm32f4xx_ll_fsmc.h")

    #define assert_param(expr) ((void)0)        
            ^
"D:\DLP_proj\DLP_github\MKS-DLP-FIRMWARE\Drivers\libstmf4\stm32f4xx_conf.h",149  Warning[Pe047]: 
          incompatible redefinition of macro "assert_param" (declared at line
          431 of
          "D:\DLP_proj\DLP_github\MKS-DLP-FIRMWARE\Inc\stm32f4xx_hal_conf.h")
      8          #include "cardreader.h"

  #define SD_DETECT_INVERTED false
          ^
"D:\DLP_proj\DLP_github\MKS-DLP-FIRMWARE\Middlewares\Third_Party\Marlin\cardreader.h",27  Warning[Pe047]: 
          incompatible redefinition of macro "SD_DETECT_INVERTED" (declared at
          line 512 of
          "D:\DLP_proj\DLP_github\MKS-DLP-FIRMWARE\Middlewares\Third_Party\Marl
          in\Configuration_adv.h")

  #define PSTR(s) s
          ^
"D:\DLP_proj\DLP_github\MKS-DLP-FIRMWARE\Middlewares\Third_Party\Marlin\cardreader.h",31  Warning[Pe047]: 
          incompatible redefinition of macro "PSTR" (declared at line 63 of
          "D:\DLP_proj\DLP_github\MKS-DLP-FIRMWARE\EWARM/../Middlewares/Third_P
          arty/Marlin\marlin.h")

  #define pgm_read_byte(x) (*(char*)x)
          ^
"D:\DLP_proj\DLP_github\MKS-DLP-FIRMWARE\Middlewares\Third_Party\Marlin\cardreader.h",32  Warning[Pe047]: 
          incompatible redefinition of macro "pgm_read_byte" (declared at line
          64 of
          "D:\DLP_proj\DLP_github\MKS-DLP-FIRMWARE\Middlewares\Third_Party\Marl
          in\Marlin_export.h")

      static constexpr int8_t next_block_index(const int8_t block_index) { return BLOCK_MOD(block_index + 1); }
             ^
"D:\DLP_proj\DLP_github\MKS-DLP-FIRMWARE\Middlewares\Third_Party\Marlin\planner.h",582  Warning[Pe815]: 
          type qualifier on return type is meaningless

      static constexpr int8_t prev_block_index(const int8_t block_index) { return BLOCK_MOD(block_index - 1); }
             ^
"D:\DLP_proj\DLP_github\MKS-DLP-FIRMWARE\Middlewares\Third_Party\Marlin\planner.h",583  Warning[Pe815]: 
          type qualifier on return type is meaningless

        target_temperature[HOTEND_INDEX] = celsius;
                                         ^
"D:\DLP_proj\DLP_github\MKS-DLP-FIRMWARE\Middlewares\Third_Party\Marlin\temperature.h",397  Warning[Pa093]: 
          implicit conversion from floating point to integer

  #define LONG_FILENAME_LENGTH (13*MAX_VFAT_ENTRIES+1)
          ^
"D:\DLP_proj\DLP_github\MKS-DLP-FIRMWARE\Middlewares\Third_Party\Marlin\cardreader.h",61  Warning[Pe047]: 
          incompatible redefinition of macro "LONG_FILENAME_LENGTH" (declared
          at line 119 of
          "D:\DLP_proj\DLP_github\MKS-DLP-FIRMWARE\Middlewares\Third_Party\Marl
          in\SdFatConfig.h")

  #define ALLOW_DEPRECATED_FUNCTIONS 0
          ^
"D:\DLP_proj\DLP_github\MKS-DLP-FIRMWARE\Middlewares\Third_Party\Marlin\SdFat.h",635  Warning[Pe047]: 
          incompatible redefinition of macro "ALLOW_DEPRECATED_FUNCTIONS"
          (declared at line 67 of
          "D:\DLP_proj\DLP_github\MKS-DLP-FIRMWARE\Middlewares\Third_Party\Marl
          in\SdFatConfig.h")

  #define SPI_SD_INIT_RATE 11
          ^
"D:\DLP_proj\DLP_github\MKS-DLP-FIRMWARE\Middlewares\Third_Party\Marlin\SdFat.h",647  Warning[Pe047]: 
          incompatible redefinition of macro "SPI_SD_INIT_RATE" (declared at
          line 79 of
          "D:\DLP_proj\DLP_github\MKS-DLP-FIRMWARE\Middlewares\Third_Party\Marl
          in\SdFatConfig.h")
      9          #include "mks_reprint.h"
     10          #include "planner.h"
     11          #include "fatfs.h"
     12          
     13          #include "mks_dlp_main.h"
     14          extern void startFileprint_cbd();
     15          
     16          extern uint8_t preview_no_display;
     17          extern uint8_t gcode_preview_over;
     18          

   \                                 In section .bss, align 4
     19          GUI_HWIN hPreviewWnd;
   \                     hPreviewWnd:
   \   00000000                      DS8 2
   \   00000002                      DS8 2
   \   00000004                      DS8 24
   \   0000001C                      DS8 24

   \                                 In section .bss, align 4
     20          static BUTTON_STRUCT button_del_file,button_print, buttonRet;
   \                     buttonRet:
   \   00000000                      DS8 24
     21          

   \                                 In section .text, align 2, keep-with-next
     22          static void cbPreviewWin(WM_MESSAGE * pMsg) {
     23          	char *temp;
     24          	
     25              switch (pMsg->MsgId)
   \                     _Z12cbPreviewWinP10WM_MESSAGE: (+1)
   \   00000000   0x6801             LDR      R1,[R0, #+0]
   \   00000002   0x290C             CMP      R1,#+12
   \   00000004   0xD100             BNE.N    ??cbPreviewWin_0
   \   00000006   0x4770             BX       LR
   \                     ??cbPreviewWin_0: (+1)
   \   00000008   0xB538             PUSH     {R3-R5,LR}
   \   0000000A   0x290D             CMP      R1,#+13
   \   0000000C   0xF000 0x8087      BEQ.W    ??cbPreviewWin_1
   \   00000010   0x290F             CMP      R1,#+15
   \   00000012   0xD002             BEQ.N    ??cbPreviewWin_2
   \   00000014   0x2926             CMP      R1,#+38
   \   00000016   0xD017             BEQ.N    ??cbPreviewWin_3
   \   00000018   0xE07D             B.N      ??cbPreviewWin_4
     26              {
     27              case WM_PAINT:
     28                  //GUI_SetColor(0xfed965);
     29                  //GUI_DrawRect(10-1, 190-1, 150+1,250+1);
     30          		if(mksdlp.print_file_type==1)
   \                     ??cbPreviewWin_2: (+1)
   \   0000001A   0x....             LDR.N    R0,??DataTable6
   \   0000001C   0xF890 0x02F3      LDRB     R0,[R0, #+755]
   \   00000020   0x2801             CMP      R0,#+1
   \   00000022   0xD103             BNE.N    ??cbPreviewWin_5
     31                  	GUI_SetColor(0x000000);
   \   00000024   0x2000             MOVS     R0,#+0
   \   00000026   0x.... 0x....      BL       GUI_SetColor
   \   0000002A   0xE002             B.N      ??cbPreviewWin_6
     32          		else
     33          			GUI_SetColor(0x5C5C5C);
   \                     ??cbPreviewWin_5: (+1)
   \   0000002C   0x....             LDR.N    R0,??DataTable6_1  ;; 0x5c5c5c
   \   0000002E   0x.... 0x....      BL       GUI_SetColor
     34                  GUI_FillRect(15,15,355,305);
   \                     ??cbPreviewWin_6: (+1)
   \   00000032   0xF240 0x1331      MOVW     R3,#+305
   \   00000036   0xF240 0x1263      MOVW     R2,#+355
   \   0000003A   0x210F             MOVS     R1,#+15
   \   0000003C   0x4608             MOV      R0,R1
   \   0000003E   0xB001             ADD      SP,SP,#+4
   \   00000040   0xE8BD 0x4030      POP      {R4,R5,LR}
   \   00000044   0x.... 0x....      B.W      GUI_FillRect
     35                  break;
     36              case WM_TOUCH:
     37                  
     38                  break;
     39              case WM_TOUCH_CHILD:
     40                  
     41                  break;
     42                  
     43              case WM_NOTIFY_PARENT:   
     44                  if(pMsg->Data.v == WM_NOTIFICATION_RELEASED)
   \                     ??cbPreviewWin_3: (+1)
   \   00000048   0x6881             LDR      R1,[R0, #+8]
   \   0000004A   0x2902             CMP      R1,#+2
   \   0000004C   0xD167             BNE.N    ??cbPreviewWin_1
     45                  {
     46                      if(pMsg->hWinSrc == buttonRet.btnHandle)
   \   0000004E   0xF9B0 0x0006      LDRSH    R0,[R0, #+6]
   \   00000052   0x....             LDR.N    R1,??DataTable6_2
   \   00000054   0xF9B1 0x1000      LDRSH    R1,[R1, #+0]
   \   00000058   0x4288             CMP      R0,R1
   \   0000005A   0xD108             BNE.N    ??cbPreviewWin_7
     47                      {
     48           				    last_disp_state = PREVIEW_UI;
   \   0000005C   0x2026             MOVS     R0,#+38
   \   0000005E   0x....             LDR.N    R1,??DataTable6_3
   \   00000060   0x7008             STRB     R0,[R1, #+0]
     49          					Clear_Preview();
   \   00000062   0x.... 0x....      BL       Clear_Preview
     50          					draw_return_ui();               
   \   00000066   0xE8BD 0x4031      POP      {R0,R4,R5,LR}
   \   0000006A   0x.... 0x....      B.W      draw_return_ui
     51                      }
     52                      else if(pMsg->hWinSrc == button_print.btnHandle)
   \                     ??cbPreviewWin_7: (+1)
   \   0000006E   0x....             LDR.N    R1,??DataTable6_4
   \   00000070   0xF9B1 0x201C      LDRSH    R2,[R1, #+28]
   \   00000074   0x4290             CMP      R0,R2
   \   00000076   0xD143             BNE.N    ??cbPreviewWin_8
     53                      {
     54                          if(gcode_preview_over!=1)
   \   00000078   0x....             LDR.N    R0,??DataTable6_5
   \   0000007A   0x7800             LDRB     R0,[R0, #+0]
   \   0000007C   0x2801             CMP      R0,#+1
   \   0000007E   0xD04E             BEQ.N    ??cbPreviewWin_1
     55                              {
     56                          reset_print_time();
   \   00000080   0x.... 0x....      BL       reset_print_time
     57                          start_print_time();
   \   00000084   0x.... 0x....      BL       start_print_time
     58          
     59                          //preview_gcode_prehandle(curFileName);
     60                          value_test=1;
   \   00000088   0x2001             MOVS     R0,#+1
   \   0000008A   0x....             LDR.N    R1,??DataTable6_6
   \   0000008C   0x7008             STRB     R0,[R1, #+0]
     61                          Clear_Preview();
   \   0000008E   0x.... 0x....      BL       Clear_Preview
     62                          GUI_Exec();	//skyblue test 2018-12
   \   00000092   0x.... 0x....      BL       GUI_Exec
     63                          draw_printing();      // printing_step1  
   \   00000096   0x.... 0x....      BL       draw_printing
     64                          GUI_Exec();	//skyblue test 2018-12
   \   0000009A   0x.... 0x....      BL       GUI_Exec
     65                          if(card.openFile(curFileName, true))
   \   0000009E   0x....             LDR.N    R5,??DataTable6_7
   \   000000A0   0x....             LDR.N    R4,??DataTable6_8
   \   000000A2   0x2301             MOVS     R3,#+1
   \   000000A4   0x461A             MOV      R2,R3
   \   000000A6   0x4621             MOV      R1,R4
   \   000000A8   0x4628             MOV      R0,R5
   \   000000AA   0x.... 0x....      BL       _ZN10CardReader8openFileEPcbb
   \   000000AE   0x2800             CMP      R0,#+0
   \   000000B0   0xD035             BEQ.N    ??cbPreviewWin_1
     66                          {
     67                              feedrate_percentage = 100;
   \   000000B2   0x2064             MOVS     R0,#+100
   \   000000B4   0x....             LDR.N    R1,??DataTable6_9
   \   000000B6   0x8008             STRH     R0,[R1, #+0]
     68                              saved_feedrate_percentage = feedrate_percentage;
   \   000000B8   0x....             LDR.N    R1,??DataTable6_10
   \   000000BA   0x8008             STRH     R0,[R1, #+0]
     69                              planner.flow_percentage[0] = 100;
   \   000000BC   0x....             LDR.N    R1,??DataTable6_11
   \   000000BE   0x8008             STRH     R0,[R1, #+0]
     70                          	card.startFileprint();
   \   000000C0   0x4628             MOV      R0,R5
   \   000000C2   0x.... 0x....      BL       _ZN10CardReader14startFileprintEv
     71                            #if ENABLED(MKS_DLP_BOARD)
     72                          	//mksdlp.getHead();
     73                          	temp = strstr(curFileName,".mdlp");
     74          				  	if(temp != NULL)
   \   000000C6   0x....             LDR.N    R5,??DataTable6
   \   000000C8   0x.... 0x....      ADR.W    R1,`?<Constant ".mdlp">`
   \   000000CC   0x4620             MOV      R0,R4
   \   000000CE   0x.... 0x....      BL       _Z6strstrPcPKc
   \   000000D2   0x2800             CMP      R0,#+0
   \   000000D4   0xD003             BEQ.N    ??cbPreviewWin_9
     75          				  	{
     76          				  		mksdlp.print_file_type = 1;// .mksdlp
   \   000000D6   0x2001             MOVS     R0,#+1
   \   000000D8   0xF885 0x02F3      STRB     R0,[R5, #+755]
   \   000000DC   0xE002             B.N      ??cbPreviewWin_10
     77          				  	}
     78          					else
     79          					{
     80          						mksdlp.print_file_type = 2; // .cbddlp
   \                     ??cbPreviewWin_9: (+1)
   \   000000DE   0x2002             MOVS     R0,#+2
   \   000000E0   0xF885 0x02F3      STRB     R0,[R5, #+755]
     81          					}
     82          					
     83                          	if(mksdlp.print_file_type==1)
   \                     ??cbPreviewWin_10: (+1)
   \   000000E4   0xF895 0x02F3      LDRB     R0,[R5, #+755]
   \   000000E8   0x2801             CMP      R0,#+1
   \   000000EA   0x4628             MOV      R0,R5
   \   000000EC   0xD102             BNE.N    ??cbPreviewWin_11
     84                          	{
     85          						mksdlp.startFileprint();
   \   000000EE   0x.... 0x....      BL       _ZN7MKS_DLP14startFileprintEv
   \   000000F2   0xE001             B.N      ??cbPreviewWin_12
     86                          	}
     87          					else
     88          					{
     89          						mksdlp.startFileprint_cbd();
   \                     ??cbPreviewWin_11: (+1)
   \   000000F4   0x.... 0x....      BL       _ZN7MKS_DLP18startFileprint_cbdEv
     90          					}
     91          					
     92                            #endif
     93                          	once_flag = 0;
   \                     ??cbPreviewWin_12: (+1)
   \   000000F8   0x2000             MOVS     R0,#+0
   \   000000FA   0x....             LDR.N    R1,??DataTable6_12
   \   000000FC   0x6008             STR      R0,[R1, #+0]
   \   000000FE   0xBD31             POP      {R0,R4,R5,PC}
     94          #if 0    //skyblue modify 2018-10                    
     95                            if(preview_no_display != 1)
     96                              card.setIndex(PREVIEW_SIZE+To_pre_view);  
     97          #endif                  
     98                          }
     99                              }
    100                      }
    101                      else if(pMsg->hWinSrc == button_del_file.btnHandle)
   \                     ??cbPreviewWin_8: (+1)
   \   00000100   0xF9B1 0x1004      LDRSH    R1,[R1, #+4]
   \   00000104   0x4288             CMP      R0,R1
   \   00000106   0xD10A             BNE.N    ??cbPreviewWin_1
    102                      {
    103                          
    104                          Clear_Preview();
   \   00000108   0x.... 0x....      BL       Clear_Preview
    105                          draw_dialog(DIALOG_TYPE_DEL_FILE);
   \   0000010C   0x2014             MOVS     R0,#+20
   \   0000010E   0xE8BD 0x4032      POP      {R1,R4,R5,LR}
   \   00000112   0x.... 0x....      B.W      draw_dialog
    106                      }
    107                  }
    108                  break;
    109                 default:
    110          			WM_DefaultProc(pMsg);
   \                     ??cbPreviewWin_4: (+1)
   \   00000116   0xE8BD 0x4032      POP      {R1,R4,R5,LR}
   \   0000011A   0x.... 0x....      B.W      WM_DefaultProc
    111              }
    112          
    113          }
   \                     ??cbPreviewWin_1: (+1)
   \   0000011E   0xBD31             POP      {R0,R4,R5,PC}    ;; return
    114          

   \                                 In section .text, align 2, keep-with-next
    115          void draw_Preview()
    116          {
   \                     draw_Preview: (+1)
   \   00000000   0xE92D 0x47FF      PUSH     {R0-R10,LR}
    117          	if(disp_state_stack._disp_state[disp_state_stack._disp_index] != PREVIEW_UI)
   \   00000004   0x....             LDR.N    R0,??DataTable6_13
   \   00000006   0xF990 0x1064      LDRSB    R1,[R0, #+100]
   \   0000000A   0x560A             LDRSB    R2,[R1, R0]
   \   0000000C   0x2A26             CMP      R2,#+38
   \   0000000E   0xD005             BEQ.N    ??draw_Preview_0
    118          	{
    119          		disp_state_stack._disp_index++;
   \   00000010   0x1C49             ADDS     R1,R1,#+1
   \   00000012   0xF880 0x1064      STRB     R1,[R0, #+100]
    120          		disp_state_stack._disp_state[disp_state_stack._disp_index] = PREVIEW_UI;
   \   00000016   0x2226             MOVS     R2,#+38
   \   00000018   0xB249             SXTB     R1,R1
   \   0000001A   0x540A             STRB     R2,[R1, R0]
    121          	}
    122          	disp_state = PREVIEW_UI;
   \                     ??draw_Preview_0: (+1)
   \   0000001C   0x2026             MOVS     R0,#+38
   \   0000001E   0x....             LDR.N    R1,??DataTable6_14
   \   00000020   0x7008             STRB     R0,[R1, #+0]
    123          	
    124          	GUI_SetBkColor(gCfgItems.background_color);
   \   00000022   0x....             LDR.N    R4,??DataTable6_15
   \   00000024   0x6860             LDR      R0,[R4, #+4]
   \   00000026   0x.... 0x....      BL       GUI_SetBkColor
    125          	GUI_SetColor(gCfgItems.title_color);
   \   0000002A   0x1D25             ADDS     R5,R4,#+4
   \   0000002C   0x6D68             LDR      R0,[R5, #+84]
   \   0000002E   0x.... 0x....      BL       GUI_SetColor
    126          	GUI_Clear();    
   \   00000032   0x.... 0x....      BL       GUI_Clear
    127          
    128              hPreviewWnd = WM_CreateWindow(0, 0, LCD_WIDTH, LCD_HEIGHT, WM_CF_SHOW, cbPreviewWin, 0);
   \   00000036   0x2000             MOVS     R0,#+0
   \   00000038   0x9002             STR      R0,[SP, #+8]
   \   0000003A   0x....             LDR.N    R0,??DataTable6_16
   \   0000003C   0x9001             STR      R0,[SP, #+4]
   \   0000003E   0x2002             MOVS     R0,#+2
   \   00000040   0x9000             STR      R0,[SP, #+0]
   \   00000042   0xF44F 0x73A0      MOV      R3,#+320
   \   00000046   0xF44F 0x72F0      MOV      R2,#+480
   \   0000004A   0x2100             MOVS     R1,#+0
   \   0000004C   0x4608             MOV      R0,R1
   \   0000004E   0x.... 0x....      BL       WM_CreateWindow
   \   00000052   0x....             LDR.N    R6,??DataTable6_4
   \   00000054   0x8030             STRH     R0,[R6, #+0]
    129              button_del_file.btnHandle = BUTTON_CreateEx(375,15,90,90,hPreviewWnd,BUTTON_CF_SHOW, 0, 308);
   \   00000056   0xF240 0x1777      MOVW     R7,#+375
   \   0000005A   0xF44F 0x719A      MOV      R1,#+308
   \   0000005E   0x9103             STR      R1,[SP, #+12]
   \   00000060   0x2100             MOVS     R1,#+0
   \   00000062   0x9102             STR      R1,[SP, #+8]
   \   00000064   0x2102             MOVS     R1,#+2
   \   00000066   0x9101             STR      R1,[SP, #+4]
   \   00000068   0x9000             STR      R0,[SP, #+0]
   \   0000006A   0x235A             MOVS     R3,#+90
   \   0000006C   0x461A             MOV      R2,R3
   \   0000006E   0x210F             MOVS     R1,#+15
   \   00000070   0x4638             MOV      R0,R7
   \   00000072   0x.... 0x....      BL       BUTTON_CreateEx
   \   00000076   0x80B0             STRH     R0,[R6, #+4]
    130              button_print.btnHandle = BUTTON_CreateEx(375,115,90,90,hPreviewWnd,BUTTON_CF_SHOW, 0, 308);
   \   00000078   0xF44F 0x709A      MOV      R0,#+308
   \   0000007C   0x9003             STR      R0,[SP, #+12]
   \   0000007E   0x2000             MOVS     R0,#+0
   \   00000080   0x9002             STR      R0,[SP, #+8]
   \   00000082   0x2002             MOVS     R0,#+2
   \   00000084   0x9001             STR      R0,[SP, #+4]
   \   00000086   0xF9B6 0x0000      LDRSH    R0,[R6, #+0]
   \   0000008A   0x9000             STR      R0,[SP, #+0]
   \   0000008C   0x235A             MOVS     R3,#+90
   \   0000008E   0x461A             MOV      R2,R3
   \   00000090   0x2173             MOVS     R1,#+115
   \   00000092   0x4638             MOV      R0,R7
   \   00000094   0x.... 0x....      BL       BUTTON_CreateEx
   \   00000098   0x83B0             STRH     R0,[R6, #+28]
    131              buttonRet.btnHandle = BUTTON_CreateEx(375,215,90,90,hPreviewWnd,BUTTON_CF_SHOW, 0, 308);
   \   0000009A   0x.... 0x....      LDR.W    R8,??DataTable6_2
   \   0000009E   0xF44F 0x709A      MOV      R0,#+308
   \   000000A2   0x9003             STR      R0,[SP, #+12]
   \   000000A4   0x2000             MOVS     R0,#+0
   \   000000A6   0x9002             STR      R0,[SP, #+8]
   \   000000A8   0x2002             MOVS     R0,#+2
   \   000000AA   0x9001             STR      R0,[SP, #+4]
   \   000000AC   0xF9B6 0x0000      LDRSH    R0,[R6, #+0]
   \   000000B0   0x9000             STR      R0,[SP, #+0]
   \   000000B2   0x235A             MOVS     R3,#+90
   \   000000B4   0x461A             MOV      R2,R3
   \   000000B6   0x21D7             MOVS     R1,#+215
   \   000000B8   0x4638             MOV      R0,R7
   \   000000BA   0x.... 0x....      BL       BUTTON_CreateEx
   \   000000BE   0xF8A8 0x0000      STRH     R0,[R8, #+0]
    132          
    133              //BUTTON_SetBmpFileName(buttonInfo.btnHandle, NULL,1);
    134              BUTTON_SetBmpFileName(button_del_file.btnHandle, "bmp_del_file.bin",1);     // printing_step1
   \   000000C2   0x2201             MOVS     R2,#+1
   \   000000C4   0x.... 0x....      ADR.W    R1,`?<Constant "bmp_del_file.bin">`
   \   000000C8   0xF9B6 0x0004      LDRSH    R0,[R6, #+4]
   \   000000CC   0x.... 0x....      BL       BUTTON_SetBmpFileName
    135              BUTTON_SetBmpFileName(button_print.btnHandle, "bmp_print.bin",1);
   \   000000D0   0x2201             MOVS     R2,#+1
   \   000000D2   0x.... 0x....      ADR.W    R1,`?<Constant "bmp_print.bin">`
   \   000000D6   0xF9B6 0x001C      LDRSH    R0,[R6, #+28]
   \   000000DA   0x.... 0x....      BL       BUTTON_SetBmpFileName
    136              BUTTON_SetBmpFileName(buttonRet.btnHandle, "bmp_back90x90.bin",1);
   \   000000DE   0x2201             MOVS     R2,#+1
   \   000000E0   0x.... 0x....      ADR.W    R1,`?<Constant "bmp_back90x90.bin">`
   \   000000E4   0xF9B8 0x0000      LDRSH    R0,[R8, #+0]
   \   000000E8   0x.... 0x....      BL       BUTTON_SetBmpFileName
    137              BUTTON_SetBitmapEx(button_del_file.btnHandle, 0, &bmp_struct_90X90,BMP_PIC_X, BMP_PIC_Y); 
   \   000000EC   0x....             LDR.N    R7,??DataTable6_17
   \   000000EE   0x.... 0x....      LDR.W    R9,??DataTable6_18
   \   000000F2   0x.... 0x....      LDR.W    R10,??DataTable6_19
   \   000000F6   0xF99A 0x0000      LDRSB    R0,[R10, #+0]
   \   000000FA   0x9000             STR      R0,[SP, #+0]
   \   000000FC   0xF999 0x3000      LDRSB    R3,[R9, #+0]
   \   00000100   0x463A             MOV      R2,R7
   \   00000102   0x2100             MOVS     R1,#+0
   \   00000104   0xF9B6 0x0004      LDRSH    R0,[R6, #+4]
   \   00000108   0x.... 0x....      BL       BUTTON_SetBitmapEx
    138              BUTTON_SetBitmapEx(button_print.btnHandle, 0, &bmp_struct_90X90,BMP_PIC_X, BMP_PIC_Y);
   \   0000010C   0xF99A 0x0000      LDRSB    R0,[R10, #+0]
   \   00000110   0x9000             STR      R0,[SP, #+0]
   \   00000112   0xF999 0x3000      LDRSB    R3,[R9, #+0]
   \   00000116   0x463A             MOV      R2,R7
   \   00000118   0x2100             MOVS     R1,#+0
   \   0000011A   0xF9B6 0x001C      LDRSH    R0,[R6, #+28]
   \   0000011E   0x.... 0x....      BL       BUTTON_SetBitmapEx
    139              BUTTON_SetBitmapEx(buttonRet.btnHandle, 0, &bmp_struct_90X90,BMP_PIC_X, BMP_PIC_Y);
   \   00000122   0xF99A 0x0000      LDRSB    R0,[R10, #+0]
   \   00000126   0x9000             STR      R0,[SP, #+0]
   \   00000128   0xF999 0x3000      LDRSB    R3,[R9, #+0]
   \   0000012C   0x463A             MOV      R2,R7
   \   0000012E   0x2100             MOVS     R1,#+0
   \   00000130   0xF9B8 0x0000      LDRSH    R0,[R8, #+0]
   \   00000134   0x.... 0x....      BL       BUTTON_SetBitmapEx
    140              
    141              BUTTON_SetBkColor(button_del_file.btnHandle, BUTTON_CI_PRESSED, gCfgItems.btn_color);
   \   00000138   0x686A             LDR      R2,[R5, #+4]
   \   0000013A   0x2101             MOVS     R1,#+1
   \   0000013C   0xF9B6 0x0004      LDRSH    R0,[R6, #+4]
   \   00000140   0x.... 0x....      BL       BUTTON_SetBkColor
    142              BUTTON_SetBkColor(button_del_file.btnHandle, BUTTON_CI_UNPRESSED, gCfgItems.btn_color);
   \   00000144   0x686A             LDR      R2,[R5, #+4]
   \   00000146   0x2100             MOVS     R1,#+0
   \   00000148   0xF9B6 0x0004      LDRSH    R0,[R6, #+4]
   \   0000014C   0x.... 0x....      BL       BUTTON_SetBkColor
    143              BUTTON_SetTextColor(button_del_file.btnHandle, BUTTON_CI_PRESSED, gCfgItems.btn_textcolor);
   \   00000150   0x68EA             LDR      R2,[R5, #+12]
   \   00000152   0x2101             MOVS     R1,#+1
   \   00000154   0xF9B6 0x0004      LDRSH    R0,[R6, #+4]
   \   00000158   0x.... 0x....      BL       BUTTON_SetTextColor
    144              BUTTON_SetTextColor(button_del_file.btnHandle, BUTTON_CI_UNPRESSED, gCfgItems.btn_textcolor);
   \   0000015C   0x68EA             LDR      R2,[R5, #+12]
   \   0000015E   0x2100             MOVS     R1,#+0
   \   00000160   0xF9B6 0x0004      LDRSH    R0,[R6, #+4]
   \   00000164   0x.... 0x....      BL       BUTTON_SetTextColor
    145              BUTTON_SetBkColor(button_print.btnHandle, BUTTON_CI_PRESSED, gCfgItems.btn_color);
   \   00000168   0x686A             LDR      R2,[R5, #+4]
   \   0000016A   0x2101             MOVS     R1,#+1
   \   0000016C   0xF9B6 0x001C      LDRSH    R0,[R6, #+28]
   \   00000170   0x.... 0x....      BL       BUTTON_SetBkColor
    146              BUTTON_SetBkColor(button_print.btnHandle, BUTTON_CI_UNPRESSED, gCfgItems.btn_color);
   \   00000174   0x686A             LDR      R2,[R5, #+4]
   \   00000176   0x2100             MOVS     R1,#+0
   \   00000178   0xF9B6 0x001C      LDRSH    R0,[R6, #+28]
   \   0000017C   0x.... 0x....      BL       BUTTON_SetBkColor
    147              BUTTON_SetTextColor(button_print.btnHandle, BUTTON_CI_PRESSED, gCfgItems.btn_textcolor);
   \   00000180   0x68EA             LDR      R2,[R5, #+12]
   \   00000182   0x2101             MOVS     R1,#+1
   \   00000184   0xF9B6 0x001C      LDRSH    R0,[R6, #+28]
   \   00000188   0x.... 0x....      BL       BUTTON_SetTextColor
    148              BUTTON_SetTextColor(button_print.btnHandle, BUTTON_CI_UNPRESSED, gCfgItems.btn_textcolor);
   \   0000018C   0x68EA             LDR      R2,[R5, #+12]
   \   0000018E   0x2100             MOVS     R1,#+0
   \   00000190   0xF9B6 0x001C      LDRSH    R0,[R6, #+28]
   \   00000194   0x.... 0x....      BL       BUTTON_SetTextColor
    149              BUTTON_SetBkColor(buttonRet.btnHandle, BUTTON_CI_PRESSED, gCfgItems.btn_color);
   \   00000198   0x686A             LDR      R2,[R5, #+4]
   \   0000019A   0x2101             MOVS     R1,#+1
   \   0000019C   0xF9B8 0x0000      LDRSH    R0,[R8, #+0]
   \   000001A0   0x.... 0x....      BL       BUTTON_SetBkColor
    150              BUTTON_SetBkColor(buttonRet.btnHandle, BUTTON_CI_UNPRESSED, gCfgItems.btn_color);
   \   000001A4   0x686A             LDR      R2,[R5, #+4]
   \   000001A6   0x2100             MOVS     R1,#+0
   \   000001A8   0xF9B8 0x0000      LDRSH    R0,[R8, #+0]
   \   000001AC   0x.... 0x....      BL       BUTTON_SetBkColor
    151              BUTTON_SetTextColor(buttonRet.btnHandle, BUTTON_CI_PRESSED, gCfgItems.btn_textcolor);
   \   000001B0   0x68EA             LDR      R2,[R5, #+12]
   \   000001B2   0x2101             MOVS     R1,#+1
   \   000001B4   0xF9B8 0x0000      LDRSH    R0,[R8, #+0]
   \   000001B8   0x.... 0x....      BL       BUTTON_SetTextColor
    152              BUTTON_SetTextColor(buttonRet.btnHandle, BUTTON_CI_UNPRESSED, gCfgItems.btn_textcolor);    
   \   000001BC   0x68EA             LDR      R2,[R5, #+12]
   \   000001BE   0x2100             MOVS     R1,#+0
   \   000001C0   0xF9B8 0x0000      LDRSH    R0,[R8, #+0]
   \   000001C4   0x.... 0x....      BL       BUTTON_SetTextColor
    153          
    154              if(gCfgItems.multiple_language != 0)
   \   000001C8   0xF894 0x019B      LDRB     R0,[R4, #+411]
    155              {
    156                  //BUTTON_SetText(buttonRet.btnHandle, "RETURN");
    157              }
    158          }
   \   000001CC   0xE8BD 0x87FF      POP      {R0-R10,PC}      ;; return
    159          

   \                                 In section .text, align 2, keep-with-next
    160          void Clear_Preview()
    161          {
   \                     Clear_Preview: (+1)
   \   00000000   0xB510             PUSH     {R4,LR}
    162          	GUI_SetBkColor(gCfgItems.background_color);
   \   00000002   0x....             LDR.N    R0,??DataTable6_15
   \   00000004   0x6840             LDR      R0,[R0, #+4]
   \   00000006   0x.... 0x....      BL       GUI_SetBkColor
    163          	if(WM_IsWindow(hPreviewWnd))
   \   0000000A   0x....             LDR.N    R4,??DataTable6_4
   \   0000000C   0xF9B4 0x0000      LDRSH    R0,[R4, #+0]
   \   00000010   0x.... 0x....      BL       WM_IsWindow
   \   00000014   0x2800             CMP      R0,#+0
   \   00000016   0xD005             BEQ.N    ??Clear_Preview_0
    164          	{
    165          		WM_DeleteWindow(hPreviewWnd);
   \   00000018   0xF9B4 0x0000      LDRSH    R0,[R4, #+0]
   \   0000001C   0xE8BD 0x4010      POP      {R4,LR}
   \   00000020   0x.... 0x....      B.W      WM_DeleteWindow
    166          		//GUI_Exec();
    167          	}
    168          	
    169          	//GUI_Clear();
    170          }
   \                     ??Clear_Preview_0: (+1)
   \   00000024   0xBD10             POP      {R4,PC}          ;; return

   \                                 In section .text, align 4, keep-with-next
   \                     ??DataTable6:
   \   00000000   0x........         DC32     mksdlp

   \                                 In section .text, align 4, keep-with-next
   \                     ??DataTable6_1:
   \   00000000   0x005C5C5C         DC32     0x5c5c5c

   \                                 In section .text, align 4, keep-with-next
   \                     ??DataTable6_2:
   \   00000000   0x........         DC32     buttonRet

   \                                 In section .text, align 4, keep-with-next
   \                     ??DataTable6_3:
   \   00000000   0x........         DC32     last_disp_state

   \                                 In section .text, align 4, keep-with-next
   \                     ??DataTable6_4:
   \   00000000   0x........         DC32     hPreviewWnd

   \                                 In section .text, align 4, keep-with-next
   \                     ??DataTable6_5:
   \   00000000   0x........         DC32     gcode_preview_over

   \                                 In section .text, align 4, keep-with-next
   \                     ??DataTable6_6:
   \   00000000   0x........         DC32     value_test

   \                                 In section .text, align 4, keep-with-next
   \                     ??DataTable6_7:
   \   00000000   0x........         DC32     card

   \                                 In section .text, align 4, keep-with-next
   \                     ??DataTable6_8:
   \   00000000   0x........         DC32     curFileName

   \                                 In section .text, align 4, keep-with-next
   \                     ??DataTable6_9:
   \   00000000   0x........         DC32     feedrate_percentage

   \                                 In section .text, align 4, keep-with-next
   \                     ??DataTable6_10:
   \   00000000   0x........         DC32     saved_feedrate_percentage

   \                                 In section .text, align 4, keep-with-next
   \                     ??DataTable6_11:
   \   00000000   0x........         DC32     _ZN7Planner15flow_percentageE

   \                                 In section .text, align 4, keep-with-next
   \                     ??DataTable6_12:
   \   00000000   0x........         DC32     once_flag

   \                                 In section .text, align 4, keep-with-next
   \                     ??DataTable6_13:
   \   00000000   0x........         DC32     disp_state_stack

   \                                 In section .text, align 4, keep-with-next
   \                     ??DataTable6_14:
   \   00000000   0x........         DC32     disp_state

   \                                 In section .text, align 4, keep-with-next
   \                     ??DataTable6_15:
   \   00000000   0x........         DC32     gCfgItems

   \                                 In section .text, align 4, keep-with-next
   \                     ??DataTable6_16:
   \   00000000   0x........         DC32     _Z12cbPreviewWinP10WM_MESSAGE

   \                                 In section .text, align 4, keep-with-next
   \                     ??DataTable6_17:
   \   00000000   0x........         DC32     bmp_struct_90X90

   \                                 In section .text, align 4, keep-with-next
   \                     ??DataTable6_18:
   \   00000000   0x........         DC32     BMP_PIC_X

   \                                 In section .text, align 4, keep-with-next
   \                     ??DataTable6_19:
   \   00000000   0x........         DC32     BMP_PIC_Y

   \                                 In section .text, align 4, keep-with-next
   \                     `?<Constant ".mdlp">`:
   \   00000000   0x2E 0x6D          DC8 ".mdlp"
   \              0x64 0x6C    
   \              0x70 0x00    
   \   00000006   0x00 0x00          DC8 0, 0

   \                                 In section .text, align 4, keep-with-next
   \                     `?<Constant "bmp_del_file.bin">`:
   \   00000000   0x62 0x6D          DC8 "bmp_del_file.bin"
   \              0x70 0x5F    
   \              0x64 0x65    
   \              0x6C 0x5F    
   \              0x66 0x69    
   \              0x6C 0x65    
   \              0x2E 0x62    
   \              0x69 0x6E    
   \              0x00         
   \   00000011   0x00 0x00          DC8 0, 0, 0
   \              0x00         

   \                                 In section .text, align 4, keep-with-next
   \                     `?<Constant "bmp_print.bin">`:
   \   00000000   0x62 0x6D          DC8 "bmp_print.bin"
   \              0x70 0x5F    
   \              0x70 0x72    
   \              0x69 0x6E    
   \              0x74 0x2E    
   \              0x62 0x69    
   \              0x6E 0x00    
   \   0000000E   0x00 0x00          DC8 0, 0

   \                                 In section .text, align 4, keep-with-next
   \                     `?<Constant "bmp_back90x90.bin">`:
   \   00000000   0x62 0x6D          DC8 "bmp_back90x90.bin"
   \              0x70 0x5F    
   \              0x62 0x61    
   \              0x63 0x6B    
   \              0x39 0x30    
   \              0x78 0x39    
   \              0x30 0x2E    
   \              0x62 0x69    
   \              0x6E 0x00    
   \   00000012   0x00 0x00          DC8 0, 0
    171          
    172          

   Maximum stack usage in bytes:

   .cstack Function
   ------- --------
       8   Clear_Preview
         8   -> GUI_SetBkColor
         0   -> WM_DeleteWindow
         8   -> WM_IsWindow
      16   cbPreviewWin(WM_MESSAGE *)
        16   -> CardReader::openFile(char *, bool, bool)
        16   -> CardReader::startFileprint()
        16   -> Clear_Preview
        16   -> GUI_Exec
         0   -> GUI_FillRect
        16   -> GUI_SetColor
        16   -> MKS_DLP::startFileprint()
        16   -> MKS_DLP::startFileprint_cbd()
         0   -> WM_DefaultProc
         0   -> draw_dialog
        16   -> draw_printing
         0   -> draw_return_ui
        16   -> reset_print_time
        16   -> start_print_time
        16   -> strstr(char *, char const *)
      48   draw_Preview
        48   -> BUTTON_CreateEx
        48   -> BUTTON_SetBitmapEx
        48   -> BUTTON_SetBkColor
        48   -> BUTTON_SetBmpFileName
        48   -> BUTTON_SetTextColor
        48   -> GUI_Clear
        48   -> GUI_SetBkColor
        48   -> GUI_SetColor
        48   -> WM_CreateWindow
       0   strstr(char *, char const *)
         0   -> __iar_Strstr


   Section sizes:

   Bytes  Function/Label
   -----  --------------
       8  ?<Constant ".mdlp">
      20  ?<Constant "bmp_back90x90.bin">
      20  ?<Constant "bmp_del_file.bin">
      16  ?<Constant "bmp_print.bin">
       4  ??DataTable6
       4  ??DataTable6_1
       4  ??DataTable6_10
       4  ??DataTable6_11
       4  ??DataTable6_12
       4  ??DataTable6_13
       4  ??DataTable6_14
       4  ??DataTable6_15
       4  ??DataTable6_16
       4  ??DataTable6_17
       4  ??DataTable6_18
       4  ??DataTable6_19
       4  ??DataTable6_2
       4  ??DataTable6_3
       4  ??DataTable6_4
       4  ??DataTable6_5
       4  ??DataTable6_6
       4  ??DataTable6_7
       4  ??DataTable6_8
       4  ??DataTable6_9
      38  Clear_Preview
      24  buttonRet
     288  cbPreviewWin(WM_MESSAGE *)
     464  draw_Preview
      52  hPreviewWnd
          button_del_file
          button_print
       4  strstr(char *, char const *)
       1  -- Other

 
  76 bytes in section .bss
   1 byte  in section .rodata
 938 bytes in section .text
 
 934 bytes of CODE  memory (+ 4 bytes shared)
   0 bytes of CONST memory (+ 1 byte  shared)
  76 bytes of DATA  memory

Errors: none
Warnings: 83
