###############################################################################
#
# IAR ANSI C/C++ Compiler V7.10.1.6676/W32 for ARM        16/Apr/2020  18:38:49
# Copyright 1999-2014 IAR Systems AB.
#
#    Cpu mode     =  thumb
#    Endian       =  little
#    Source file  =  
#        D:\DLP_proj\DLP_github\MKS-DLP-FIRMWARE\User\ui\draw_set.cpp
#    Command line =  
#        D:\DLP_proj\DLP_github\MKS-DLP-FIRMWARE\User\ui\draw_set.cpp -D
#        USE_HAL_DRIVER -D STM32F407xx -D STM32F40_41xxx -D USE_HAL_LIB -D
#        MKS_DLP_BOARD -D TFT35 -D USE_STM32F407VET -lC
#        D:\DLP_proj\DLP_github\MKS-DLP-FIRMWARE\EWARM\mksDLP/List\ -lA
#        D:\DLP_proj\DLP_github\MKS-DLP-FIRMWARE\EWARM\mksDLP/List\
#        --diag_suppress Pa050 -o
#        D:\DLP_proj\DLP_github\MKS-DLP-FIRMWARE\EWARM\mksDLP/Obj\ --no_unroll
#        --no_inline --no_tbaa --no_scheduling --debug --endian=little
#        --cpu=Cortex-M4F -e --char_is_signed --fpu=VFPv4_sp --dlib_config
#        "D:\Program Files (x86)\IAR Systems\Embedded Workbench
#        7.0\arm\INC\c\DLib_Config_Full.h" -I
#        D:\DLP_proj\DLP_github\MKS-DLP-FIRMWARE\EWARM/../Inc\ -I
#        D:\DLP_proj\DLP_github\MKS-DLP-FIRMWARE\EWARM/../Src\ -I
#        D:\DLP_proj\DLP_github\MKS-DLP-FIRMWARE\EWARM/../Drivers/STM32F4xx_HAL_Driver/Inc\
#        -I
#        D:\DLP_proj\DLP_github\MKS-DLP-FIRMWARE\EWARM/../Drivers/STM32F4xx_HAL_Driver/Inc/Legacy\
#        -I
#        D:\DLP_proj\DLP_github\MKS-DLP-FIRMWARE\EWARM/../Middlewares/Third_Party/FatFs/src/drivers\
#        -I
#        D:\DLP_proj\DLP_github\MKS-DLP-FIRMWARE\EWARM/../Middlewares/ST/STM32_USB_Host_Library/Core/Inc\
#        -I
#        D:\DLP_proj\DLP_github\MKS-DLP-FIRMWARE\EWARM/../Middlewares/ST/STM32_USB_Host_Library/Class/MSC/Inc\
#        -I
#        D:\DLP_proj\DLP_github\MKS-DLP-FIRMWARE\EWARM/../Drivers/CMSIS/Device/ST/STM32F4xx/Include\
#        -I
#        D:\DLP_proj\DLP_github\MKS-DLP-FIRMWARE\EWARM/../Middlewares/Third_Party/FatFs/src\
#        -I
#        D:\DLP_proj\DLP_github\MKS-DLP-FIRMWARE\EWARM/../Middlewares/Third_Party/Marlin\
#        -I
#        D:\DLP_proj\DLP_github\MKS-DLP-FIRMWARE\EWARM/../Drivers/CMSIS/Include\
#        -I
#        D:\DLP_proj\DLP_github\MKS-DLP-FIRMWARE\EWARM/../Drivers/BSP/variant\
#        -I
#        D:\DLP_proj\DLP_github\MKS-DLP-FIRMWARE\EWARM/../Drivers/BSP/Components/at24cxx\
#        -I
#        D:\DLP_proj\DLP_github\MKS-DLP-FIRMWARE\EWARM/../Drivers/BSP/Components/w25qxx\
#        -I
#        D:\DLP_proj\DLP_github\MKS-DLP-FIRMWARE\EWARM/../Drivers/BSP/Components/ssd2828\
#        -I
#        D:\DLP_proj\DLP_github\MKS-DLP-FIRMWARE\EWARM/../Drivers/BSP/Components/lcd\
#        -I D:\DLP_proj\DLP_github\MKS-DLP-FIRMWARE\EWARM/../Drivers/libstmf4\
#        -I
#        D:\DLP_proj\DLP_github\MKS-DLP-FIRMWARE\EWARM/../Drivers/libstmf4/include\
#        -I
#        D:\DLP_proj\DLP_github\MKS-DLP-FIRMWARE\EWARM/../Middlewares/arduino/stm32/cores/arduino\
#        -I D:\DLP_proj\DLP_github\MKS-DLP-FIRMWARE\EWARM/../User/ui\ -I
#        D:\DLP_proj\DLP_github\MKS-DLP-FIRMWARE\EWARM/../User/ui/Multi_language\
#        -I D:\DLP_proj\DLP_github\MKS-DLP-FIRMWARE\EWARM/../User/ui/QRENCODE\
#        -I D:\DLP_proj\DLP_github\MKS-DLP-FIRMWARE\EWARM/../Middlewares/GUI\
#        -Om --eec++ -I "D:\Program Files (x86)\IAR Systems\Embedded Workbench
#        7.0\arm\CMSIS\Include\"
#    List file    =  
#        D:\DLP_proj\DLP_github\MKS-DLP-FIRMWARE\EWARM\mksDLP/List\draw_set.lst
#    Object file  =  
#        D:\DLP_proj\DLP_github\MKS-DLP-FIRMWARE\EWARM\mksDLP/Obj\draw_set.o
#
###############################################################################

D:\DLP_proj\DLP_github\MKS-DLP-FIRMWARE\User\ui\draw_set.cpp
      1          #include "gui.h"
      2          #include "button.h"
      3          #include "PROGBAR.h"
      4          #include "draw_ui.h"

  #define UNUSED(x) (void) (x)
          ^
"D:\DLP_proj\DLP_github\MKS-DLP-FIRMWARE\Middlewares\Third_Party\Marlin\macros.h",101  Warning[Pe047]: 
          incompatible redefinition of macro "UNUSED" (declared at line 87 of
          "D:\DLP_proj\DLP_github\MKS-DLP-FIRMWARE\Drivers\STM32F4xx_HAL_Driver
          \Inc\stm32f4xx_hal_def.h")

  		volatile volatile float desireBedTempBak;
  		         ^
"D:\DLP_proj\DLP_github\MKS-DLP-FIRMWARE\Inc\mks_cfg.h",407  Warning[Pe083]: 
          type qualifier specified more than once

  #define IS_SPI_MODE(MODE) (((MODE) == SPI_Mode_Master) || \
          ^
"D:\DLP_proj\DLP_github\MKS-DLP-FIRMWARE\Drivers\libstmf4\include\stm32f4xx_spi.h",173  Warning[Pe047]: 
          incompatible redefinition of macro "IS_SPI_MODE" (declared at line
          511 of
          "D:\DLP_proj\DLP_github\MKS-DLP-FIRMWARE\Drivers\STM32F4xx_HAL_Driver
          \Inc\stm32f4xx_hal_spi.h")

  #define IS_SPI_DATASIZE(DATASIZE) (((DATASIZE) == SPI_DataSize_16b) || \
          ^
"D:\DLP_proj\DLP_github\MKS-DLP-FIRMWARE\Drivers\libstmf4\include\stm32f4xx_spi.h",185  Warning[Pe047]: 
          incompatible redefinition of macro "IS_SPI_DATASIZE" (declared at
          line 523 of
          "D:\DLP_proj\DLP_github\MKS-DLP-FIRMWARE\Drivers\STM32F4xx_HAL_Driver
          \Inc\stm32f4xx_hal_spi.h")

  #define IS_SPI_CPOL(CPOL) (((CPOL) == SPI_CPOL_Low) || \
          ^
"D:\DLP_proj\DLP_github\MKS-DLP-FIRMWARE\Drivers\libstmf4\include\stm32f4xx_spi.h",197  Warning[Pe047]: 
          incompatible redefinition of macro "IS_SPI_CPOL" (declared at line
          526 of
          "D:\DLP_proj\DLP_github\MKS-DLP-FIRMWARE\Drivers\STM32F4xx_HAL_Driver
          \Inc\stm32f4xx_hal_spi.h")

  #define IS_SPI_CPHA(CPHA) (((CPHA) == SPI_CPHA_1Edge) || \
          ^
"D:\DLP_proj\DLP_github\MKS-DLP-FIRMWARE\Drivers\libstmf4\include\stm32f4xx_spi.h",209  Warning[Pe047]: 
          incompatible redefinition of macro "IS_SPI_CPHA" (declared at line
          529 of
          "D:\DLP_proj\DLP_github\MKS-DLP-FIRMWARE\Drivers\STM32F4xx_HAL_Driver
          \Inc\stm32f4xx_hal_spi.h")

  #define IS_SPI_NSS(NSS) (((NSS) == SPI_NSS_Soft) || \
          ^
"D:\DLP_proj\DLP_github\MKS-DLP-FIRMWARE\Drivers\libstmf4\include\stm32f4xx_spi.h",221  Warning[Pe047]: 
          incompatible redefinition of macro "IS_SPI_NSS" (declared at line
          532 of
          "D:\DLP_proj\DLP_github\MKS-DLP-FIRMWARE\Drivers\STM32F4xx_HAL_Driver
          \Inc\stm32f4xx_hal_spi.h")

  #define IS_SPI_BAUDRATE_PRESCALER(PRESCALER) (((PRESCALER) == SPI_BaudRatePrescaler_2) || \
          ^
"D:\DLP_proj\DLP_github\MKS-DLP-FIRMWARE\Drivers\libstmf4\include\stm32f4xx_spi.h",239  Warning[Pe047]: 
          incompatible redefinition of macro "IS_SPI_BAUDRATE_PRESCALER"
          (declared at line 536 of
          "D:\DLP_proj\DLP_github\MKS-DLP-FIRMWARE\Drivers\STM32F4xx_HAL_Driver
          \Inc\stm32f4xx_hal_spi.h")

  #define IS_SPI_FIRST_BIT(BIT) (((BIT) == SPI_FirstBit_MSB) || \
          ^
"D:\DLP_proj\DLP_github\MKS-DLP-FIRMWARE\Drivers\libstmf4\include\stm32f4xx_spi.h",257  Warning[Pe047]: 
          incompatible redefinition of macro "IS_SPI_FIRST_BIT" (declared at
          line 545 of
          "D:\DLP_proj\DLP_github\MKS-DLP-FIRMWARE\Drivers\STM32F4xx_HAL_Driver
          \Inc\stm32f4xx_hal_spi.h")

  #define IS_SPI_DIRECTION(DIRECTION) (((DIRECTION) == SPI_Direction_Rx) || \
          ^
"D:\DLP_proj\DLP_github\MKS-DLP-FIRMWARE\Drivers\libstmf4\include\stm32f4xx_spi.h",400  Warning[Pe047]: 
          incompatible redefinition of macro "IS_SPI_DIRECTION" (declared at
          line 514 of
          "D:\DLP_proj\DLP_github\MKS-DLP-FIRMWARE\Drivers\STM32F4xx_HAL_Driver
          \Inc\stm32f4xx_hal_spi.h")

  #define SPI_FLAG_CRCERR                 ((uint16_t)0x0010)
          ^
"D:\DLP_proj\DLP_github\MKS-DLP-FIRMWARE\Drivers\libstmf4\include\stm32f4xx_spi.h",442  Warning[Pe047]: 
          incompatible redefinition of macro "SPI_FLAG_CRCERR" (declared at
          line 293 of
          "D:\DLP_proj\DLP_github\MKS-DLP-FIRMWARE\Drivers\STM32F4xx_HAL_Driver
          \Inc\stm32f4xx_hal_spi.h")

  #define SPI_FLAG_MODF                   ((uint16_t)0x0020)
          ^
"D:\DLP_proj\DLP_github\MKS-DLP-FIRMWARE\Drivers\libstmf4\include\stm32f4xx_spi.h",443  Warning[Pe047]: 
          incompatible redefinition of macro "SPI_FLAG_MODF" (declared at line
          294 of
          "D:\DLP_proj\DLP_github\MKS-DLP-FIRMWARE\Drivers\STM32F4xx_HAL_Driver
          \Inc\stm32f4xx_hal_spi.h")

  #define IS_SPI_CRC_POLYNOMIAL(POLYNOMIAL) ((POLYNOMIAL) >= 0x1)
          ^
"D:\DLP_proj\DLP_github\MKS-DLP-FIRMWARE\Drivers\libstmf4\include\stm32f4xx_spi.h",462  Warning[Pe047]: 
          incompatible redefinition of macro "IS_SPI_CRC_POLYNOMIAL" (declared
          at line 554 of
          "D:\DLP_proj\DLP_github\MKS-DLP-FIRMWARE\Drivers\STM32F4xx_HAL_Driver
          \Inc\stm32f4xx_hal_spi.h")

  #define SPI_IT_TXE                   SPI_I2S_IT_TXE
          ^
"D:\DLP_proj\DLP_github\MKS-DLP-FIRMWARE\Drivers\libstmf4\include\stm32f4xx_spi.h",473  Warning[Pe047]: 
          incompatible redefinition of macro "SPI_IT_TXE" (declared at line
          280 of
          "D:\DLP_proj\DLP_github\MKS-DLP-FIRMWARE\Drivers\STM32F4xx_HAL_Driver
          \Inc\stm32f4xx_hal_spi.h")

  #define SPI_IT_RXNE                  SPI_I2S_IT_RXNE
          ^
"D:\DLP_proj\DLP_github\MKS-DLP-FIRMWARE\Drivers\libstmf4\include\stm32f4xx_spi.h",474  Warning[Pe047]: 
          incompatible redefinition of macro "SPI_IT_RXNE" (declared at line
          281 of
          "D:\DLP_proj\DLP_github\MKS-DLP-FIRMWARE\Drivers\STM32F4xx_HAL_Driver
          \Inc\stm32f4xx_hal_spi.h")

  #define SPI_IT_ERR                   SPI_I2S_IT_ERR
          ^
"D:\DLP_proj\DLP_github\MKS-DLP-FIRMWARE\Drivers\libstmf4\include\stm32f4xx_spi.h",475  Warning[Pe047]: 
          incompatible redefinition of macro "SPI_IT_ERR" (declared at line
          282 of
          "D:\DLP_proj\DLP_github\MKS-DLP-FIRMWARE\Drivers\STM32F4xx_HAL_Driver
          \Inc\stm32f4xx_hal_spi.h")

  #define SPI_FLAG_RXNE                SPI_I2S_FLAG_RXNE
          ^
"D:\DLP_proj\DLP_github\MKS-DLP-FIRMWARE\Drivers\libstmf4\include\stm32f4xx_spi.h",477  Warning[Pe047]: 
          incompatible redefinition of macro "SPI_FLAG_RXNE" (declared at line
          290 of
          "D:\DLP_proj\DLP_github\MKS-DLP-FIRMWARE\Drivers\STM32F4xx_HAL_Driver
          \Inc\stm32f4xx_hal_spi.h")

  #define SPI_FLAG_TXE                 SPI_I2S_FLAG_TXE
          ^
"D:\DLP_proj\DLP_github\MKS-DLP-FIRMWARE\Drivers\libstmf4\include\stm32f4xx_spi.h",478  Warning[Pe047]: 
          incompatible redefinition of macro "SPI_FLAG_TXE" (declared at line
          291 of
          "D:\DLP_proj\DLP_github\MKS-DLP-FIRMWARE\Drivers\STM32F4xx_HAL_Driver
          \Inc\stm32f4xx_hal_spi.h")

  #define SPI_FLAG_OVR                 SPI_I2S_FLAG_OVR
          ^
"D:\DLP_proj\DLP_github\MKS-DLP-FIRMWARE\Drivers\libstmf4\include\stm32f4xx_spi.h",479  Warning[Pe047]: 
          incompatible redefinition of macro "SPI_FLAG_OVR" (declared at line
          295 of
          "D:\DLP_proj\DLP_github\MKS-DLP-FIRMWARE\Drivers\STM32F4xx_HAL_Driver
          \Inc\stm32f4xx_hal_spi.h")

  #define SPI_FLAG_BSY                 SPI_I2S_FLAG_BSY
          ^
"D:\DLP_proj\DLP_github\MKS-DLP-FIRMWARE\Drivers\libstmf4\include\stm32f4xx_spi.h",480  Warning[Pe047]: 
          incompatible redefinition of macro "SPI_FLAG_BSY" (declared at line
          292 of
          "D:\DLP_proj\DLP_github\MKS-DLP-FIRMWARE\Drivers\STM32F4xx_HAL_Driver
          \Inc\stm32f4xx_hal_spi.h")

    #define FILAMENT_CHANGE_TEXT_EN				"Please click <Load> \nor <unload>,After \npinter pause."
            ^
"D:\DLP_proj\DLP_github\MKS-DLP-FIRMWARE\User\ui\Multi_language\Language_en.h",175  Warning[Pe047]: 
          incompatible redefinition of macro "FILAMENT_CHANGE_TEXT_EN"
          (declared at line 153)

  #define DIALOG_UNBIND_PRINTER_CN            "Ëß£Èô§ÁªëÂÆö?"
          ^
"D:\DLP_proj\DLP_github\MKS-DLP-FIRMWARE\User\ui\Multi_language\Language_s_cn.h",258  Warning[Pe047]: 
          incompatible redefinition of macro "DIALOG_UNBIND_PRINTER_CN"
          (declared at line 253)

    #define FILAMENT_CHANGE_TEXT_T_CN				"ÂæÖÊâìÂç∞Ê©üÊö´ÂÅúÂêé,\nË´ãÊåâ<ÈÄ≤Êñô>Êàñ<ÈÄÄÊñô>"
            ^
"D:\DLP_proj\DLP_github\MKS-DLP-FIRMWARE\User\ui\Multi_language\Language_t_cn.h",167  Warning[Pe047]: 
          incompatible redefinition of macro "FILAMENT_CHANGE_TEXT_T_CN"
          (declared at line 153)

    #define FILAMENT_CHANGE_TEXT_RU				"Please click <Load> \nor <unload>,After \npinter pause."
            ^
"D:\DLP_proj\DLP_github\MKS-DLP-FIRMWARE\User\ui\Multi_language\Language_ru.h",173  Warning[Pe047]: 
          incompatible redefinition of macro "FILAMENT_CHANGE_TEXT_RU"
          (declared at line 153)

  #define DIALOG_UNBIND_PRINTER_RU            "Unbind the printer?"
          ^
"D:\DLP_proj\DLP_github\MKS-DLP-FIRMWARE\User\ui\Multi_language\Language_ru.h",270  Warning[Pe047]: 
          incompatible redefinition of macro "DIALOG_UNBIND_PRINTER_RU"
          (declared at line 265)

    #define FILAMENT_CHANGE_TEXT_FR				"Please click <Load> \nor <unload>,After \npinter pause."
            ^
"D:\DLP_proj\DLP_github\MKS-DLP-FIRMWARE\User\ui\Multi_language\Language_fr.h",173  Warning[Pe047]: 
          incompatible redefinition of macro "FILAMENT_CHANGE_TEXT_FR"
          (declared at line 153)

  #define DIALOG_UNBIND_PRINTER_FR        "Unbind the printer?"
          ^
"D:\DLP_proj\DLP_github\MKS-DLP-FIRMWARE\User\ui\Multi_language\Language_fr.h",273  Warning[Pe047]: 
          incompatible redefinition of macro "DIALOG_UNBIND_PRINTER_FR"
          (declared at line 269)

    #define FILAMENT_CHANGE_TEXT_SP				"Please click <Load> \nor <unload>,After \npinter pause."
            ^
"D:\DLP_proj\DLP_github\MKS-DLP-FIRMWARE\User\ui\Multi_language\Language_sp.h",173  Warning[Pe047]: 
          incompatible redefinition of macro "FILAMENT_CHANGE_TEXT_SP"
          (declared at line 154)

    #define FILAMENT_CHANGE_TEXT_IT				"Please click <Load> \nor <unload>,After \npinter pause."
            ^
"D:\DLP_proj\DLP_github\MKS-DLP-FIRMWARE\User\ui\Multi_language\Language_it.h",173  Warning[Pe047]: 
          incompatible redefinition of macro "FILAMENT_CHANGE_TEXT_IT"
          (declared at line 153)

  #define DIALOG_UNBIND_PRINTER_IT                "Unbind the printer?"
          ^
"D:\DLP_proj\DLP_github\MKS-DLP-FIRMWARE\User\ui\Multi_language\Language_it.h",269  Warning[Pe047]: 
          incompatible redefinition of macro "DIALOG_UNBIND_PRINTER_IT"
          (declared at line 264)

  #define FILAMENT_CHANGE_TEXT_JP				"Please click <Load> \nor <unload>,After \npinter pause."
          ^
"D:\DLP_proj\DLP_github\MKS-DLP-FIRMWARE\User\ui\Multi_language\Multi_language.h",705  Warning[Pe047]: 
          incompatible redefinition of macro "FILAMENT_CHANGE_TEXT_JP"
          (declared at line 698)

  #define FILAMENT_CHANGE_TEXT_GN				"Please click <Load> \nor <unload>,After \npinter pause."
          ^
"D:\DLP_proj\DLP_github\MKS-DLP-FIRMWARE\User\ui\Multi_language\Multi_language.h",913  Warning[Pe047]: 
          incompatible redefinition of macro "FILAMENT_CHANGE_TEXT_GN"
          (declared at line 907)

  #define Simple_Dec"ºı…Ÿ"
                    ^
"D:\DLP_proj\DLP_github\MKS-DLP-FIRMWARE\User\ui\draw_ui.h",499  Warning[Pe1649]: 
          white space is required between the macro name "Simple_Dec" and its
          replacement text

  #define Simple_Speed "ÀŸ∂»"
          ^
"D:\DLP_proj\DLP_github\MKS-DLP-FIRMWARE\User\ui\draw_ui.h",554  Warning[Pe047]: 
          incompatible redefinition of macro "Simple_Speed" (declared at line
          551)

  #define Complex_Speed "ÀŸ∂»"
          ^
"D:\DLP_proj\DLP_github\MKS-DLP-FIRMWARE\User\ui\draw_ui.h",555  Warning[Pe047]: 
          incompatible redefinition of macro "Complex_Speed" (declared at line
          552)
      5          #include "draw_set.h"
      6          #include "fontLib.h"
      7          #include "LISTBOX.h"
      8          #include "draw_disk.h"
      9          
     10          #include "draw_machine.h"
     11          #include "draw_log_ui.h"
     12          #include "draw_language.h"
     13          #include "draw_about.h"
     14          #include "draw_wifi.h"
     15          //#include "touch_calibrate.h"
     16          #include "pic_manager.h"
     17          #include "spi_flash.h"
     18          #include "draw_fan.h"
     19          #include "draw_print_file.h"
     20          #include "draw_filamentchange.h"
     21          #include "draw_manual_leveling.h"
     22          
     23          #ifndef GUI_FLASH
     24          #define GUI_FLASH
     25          #endif
     26          
     27          //#include "touch_calibrate.h"
     28          
     29          
     30          

   \                                 In section .bss, align 4
     31          static GUI_HWIN hSetWnd;
   \                     hSetWnd:
   \   00000000                      DS8 2
   \   00000002                      DS8 2
   \   00000004                      DS8 24
   \   0000001C                      DS8 24
     32          
     33          extern uint8_t Get_Temperature_Flg;
     34          extern volatile uint8_t get_temp_flag;
     35          extern GUI_FLASH const GUI_FONT GUI_FontHZ_fontHz18;
     36          
     37          extern volatile char *codebufpoint;
     38          extern char cmd_code[201];
     39          extern int X_ADD,X_INTERVAL;   //**Õº∆¨º‰∏Ù
     40          extern uint32_t choose_ret;
     41          extern uint8_t disp_in_file_dir;
     42          	
     43          static BUTTON_STRUCT buttonDisk, buttonVarify, buttonMachine, buttonConnect, buttonWifi, buttonLanguage, buttonAbout, buttonFunction_1,buttonFunction_2,buttonFunction_3,buttonRet,buttonFilamentChange,buttonFan,buttonBreakpoint;
     44          static BUTTON_STRUCT buttonMoto_off;
     45          
     46          

   \                                 In section .bss, align 4
     47          static BUTTON_STRUCT buttonService,buttonInfo;
   \                     buttonService:
   \   00000000                      DS8 24
   \   00000018                      DS8 24
     48          static BUTTON_STRUCT buttonLanguage_Text,buttonService_Text,buttonInfo_Text,buttonRet_Text;
     49          

   \                                 In section .text, align 2, keep-with-next
     50          static void cbSetWin(WM_MESSAGE * pMsg) {
     51          
     52          	uint16_t i=0;
                 	         ^
Warning[Pe177]: variable "i" was declared but never referenced
     53          	uint8_t *funcbuff;
                 	         ^
Warning[Pe177]: variable "funcbuff" was declared but never referenced
     54          	
     55          	struct PressEvt *press_event;
                 	                 ^
Warning[Pe550]: variable "press_event" was set but never used
     56          	switch (pMsg->MsgId)
   \                     _Z8cbSetWinP10WM_MESSAGE: (+1)
   \   00000000   0x6801             LDR      R1,[R0, #+0]
   \   00000002   0x290C             CMP      R1,#+12
   \   00000004   0xD100             BNE.N    ??cbSetWin_0
   \   00000006   0x4770             BX       LR
   \                     ??cbSetWin_0: (+1)
   \   00000008   0xB580             PUSH     {R7,LR}
   \   0000000A   0x290D             CMP      R1,#+13
   \   0000000C   0xD042             BEQ.N    ??cbSetWin_1
   \   0000000E   0x290F             CMP      R1,#+15
   \   00000010   0xD040             BEQ.N    ??cbSetWin_1
   \   00000012   0x2926             CMP      R1,#+38
   \   00000014   0xD13A             BNE.N    ??cbSetWin_2
     57          	{
     58          		case WM_PAINT:
     59          			//GUI_SetBkColor(GUI_BLUE);
     60          			//GUI_Clear();
     61          			//GUI_DispString("window");
     62          			break;
     63          		case WM_TOUCH:
     64          		 	press_event = (struct PressEvt *)pMsg->Data.p;
     65          			
     66          			break;
     67          		case WM_TOUCH_CHILD:
     68          			press_event = (struct PressEvt *)pMsg->Data.p;
     69          
     70          			break;
     71          			
     72          		case WM_NOTIFY_PARENT:
     73          			if(pMsg->Data.v == WM_NOTIFICATION_RELEASED)
   \   00000016   0x6881             LDR      R1,[R0, #+8]
   \   00000018   0x2902             CMP      R1,#+2
   \   0000001A   0xD13B             BNE.N    ??cbSetWin_1
     74          			{
     75          			#if 1
     76          				if(pMsg->hWinSrc == buttonRet.btnHandle)
   \   0000001C   0xF9B0 0x0006      LDRSH    R0,[R0, #+6]
   \   00000020   0x....             LDR.N    R1,??DataTable6
   \   00000022   0xF9B1 0x201C      LDRSH    R2,[R1, #+28]
   \   00000026   0x4290             CMP      R0,R2
   \   00000028   0xD108             BNE.N    ??cbSetWin_3
     77          				{
     78          				    last_disp_state = SET_UI;
   \   0000002A   0x200C             MOVS     R0,#+12
   \   0000002C   0x....             LDR.N    R1,??DataTable6_1
   \   0000002E   0x7008             STRB     R0,[R1, #+0]
     79          					Clear_Set();
   \   00000030   0x.... 0x....      BL       Clear_Set
     80          					draw_return_ui();
   \   00000034   0xE8BD 0x4001      POP      {R0,LR}
   \   00000038   0x.... 0x....      B.W      draw_return_ui
     81          					
     82          				}
     83                          else if(pMsg->hWinSrc == buttonService.btnHandle)
   \                     ??cbSetWin_3: (+1)
   \   0000003C   0x....             LDR.N    R2,??DataTable6_2
   \   0000003E   0xF9B2 0x3000      LDRSH    R3,[R2, #+0]
   \   00000042   0x4298             CMP      R0,R3
   \   00000044   0xD108             BNE.N    ??cbSetWin_4
     84                          {
     85                              last_disp_state = SET_UI;
   \   00000046   0x200C             MOVS     R0,#+12
   \   00000048   0x....             LDR.N    R1,??DataTable6_1
   \   0000004A   0x7008             STRB     R0,[R1, #+0]
     86                              Clear_Set();
   \   0000004C   0x.... 0x....      BL       Clear_Set
     87                              draw_Service();
   \   00000050   0xE8BD 0x4001      POP      {R0,LR}
   \   00000054   0x.... 0x....      B.W      draw_Service
     88                          }
     89                          else if(pMsg->hWinSrc == buttonInfo.btnHandle)
   \                     ??cbSetWin_4: (+1)
   \   00000058   0xF9B2 0x2018      LDRSH    R2,[R2, #+24]
   \   0000005C   0x4290             CMP      R0,R2
   \   0000005E   0xD108             BNE.N    ??cbSetWin_5
     90                          {
     91                              last_disp_state = SET_UI;
   \   00000060   0x200C             MOVS     R0,#+12
   \   00000062   0x....             LDR.N    R1,??DataTable6_1
   \   00000064   0x7008             STRB     R0,[R1, #+0]
     92                              Clear_Set();
   \   00000066   0x.... 0x....      BL       Clear_Set
     93                              draw_Info();
   \   0000006A   0xE8BD 0x4001      POP      {R0,LR}
   \   0000006E   0x.... 0x....      B.W      draw_Info
     94                          }
     95          				else if(pMsg->hWinSrc == buttonLanguage.btnHandle)
   \                     ??cbSetWin_5: (+1)
   \   00000072   0xF9B1 0x1004      LDRSH    R1,[R1, #+4]
   \   00000076   0x4288             CMP      R0,R1
   \   00000078   0xD10C             BNE.N    ??cbSetWin_1
     96          				{
     97          					last_disp_state = SET_UI;
   \   0000007A   0x200C             MOVS     R0,#+12
   \   0000007C   0x....             LDR.N    R1,??DataTable6_1
   \   0000007E   0x7008             STRB     R0,[R1, #+0]
     98          					Clear_Set();
   \   00000080   0x.... 0x....      BL       Clear_Set
     99          					draw_Language();
   \   00000084   0xE8BD 0x4001      POP      {R0,LR}
   \   00000088   0x.... 0x....      B.W      draw_Language
    100          				}  
    101                          
    102          				#if 0
    103          				else if(pMsg->hWinSrc == buttonVarify.btnHandle)
    104          				{
    105          
    106          					last_disp_state = SET_UI;
    107          					Clear_Set();
    108          					draw_calibrate();
    109          
    110          				}
    111          				#endif	
    112          #if 0                 
    113          				else if(pMsg->hWinSrc == buttonDisk.btnHandle)
    114          				{
    115          					last_disp_state = SET_UI;
    116          					Clear_Set();
    117          					draw_Disk();
    118          				}
    119          #if tan_mask
    120          				else if(pMsg->hWinSrc == buttonVarify.btnHandle)
    121          				{
    122          					last_disp_state = SET_UI;
    123          					Clear_Set();
    124          					draw_calibrate();
    125          				}
    126          #endif
    127          				else if(pMsg->hWinSrc == buttonLanguage.btnHandle)
    128          				{
    129          					last_disp_state = SET_UI;
    130          					Clear_Set();
    131          					draw_Language();
    132          				}
    133                          
    134          				else if(pMsg->hWinSrc == buttonAbout.btnHandle)
    135          				{
    136          					last_disp_state = SET_UI;
    137          					Clear_Set();
    138          					draw_About();
    139          					//draw_calibrate();
    140          				}
    141          				else if(pMsg->hWinSrc == buttonWifi.btnHandle)
    142          				{
    143          					last_disp_state = SET_UI;
    144          					Clear_Set();
    145          					draw_Wifi();
    146          				}       
    147          				else if(pMsg->hWinSrc == buttonFilamentChange.btnHandle)
    148          				{
    149          					/*last_disp_state = SET_UI;
    150          					Clear_Set();
    151          					draw_FilamentChange();*/
    152          					last_disp_state = SET_UI;
    153          					//Get_Temperature_Flg = 1;
    154          					//get_temp_flag = 1;
    155          					Clear_Set();
    156          					draw_FilamentChange();
    157          				}				
    158          				/*else if(pMsg->hWinSrc == buttonFunction_1.btnHandle)
    159          				{
    160          					
    161          					if(gCfgItems.leveling_mode == 1)
    162          					{
    163          						SPI_FLASH_BufferRead((u8 *)cmd_code,BUTTON_FUNCTION2_ADDR,201);
    164          						codebufpoint = cmd_code;
    165          					}
    166          					else
    167          					{
    168          						last_disp_state = SET_UI;
    169          						Clear_Set();
    170          						draw_leveling();
    171          					}
    172          					
    173          					
    174          				}*/
    175                           
    176          				else if(pMsg->hWinSrc == buttonFan.btnHandle)
    177          				{
    178          					last_disp_state = SET_UI;
    179          					Clear_Set();
    180          					draw_fan();
    181          				}
    182          				else if(pMsg->hWinSrc == buttonFunction_1.btnHandle)
    183          				{	
    184          					/*if((gCfgItems.leveling_mode == 1)||CfgPrinterItems.cfg_drive_system == 3)
    185          					{
    186          						memset(cmd_code,0,sizeof(cmd_code));
    187          						SPI_FLASH_BufferRead((u8*)cmd_code,BUTTON_FUNCTION2_ADDR,201);
    188          						codebufpoint = cmd_code;
    189          					}
    190          					else
    191          					{
    192          						last_disp_state = SET_UI;
    193          						Clear_Set();
    194          						draw_leveling();						
    195          					}*/
    196          					
    197          					SPI_FLASH_BufferRead((u8 *)cmd_code,BUTTON_FUNCTION1_ADDR,201);
    198          					codebufpoint = cmd_code;
    199          				}
    200          				else if(pMsg->hWinSrc == buttonBreakpoint.btnHandle)
    201          				{
    202          					last_disp_state = SET_UI;
    203          					Clear_Set();
    204          					gCfgItems.breakpoint_reprint_flg = 1;
    205          					disp_in_file_dir = 1;
    206          					draw_print_file();
    207          				}			
    208          			#endif
    209                  #endif
    210          			}
    211          			break;
    212          			
    213          		default:
    214          			WM_DefaultProc(pMsg);
   \                     ??cbSetWin_2: (+1)
   \   0000008C   0xE8BD 0x4002      POP      {R1,LR}
   \   00000090   0x.... 0x....      B.W      WM_DefaultProc
    215          		}
    216          	}
   \                     ??cbSetWin_1: (+1)
   \   00000094   0xBD01             POP      {R0,PC}          ;; return
    217          
    218          

   \                                 In section .text, align 2, keep-with-next
    219          void draw_Set()
    220          {
   \                     draw_Set: (+1)
   \   00000000   0xE92D 0x47FF      PUSH     {R0-R10,LR}
    221          #if 1			
    222          	
    223          	int i;
                 	    ^
Warning[Pe177]: variable "i" was declared but never referenced

  static BUTTON_STRUCT buttonDisk, buttonVarify, buttonMachine, buttonConnect, buttonWifi, buttonLanguage, buttonAbout, buttonFunction_1,buttonFunction_2,buttonFunction_3,buttonRet,buttonFilamentChange,buttonFan,buttonBreakpoint;
                       ^
"D:\DLP_proj\DLP_github\MKS-DLP-FIRMWARE\User\ui\draw_set.cpp",43  Warning[Pe177]: 
          variable "buttonDisk" was declared but never referenced

  static BUTTON_STRUCT buttonDisk, buttonVarify, buttonMachine, buttonConnect, buttonWifi, buttonLanguage, buttonAbout, buttonFunction_1,buttonFunction_2,buttonFunction_3,buttonRet,buttonFilamentChange,buttonFan,buttonBreakpoint;
                                   ^
"D:\DLP_proj\DLP_github\MKS-DLP-FIRMWARE\User\ui\draw_set.cpp",43  Warning[Pe177]: 
          variable "buttonVarify" was declared but never referenced

  static BUTTON_STRUCT buttonDisk, buttonVarify, buttonMachine, buttonConnect, buttonWifi, buttonLanguage, buttonAbout, buttonFunction_1,buttonFunction_2,buttonFunction_3,buttonRet,buttonFilamentChange,buttonFan,buttonBreakpoint;
                                                 ^
"D:\DLP_proj\DLP_github\MKS-DLP-FIRMWARE\User\ui\draw_set.cpp",43  Warning[Pe177]: 
          variable "buttonMachine" was declared but never referenced

  static BUTTON_STRUCT buttonDisk, buttonVarify, buttonMachine, buttonConnect, buttonWifi, buttonLanguage, buttonAbout, buttonFunction_1,buttonFunction_2,buttonFunction_3,buttonRet,buttonFilamentChange,buttonFan,buttonBreakpoint;
                                                                ^
"D:\DLP_proj\DLP_github\MKS-DLP-FIRMWARE\User\ui\draw_set.cpp",43  Warning[Pe177]: 
          variable "buttonConnect" was declared but never referenced

  static BUTTON_STRUCT buttonDisk, buttonVarify, buttonMachine, buttonConnect, buttonWifi, buttonLanguage, buttonAbout, buttonFunction_1,buttonFunction_2,buttonFunction_3,buttonRet,buttonFilamentChange,buttonFan,buttonBreakpoint;
                                                                               ^
"D:\DLP_proj\DLP_github\MKS-DLP-FIRMWARE\User\ui\draw_set.cpp",43  Warning[Pe177]: 
          variable "buttonWifi" was declared but never referenced

  static BUTTON_STRUCT buttonDisk, buttonVarify, buttonMachine, buttonConnect, buttonWifi, buttonLanguage, buttonAbout, buttonFunction_1,buttonFunction_2,buttonFunction_3,buttonRet,buttonFilamentChange,buttonFan,buttonBreakpoint;
                                                                                                           ^
"D:\DLP_proj\DLP_github\MKS-DLP-FIRMWARE\User\ui\draw_set.cpp",43  Warning[Pe177]: 
          variable "buttonAbout" was declared but never referenced

  static BUTTON_STRUCT buttonDisk, buttonVarify, buttonMachine, buttonConnect, buttonWifi, buttonLanguage, buttonAbout, buttonFunction_1,buttonFunction_2,buttonFunction_3,buttonRet,buttonFilamentChange,buttonFan,buttonBreakpoint;
                                                                                                                        ^
"D:\DLP_proj\DLP_github\MKS-DLP-FIRMWARE\User\ui\draw_set.cpp",43  Warning[Pe177]: 
          variable "buttonFunction_1" was declared but never referenced

  static BUTTON_STRUCT buttonDisk, buttonVarify, buttonMachine, buttonConnect, buttonWifi, buttonLanguage, buttonAbout, buttonFunction_1,buttonFunction_2,buttonFunction_3,buttonRet,buttonFilamentChange,buttonFan,buttonBreakpoint;
                                                                                                                                         ^
"D:\DLP_proj\DLP_github\MKS-DLP-FIRMWARE\User\ui\draw_set.cpp",43  Warning[Pe177]: 
          variable "buttonFunction_2" was declared but never referenced

  static BUTTON_STRUCT buttonDisk, buttonVarify, buttonMachine, buttonConnect, buttonWifi, buttonLanguage, buttonAbout, buttonFunction_1,buttonFunction_2,buttonFunction_3,buttonRet,buttonFilamentChange,buttonFan,buttonBreakpoint;
                                                                                                                                                          ^
"D:\DLP_proj\DLP_github\MKS-DLP-FIRMWARE\User\ui\draw_set.cpp",43  Warning[Pe177]: 
          variable "buttonFunction_3" was declared but never referenced

  static BUTTON_STRUCT buttonDisk, buttonVarify, buttonMachine, buttonConnect, buttonWifi, buttonLanguage, buttonAbout, buttonFunction_1,buttonFunction_2,buttonFunction_3,buttonRet,buttonFilamentChange,buttonFan,buttonBreakpoint;
                                                                                                                                                                                     ^
"D:\DLP_proj\DLP_github\MKS-DLP-FIRMWARE\User\ui\draw_set.cpp",43  Warning[Pe177]: 
          variable "buttonFilamentChange" was declared but never referenced

  static BUTTON_STRUCT buttonDisk, buttonVarify, buttonMachine, buttonConnect, buttonWifi, buttonLanguage, buttonAbout, buttonFunction_1,buttonFunction_2,buttonFunction_3,buttonRet,buttonFilamentChange,buttonFan,buttonBreakpoint;
                                                                                                                                                                                                          ^
"D:\DLP_proj\DLP_github\MKS-DLP-FIRMWARE\User\ui\draw_set.cpp",43  Warning[Pe177]: 
          variable "buttonFan" was declared but never referenced

  static BUTTON_STRUCT buttonDisk, buttonVarify, buttonMachine, buttonConnect, buttonWifi, buttonLanguage, buttonAbout, buttonFunction_1,buttonFunction_2,buttonFunction_3,buttonRet,buttonFilamentChange,buttonFan,buttonBreakpoint;
                                                                                                                                                                                                                    ^
"D:\DLP_proj\DLP_github\MKS-DLP-FIRMWARE\User\ui\draw_set.cpp",43  Warning[Pe177]: 
          variable "buttonBreakpoint" was declared but never referenced

  static BUTTON_STRUCT buttonMoto_off;
                       ^
"D:\DLP_proj\DLP_github\MKS-DLP-FIRMWARE\User\ui\draw_set.cpp",44  Warning[Pe177]: 
          variable "buttonMoto_off" was declared but never referenced

  static BUTTON_STRUCT buttonLanguage_Text,buttonService_Text,buttonInfo_Text,buttonRet_Text;
                       ^
"D:\DLP_proj\DLP_github\MKS-DLP-FIRMWARE\User\ui\draw_set.cpp",48  Warning[Pe177]: 
          variable "buttonLanguage_Text" was declared but never referenced

  static BUTTON_STRUCT buttonLanguage_Text,buttonService_Text,buttonInfo_Text,buttonRet_Text;
                                           ^
"D:\DLP_proj\DLP_github\MKS-DLP-FIRMWARE\User\ui\draw_set.cpp",48  Warning[Pe177]: 
          variable "buttonService_Text" was declared but never referenced

  static BUTTON_STRUCT buttonLanguage_Text,buttonService_Text,buttonInfo_Text,buttonRet_Text;
                                                              ^
"D:\DLP_proj\DLP_github\MKS-DLP-FIRMWARE\User\ui\draw_set.cpp",48  Warning[Pe177]: 
          variable "buttonInfo_Text" was declared but never referenced

  static BUTTON_STRUCT buttonLanguage_Text,buttonService_Text,buttonInfo_Text,buttonRet_Text;
                                                                              ^
"D:\DLP_proj\DLP_github\MKS-DLP-FIRMWARE\User\ui\draw_set.cpp",48  Warning[Pe177]: 
          variable "buttonRet_Text" was declared but never referenced
    224          
    225          	if(disp_state_stack._disp_state[disp_state_stack._disp_index] != SET_UI)
   \   00000004   0x....             LDR.N    R0,??DataTable6_3
   \   00000006   0xF990 0x1064      LDRSB    R1,[R0, #+100]
   \   0000000A   0x560A             LDRSB    R2,[R1, R0]
   \   0000000C   0x2A0C             CMP      R2,#+12
   \   0000000E   0xD005             BEQ.N    ??draw_Set_0
    226          	{
    227          		disp_state_stack._disp_index++;
   \   00000010   0x1C49             ADDS     R1,R1,#+1
   \   00000012   0xF880 0x1064      STRB     R1,[R0, #+100]
    228          		disp_state_stack._disp_state[disp_state_stack._disp_index] = SET_UI;
   \   00000016   0x220C             MOVS     R2,#+12
   \   00000018   0xB249             SXTB     R1,R1
   \   0000001A   0x540A             STRB     R2,[R1, R0]
    229          	}
    230          	disp_state = SET_UI;
   \                     ??draw_Set_0: (+1)
   \   0000001C   0x200C             MOVS     R0,#+12
   \   0000001E   0x....             LDR.N    R1,??DataTable6_4
   \   00000020   0x7008             STRB     R0,[R1, #+0]
    231          	GUI_Clear();
   \   00000022   0x.... 0x....      BL       GUI_Clear
    232          
    233          	GUI_SetBkColor(gCfgItems.background_color);
   \   00000026   0x....             LDR.N    R4,??DataTable6_5
   \   00000028   0x6860             LDR      R0,[R4, #+4]
   \   0000002A   0x.... 0x....      BL       GUI_SetBkColor
    234          	GUI_SetColor(gCfgItems.title_color);
   \   0000002E   0x1D25             ADDS     R5,R4,#+4
   \   00000030   0x6D68             LDR      R0,[R5, #+84]
   \   00000032   0x.... 0x....      BL       GUI_SetColor
    235          #if 0
    236          
    237          	GUI_DispStringAt(creat_title_text(), TITLE_XPOS, TITLE_YPOS);
    238          	hSetWnd = WM_CreateWindow(0, titleHeight, LCD_WIDTH, imgHeight, WM_CF_SHOW, cbSetWin, 0);
    239          
    240          	buttonDisk.btnHandle = BUTTON_CreateEx(INTERVAL_V, 0,BTN_X_PIXEL, BTN_Y_PIXEL, hSetWnd, BUTTON_CF_SHOW, 0, 301);
    241          	buttonWifi.btnHandle  = BUTTON_CreateEx(BTN_X_PIXEL+INTERVAL_V*2, 0,BTN_X_PIXEL, BTN_Y_PIXEL, hSetWnd, BUTTON_CF_SHOW, 0, 303);
    242          	buttonFan.btnHandle = BUTTON_CreateEx(BTN_X_PIXEL*2+INTERVAL_V*3,  0,BTN_X_PIXEL, BTN_Y_PIXEL, hSetWnd, BUTTON_CF_SHOW, 0, 304);
    243          	buttonAbout.btnHandle = BUTTON_CreateEx(BTN_X_PIXEL*3+INTERVAL_V*4,  0,BTN_X_PIXEL, BTN_Y_PIXEL, hSetWnd, BUTTON_CF_SHOW, 0, 305);
    244          	if(TFT_screen.display_style == 0)
    245          	{
    246          		buttonFilamentChange.btnHandle  = BUTTON_CreateEx(INTERVAL_V,  BTN_Y_PIXEL+INTERVAL_H,BTN_X_PIXEL, BTN_Y_PIXEL, hSetWnd, BUTTON_CF_SHOW, 0, 306);
    247          		buttonBreakpoint.btnHandle  =  BUTTON_CreateEx(BTN_X_PIXEL+INTERVAL_V*2, BTN_Y_PIXEL+INTERVAL_H,BTN_X_PIXEL, BTN_Y_PIXEL,hSetWnd, BUTTON_CF_SHOW, 0, 302);//alloc_win_id());
    248          		if(gCfgItems.multiple_language !=0)
    249          		{
    250          			buttonLanguage.btnHandle = BUTTON_CreateEx(BTN_X_PIXEL*2+INTERVAL_V*3, BTN_Y_PIXEL+INTERVAL_H,BTN_X_PIXEL, BTN_Y_PIXEL,hSetWnd, BUTTON_CF_SHOW, 0, 302);//alloc_win_id());
    251          		}
    252          		/*
    253          		if(gCfgItems.func_btn1_display_flag != 0)
    254          		{
    255          			buttonFunction_1.btnHandle = BUTTON_CreateEx(BTN_X_PIXEL*2+INTERVAL_V*3, BTN_Y_PIXEL+INTERVAL_H,BTN_X_PIXEL, BTN_Y_PIXEL,hSetWnd, BUTTON_CF_SHOW, 0, 302);//alloc_win_id());
    256          		}
    257          		*/	
    258          	}
    259          	else
    260          	{
    261          		buttonBreakpoint.btnHandle  = BUTTON_CreateEx(INTERVAL_V,  BTN_Y_PIXEL+INTERVAL_H,BTN_X_PIXEL, BTN_Y_PIXEL, hSetWnd, BUTTON_CF_SHOW, 0, 306);
    262          		buttonFunction_1.btnHandle  =  BUTTON_CreateEx(BTN_X_PIXEL+INTERVAL_V*2, BTN_Y_PIXEL+INTERVAL_H,BTN_X_PIXEL, BTN_Y_PIXEL,hSetWnd, BUTTON_CF_SHOW, 0, 302);//alloc_win_id());
    263          		if(gCfgItems.multiple_language !=0)
    264          		{
    265          			buttonLanguage.btnHandle = BUTTON_CreateEx(BTN_X_PIXEL*2+INTERVAL_V*3, BTN_Y_PIXEL+INTERVAL_H,BTN_X_PIXEL, BTN_Y_PIXEL,hSetWnd, BUTTON_CF_SHOW, 0, 302);//alloc_win_id());
    266          		}		
    267          	}
    268          	buttonRet.btnHandle  = BUTTON_CreateEx(BTN_X_PIXEL*3+INTERVAL_V*4,  BTN_Y_PIXEL+INTERVAL_H,BTN_X_PIXEL, BTN_Y_PIXEL, hSetWnd, BUTTON_CF_SHOW, 0, 308);
    269          
    270          #if VERSION_WITH_PIC	
    271          
    272          
    273          
    274          	BUTTON_SetBmpFileName(buttonDisk.btnHandle, "bmp_fileSys.bin",1);
    275          	BUTTON_SetBmpFileName(buttonWifi.btnHandle, "bmp_wifi.bin",1);
    276          	BUTTON_SetBmpFileName(buttonFan.btnHandle, "bmp_fan.bin",1);
    277          	BUTTON_SetBmpFileName(buttonAbout.btnHandle, "bmp_about.bin",1);
    278          	
    279          	BUTTON_SetBmpFileName(buttonFilamentChange.btnHandle, "bmp_filament.bin",1);
    280          	BUTTON_SetBmpFileName(buttonBreakpoint.btnHandle, "bmp_breakpoint.bin",1);
    281          	if(TFT_screen.display_style != 0)
    282          		BUTTON_SetBmpFileName(buttonFunction_1.btnHandle, "bmp_function1.bin",1);
    283          	BUTTON_SetBmpFileName(buttonLanguage.btnHandle, "bmp_language.bin",1);
    284          	
    285          	BUTTON_SetBmpFileName(buttonRet.btnHandle, "bmp_return.bin",1);
    286          
    287          	BUTTON_SetBitmapEx(buttonDisk.btnHandle, 0, &bmp_struct, BMP_PIC_X, BMP_PIC_Y);
    288          	BUTTON_SetBitmapEx(buttonWifi.btnHandle, 0, &bmp_struct, BMP_PIC_X, BMP_PIC_Y);
    289          	BUTTON_SetBitmapEx(buttonFan.btnHandle, 0, &bmp_struct,BMP_PIC_X, BMP_PIC_Y);
    290          	BUTTON_SetBitmapEx(buttonAbout.btnHandle, 0, &bmp_struct, BMP_PIC_X, BMP_PIC_Y);
    291          	BUTTON_SetBitmapEx(buttonFilamentChange.btnHandle, 0, &bmp_struct, BMP_PIC_X, BMP_PIC_Y);
    292          	BUTTON_SetBitmapEx(buttonBreakpoint.btnHandle, 0, &bmp_struct, BMP_PIC_X, BMP_PIC_Y);
    293          	if(TFT_screen.display_style != 0)
    294          		BUTTON_SetBitmapEx(buttonFunction_1.btnHandle, 0, &bmp_struct,BMP_PIC_X, BMP_PIC_Y);
    295          	BUTTON_SetBitmapEx(buttonLanguage.btnHandle, 0, &bmp_struct, BMP_PIC_X, BMP_PIC_Y);
    296          	BUTTON_SetBitmapEx(buttonRet.btnHandle, 0, &bmp_struct,BMP_PIC_X, BMP_PIC_Y);
    297          
    298          	BUTTON_SetBkColor(buttonDisk.btnHandle, BUTTON_CI_PRESSED, gCfgItems.btn_color);
    299          	BUTTON_SetBkColor(buttonDisk.btnHandle, BUTTON_CI_UNPRESSED, gCfgItems.btn_color);	
    300          	BUTTON_SetBkColor(buttonWifi.btnHandle, BUTTON_CI_PRESSED, gCfgItems.btn_color);
    301          	BUTTON_SetBkColor(buttonWifi.btnHandle, BUTTON_CI_UNPRESSED, gCfgItems.btn_color);
    302          	BUTTON_SetBkColor(buttonFan.btnHandle, BUTTON_CI_PRESSED, gCfgItems.btn_color);
    303          	BUTTON_SetBkColor(buttonFan.btnHandle, BUTTON_CI_UNPRESSED, gCfgItems.btn_color);
    304          	BUTTON_SetBkColor(buttonFilamentChange.btnHandle, BUTTON_CI_PRESSED, gCfgItems.btn_color);
    305          	BUTTON_SetBkColor(buttonFilamentChange.btnHandle,BUTTON_CI_UNPRESSED, gCfgItems.btn_color);
    306          	BUTTON_SetBkColor(buttonAbout.btnHandle, BUTTON_CI_PRESSED, gCfgItems.btn_color);
    307          	BUTTON_SetBkColor(buttonAbout.btnHandle, BUTTON_CI_UNPRESSED, gCfgItems.btn_color);
    308          	BUTTON_SetBkColor(buttonBreakpoint.btnHandle, BUTTON_CI_PRESSED, gCfgItems.btn_color);
    309          	BUTTON_SetBkColor(buttonBreakpoint.btnHandle, BUTTON_CI_UNPRESSED, gCfgItems.btn_color);
    310          	if(TFT_screen.display_style != 0)
    311          	{
    312          		BUTTON_SetBkColor(buttonFunction_1.btnHandle, BUTTON_CI_PRESSED, gCfgItems.btn_color);
    313          		BUTTON_SetBkColor(buttonFunction_1.btnHandle, BUTTON_CI_UNPRESSED, gCfgItems.btn_color);
    314          	}
    315          	BUTTON_SetBkColor(buttonLanguage.btnHandle, BUTTON_CI_PRESSED, gCfgItems.btn_color);
    316          	BUTTON_SetBkColor(buttonLanguage.btnHandle, BUTTON_CI_UNPRESSED, gCfgItems.btn_color);
    317          	BUTTON_SetBkColor(buttonRet.btnHandle, BUTTON_CI_PRESSED, gCfgItems.back_btn_color);
    318          	BUTTON_SetBkColor(buttonRet.btnHandle, BUTTON_CI_UNPRESSED, gCfgItems.back_btn_color);	
    319          	
    320          	BUTTON_SetTextColor(buttonDisk.btnHandle, BUTTON_CI_PRESSED, gCfgItems.btn_textcolor);
    321          	BUTTON_SetTextColor(buttonDisk.btnHandle, BUTTON_CI_UNPRESSED, gCfgItems.btn_textcolor);
    322          	BUTTON_SetTextColor(buttonWifi.btnHandle, BUTTON_CI_PRESSED, gCfgItems.btn_textcolor);
    323          	BUTTON_SetTextColor(buttonWifi.btnHandle, BUTTON_CI_UNPRESSED, gCfgItems.btn_textcolor);
    324          	BUTTON_SetTextColor(buttonFan.btnHandle, BUTTON_CI_PRESSED, gCfgItems.btn_textcolor);
    325          	BUTTON_SetTextColor(buttonFan.btnHandle, BUTTON_CI_UNPRESSED, gCfgItems.btn_textcolor);
    326          	BUTTON_SetTextColor(buttonFilamentChange.btnHandle, BUTTON_CI_PRESSED, gCfgItems.btn_textcolor);
    327          	BUTTON_SetTextColor(buttonFilamentChange.btnHandle,BUTTON_CI_UNPRESSED, gCfgItems.btn_textcolor);
    328          	BUTTON_SetTextColor(buttonAbout.btnHandle, BUTTON_CI_PRESSED, gCfgItems.btn_textcolor);
    329          	BUTTON_SetTextColor(buttonAbout.btnHandle, BUTTON_CI_UNPRESSED, gCfgItems.btn_textcolor);
    330          	BUTTON_SetTextColor(buttonBreakpoint.btnHandle, BUTTON_CI_PRESSED, gCfgItems.btn_textcolor);
    331          	BUTTON_SetTextColor(buttonBreakpoint.btnHandle, BUTTON_CI_UNPRESSED, gCfgItems.btn_textcolor);
    332          	if(TFT_screen.display_style != 0)
    333          	{
    334          		BUTTON_SetTextColor(buttonFunction_1.btnHandle, BUTTON_CI_PRESSED, gCfgItems.btn_textcolor);
    335          		BUTTON_SetTextColor(buttonFunction_1.btnHandle, BUTTON_CI_UNPRESSED, gCfgItems.btn_textcolor);
    336          	}
    337          	BUTTON_SetTextColor(buttonLanguage.btnHandle, BUTTON_CI_PRESSED, gCfgItems.btn_textcolor);
    338          	BUTTON_SetTextColor(buttonLanguage.btnHandle, BUTTON_CI_UNPRESSED, gCfgItems.btn_textcolor);
    339          	BUTTON_SetTextColor(buttonRet.btnHandle, BUTTON_CI_PRESSED, gCfgItems.back_btn_textcolor);
    340          	BUTTON_SetTextColor(buttonRet.btnHandle, BUTTON_CI_UNPRESSED, gCfgItems.back_btn_textcolor);	
    341          	
    342          	if(gCfgItems.multiple_language != 0)
    343          	{
    344          		BUTTON_SetText(buttonDisk.btnHandle, set_menu.filesys);
    345          		BUTTON_SetText(buttonWifi.btnHandle, set_menu.wifi);
    346          		BUTTON_SetText(buttonFan.btnHandle, set_menu.fan);
    347          		BUTTON_SetText(buttonFilamentChange.btnHandle, set_menu.filament);
    348          		BUTTON_SetText(buttonAbout.btnHandle, set_menu.about);
    349          		BUTTON_SetText(buttonBreakpoint.btnHandle, set_menu.breakpoint);
    350          		if(TFT_screen.display_style != 0)
    351          			BUTTON_SetText(buttonFunction_1.btnHandle, set_menu.motoroff);
    352          		BUTTON_SetText(buttonLanguage.btnHandle, set_menu.language);
    353          		BUTTON_SetText(buttonRet.btnHandle, common_menu.text_back);
    354          	}
    355          
    356          
    357          #endif
    358          #else
    359                  hSetWnd = WM_CreateWindow(0, titleHeight, LCD_WIDTH, imgHeight, WM_CF_SHOW, cbSetWin, 0);
   \   00000036   0x2000             MOVS     R0,#+0
   \   00000038   0x9002             STR      R0,[SP, #+8]
   \   0000003A   0x....             LDR.N    R0,??DataTable6_6
   \   0000003C   0x9001             STR      R0,[SP, #+4]
   \   0000003E   0x2002             MOVS     R0,#+2
   \   00000040   0x9000             STR      R0,[SP, #+0]
   \   00000042   0xF44F 0x73A0      MOV      R3,#+320
   \   00000046   0xF44F 0x72F0      MOV      R2,#+480
   \   0000004A   0x2100             MOVS     R1,#+0
   \   0000004C   0x4608             MOV      R0,R1
   \   0000004E   0x.... 0x....      BL       WM_CreateWindow
   \   00000052   0x....             LDR.N    R6,??DataTable6
   \   00000054   0x8030             STRH     R0,[R6, #+0]
    360                  buttonLanguage.btnHandle = BUTTON_CreateEx(20,20,120, 130, hSetWnd, BUTTON_CF_SHOW, 0, 301);
   \   00000056   0xF240 0x112D      MOVW     R1,#+301
   \   0000005A   0x9103             STR      R1,[SP, #+12]
   \   0000005C   0x2100             MOVS     R1,#+0
   \   0000005E   0x9102             STR      R1,[SP, #+8]
   \   00000060   0x2102             MOVS     R1,#+2
   \   00000062   0x9101             STR      R1,[SP, #+4]
   \   00000064   0x9000             STR      R0,[SP, #+0]
   \   00000066   0x2382             MOVS     R3,#+130
   \   00000068   0x2278             MOVS     R2,#+120
   \   0000006A   0x2114             MOVS     R1,#+20
   \   0000006C   0x4608             MOV      R0,R1
   \   0000006E   0x.... 0x....      BL       BUTTON_CreateEx
   \   00000072   0x80B0             STRH     R0,[R6, #+4]
    361                  buttonService.btnHandle  = BUTTON_CreateEx(180,20,120, 130, hSetWnd, BUTTON_CF_SHOW, 0, 303);
   \   00000074   0x....             LDR.N    R7,??DataTable6_2
   \   00000076   0xF240 0x102F      MOVW     R0,#+303
   \   0000007A   0x9003             STR      R0,[SP, #+12]
   \   0000007C   0x2000             MOVS     R0,#+0
   \   0000007E   0x9002             STR      R0,[SP, #+8]
   \   00000080   0x2002             MOVS     R0,#+2
   \   00000082   0x9001             STR      R0,[SP, #+4]
   \   00000084   0xF9B6 0x0000      LDRSH    R0,[R6, #+0]
   \   00000088   0x9000             STR      R0,[SP, #+0]
   \   0000008A   0x2382             MOVS     R3,#+130
   \   0000008C   0x2278             MOVS     R2,#+120
   \   0000008E   0x2114             MOVS     R1,#+20
   \   00000090   0x20B4             MOVS     R0,#+180
   \   00000092   0x.... 0x....      BL       BUTTON_CreateEx
   \   00000096   0x8038             STRH     R0,[R7, #+0]
    362                  buttonInfo.btnHandle = BUTTON_CreateEx(340,20,120, 130, hSetWnd, BUTTON_CF_SHOW, 0, 304);
   \   00000098   0xF44F 0x7098      MOV      R0,#+304
   \   0000009C   0x9003             STR      R0,[SP, #+12]
   \   0000009E   0x2000             MOVS     R0,#+0
   \   000000A0   0x9002             STR      R0,[SP, #+8]
   \   000000A2   0x2002             MOVS     R0,#+2
   \   000000A4   0x9001             STR      R0,[SP, #+4]
   \   000000A6   0xF9B6 0x0000      LDRSH    R0,[R6, #+0]
   \   000000AA   0x9000             STR      R0,[SP, #+0]
   \   000000AC   0x2382             MOVS     R3,#+130
   \   000000AE   0x2278             MOVS     R2,#+120
   \   000000B0   0x2114             MOVS     R1,#+20
   \   000000B2   0xF44F 0x70AA      MOV      R0,#+340
   \   000000B6   0x.... 0x....      BL       BUTTON_CreateEx
   \   000000BA   0x8338             STRH     R0,[R7, #+24]
    363                  buttonRet.btnHandle  = BUTTON_CreateEx(340,170,120, 130, hSetWnd, BUTTON_CF_SHOW, 0, 308);
   \   000000BC   0xF44F 0x709A      MOV      R0,#+308
   \   000000C0   0x9003             STR      R0,[SP, #+12]
   \   000000C2   0x2000             MOVS     R0,#+0
   \   000000C4   0x9002             STR      R0,[SP, #+8]
   \   000000C6   0x2002             MOVS     R0,#+2
   \   000000C8   0x9001             STR      R0,[SP, #+4]
   \   000000CA   0xF9B6 0x0000      LDRSH    R0,[R6, #+0]
   \   000000CE   0x9000             STR      R0,[SP, #+0]
   \   000000D0   0x2382             MOVS     R3,#+130
   \   000000D2   0x2278             MOVS     R2,#+120
   \   000000D4   0x21AA             MOVS     R1,#+170
   \   000000D6   0xF44F 0x70AA      MOV      R0,#+340
   \   000000DA   0x.... 0x....      BL       BUTTON_CreateEx
   \   000000DE   0x83B0             STRH     R0,[R6, #+28]
    364          
    365          #if 1
    366              	BUTTON_SetBmpFileName(buttonLanguage.btnHandle, "bmp_language.bin",1);
   \   000000E0   0x2201             MOVS     R2,#+1
   \   000000E2   0x.... 0x....      ADR.W    R1,`?<Constant "bmp_language.bin">`
   \   000000E6   0xF9B6 0x0004      LDRSH    R0,[R6, #+4]
   \   000000EA   0x.... 0x....      BL       BUTTON_SetBmpFileName
    367                  BUTTON_SetBmpFileName(buttonService.btnHandle, "bmp_service.bin",1);
   \   000000EE   0x2201             MOVS     R2,#+1
   \   000000F0   0x.... 0x....      ADR.W    R1,`?<Constant "bmp_service.bin">`
   \   000000F4   0xF9B7 0x0000      LDRSH    R0,[R7, #+0]
   \   000000F8   0x.... 0x....      BL       BUTTON_SetBmpFileName
    368                  BUTTON_SetBmpFileName(buttonInfo.btnHandle, "bmp_info.bin",1);
   \   000000FC   0x2201             MOVS     R2,#+1
   \   000000FE   0x.... 0x....      ADR.W    R1,`?<Constant "bmp_info.bin">`
   \   00000102   0xF9B7 0x0018      LDRSH    R0,[R7, #+24]
   \   00000106   0x.... 0x....      BL       BUTTON_SetBmpFileName
    369          	    BUTTON_SetBmpFileName(buttonRet.btnHandle, "bmp_return.bin",1);
   \   0000010A   0x2201             MOVS     R2,#+1
   \   0000010C   0x.... 0x....      ADR.W    R1,`?<Constant "bmp_return.bin">`
   \   00000110   0xF9B6 0x001C      LDRSH    R0,[R6, #+28]
   \   00000114   0x.... 0x....      BL       BUTTON_SetBmpFileName
    370          
    371          	    BUTTON_SetBitmapEx(buttonLanguage.btnHandle, 0, &bmp_struct, BMP_PIC_X, BMP_PIC_Y);
   \   00000118   0x.... 0x....      LDR.W    R8,??DataTable6_7
   \   0000011C   0x.... 0x....      LDR.W    R9,??DataTable6_8
   \   00000120   0x.... 0x....      LDR.W    R10,??DataTable6_9
   \   00000124   0xF99A 0x0000      LDRSB    R0,[R10, #+0]
   \   00000128   0x9000             STR      R0,[SP, #+0]
   \   0000012A   0xF999 0x3000      LDRSB    R3,[R9, #+0]
   \   0000012E   0x4642             MOV      R2,R8
   \   00000130   0x2100             MOVS     R1,#+0
   \   00000132   0xF9B6 0x0004      LDRSH    R0,[R6, #+4]
   \   00000136   0x.... 0x....      BL       BUTTON_SetBitmapEx
    372                  BUTTON_SetBitmapEx(buttonService.btnHandle, 0, &bmp_struct, BMP_PIC_X, BMP_PIC_Y);
   \   0000013A   0xF99A 0x0000      LDRSB    R0,[R10, #+0]
   \   0000013E   0x9000             STR      R0,[SP, #+0]
   \   00000140   0xF999 0x3000      LDRSB    R3,[R9, #+0]
   \   00000144   0x4642             MOV      R2,R8
   \   00000146   0x2100             MOVS     R1,#+0
   \   00000148   0xF9B7 0x0000      LDRSH    R0,[R7, #+0]
   \   0000014C   0x.... 0x....      BL       BUTTON_SetBitmapEx
    373                  BUTTON_SetBitmapEx(buttonInfo.btnHandle, 0, &bmp_struct, BMP_PIC_X, BMP_PIC_Y);
   \   00000150   0xF99A 0x0000      LDRSB    R0,[R10, #+0]
   \   00000154   0x9000             STR      R0,[SP, #+0]
   \   00000156   0xF999 0x3000      LDRSB    R3,[R9, #+0]
   \   0000015A   0x4642             MOV      R2,R8
   \   0000015C   0x2100             MOVS     R1,#+0
   \   0000015E   0xF9B7 0x0018      LDRSH    R0,[R7, #+24]
   \   00000162   0x.... 0x....      BL       BUTTON_SetBitmapEx
    374          	    BUTTON_SetBitmapEx(buttonRet.btnHandle, 0, &bmp_struct,BMP_PIC_X, BMP_PIC_Y);  
   \   00000166   0xF99A 0x0000      LDRSB    R0,[R10, #+0]
   \   0000016A   0x9000             STR      R0,[SP, #+0]
   \   0000016C   0xF999 0x3000      LDRSB    R3,[R9, #+0]
   \   00000170   0x4642             MOV      R2,R8
   \   00000172   0x2100             MOVS     R1,#+0
   \   00000174   0xF9B6 0x001C      LDRSH    R0,[R6, #+28]
   \   00000178   0x.... 0x....      BL       BUTTON_SetBitmapEx
    375                  
    376                  BUTTON_SetBkColor(buttonLanguage.btnHandle, BUTTON_CI_PRESSED, gCfgItems.btn_color);
   \   0000017C   0x686A             LDR      R2,[R5, #+4]
   \   0000017E   0x2101             MOVS     R1,#+1
   \   00000180   0xF9B6 0x0004      LDRSH    R0,[R6, #+4]
   \   00000184   0x.... 0x....      BL       BUTTON_SetBkColor
    377                  BUTTON_SetBkColor(buttonLanguage.btnHandle, BUTTON_CI_UNPRESSED, gCfgItems.btn_color);
   \   00000188   0x686A             LDR      R2,[R5, #+4]
   \   0000018A   0x2100             MOVS     R1,#+0
   \   0000018C   0xF9B6 0x0004      LDRSH    R0,[R6, #+4]
   \   00000190   0x.... 0x....      BL       BUTTON_SetBkColor
    378                  BUTTON_SetBkColor(buttonService.btnHandle, BUTTON_CI_PRESSED, gCfgItems.btn_color);
   \   00000194   0x686A             LDR      R2,[R5, #+4]
   \   00000196   0x2101             MOVS     R1,#+1
   \   00000198   0xF9B7 0x0000      LDRSH    R0,[R7, #+0]
   \   0000019C   0x.... 0x....      BL       BUTTON_SetBkColor
    379                  BUTTON_SetBkColor(buttonService.btnHandle, BUTTON_CI_UNPRESSED, gCfgItems.btn_color);
   \   000001A0   0x686A             LDR      R2,[R5, #+4]
   \   000001A2   0x2100             MOVS     R1,#+0
   \   000001A4   0xF9B7 0x0000      LDRSH    R0,[R7, #+0]
   \   000001A8   0x.... 0x....      BL       BUTTON_SetBkColor
    380                  BUTTON_SetBkColor(buttonInfo.btnHandle, BUTTON_CI_PRESSED, gCfgItems.btn_color);
   \   000001AC   0x686A             LDR      R2,[R5, #+4]
   \   000001AE   0x2101             MOVS     R1,#+1
   \   000001B0   0xF9B7 0x0018      LDRSH    R0,[R7, #+24]
   \   000001B4   0x.... 0x....      BL       BUTTON_SetBkColor
    381                  BUTTON_SetBkColor(buttonInfo.btnHandle, BUTTON_CI_UNPRESSED, gCfgItems.btn_color);        
   \   000001B8   0x686A             LDR      R2,[R5, #+4]
   \   000001BA   0x2100             MOVS     R1,#+0
   \   000001BC   0xF9B7 0x0018      LDRSH    R0,[R7, #+24]
   \   000001C0   0x.... 0x....      BL       BUTTON_SetBkColor
    382                  BUTTON_SetBkColor(buttonRet.btnHandle, BUTTON_CI_PRESSED, gCfgItems.btn_color);
   \   000001C4   0x686A             LDR      R2,[R5, #+4]
   \   000001C6   0x2101             MOVS     R1,#+1
   \   000001C8   0xF9B6 0x001C      LDRSH    R0,[R6, #+28]
   \   000001CC   0x.... 0x....      BL       BUTTON_SetBkColor
    383                  BUTTON_SetBkColor(buttonRet.btnHandle, BUTTON_CI_UNPRESSED, gCfgItems.btn_color);
   \   000001D0   0x686A             LDR      R2,[R5, #+4]
   \   000001D2   0x2100             MOVS     R1,#+0
   \   000001D4   0xF9B6 0x001C      LDRSH    R0,[R6, #+28]
   \   000001D8   0x.... 0x....      BL       BUTTON_SetBkColor
    384          
    385              	BUTTON_SetTextColor(buttonLanguage.btnHandle, BUTTON_CI_PRESSED, gCfgItems.btn_textcolor);
   \   000001DC   0x68EA             LDR      R2,[R5, #+12]
   \   000001DE   0x2101             MOVS     R1,#+1
   \   000001E0   0xF9B6 0x0004      LDRSH    R0,[R6, #+4]
   \   000001E4   0x.... 0x....      BL       BUTTON_SetTextColor
    386              	BUTTON_SetTextColor(buttonLanguage.btnHandle, BUTTON_CI_UNPRESSED, gCfgItems.btn_textcolor);
   \   000001E8   0x68EA             LDR      R2,[R5, #+12]
   \   000001EA   0x2100             MOVS     R1,#+0
   \   000001EC   0xF9B6 0x0004      LDRSH    R0,[R6, #+4]
   \   000001F0   0x.... 0x....      BL       BUTTON_SetTextColor
    387              	BUTTON_SetTextColor(buttonService.btnHandle, BUTTON_CI_PRESSED, gCfgItems.btn_textcolor);
   \   000001F4   0x68EA             LDR      R2,[R5, #+12]
   \   000001F6   0x2101             MOVS     R1,#+1
   \   000001F8   0xF9B7 0x0000      LDRSH    R0,[R7, #+0]
   \   000001FC   0x.... 0x....      BL       BUTTON_SetTextColor
    388              	BUTTON_SetTextColor(buttonService.btnHandle, BUTTON_CI_UNPRESSED, gCfgItems.btn_textcolor);
   \   00000200   0x68EA             LDR      R2,[R5, #+12]
   \   00000202   0x2100             MOVS     R1,#+0
   \   00000204   0xF9B7 0x0000      LDRSH    R0,[R7, #+0]
   \   00000208   0x.... 0x....      BL       BUTTON_SetTextColor
    389              	BUTTON_SetTextColor(buttonInfo.btnHandle, BUTTON_CI_PRESSED, gCfgItems.btn_textcolor);
   \   0000020C   0x68EA             LDR      R2,[R5, #+12]
   \   0000020E   0x2101             MOVS     R1,#+1
   \   00000210   0xF9B7 0x0018      LDRSH    R0,[R7, #+24]
   \   00000214   0x.... 0x....      BL       BUTTON_SetTextColor
    390              	BUTTON_SetTextColor(buttonInfo.btnHandle, BUTTON_CI_UNPRESSED, gCfgItems.btn_textcolor);
   \   00000218   0x68EA             LDR      R2,[R5, #+12]
   \   0000021A   0x2100             MOVS     R1,#+0
   \   0000021C   0xF9B7 0x0018      LDRSH    R0,[R7, #+24]
   \   00000220   0x.... 0x....      BL       BUTTON_SetTextColor
    391              	BUTTON_SetTextColor(buttonRet.btnHandle, BUTTON_CI_PRESSED, gCfgItems.btn_textcolor);
   \   00000224   0x68EA             LDR      R2,[R5, #+12]
   \   00000226   0x2101             MOVS     R1,#+1
   \   00000228   0xF9B6 0x001C      LDRSH    R0,[R6, #+28]
   \   0000022C   0x.... 0x....      BL       BUTTON_SetTextColor
    392              	BUTTON_SetTextColor(buttonRet.btnHandle, BUTTON_CI_UNPRESSED, gCfgItems.btn_textcolor);    
   \   00000230   0x68EA             LDR      R2,[R5, #+12]
   \   00000232   0x2100             MOVS     R1,#+0
   \   00000234   0xF9B6 0x001C      LDRSH    R0,[R6, #+28]
   \   00000238   0x.... 0x....      BL       BUTTON_SetTextColor
    393          
    394                  BUTTON_SetTextAlign(buttonLanguage.btnHandle, GUI_TA_BOTTOM | GUI_TA_HCENTER);
   \   0000023C   0x2106             MOVS     R1,#+6
   \   0000023E   0xF9B6 0x0004      LDRSH    R0,[R6, #+4]
   \   00000242   0x.... 0x....      BL       BUTTON_SetTextAlign
    395                  BUTTON_SetTextAlign(buttonService.btnHandle, GUI_TA_BOTTOM | GUI_TA_HCENTER);
   \   00000246   0x2106             MOVS     R1,#+6
   \   00000248   0xF9B7 0x0000      LDRSH    R0,[R7, #+0]
   \   0000024C   0x.... 0x....      BL       BUTTON_SetTextAlign
    396                  BUTTON_SetTextAlign(buttonInfo.btnHandle, GUI_TA_BOTTOM | GUI_TA_HCENTER);
   \   00000250   0x2106             MOVS     R1,#+6
   \   00000252   0xF9B7 0x0018      LDRSH    R0,[R7, #+24]
   \   00000256   0x.... 0x....      BL       BUTTON_SetTextAlign
    397                  BUTTON_SetTextAlign(buttonRet.btnHandle, GUI_TA_BOTTOM | GUI_TA_HCENTER);
   \   0000025A   0x2106             MOVS     R1,#+6
   \   0000025C   0xF9B6 0x001C      LDRSH    R0,[R6, #+28]
   \   00000260   0x.... 0x....      BL       BUTTON_SetTextAlign
    398          
    399              	if(gCfgItems.multiple_language != 0)
   \   00000264   0xF894 0x019B      LDRB     R0,[R4, #+411]
   \   00000268   0x2800             CMP      R0,#+0
   \   0000026A   0xD018             BEQ.N    ??draw_Set_1
    400              	{
    401              		BUTTON_SetText(buttonLanguage.btnHandle, set_menu.language);
   \   0000026C   0x....             LDR.N    R4,??DataTable6_10
   \   0000026E   0x6A61             LDR      R1,[R4, #+36]
   \   00000270   0xF9B6 0x0004      LDRSH    R0,[R6, #+4]
   \   00000274   0x.... 0x....      BL       BUTTON_SetText
    402              		BUTTON_SetText(buttonService.btnHandle, set_menu.service);
   \   00000278   0x6AA1             LDR      R1,[R4, #+40]
   \   0000027A   0xF9B7 0x0000      LDRSH    R0,[R7, #+0]
   \   0000027E   0x.... 0x....      BL       BUTTON_SetText
    403              		BUTTON_SetText(buttonInfo.btnHandle, set_menu.info);            
   \   00000282   0x6AE1             LDR      R1,[R4, #+44]
   \   00000284   0xF9B7 0x0018      LDRSH    R0,[R7, #+24]
   \   00000288   0x.... 0x....      BL       BUTTON_SetText
    404              		BUTTON_SetText(buttonRet.btnHandle, common_menu.text_back);
   \   0000028C   0x....             LDR.N    R0,??DataTable6_11
   \   0000028E   0x6801             LDR      R1,[R0, #+0]
   \   00000290   0xF9B6 0x001C      LDRSH    R0,[R6, #+28]
   \   00000294   0xB004             ADD      SP,SP,#+16
   \   00000296   0xE8BD 0x47F0      POP      {R4-R10,LR}
   \   0000029A   0x.... 0x....      B.W      BUTTON_SetText
    405              	} 
    406              	
    407          #else
    408              BUTTON_SetBmpFileName(buttonLanguage.btnHandle, NULL,1);
    409              BUTTON_SetBmpFileName(buttonService.btnHandle,NULL,1);
    410              BUTTON_SetBmpFileName(buttonInfo.btnHandle, NULL,1);
    411              BUTTON_SetBmpFileName(buttonRet.btnHandle, NULL,1);
    412              
    413              BUTTON_SetBkColor(buttonLanguage.btnHandle, BUTTON_CI_PRESSED, gCfgItems.btn_color);
    414              BUTTON_SetBkColor(buttonLanguage.btnHandle, BUTTON_CI_UNPRESSED, gCfgItems.btn_color);
    415              BUTTON_SetBkColor(buttonService.btnHandle, BUTTON_CI_PRESSED, gCfgItems.btn_color);
    416              BUTTON_SetBkColor(buttonService.btnHandle, BUTTON_CI_UNPRESSED, gCfgItems.btn_color);
    417              BUTTON_SetBkColor(buttonInfo.btnHandle, BUTTON_CI_PRESSED, gCfgItems.btn_color);
    418              BUTTON_SetBkColor(buttonInfo.btnHandle, BUTTON_CI_UNPRESSED, gCfgItems.btn_color);        
    419              BUTTON_SetBkColor(buttonRet.btnHandle, BUTTON_CI_PRESSED, gCfgItems.btn_color);
    420              BUTTON_SetBkColor(buttonRet.btnHandle, BUTTON_CI_UNPRESSED, gCfgItems.btn_color);
    421              
    422              BUTTON_SetTextColor(buttonLanguage.btnHandle, BUTTON_CI_PRESSED, gCfgItems.btn_textcolor);
    423              BUTTON_SetTextColor(buttonLanguage.btnHandle, BUTTON_CI_UNPRESSED, gCfgItems.btn_textcolor);
    424              BUTTON_SetTextColor(buttonService.btnHandle, BUTTON_CI_PRESSED, gCfgItems.btn_textcolor);
    425              BUTTON_SetTextColor(buttonService.btnHandle, BUTTON_CI_UNPRESSED, gCfgItems.btn_textcolor);
    426              BUTTON_SetTextColor(buttonInfo.btnHandle, BUTTON_CI_PRESSED, gCfgItems.btn_textcolor);
    427              BUTTON_SetTextColor(buttonInfo.btnHandle, BUTTON_CI_UNPRESSED, gCfgItems.btn_textcolor);                
    428              BUTTON_SetTextColor(buttonRet.btnHandle, BUTTON_CI_PRESSED, gCfgItems.btn_textcolor);
    429              BUTTON_SetTextColor(buttonRet.btnHandle, BUTTON_CI_UNPRESSED, gCfgItems.btn_textcolor); 
    430          
    431              if(gCfgItems.multiple_language != 0)
    432              {
    433          
    434                  BUTTON_SetText(buttonLanguage.btnHandle, set_menu.language);
    435                  BUTTON_SetText(buttonService.btnHandle, "SERVICE");
    436                  BUTTON_SetText(buttonInfo.btnHandle, "INFO");            
    437                  BUTTON_SetText(buttonRet.btnHandle, "RETURN");
    438              } 
    439          
    440          #endif
    441                  
    442          #endif	
    443          
    444          	//GUI_Exec();
    445          
    446          
    447          #endif	
    448          }
   \                     ??draw_Set_1: (+1)
   \   0000029E   0xE8BD 0x87FF      POP      {R0-R10,PC}      ;; return
    449          

   \                                 In section .text, align 2, keep-with-next
    450          void Clear_Set()
    451          {
   \                     Clear_Set: (+1)
   \   00000000   0xB510             PUSH     {R4,LR}
    452          	GUI_SetBkColor(gCfgItems.background_color);
   \   00000002   0x....             LDR.N    R0,??DataTable6_5
   \   00000004   0x6840             LDR      R0,[R0, #+4]
   \   00000006   0x.... 0x....      BL       GUI_SetBkColor
    453          	if(WM_IsWindow(hSetWnd))
   \   0000000A   0x....             LDR.N    R4,??DataTable6
   \   0000000C   0xF9B4 0x0000      LDRSH    R0,[R4, #+0]
   \   00000010   0x.... 0x....      BL       WM_IsWindow
   \   00000014   0x2800             CMP      R0,#+0
   \   00000016   0xD005             BEQ.N    ??Clear_Set_0
    454          	{
    455          		WM_DeleteWindow(hSetWnd);
   \   00000018   0xF9B4 0x0000      LDRSH    R0,[R4, #+0]
   \   0000001C   0xE8BD 0x4010      POP      {R4,LR}
   \   00000020   0x.... 0x....      B.W      WM_DeleteWindow
    456          		//GUI_Exec();
    457          	}
    458          	
    459          	//GUI_Clear();
    460          }
   \                     ??Clear_Set_0: (+1)
   \   00000024   0xBD10             POP      {R4,PC}          ;; return

   \                                 In section .text, align 4, keep-with-next
   \                     ??DataTable6:
   \   00000000   0x........         DC32     hSetWnd

   \                                 In section .text, align 4, keep-with-next
   \                     ??DataTable6_1:
   \   00000000   0x........         DC32     last_disp_state

   \                                 In section .text, align 4, keep-with-next
   \                     ??DataTable6_2:
   \   00000000   0x........         DC32     buttonService

   \                                 In section .text, align 4, keep-with-next
   \                     ??DataTable6_3:
   \   00000000   0x........         DC32     disp_state_stack

   \                                 In section .text, align 4, keep-with-next
   \                     ??DataTable6_4:
   \   00000000   0x........         DC32     disp_state

   \                                 In section .text, align 4, keep-with-next
   \                     ??DataTable6_5:
   \   00000000   0x........         DC32     gCfgItems

   \                                 In section .text, align 4, keep-with-next
   \                     ??DataTable6_6:
   \   00000000   0x........         DC32     _Z8cbSetWinP10WM_MESSAGE

   \                                 In section .text, align 4, keep-with-next
   \                     ??DataTable6_7:
   \   00000000   0x........         DC32     bmp_struct

   \                                 In section .text, align 4, keep-with-next
   \                     ??DataTable6_8:
   \   00000000   0x........         DC32     BMP_PIC_X

   \                                 In section .text, align 4, keep-with-next
   \                     ??DataTable6_9:
   \   00000000   0x........         DC32     BMP_PIC_Y

   \                                 In section .text, align 4, keep-with-next
   \                     ??DataTable6_10:
   \   00000000   0x........         DC32     set_menu

   \                                 In section .text, align 4, keep-with-next
   \                     ??DataTable6_11:
   \   00000000   0x........         DC32     common_menu

   \                                 In section .text, align 4, keep-with-next
   \                     `?<Constant "bmp_language.bin">`:
   \   00000000   0x62 0x6D          DC8 "bmp_language.bin"
   \              0x70 0x5F    
   \              0x6C 0x61    
   \              0x6E 0x67    
   \              0x75 0x61    
   \              0x67 0x65    
   \              0x2E 0x62    
   \              0x69 0x6E    
   \              0x00         
   \   00000011   0x00 0x00          DC8 0, 0, 0
   \              0x00         

   \                                 In section .text, align 4, keep-with-next
   \                     `?<Constant "bmp_service.bin">`:
   \   00000000   0x62 0x6D          DC8 "bmp_service.bin"
   \              0x70 0x5F    
   \              0x73 0x65    
   \              0x72 0x76    
   \              0x69 0x63    
   \              0x65 0x2E    
   \              0x62 0x69    
   \              0x6E 0x00    

   \                                 In section .text, align 4, keep-with-next
   \                     `?<Constant "bmp_info.bin">`:
   \   00000000   0x62 0x6D          DC8 "bmp_info.bin"
   \              0x70 0x5F    
   \              0x69 0x6E    
   \              0x66 0x6F    
   \              0x2E 0x62    
   \              0x69 0x6E    
   \              0x00         
   \   0000000D   0x00 0x00          DC8 0, 0, 0
   \              0x00         

   \                                 In section .text, align 4, keep-with-next
   \                     `?<Constant "bmp_return.bin">`:
   \   00000000   0x62 0x6D          DC8 "bmp_return.bin"
   \              0x70 0x5F    
   \              0x72 0x65    
   \              0x74 0x75    
   \              0x72 0x6E    
   \              0x2E 0x62    
   \              0x69 0x6E    
   \              0x00         
   \   0000000F   0x00               DC8 0
    461          
    462          

   Maximum stack usage in bytes:

   .cstack Function
   ------- --------
       8   Clear_Set
         8   -> GUI_SetBkColor
         0   -> WM_DeleteWindow
         8   -> WM_IsWindow
       8   cbSetWin(WM_MESSAGE *)
         8   -> Clear_Set
         0   -> WM_DefaultProc
         0   -> draw_Info
         0   -> draw_Language
         0   -> draw_Service
         0   -> draw_return_ui
      48   draw_Set
        48   -> BUTTON_CreateEx
        48   -> BUTTON_SetBitmapEx
        48   -> BUTTON_SetBkColor
        48   -> BUTTON_SetBmpFileName
         0   -> BUTTON_SetText
        48   -> BUTTON_SetText
        48   -> BUTTON_SetTextAlign
        48   -> BUTTON_SetTextColor
        48   -> GUI_Clear
        48   -> GUI_SetBkColor
        48   -> GUI_SetColor
        48   -> WM_CreateWindow


   Section sizes:

   Bytes  Function/Label
   -----  --------------
      16  ?<Constant "bmp_info.bin">
      20  ?<Constant "bmp_language.bin">
      16  ?<Constant "bmp_return.bin">
      16  ?<Constant "bmp_service.bin">
       4  ??DataTable6
       4  ??DataTable6_1
       4  ??DataTable6_10
       4  ??DataTable6_11
       4  ??DataTable6_2
       4  ??DataTable6_3
       4  ??DataTable6_4
       4  ??DataTable6_5
       4  ??DataTable6_6
       4  ??DataTable6_7
       4  ??DataTable6_8
       4  ??DataTable6_9
      38  Clear_Set
      48  buttonService
          buttonInfo
     150  cbSetWin(WM_MESSAGE *)
     674  draw_Set
      52  hSetWnd
          buttonLanguage
          buttonRet

 
 100 bytes in section .bss
 978 bytes in section .text
 
 978 bytes of CODE memory
 100 bytes of DATA memory

Errors: none
Warnings: 56
