###############################################################################
#
# IAR ANSI C/C++ Compiler V7.10.1.6676/W32 for ARM        16/Apr/2020  18:38:48
# Copyright 1999-2014 IAR Systems AB.
#
#    Cpu mode     =  thumb
#    Endian       =  little
#    Source file  =  
#        D:\DLP_proj\DLP_github\MKS-DLP-FIRMWARE\User\ui\draw_ready_print.cpp
#    Command line =  
#        D:\DLP_proj\DLP_github\MKS-DLP-FIRMWARE\User\ui\draw_ready_print.cpp
#        -D USE_HAL_DRIVER -D STM32F407xx -D STM32F40_41xxx -D USE_HAL_LIB -D
#        MKS_DLP_BOARD -D TFT35 -D USE_STM32F407VET -lC
#        D:\DLP_proj\DLP_github\MKS-DLP-FIRMWARE\EWARM\mksDLP/List\ -lA
#        D:\DLP_proj\DLP_github\MKS-DLP-FIRMWARE\EWARM\mksDLP/List\
#        --diag_suppress Pa050 -o
#        D:\DLP_proj\DLP_github\MKS-DLP-FIRMWARE\EWARM\mksDLP/Obj\ --no_unroll
#        --no_inline --no_tbaa --no_scheduling --debug --endian=little
#        --cpu=Cortex-M4F -e --char_is_signed --fpu=VFPv4_sp --dlib_config
#        "D:\Program Files (x86)\IAR Systems\Embedded Workbench
#        7.0\arm\INC\c\DLib_Config_Full.h" -I
#        D:\DLP_proj\DLP_github\MKS-DLP-FIRMWARE\EWARM/../Inc\ -I
#        D:\DLP_proj\DLP_github\MKS-DLP-FIRMWARE\EWARM/../Src\ -I
#        D:\DLP_proj\DLP_github\MKS-DLP-FIRMWARE\EWARM/../Drivers/STM32F4xx_HAL_Driver/Inc\
#        -I
#        D:\DLP_proj\DLP_github\MKS-DLP-FIRMWARE\EWARM/../Drivers/STM32F4xx_HAL_Driver/Inc/Legacy\
#        -I
#        D:\DLP_proj\DLP_github\MKS-DLP-FIRMWARE\EWARM/../Middlewares/Third_Party/FatFs/src/drivers\
#        -I
#        D:\DLP_proj\DLP_github\MKS-DLP-FIRMWARE\EWARM/../Middlewares/ST/STM32_USB_Host_Library/Core/Inc\
#        -I
#        D:\DLP_proj\DLP_github\MKS-DLP-FIRMWARE\EWARM/../Middlewares/ST/STM32_USB_Host_Library/Class/MSC/Inc\
#        -I
#        D:\DLP_proj\DLP_github\MKS-DLP-FIRMWARE\EWARM/../Drivers/CMSIS/Device/ST/STM32F4xx/Include\
#        -I
#        D:\DLP_proj\DLP_github\MKS-DLP-FIRMWARE\EWARM/../Middlewares/Third_Party/FatFs/src\
#        -I
#        D:\DLP_proj\DLP_github\MKS-DLP-FIRMWARE\EWARM/../Middlewares/Third_Party/Marlin\
#        -I
#        D:\DLP_proj\DLP_github\MKS-DLP-FIRMWARE\EWARM/../Drivers/CMSIS/Include\
#        -I
#        D:\DLP_proj\DLP_github\MKS-DLP-FIRMWARE\EWARM/../Drivers/BSP/variant\
#        -I
#        D:\DLP_proj\DLP_github\MKS-DLP-FIRMWARE\EWARM/../Drivers/BSP/Components/at24cxx\
#        -I
#        D:\DLP_proj\DLP_github\MKS-DLP-FIRMWARE\EWARM/../Drivers/BSP/Components/w25qxx\
#        -I
#        D:\DLP_proj\DLP_github\MKS-DLP-FIRMWARE\EWARM/../Drivers/BSP/Components/ssd2828\
#        -I
#        D:\DLP_proj\DLP_github\MKS-DLP-FIRMWARE\EWARM/../Drivers/BSP/Components/lcd\
#        -I D:\DLP_proj\DLP_github\MKS-DLP-FIRMWARE\EWARM/../Drivers/libstmf4\
#        -I
#        D:\DLP_proj\DLP_github\MKS-DLP-FIRMWARE\EWARM/../Drivers/libstmf4/include\
#        -I
#        D:\DLP_proj\DLP_github\MKS-DLP-FIRMWARE\EWARM/../Middlewares/arduino/stm32/cores/arduino\
#        -I D:\DLP_proj\DLP_github\MKS-DLP-FIRMWARE\EWARM/../User/ui\ -I
#        D:\DLP_proj\DLP_github\MKS-DLP-FIRMWARE\EWARM/../User/ui/Multi_language\
#        -I D:\DLP_proj\DLP_github\MKS-DLP-FIRMWARE\EWARM/../User/ui/QRENCODE\
#        -I D:\DLP_proj\DLP_github\MKS-DLP-FIRMWARE\EWARM/../Middlewares/GUI\
#        -Om --eec++ -I "D:\Program Files (x86)\IAR Systems\Embedded Workbench
#        7.0\arm\CMSIS\Include\"
#    List file    =  
#        D:\DLP_proj\DLP_github\MKS-DLP-FIRMWARE\EWARM\mksDLP/List\draw_ready_print.lst
#    Object file  =  
#        D:\DLP_proj\DLP_github\MKS-DLP-FIRMWARE\EWARM\mksDLP/Obj\draw_ready_print.o
#
###############################################################################

D:\DLP_proj\DLP_github\MKS-DLP-FIRMWARE\User\ui\draw_ready_print.cpp
      1          #include "gui.h"
      2          #include "button.h"
      3          #include "PROGBAR.h"
      4          #include "draw_ui.h"

  #define UNUSED(x) (void) (x)
          ^
"D:\DLP_proj\DLP_github\MKS-DLP-FIRMWARE\Middlewares\Third_Party\Marlin\macros.h",101  Warning[Pe047]: 
          incompatible redefinition of macro "UNUSED" (declared at line 87 of
          "D:\DLP_proj\DLP_github\MKS-DLP-FIRMWARE\Drivers\STM32F4xx_HAL_Driver
          \Inc\stm32f4xx_hal_def.h")

  		volatile volatile float desireBedTempBak;
  		         ^
"D:\DLP_proj\DLP_github\MKS-DLP-FIRMWARE\Inc\mks_cfg.h",407  Warning[Pe083]: 
          type qualifier specified more than once

  #define IS_SPI_MODE(MODE) (((MODE) == SPI_Mode_Master) || \
          ^
"D:\DLP_proj\DLP_github\MKS-DLP-FIRMWARE\Drivers\libstmf4\include\stm32f4xx_spi.h",173  Warning[Pe047]: 
          incompatible redefinition of macro "IS_SPI_MODE" (declared at line
          511 of
          "D:\DLP_proj\DLP_github\MKS-DLP-FIRMWARE\Drivers\STM32F4xx_HAL_Driver
          \Inc\stm32f4xx_hal_spi.h")

  #define IS_SPI_DATASIZE(DATASIZE) (((DATASIZE) == SPI_DataSize_16b) || \
          ^
"D:\DLP_proj\DLP_github\MKS-DLP-FIRMWARE\Drivers\libstmf4\include\stm32f4xx_spi.h",185  Warning[Pe047]: 
          incompatible redefinition of macro "IS_SPI_DATASIZE" (declared at
          line 523 of
          "D:\DLP_proj\DLP_github\MKS-DLP-FIRMWARE\Drivers\STM32F4xx_HAL_Driver
          \Inc\stm32f4xx_hal_spi.h")

  #define IS_SPI_CPOL(CPOL) (((CPOL) == SPI_CPOL_Low) || \
          ^
"D:\DLP_proj\DLP_github\MKS-DLP-FIRMWARE\Drivers\libstmf4\include\stm32f4xx_spi.h",197  Warning[Pe047]: 
          incompatible redefinition of macro "IS_SPI_CPOL" (declared at line
          526 of
          "D:\DLP_proj\DLP_github\MKS-DLP-FIRMWARE\Drivers\STM32F4xx_HAL_Driver
          \Inc\stm32f4xx_hal_spi.h")

  #define IS_SPI_CPHA(CPHA) (((CPHA) == SPI_CPHA_1Edge) || \
          ^
"D:\DLP_proj\DLP_github\MKS-DLP-FIRMWARE\Drivers\libstmf4\include\stm32f4xx_spi.h",209  Warning[Pe047]: 
          incompatible redefinition of macro "IS_SPI_CPHA" (declared at line
          529 of
          "D:\DLP_proj\DLP_github\MKS-DLP-FIRMWARE\Drivers\STM32F4xx_HAL_Driver
          \Inc\stm32f4xx_hal_spi.h")

  #define IS_SPI_NSS(NSS) (((NSS) == SPI_NSS_Soft) || \
          ^
"D:\DLP_proj\DLP_github\MKS-DLP-FIRMWARE\Drivers\libstmf4\include\stm32f4xx_spi.h",221  Warning[Pe047]: 
          incompatible redefinition of macro "IS_SPI_NSS" (declared at line
          532 of
          "D:\DLP_proj\DLP_github\MKS-DLP-FIRMWARE\Drivers\STM32F4xx_HAL_Driver
          \Inc\stm32f4xx_hal_spi.h")

  #define IS_SPI_BAUDRATE_PRESCALER(PRESCALER) (((PRESCALER) == SPI_BaudRatePrescaler_2) || \
          ^
"D:\DLP_proj\DLP_github\MKS-DLP-FIRMWARE\Drivers\libstmf4\include\stm32f4xx_spi.h",239  Warning[Pe047]: 
          incompatible redefinition of macro "IS_SPI_BAUDRATE_PRESCALER"
          (declared at line 536 of
          "D:\DLP_proj\DLP_github\MKS-DLP-FIRMWARE\Drivers\STM32F4xx_HAL_Driver
          \Inc\stm32f4xx_hal_spi.h")

  #define IS_SPI_FIRST_BIT(BIT) (((BIT) == SPI_FirstBit_MSB) || \
          ^
"D:\DLP_proj\DLP_github\MKS-DLP-FIRMWARE\Drivers\libstmf4\include\stm32f4xx_spi.h",257  Warning[Pe047]: 
          incompatible redefinition of macro "IS_SPI_FIRST_BIT" (declared at
          line 545 of
          "D:\DLP_proj\DLP_github\MKS-DLP-FIRMWARE\Drivers\STM32F4xx_HAL_Driver
          \Inc\stm32f4xx_hal_spi.h")

  #define IS_SPI_DIRECTION(DIRECTION) (((DIRECTION) == SPI_Direction_Rx) || \
          ^
"D:\DLP_proj\DLP_github\MKS-DLP-FIRMWARE\Drivers\libstmf4\include\stm32f4xx_spi.h",400  Warning[Pe047]: 
          incompatible redefinition of macro "IS_SPI_DIRECTION" (declared at
          line 514 of
          "D:\DLP_proj\DLP_github\MKS-DLP-FIRMWARE\Drivers\STM32F4xx_HAL_Driver
          \Inc\stm32f4xx_hal_spi.h")

  #define SPI_FLAG_CRCERR                 ((uint16_t)0x0010)
          ^
"D:\DLP_proj\DLP_github\MKS-DLP-FIRMWARE\Drivers\libstmf4\include\stm32f4xx_spi.h",442  Warning[Pe047]: 
          incompatible redefinition of macro "SPI_FLAG_CRCERR" (declared at
          line 293 of
          "D:\DLP_proj\DLP_github\MKS-DLP-FIRMWARE\Drivers\STM32F4xx_HAL_Driver
          \Inc\stm32f4xx_hal_spi.h")

  #define SPI_FLAG_MODF                   ((uint16_t)0x0020)
          ^
"D:\DLP_proj\DLP_github\MKS-DLP-FIRMWARE\Drivers\libstmf4\include\stm32f4xx_spi.h",443  Warning[Pe047]: 
          incompatible redefinition of macro "SPI_FLAG_MODF" (declared at line
          294 of
          "D:\DLP_proj\DLP_github\MKS-DLP-FIRMWARE\Drivers\STM32F4xx_HAL_Driver
          \Inc\stm32f4xx_hal_spi.h")

  #define IS_SPI_CRC_POLYNOMIAL(POLYNOMIAL) ((POLYNOMIAL) >= 0x1)
          ^
"D:\DLP_proj\DLP_github\MKS-DLP-FIRMWARE\Drivers\libstmf4\include\stm32f4xx_spi.h",462  Warning[Pe047]: 
          incompatible redefinition of macro "IS_SPI_CRC_POLYNOMIAL" (declared
          at line 554 of
          "D:\DLP_proj\DLP_github\MKS-DLP-FIRMWARE\Drivers\STM32F4xx_HAL_Driver
          \Inc\stm32f4xx_hal_spi.h")

  #define SPI_IT_TXE                   SPI_I2S_IT_TXE
          ^
"D:\DLP_proj\DLP_github\MKS-DLP-FIRMWARE\Drivers\libstmf4\include\stm32f4xx_spi.h",473  Warning[Pe047]: 
          incompatible redefinition of macro "SPI_IT_TXE" (declared at line
          280 of
          "D:\DLP_proj\DLP_github\MKS-DLP-FIRMWARE\Drivers\STM32F4xx_HAL_Driver
          \Inc\stm32f4xx_hal_spi.h")

  #define SPI_IT_RXNE                  SPI_I2S_IT_RXNE
          ^
"D:\DLP_proj\DLP_github\MKS-DLP-FIRMWARE\Drivers\libstmf4\include\stm32f4xx_spi.h",474  Warning[Pe047]: 
          incompatible redefinition of macro "SPI_IT_RXNE" (declared at line
          281 of
          "D:\DLP_proj\DLP_github\MKS-DLP-FIRMWARE\Drivers\STM32F4xx_HAL_Driver
          \Inc\stm32f4xx_hal_spi.h")

  #define SPI_IT_ERR                   SPI_I2S_IT_ERR
          ^
"D:\DLP_proj\DLP_github\MKS-DLP-FIRMWARE\Drivers\libstmf4\include\stm32f4xx_spi.h",475  Warning[Pe047]: 
          incompatible redefinition of macro "SPI_IT_ERR" (declared at line
          282 of
          "D:\DLP_proj\DLP_github\MKS-DLP-FIRMWARE\Drivers\STM32F4xx_HAL_Driver
          \Inc\stm32f4xx_hal_spi.h")

  #define SPI_FLAG_RXNE                SPI_I2S_FLAG_RXNE
          ^
"D:\DLP_proj\DLP_github\MKS-DLP-FIRMWARE\Drivers\libstmf4\include\stm32f4xx_spi.h",477  Warning[Pe047]: 
          incompatible redefinition of macro "SPI_FLAG_RXNE" (declared at line
          290 of
          "D:\DLP_proj\DLP_github\MKS-DLP-FIRMWARE\Drivers\STM32F4xx_HAL_Driver
          \Inc\stm32f4xx_hal_spi.h")

  #define SPI_FLAG_TXE                 SPI_I2S_FLAG_TXE
          ^
"D:\DLP_proj\DLP_github\MKS-DLP-FIRMWARE\Drivers\libstmf4\include\stm32f4xx_spi.h",478  Warning[Pe047]: 
          incompatible redefinition of macro "SPI_FLAG_TXE" (declared at line
          291 of
          "D:\DLP_proj\DLP_github\MKS-DLP-FIRMWARE\Drivers\STM32F4xx_HAL_Driver
          \Inc\stm32f4xx_hal_spi.h")

  #define SPI_FLAG_OVR                 SPI_I2S_FLAG_OVR
          ^
"D:\DLP_proj\DLP_github\MKS-DLP-FIRMWARE\Drivers\libstmf4\include\stm32f4xx_spi.h",479  Warning[Pe047]: 
          incompatible redefinition of macro "SPI_FLAG_OVR" (declared at line
          295 of
          "D:\DLP_proj\DLP_github\MKS-DLP-FIRMWARE\Drivers\STM32F4xx_HAL_Driver
          \Inc\stm32f4xx_hal_spi.h")

  #define SPI_FLAG_BSY                 SPI_I2S_FLAG_BSY
          ^
"D:\DLP_proj\DLP_github\MKS-DLP-FIRMWARE\Drivers\libstmf4\include\stm32f4xx_spi.h",480  Warning[Pe047]: 
          incompatible redefinition of macro "SPI_FLAG_BSY" (declared at line
          292 of
          "D:\DLP_proj\DLP_github\MKS-DLP-FIRMWARE\Drivers\STM32F4xx_HAL_Driver
          \Inc\stm32f4xx_hal_spi.h")

    #define FILAMENT_CHANGE_TEXT_EN				"Please click <Load> \nor <unload>,After \npinter pause."
            ^
"D:\DLP_proj\DLP_github\MKS-DLP-FIRMWARE\User\ui\Multi_language\Language_en.h",175  Warning[Pe047]: 
          incompatible redefinition of macro "FILAMENT_CHANGE_TEXT_EN"
          (declared at line 153)

  #define DIALOG_UNBIND_PRINTER_CN            "Ëß£Èô§ÁªëÂÆö?"
          ^
"D:\DLP_proj\DLP_github\MKS-DLP-FIRMWARE\User\ui\Multi_language\Language_s_cn.h",258  Warning[Pe047]: 
          incompatible redefinition of macro "DIALOG_UNBIND_PRINTER_CN"
          (declared at line 253)

    #define FILAMENT_CHANGE_TEXT_T_CN				"ÂæÖÊâìÂç∞Ê©üÊö´ÂÅúÂêé,\nË´ãÊåâ<ÈÄ≤Êñô>Êàñ<ÈÄÄÊñô>"
            ^
"D:\DLP_proj\DLP_github\MKS-DLP-FIRMWARE\User\ui\Multi_language\Language_t_cn.h",167  Warning[Pe047]: 
          incompatible redefinition of macro "FILAMENT_CHANGE_TEXT_T_CN"
          (declared at line 153)

    #define FILAMENT_CHANGE_TEXT_RU				"Please click <Load> \nor <unload>,After \npinter pause."
            ^
"D:\DLP_proj\DLP_github\MKS-DLP-FIRMWARE\User\ui\Multi_language\Language_ru.h",173  Warning[Pe047]: 
          incompatible redefinition of macro "FILAMENT_CHANGE_TEXT_RU"
          (declared at line 153)

  #define DIALOG_UNBIND_PRINTER_RU            "Unbind the printer?"
          ^
"D:\DLP_proj\DLP_github\MKS-DLP-FIRMWARE\User\ui\Multi_language\Language_ru.h",270  Warning[Pe047]: 
          incompatible redefinition of macro "DIALOG_UNBIND_PRINTER_RU"
          (declared at line 265)

    #define FILAMENT_CHANGE_TEXT_FR				"Please click <Load> \nor <unload>,After \npinter pause."
            ^
"D:\DLP_proj\DLP_github\MKS-DLP-FIRMWARE\User\ui\Multi_language\Language_fr.h",173  Warning[Pe047]: 
          incompatible redefinition of macro "FILAMENT_CHANGE_TEXT_FR"
          (declared at line 153)

  #define DIALOG_UNBIND_PRINTER_FR        "Unbind the printer?"
          ^
"D:\DLP_proj\DLP_github\MKS-DLP-FIRMWARE\User\ui\Multi_language\Language_fr.h",273  Warning[Pe047]: 
          incompatible redefinition of macro "DIALOG_UNBIND_PRINTER_FR"
          (declared at line 269)

    #define FILAMENT_CHANGE_TEXT_SP				"Please click <Load> \nor <unload>,After \npinter pause."
            ^
"D:\DLP_proj\DLP_github\MKS-DLP-FIRMWARE\User\ui\Multi_language\Language_sp.h",173  Warning[Pe047]: 
          incompatible redefinition of macro "FILAMENT_CHANGE_TEXT_SP"
          (declared at line 154)

    #define FILAMENT_CHANGE_TEXT_IT				"Please click <Load> \nor <unload>,After \npinter pause."
            ^
"D:\DLP_proj\DLP_github\MKS-DLP-FIRMWARE\User\ui\Multi_language\Language_it.h",173  Warning[Pe047]: 
          incompatible redefinition of macro "FILAMENT_CHANGE_TEXT_IT"
          (declared at line 153)

  #define DIALOG_UNBIND_PRINTER_IT                "Unbind the printer?"
          ^
"D:\DLP_proj\DLP_github\MKS-DLP-FIRMWARE\User\ui\Multi_language\Language_it.h",269  Warning[Pe047]: 
          incompatible redefinition of macro "DIALOG_UNBIND_PRINTER_IT"
          (declared at line 264)

  #define FILAMENT_CHANGE_TEXT_JP				"Please click <Load> \nor <unload>,After \npinter pause."
          ^
"D:\DLP_proj\DLP_github\MKS-DLP-FIRMWARE\User\ui\Multi_language\Multi_language.h",705  Warning[Pe047]: 
          incompatible redefinition of macro "FILAMENT_CHANGE_TEXT_JP"
          (declared at line 698)

  #define FILAMENT_CHANGE_TEXT_GN				"Please click <Load> \nor <unload>,After \npinter pause."
          ^
"D:\DLP_proj\DLP_github\MKS-DLP-FIRMWARE\User\ui\Multi_language\Multi_language.h",913  Warning[Pe047]: 
          incompatible redefinition of macro "FILAMENT_CHANGE_TEXT_GN"
          (declared at line 907)

  #define Simple_Dec"ºı…Ÿ"
                    ^
"D:\DLP_proj\DLP_github\MKS-DLP-FIRMWARE\User\ui\draw_ui.h",499  Warning[Pe1649]: 
          white space is required between the macro name "Simple_Dec" and its
          replacement text

  #define Simple_Speed "ÀŸ∂»"
          ^
"D:\DLP_proj\DLP_github\MKS-DLP-FIRMWARE\User\ui\draw_ui.h",554  Warning[Pe047]: 
          incompatible redefinition of macro "Simple_Speed" (declared at line
          551)

  #define Complex_Speed "ÀŸ∂»"
          ^
"D:\DLP_proj\DLP_github\MKS-DLP-FIRMWARE\User\ui\draw_ui.h",555  Warning[Pe047]: 
          incompatible redefinition of macro "Complex_Speed" (declared at line
          552)
      5          #include "draw_ready_print.h"
      6          #include "draw_print_file.h"
      7          #include "fontLib.h"
      8          #include "draw_move_motor.h"
      9          #include "text.h"
     10          //#include "printer.h"
     11          #include "draw_pre_heat.h"
     12          #include "draw_extrusion.h"
     13          #include "draw_zero.h"
     14          #include "draw_set.h"
     15          #include "draw_more.h"
     16          #include "draw_fan.h"
     17          #include "draw_more.h"
     18          #include "draw_log_ui.h"
     19          #include "draw_language.h"
     20          #include "pic_manager.h"
     21          #include "spi_flash.h"
     22          #include "draw_manual_leveling.h"
     23          #include "draw_tool.h"
     24          //#include "sd_usr.h"
     25          #include "pic_manager.h"
     26          #include "spi_flash.h"
     27          #include "draw_meshleveling.h"
     28          #include "marlin.h"

    #define MIN_SOFTWARE_ENDSTOPS mksCfg.min_software_endstops	/*--mks cfg--*/
            ^
"D:\DLP_proj\DLP_github\MKS-DLP-FIRMWARE\Middlewares\Third_Party\Marlin\Configuration.h",824  Warning[Pe047]: 
          incompatible redefinition of macro "MIN_SOFTWARE_ENDSTOPS" (declared
          at line 819)

    #define MAX_SOFTWARE_ENDSTOPS mksCfg.max_software_endstops	/*--mks cfg--*/
            ^
"D:\DLP_proj\DLP_github\MKS-DLP-FIRMWARE\Middlewares\Third_Party\Marlin\Configuration.h",834  Warning[Pe047]: 
          incompatible redefinition of macro "MAX_SOFTWARE_ENDSTOPS" (declared
          at line 829)

  #define strcpy_P(dest, src) strcpy((dest), (src))
          ^
"D:\DLP_proj\DLP_github\MKS-DLP-FIRMWARE\Middlewares\arduino\stm32\cores\arduino\avr\pgmspace.h",23  Warning[Pe047]: 
          incompatible redefinition of macro "strcpy_P" (declared at line 93
          of
          "D:\DLP_proj\DLP_github\MKS-DLP-FIRMWARE\Middlewares\Third_Party\Marl
          in\Marlin_export.h")

  #define strstr_P(a, b) strstr((a), (b))
          ^
"D:\DLP_proj\DLP_github\MKS-DLP-FIRMWARE\Middlewares\arduino\stm32\cores\arduino\avr\pgmspace.h",26  Warning[Pe047]: 
          incompatible redefinition of macro "strstr_P" (declared at line 94
          of
          "D:\DLP_proj\DLP_github\MKS-DLP-FIRMWARE\Middlewares\Third_Party\Marl
          in\Marlin_export.h")

  #define sprintf_P(s, f, ...) sprintf((s), (f), __VA_ARGS__)
          ^
"D:\DLP_proj\DLP_github\MKS-DLP-FIRMWARE\Middlewares\arduino\stm32\cores\arduino\avr\pgmspace.h",28  Warning[Pe047]: 
          incompatible redefinition of macro "sprintf_P" (declared at line 95
          of
          "D:\DLP_proj\DLP_github\MKS-DLP-FIRMWARE\Middlewares\Third_Party\Marl
          in\Marlin_export.h")

  #define pgm_read_word_near(addr) pgm_read_word(addr)
          ^
"D:\DLP_proj\DLP_github\MKS-DLP-FIRMWARE\Middlewares\arduino\stm32\cores\arduino\avr\pgmspace.h",38  Warning[Pe047]: 
          incompatible redefinition of macro "pgm_read_word_near" (declared at
          line 65 of
          "D:\DLP_proj\DLP_github\MKS-DLP-FIRMWARE\Middlewares\Third_Party\Marl
          in\Marlin_export.h")

  #define IS_IWDG_PRESCALER(PRESCALER) (((PRESCALER) == IWDG_Prescaler_4)  || \
          ^
"D:\DLP_proj\DLP_github\MKS-DLP-FIRMWARE\Drivers\libstmf4\include\stm32f4xx_iwdg.h",80  Warning[Pe047]: 
          incompatible redefinition of macro "IS_IWDG_PRESCALER" (declared at
          line 209 of
          "D:\DLP_proj\DLP_github\MKS-DLP-FIRMWARE\Drivers\STM32F4xx_HAL_Driver
          \Inc\stm32f4xx_hal_iwdg.h")

  #define IS_IWDG_RELOAD(RELOAD) ((RELOAD) <= 0xFFF)
          ^
"D:\DLP_proj\DLP_github\MKS-DLP-FIRMWARE\Drivers\libstmf4\include\stm32f4xx_iwdg.h",97  Warning[Pe047]: 
          incompatible redefinition of macro "IS_IWDG_RELOAD" (declared at
          line 222 of
          "D:\DLP_proj\DLP_github\MKS-DLP-FIRMWARE\Drivers\STM32F4xx_HAL_Driver
          \Inc\stm32f4xx_hal_iwdg.h")

  #define IS_FSMC_NORSRAM_BANK(BANK) (((BANK) == FSMC_Bank1_NORSRAM1) || \
          ^
"D:\DLP_proj\DLP_github\MKS-DLP-FIRMWARE\Drivers\libstmf4\include\stm32f4xx_fsmc.h",272  Warning[Pe047]: 
          incompatible redefinition of macro "IS_FSMC_NORSRAM_BANK" (declared
          at line 834 of
          "D:\DLP_proj\DLP_github\MKS-DLP-FIRMWARE\Drivers\STM32F4xx_HAL_Driver
          \Inc\stm32f4xx_ll_fsmc.h")

  #define IS_FSMC_NAND_BANK(BANK) (((BANK) == FSMC_Bank2_NAND) || \
          ^
"D:\DLP_proj\DLP_github\MKS-DLP-FIRMWARE\Drivers\libstmf4\include\stm32f4xx_fsmc.h",277  Warning[Pe047]: 
          incompatible redefinition of macro "IS_FSMC_NAND_BANK" (declared at
          line 855 of
          "D:\DLP_proj\DLP_github\MKS-DLP-FIRMWARE\Drivers\STM32F4xx_HAL_Driver
          \Inc\stm32f4xx_ll_fsmc.h")

  #define IS_FSMC_MUX(MUX) (((MUX) == FSMC_DataAddressMux_Disable) || \
          ^
"D:\DLP_proj\DLP_github\MKS-DLP-FIRMWARE\Drivers\libstmf4\include\stm32f4xx_fsmc.h",298  Warning[Pe047]: 
          incompatible redefinition of macro "IS_FSMC_MUX" (declared at line
          839 of
          "D:\DLP_proj\DLP_github\MKS-DLP-FIRMWARE\Drivers\STM32F4xx_HAL_Driver
          \Inc\stm32f4xx_ll_fsmc.h")

  #define IS_FSMC_MEMORY(MEMORY) (((MEMORY) == FSMC_MemoryType_SRAM) || \
          ^
"D:\DLP_proj\DLP_github\MKS-DLP-FIRMWARE\Drivers\libstmf4\include\stm32f4xx_fsmc.h",311  Warning[Pe047]: 
          incompatible redefinition of macro "IS_FSMC_MEMORY" (declared at
          line 842 of
          "D:\DLP_proj\DLP_github\MKS-DLP-FIRMWARE\Drivers\STM32F4xx_HAL_Driver
          \Inc\stm32f4xx_ll_fsmc.h")

  #define IS_FSMC_BURSTMODE(STATE) (((STATE) == FSMC_BurstAccessMode_Disable) || \
          ^
"D:\DLP_proj\DLP_github\MKS-DLP-FIRMWARE\Drivers\libstmf4\include\stm32f4xx_fsmc.h",336  Warning[Pe047]: 
          incompatible redefinition of macro "IS_FSMC_BURSTMODE" (declared at
          line 894 of
          "D:\DLP_proj\DLP_github\MKS-DLP-FIRMWARE\Drivers\STM32F4xx_HAL_Driver
          \Inc\stm32f4xx_ll_fsmc.h")

  #define IS_FSMC_ASYNWAIT(STATE) (((STATE) == FSMC_AsynchronousWait_Disable) || \
          ^
"D:\DLP_proj\DLP_github\MKS-DLP-FIRMWARE\Drivers\libstmf4\include\stm32f4xx_fsmc.h",347  Warning[Pe047]: 
          incompatible redefinition of macro "IS_FSMC_ASYNWAIT" (declared at
          line 915 of
          "D:\DLP_proj\DLP_github\MKS-DLP-FIRMWARE\Drivers\STM32F4xx_HAL_Driver
          \Inc\stm32f4xx_ll_fsmc.h")

  #define IS_FSMC_WAIT_POLARITY(POLARITY) (((POLARITY) == FSMC_WaitSignalPolarity_Low) || \
          ^
"D:\DLP_proj\DLP_github\MKS-DLP-FIRMWARE\Drivers\libstmf4\include\stm32f4xx_fsmc.h",358  Warning[Pe047]: 
          incompatible redefinition of macro "IS_FSMC_WAIT_POLARITY" (declared
          at line 897 of
          "D:\DLP_proj\DLP_github\MKS-DLP-FIRMWARE\Drivers\STM32F4xx_HAL_Driver
          \Inc\stm32f4xx_ll_fsmc.h")

  #define IS_FSMC_WRAP_MODE(MODE) (((MODE) == FSMC_WrapMode_Disable) || \
          ^
"D:\DLP_proj\DLP_github\MKS-DLP-FIRMWARE\Drivers\libstmf4\include\stm32f4xx_fsmc.h",369  Warning[Pe047]: 
          incompatible redefinition of macro "IS_FSMC_WRAP_MODE" (declared at
          line 900 of
          "D:\DLP_proj\DLP_github\MKS-DLP-FIRMWARE\Drivers\STM32F4xx_HAL_Driver
          \Inc\stm32f4xx_ll_fsmc.h")

  #define IS_FSMC_WAIT_SIGNAL_ACTIVE(ACTIVE) (((ACTIVE) == FSMC_WaitSignalActive_BeforeWaitState) || \
          ^
"D:\DLP_proj\DLP_github\MKS-DLP-FIRMWARE\Drivers\libstmf4\include\stm32f4xx_fsmc.h",380  Warning[Pe047]: 
          incompatible redefinition of macro "IS_FSMC_WAIT_SIGNAL_ACTIVE"
          (declared at line 903 of
          "D:\DLP_proj\DLP_github\MKS-DLP-FIRMWARE\Drivers\STM32F4xx_HAL_Driver
          \Inc\stm32f4xx_ll_fsmc.h")

  #define IS_FSMC_WRITE_OPERATION(OPERATION) (((OPERATION) == FSMC_WriteOperation_Disable) || \
          ^
"D:\DLP_proj\DLP_github\MKS-DLP-FIRMWARE\Drivers\libstmf4\include\stm32f4xx_fsmc.h",391  Warning[Pe047]: 
          incompatible redefinition of macro "IS_FSMC_WRITE_OPERATION"
          (declared at line 906 of
          "D:\DLP_proj\DLP_github\MKS-DLP-FIRMWARE\Drivers\STM32F4xx_HAL_Driver
          \Inc\stm32f4xx_ll_fsmc.h")

  #define IS_FSMC_WAITE_SIGNAL(SIGNAL) (((SIGNAL) == FSMC_WaitSignal_Disable) || \
          ^
"D:\DLP_proj\DLP_github\MKS-DLP-FIRMWARE\Drivers\libstmf4\include\stm32f4xx_fsmc.h",402  Warning[Pe047]: 
          incompatible redefinition of macro "IS_FSMC_WAITE_SIGNAL" (declared
          at line 909 of
          "D:\DLP_proj\DLP_github\MKS-DLP-FIRMWARE\Drivers\STM32F4xx_HAL_Driver
          \Inc\stm32f4xx_ll_fsmc.h")

  #define IS_FSMC_EXTENDED_MODE(MODE) (((MODE) == FSMC_ExtendedMode_Disable) || \
          ^
"D:\DLP_proj\DLP_github\MKS-DLP-FIRMWARE\Drivers\libstmf4\include\stm32f4xx_fsmc.h",414  Warning[Pe047]: 
          incompatible redefinition of macro "IS_FSMC_EXTENDED_MODE" (declared
          at line 912 of
          "D:\DLP_proj\DLP_github\MKS-DLP-FIRMWARE\Drivers\STM32F4xx_HAL_Driver
          \Inc\stm32f4xx_ll_fsmc.h")

  #define IS_FSMC_WRITE_BURST(BURST) (((BURST) == FSMC_WriteBurst_Disable) || \
          ^
"D:\DLP_proj\DLP_github\MKS-DLP-FIRMWARE\Drivers\libstmf4\include\stm32f4xx_fsmc.h",426  Warning[Pe047]: 
          incompatible redefinition of macro "IS_FSMC_WRITE_BURST" (declared
          at line 920 of
          "D:\DLP_proj\DLP_github\MKS-DLP-FIRMWARE\Drivers\STM32F4xx_HAL_Driver
          \Inc\stm32f4xx_ll_fsmc.h")

  #define IS_FSMC_ADDRESS_SETUP_TIME(TIME) ((TIME) <= 0xF)
          ^
"D:\DLP_proj\DLP_github\MKS-DLP-FIRMWARE\Drivers\libstmf4\include\stm32f4xx_fsmc.h",435  Warning[Pe047]: 
          incompatible redefinition of macro "IS_FSMC_ADDRESS_SETUP_TIME"
          (declared at line 923 of
          "D:\DLP_proj\DLP_github\MKS-DLP-FIRMWARE\Drivers\STM32F4xx_HAL_Driver
          \Inc\stm32f4xx_ll_fsmc.h")

  #define IS_FSMC_ADDRESS_HOLD_TIME(TIME) ((TIME) <= 0xF)
          ^
"D:\DLP_proj\DLP_github\MKS-DLP-FIRMWARE\Drivers\libstmf4\include\stm32f4xx_fsmc.h",443  Warning[Pe047]: 
          incompatible redefinition of macro "IS_FSMC_ADDRESS_HOLD_TIME"
          (declared at line 925 of
          "D:\DLP_proj\DLP_github\MKS-DLP-FIRMWARE\Drivers\STM32F4xx_HAL_Driver
          \Inc\stm32f4xx_ll_fsmc.h")

  #define IS_FSMC_DATASETUP_TIME(TIME) (((TIME) > 0) && ((TIME) <= 0xFF))
          ^
"D:\DLP_proj\DLP_github\MKS-DLP-FIRMWARE\Drivers\libstmf4\include\stm32f4xx_fsmc.h",451  Warning[Pe047]: 
          incompatible redefinition of macro "IS_FSMC_DATASETUP_TIME"
          (declared at line 927 of
          "D:\DLP_proj\DLP_github\MKS-DLP-FIRMWARE\Drivers\STM32F4xx_HAL_Driver
          \Inc\stm32f4xx_ll_fsmc.h")

  #define IS_FSMC_TURNAROUND_TIME(TIME) ((TIME) <= 0xF)
          ^
"D:\DLP_proj\DLP_github\MKS-DLP-FIRMWARE\Drivers\libstmf4\include\stm32f4xx_fsmc.h",459  Warning[Pe047]: 
          incompatible redefinition of macro "IS_FSMC_TURNAROUND_TIME"
          (declared at line 929 of
          "D:\DLP_proj\DLP_github\MKS-DLP-FIRMWARE\Drivers\STM32F4xx_HAL_Driver
          \Inc\stm32f4xx_ll_fsmc.h")

  #define IS_FSMC_CLK_DIV(DIV) ((DIV) <= 0xF)
          ^
"D:\DLP_proj\DLP_github\MKS-DLP-FIRMWARE\Drivers\libstmf4\include\stm32f4xx_fsmc.h",467  Warning[Pe047]: 
          incompatible redefinition of macro "IS_FSMC_CLK_DIV" (declared at
          line 934 of
          "D:\DLP_proj\DLP_github\MKS-DLP-FIRMWARE\Drivers\STM32F4xx_HAL_Driver
          \Inc\stm32f4xx_ll_fsmc.h")

  #define IS_FSMC_DATA_LATENCY(LATENCY) ((LATENCY) <= 0xF)
          ^
"D:\DLP_proj\DLP_github\MKS-DLP-FIRMWARE\Drivers\libstmf4\include\stm32f4xx_fsmc.h",475  Warning[Pe047]: 
          incompatible redefinition of macro "IS_FSMC_DATA_LATENCY" (declared
          at line 918 of
          "D:\DLP_proj\DLP_github\MKS-DLP-FIRMWARE\Drivers\STM32F4xx_HAL_Driver
          \Inc\stm32f4xx_ll_fsmc.h")

  #define IS_FSMC_ACCESS_MODE(MODE) (((MODE) == FSMC_AccessMode_A) || \
          ^
"D:\DLP_proj\DLP_github\MKS-DLP-FIRMWARE\Drivers\libstmf4\include\stm32f4xx_fsmc.h",487  Warning[Pe047]: 
          incompatible redefinition of macro "IS_FSMC_ACCESS_MODE" (declared
          at line 850 of
          "D:\DLP_proj\DLP_github\MKS-DLP-FIRMWARE\Drivers\STM32F4xx_HAL_Driver
          \Inc\stm32f4xx_ll_fsmc.h")

  #define IS_FSMC_WAIT_FEATURE(FEATURE) (((FEATURE) == FSMC_Waitfeature_Disable) || \
          ^
"D:\DLP_proj\DLP_github\MKS-DLP-FIRMWARE\Drivers\libstmf4\include\stm32f4xx_fsmc.h",508  Warning[Pe047]: 
          incompatible redefinition of macro "IS_FSMC_WAIT_FEATURE" (declared
          at line 858 of
          "D:\DLP_proj\DLP_github\MKS-DLP-FIRMWARE\Drivers\STM32F4xx_HAL_Driver
          \Inc\stm32f4xx_ll_fsmc.h")

  #define IS_FSMC_ECC_STATE(STATE) (((STATE) == FSMC_ECC_Disable) || \
          ^
"D:\DLP_proj\DLP_github\MKS-DLP-FIRMWARE\Drivers\libstmf4\include\stm32f4xx_fsmc.h",520  Warning[Pe047]: 
          incompatible redefinition of macro "IS_FSMC_ECC_STATE" (declared at
          line 864 of
          "D:\DLP_proj\DLP_github\MKS-DLP-FIRMWARE\Drivers\STM32F4xx_HAL_Driver
          \Inc\stm32f4xx_ll_fsmc.h")

  #define IS_FSMC_ECCPAGE_SIZE(SIZE) (((SIZE) == FSMC_ECCPageSize_256Bytes) || \
          ^
"D:\DLP_proj\DLP_github\MKS-DLP-FIRMWARE\Drivers\libstmf4\include\stm32f4xx_fsmc.h",535  Warning[Pe047]: 
          incompatible redefinition of macro "IS_FSMC_ECCPAGE_SIZE" (declared
          at line 867 of
          "D:\DLP_proj\DLP_github\MKS-DLP-FIRMWARE\Drivers\STM32F4xx_HAL_Driver
          \Inc\stm32f4xx_ll_fsmc.h")

  #define IS_FSMC_TCLR_TIME(TIME) ((TIME) <= 0xFF)
          ^
"D:\DLP_proj\DLP_github\MKS-DLP-FIRMWARE\Drivers\libstmf4\include\stm32f4xx_fsmc.h",548  Warning[Pe047]: 
          incompatible redefinition of macro "IS_FSMC_TCLR_TIME" (declared at
          line 874 of
          "D:\DLP_proj\DLP_github\MKS-DLP-FIRMWARE\Drivers\STM32F4xx_HAL_Driver
          \Inc\stm32f4xx_ll_fsmc.h")

  #define IS_FSMC_TAR_TIME(TIME) ((TIME) <= 0xFF)
          ^
"D:\DLP_proj\DLP_github\MKS-DLP-FIRMWARE\Drivers\libstmf4\include\stm32f4xx_fsmc.h",556  Warning[Pe047]: 
          incompatible redefinition of macro "IS_FSMC_TAR_TIME" (declared at
          line 876 of
          "D:\DLP_proj\DLP_github\MKS-DLP-FIRMWARE\Drivers\STM32F4xx_HAL_Driver
          \Inc\stm32f4xx_ll_fsmc.h")

  #define IS_FSMC_SETUP_TIME(TIME) ((TIME) <= 0xFF)
          ^
"D:\DLP_proj\DLP_github\MKS-DLP-FIRMWARE\Drivers\libstmf4\include\stm32f4xx_fsmc.h",564  Warning[Pe047]: 
          incompatible redefinition of macro "IS_FSMC_SETUP_TIME" (declared at
          line 878 of
          "D:\DLP_proj\DLP_github\MKS-DLP-FIRMWARE\Drivers\STM32F4xx_HAL_Driver
          \Inc\stm32f4xx_ll_fsmc.h")

  #define IS_FSMC_WAIT_TIME(TIME) ((TIME) <= 0xFF)
          ^
"D:\DLP_proj\DLP_github\MKS-DLP-FIRMWARE\Drivers\libstmf4\include\stm32f4xx_fsmc.h",572  Warning[Pe047]: 
          incompatible redefinition of macro "IS_FSMC_WAIT_TIME" (declared at
          line 880 of
          "D:\DLP_proj\DLP_github\MKS-DLP-FIRMWARE\Drivers\STM32F4xx_HAL_Driver
          \Inc\stm32f4xx_ll_fsmc.h")

  #define IS_FSMC_HOLD_TIME(TIME) ((TIME) <= 0xFF)
          ^
"D:\DLP_proj\DLP_github\MKS-DLP-FIRMWARE\Drivers\libstmf4\include\stm32f4xx_fsmc.h",580  Warning[Pe047]: 
          incompatible redefinition of macro "IS_FSMC_HOLD_TIME" (declared at
          line 882 of
          "D:\DLP_proj\DLP_github\MKS-DLP-FIRMWARE\Drivers\STM32F4xx_HAL_Driver
          \Inc\stm32f4xx_ll_fsmc.h")

  #define IS_FSMC_HIZ_TIME(TIME) ((TIME) <= 0xFF)
          ^
"D:\DLP_proj\DLP_github\MKS-DLP-FIRMWARE\Drivers\libstmf4\include\stm32f4xx_fsmc.h",588  Warning[Pe047]: 
          incompatible redefinition of macro "IS_FSMC_HIZ_TIME" (declared at
          line 884 of
          "D:\DLP_proj\DLP_github\MKS-DLP-FIRMWARE\Drivers\STM32F4xx_HAL_Driver
          \Inc\stm32f4xx_ll_fsmc.h")

  #define FSMC_FLAG_FEMPT                          ((uint32_t)0x00000040)
          ^
"D:\DLP_proj\DLP_github\MKS-DLP-FIRMWARE\Drivers\libstmf4\include\stm32f4xx_fsmc.h",613  Warning[Pe047]: 
          incompatible redefinition of macro "FSMC_FLAG_FEMPT" (declared at
          line 530 of
          "D:\DLP_proj\DLP_github\MKS-DLP-FIRMWARE\Drivers\STM32F4xx_HAL_Driver
          \Inc\stm32f4xx_ll_fsmc.h")

    #define assert_param(expr) ((void)0)        
            ^
"D:\DLP_proj\DLP_github\MKS-DLP-FIRMWARE\Drivers\libstmf4\stm32f4xx_conf.h",149  Warning[Pe047]: 
          incompatible redefinition of macro "assert_param" (declared at line
          431 of
          "D:\DLP_proj\DLP_github\MKS-DLP-FIRMWARE\Inc\stm32f4xx_hal_conf.h")
     29          #include "draw_keyboard.h"
     30          #ifndef GUI_FLASH
     31          #define GUI_FLASH
     32          #endif
     33          

   \                                 In section .bss, align 4
     34          static BUTTON_STRUCT  buttonPreHeat, buttonPrint, buttonExtruder, buttonMove, buttonFan, buttonMore, buttonZero, buttonSet,buttonLeveling;
     35          static BUTTON_STRUCT  buttonTool;
     36          static BUTTON_STRUCT  buttonSet_Text,buttonPrint_Text,buttonTool_Text;
     37          
     38          static GUI_HWIN hReadyPrintWnd;
   \                     hReadyPrintWnd:
   \   00000000                      DS8 2
   \   00000002                      DS8 2
   \   00000004                      DS8 24
   \   0000001C                      DS8 24

   \                                 In section .bss, align 4
   \                     buttonTool:
   \   00000000                      DS8 24
     39          static TEXT_Handle textPrintTemp;
     40          static TEXT_Handle textPrintTemp_CHIN;
     41          

   \                                 In section .data, align 4
     42          int X_ADD=5,X_INTERVAL=10;   //**Õº∆¨º‰∏Ù
   \                     X_ADD:
   \   00000000   0x00000005         DC32 5

   \                                 In section .data, align 4
   \                     X_INTERVAL:
   \   00000000   0x0000000A         DC32 10
     43          extern char cmd_code[201];
     44          extern char x[1];
     45          extern volatile char *codebufpoint;
     46          extern volatile uint8_t  get_temp_flag;
     47          extern uint8_t  Get_Temperature_Flg;
     48          extern uint8_t leveling_first_time;
     49          
     50          extern uint8_t disp_in_file_dir;
     51          
     52          
     53          extern int8_t curSprayerTemp[10];
     54          extern int8_t curBedTemp[10];
     55          	
     56          
     57          extern GUI_FLASH const GUI_FONT GUI_FontHZ_fontHz18;
     58          

   \                                 In section .data, align 4
     59          GUI_BITMAP bmp_test_struct = {
   \                     bmp_test_struct:
   \   00000000   0x004E 0x0068      DC16 78, 104, 160, 16
   \              0x00A0 0x0010
   \   00000008   0x00000000         DC32 0H, 0H, GUI_BitmapMethodsM565
   \              0x00000000   
   \              0x........   
     60            78,//80, /* XSize */
     61            104,//50, /* YSize */
     62            160, /* BytesPerLine */
     63            16, /* BitsPerPixel */
     64            NULL,  /* Pointer to picture data */
     65            NULL  /* Pointer to palette */
     66           ,GUI_DRAW_BMPM565
     67          };
     68          
     69          
     70          

   \                                 In section .text, align 2, keep-with-next
     71          static void cbReadPrintWin(WM_MESSAGE * pMsg) {
     72          	
     73          	switch (pMsg->MsgId) {
   \                     _Z14cbReadPrintWinP10WM_MESSAGE: (+1)
   \   00000000   0x6801             LDR      R1,[R0, #+0]
   \   00000002   0x290F             CMP      R1,#+15
   \   00000004   0xD100             BNE.N    ??cbReadPrintWin_0
   \   00000006   0x4770             BX       LR
   \                     ??cbReadPrintWin_0: (+1)
   \   00000008   0xB580             PUSH     {R7,LR}
   \   0000000A   0x2926             CMP      R1,#+38
   \   0000000C   0xD12F             BNE.N    ??cbReadPrintWin_1
     74          		case WM_PAINT:
     75          			#if 0
     76          			GUI_SetColor(GUI_WHITE);
     77          			GUI_DrawRect(LCD_WIDTH/4 + 1, 1, LCD_WIDTH *3 / 4 -3, imgHeight /2 - 3);
     78          			GUI_SetColor(GUI_STATE_COLOR);
     79          			GUI_FillRect(LCD_WIDTH/4 + 2, 2, LCD_WIDTH *3 / 4 -4, imgHeight /2 - 4);
     80          			#endif
     81          			break;
     82          		
     83          		  
     84          		case WM_NOTIFY_PARENT:
     85          			if(pMsg->Data.v == WM_NOTIFICATION_RELEASED)
   \   0000000E   0x6881             LDR      R1,[R0, #+8]
   \   00000010   0x2902             CMP      R1,#+2
   \   00000012   0xD130             BNE.N    ??cbReadPrintWin_2
     86          			{
     87          				if(pMsg->hWinSrc == buttonPrint.btnHandle)
   \   00000014   0xF9B0 0x0006      LDRSH    R0,[R0, #+6]
   \   00000018   0x....             LDR.N    R1,??DataTable5
   \   0000001A   0xF9B1 0x2004      LDRSH    R2,[R1, #+4]
   \   0000001E   0x4290             CMP      R0,R2
   \   00000020   0xD10A             BNE.N    ??cbReadPrintWin_3
     88          				{
     89          					disp_in_file_dir = 1;
   \   00000022   0x2001             MOVS     R0,#+1
   \   00000024   0x....             LDR.N    R1,??DataTable5_1
   \   00000026   0x7008             STRB     R0,[R1, #+0]
     90          					last_disp_state = PRINT_READY_UI;
   \   00000028   0x....             LDR.N    R1,??DataTable5_2
   \   0000002A   0x7008             STRB     R0,[R1, #+0]
     91          					Clear_ready_print();
   \   0000002C   0x.... 0x....      BL       Clear_ready_print
     92          					draw_print_file();      //printing ∞¥º¸ »Îø⁄
   \   00000030   0xE8BD 0x4001      POP      {R0,LR}
   \   00000034   0x.... 0x....      B.W      draw_print_file
     93          					//draw_operate();
     94          				}
     95          
     96          				else if(pMsg->hWinSrc == buttonSet.btnHandle)
   \                     ??cbReadPrintWin_3: (+1)
   \   00000038   0xF9B1 0x101C      LDRSH    R1,[R1, #+28]
   \   0000003C   0x4288             CMP      R0,R1
   \   0000003E   0xD108             BNE.N    ??cbReadPrintWin_4
     97          				{
     98          					last_disp_state = PRINT_READY_UI;
   \   00000040   0x2001             MOVS     R0,#+1
   \   00000042   0x....             LDR.N    R1,??DataTable5_2
   \   00000044   0x7008             STRB     R0,[R1, #+0]
     99          					Clear_ready_print();
   \   00000046   0x.... 0x....      BL       Clear_ready_print
    100          					draw_Set();
   \   0000004A   0xE8BD 0x4001      POP      {R0,LR}
   \   0000004E   0x.... 0x....      B.W      draw_Set
    101          				}
    102          				else if(pMsg->hWinSrc == buttonTool.btnHandle)
   \                     ??cbReadPrintWin_4: (+1)
   \   00000052   0x....             LDR.N    R1,??DataTable5_3
   \   00000054   0xF9B1 0x1000      LDRSH    R1,[R1, #+0]
   \   00000058   0x4288             CMP      R0,R1
   \   0000005A   0xD10C             BNE.N    ??cbReadPrintWin_2
    103          				{
    104          					last_disp_state = PRINT_READY_UI;
   \   0000005C   0x2001             MOVS     R0,#+1
   \   0000005E   0x....             LDR.N    R1,??DataTable5_2
   \   00000060   0x7008             STRB     R0,[R1, #+0]
    105          					Clear_ready_print();
   \   00000062   0x.... 0x....      BL       Clear_ready_print
    106          					draw_tool();
   \   00000066   0xE8BD 0x4001      POP      {R0,LR}
   \   0000006A   0x.... 0x....      B.W      _Z9draw_toolv
    107          				}                
    108                          #if 0
    109          				else if(pMsg->hWinSrc == buttonMove.btnHandle)
    110          				{
    111          					gCfgItems.getzpos_flg = 1;
    112          					last_disp_state = PRINT_READY_UI;
    113          					Clear_ready_print();
    114          					draw_move_motor();			
    115          				}                
    116          				else if(pMsg->hWinSrc == buttonPreHeat.btnHandle)
    117          				{
    118          					//get_temp_flag=1;
    119          					//Get_Temperature_Flg = 1;
    120          					last_disp_state = PRINT_READY_UI;
    121          					Clear_ready_print();
    122          					draw_preHeat();
    123          				}
    124          				else if(pMsg->hWinSrc == buttonExtruder.btnHandle)
    125          				{
    126          					
    127          					//Get_Temperature_Flg = 1;
    128          					//get_temp_flag = 1;
    129          					last_disp_state = PRINT_READY_UI;
    130          					Clear_ready_print();
    131          					draw_extrusion();
    132          				}
    133          				else if(pMsg->hWinSrc == buttonZero.btnHandle)
    134          				{
    135          					last_disp_state = PRINT_READY_UI;
    136          					Clear_ready_print();
    137          					draw_Zero();
    138          				}
    139          
    140          				else if(pMsg->hWinSrc == buttonSet.btnHandle)
    141          				{
    142          					last_disp_state = PRINT_READY_UI;
    143          					Clear_ready_print();
    144          					draw_Set();
    145          				}           
    146          				else if(pMsg->hWinSrc == buttonMore.btnHandle)
    147          				{
    148          					last_disp_state = PRINT_READY_UI;
    149          					Clear_ready_print();
    150          					draw_More();
    151          				}
    152            
    153          				else if(pMsg->hWinSrc == buttonLeveling.btnHandle)
    154          				{
    155          #if 0					
    156          					if(gCfgItems.leveling_mode == 1)
    157          					{
    158          						if(BED_LEVELING_METHOD & MESH_BED_LEVELING)
    159                                  {
    160                                      last_disp_state = PRINT_READY_UI;
    161                                      Clear_ready_print();
    162                                      draw_meshleveling();
    163                                  }   
    164                                  else
    165                                  {
    166          						    SPI_FLASH_BufferRead((u8 *)cmd_code,BUTTON_AUTOLEVELING_ADDR,201);
    167          						    codebufpoint = cmd_code;		
    168                                  }
    169          					}
    170          					else
    171          #endif                                          
    172          					{
    173          						leveling_first_time = 1;
    174          						last_disp_state = PRINT_READY_UI;
    175          						Clear_ready_print();
    176          						draw_leveling();
    177          					}
    178          					
    179          					
    180          				}
    181          				#endif
    182          			}
    183          			break;
    184          		default:
    185          			WM_DefaultProc(pMsg);
   \                     ??cbReadPrintWin_1: (+1)
   \   0000006E   0xE8BD 0x4002      POP      {R1,LR}
   \   00000072   0x.... 0x....      B.W      WM_DefaultProc
    186          	}
    187          }
   \                     ??cbReadPrintWin_2: (+1)
   \   00000076   0xBD01             POP      {R0,PC}          ;; return
    188          
    189          
    190          
    191          
    192          

   \                                 In section .text, align 2, keep-with-next
    193          void draw_ready_print()
    194          {
   \                     draw_ready_print: (+1)
   \   00000000   0xE92D 0x47FF      PUSH     {R0-R10,LR}
    195          	int i;
                 	    ^
Warning[Pe177]: variable "i" was declared but never referenced

  static BUTTON_STRUCT  buttonPreHeat, buttonPrint, buttonExtruder, buttonMove, buttonFan, buttonMore, buttonZero, buttonSet,buttonLeveling;
                        ^
"D:\DLP_proj\DLP_github\MKS-DLP-FIRMWARE\User\ui\draw_ready_print.cpp",34  Warning[Pe177]: 
          variable "buttonPreHeat" was declared but never referenced

  static BUTTON_STRUCT  buttonPreHeat, buttonPrint, buttonExtruder, buttonMove, buttonFan, buttonMore, buttonZero, buttonSet,buttonLeveling;
                                                    ^
"D:\DLP_proj\DLP_github\MKS-DLP-FIRMWARE\User\ui\draw_ready_print.cpp",34  Warning[Pe177]: 
          variable "buttonExtruder" was declared but never referenced

  static BUTTON_STRUCT  buttonPreHeat, buttonPrint, buttonExtruder, buttonMove, buttonFan, buttonMore, buttonZero, buttonSet,buttonLeveling;
                                                                    ^
"D:\DLP_proj\DLP_github\MKS-DLP-FIRMWARE\User\ui\draw_ready_print.cpp",34  Warning[Pe177]: 
          variable "buttonMove" was declared but never referenced

  static BUTTON_STRUCT  buttonPreHeat, buttonPrint, buttonExtruder, buttonMove, buttonFan, buttonMore, buttonZero, buttonSet,buttonLeveling;
                                                                                ^
"D:\DLP_proj\DLP_github\MKS-DLP-FIRMWARE\User\ui\draw_ready_print.cpp",34  Warning[Pe177]: 
          variable "buttonFan" was declared but never referenced

  static BUTTON_STRUCT  buttonPreHeat, buttonPrint, buttonExtruder, buttonMove, buttonFan, buttonMore, buttonZero, buttonSet,buttonLeveling;
                                                                                           ^
"D:\DLP_proj\DLP_github\MKS-DLP-FIRMWARE\User\ui\draw_ready_print.cpp",34  Warning[Pe177]: 
          variable "buttonMore" was declared but never referenced

  static BUTTON_STRUCT  buttonPreHeat, buttonPrint, buttonExtruder, buttonMove, buttonFan, buttonMore, buttonZero, buttonSet,buttonLeveling;
                                                                                                       ^
"D:\DLP_proj\DLP_github\MKS-DLP-FIRMWARE\User\ui\draw_ready_print.cpp",34  Warning[Pe177]: 
          variable "buttonZero" was declared but never referenced

  static BUTTON_STRUCT  buttonPreHeat, buttonPrint, buttonExtruder, buttonMove, buttonFan, buttonMore, buttonZero, buttonSet,buttonLeveling;
                                                                                                                             ^
"D:\DLP_proj\DLP_github\MKS-DLP-FIRMWARE\User\ui\draw_ready_print.cpp",34  Warning[Pe177]: 
          variable "buttonLeveling" was declared but never referenced

  static BUTTON_STRUCT  buttonSet_Text,buttonPrint_Text,buttonTool_Text;
                        ^
"D:\DLP_proj\DLP_github\MKS-DLP-FIRMWARE\User\ui\draw_ready_print.cpp",36  Warning[Pe177]: 
          variable "buttonSet_Text" was declared but never referenced

  static BUTTON_STRUCT  buttonSet_Text,buttonPrint_Text,buttonTool_Text;
                                       ^
"D:\DLP_proj\DLP_github\MKS-DLP-FIRMWARE\User\ui\draw_ready_print.cpp",36  Warning[Pe177]: 
          variable "buttonPrint_Text" was declared but never referenced

  static BUTTON_STRUCT  buttonSet_Text,buttonPrint_Text,buttonTool_Text;
                                                        ^
"D:\DLP_proj\DLP_github\MKS-DLP-FIRMWARE\User\ui\draw_ready_print.cpp",36  Warning[Pe177]: 
          variable "buttonTool_Text" was declared but never referenced

  static TEXT_Handle textPrintTemp;
                     ^
"D:\DLP_proj\DLP_github\MKS-DLP-FIRMWARE\User\ui\draw_ready_print.cpp",39  Warning[Pe177]: 
          variable "textPrintTemp" was declared but never referenced

  static TEXT_Handle textPrintTemp_CHIN;
                     ^
"D:\DLP_proj\DLP_github\MKS-DLP-FIRMWARE\User\ui\draw_ready_print.cpp",40  Warning[Pe177]: 
          variable "textPrintTemp_CHIN" was declared but never referenced
    196          
    197          	disp_state_stack._disp_index = 0;
   \   00000004   0x....             LDR.N    R4,??DataTable5_4
   \   00000006   0x2000             MOVS     R0,#+0
   \   00000008   0xF884 0x0064      STRB     R0,[R4, #+100]
    198          	memset(disp_state_stack._disp_state, 0, sizeof(disp_state_stack._disp_state));
   \   0000000C   0x2264             MOVS     R2,#+100
   \   0000000E   0x4601             MOV      R1,R0
   \   00000010   0x4620             MOV      R0,R4
   \   00000012   0x.... 0x....      BL       memset
    199          	disp_state_stack._disp_state[disp_state_stack._disp_index] = PRINT_READY_UI;
   \   00000016   0x2001             MOVS     R0,#+1
   \   00000018   0xF994 0x1064      LDRSB    R1,[R4, #+100]
   \   0000001C   0x5508             STRB     R0,[R1, R4]
    200          	
    201          	disp_state = PRINT_READY_UI;
   \   0000001E   0x....             LDR.N    R1,??DataTable5_5
   \   00000020   0x7008             STRB     R0,[R1, #+0]
    202          	
    203          	GUI_SetFont(&GUI_FontHZ_fontHz14);
   \   00000022   0x....             LDR.N    R0,??DataTable5_6
   \   00000024   0x.... 0x....      BL       GUI_SetFont
    204          	GUI_SetBkColor(gCfgItems.background_color);
   \   00000028   0x....             LDR.N    R6,??DataTable5_7
   \   0000002A   0x6870             LDR      R0,[R6, #+4]
   \   0000002C   0x.... 0x....      BL       GUI_SetBkColor
    205          	GUI_SetColor(gCfgItems.title_color);
   \   00000030   0x1D37             ADDS     R7,R6,#+4
   \   00000032   0x6D78             LDR      R0,[R7, #+84]
   \   00000034   0x.... 0x....      BL       GUI_SetColor
    206          	GUI_Clear();
   \   00000038   0x.... 0x....      BL       GUI_Clear
    207          #if 0	
    208          	if(TFT_screen.display_style == 0)
    209          	{
    210          	GUI_DispStringAt(creat_title_text(), TITLE_XPOS, TITLE_YPOS);
    211          
    212          	hReadyPrintWnd = WM_CreateWindow(0, titleHeight, LCD_WIDTH, imgHeight, WM_CF_SHOW, cbReadPrintWin, 0);
    213          	buttonPreHeat.btnHandle = BUTTON_CreateEx(INTERVAL_V,0,BTN_X_PIXEL, BTN_Y_PIXEL,hReadyPrintWnd, BUTTON_CF_SHOW, 0, 22);//alloc_win_id());
    214          	buttonMove.btnHandle = BUTTON_CreateEx(BTN_X_PIXEL+INTERVAL_V*2,0,BTN_X_PIXEL, BTN_Y_PIXEL,hReadyPrintWnd, BUTTON_CF_SHOW, 0, 23);//alloc_win_id());
    215          	buttonZero.btnHandle = BUTTON_CreateEx(BTN_X_PIXEL*2+INTERVAL_V*3,0,BTN_X_PIXEL, BTN_Y_PIXEL,hReadyPrintWnd, BUTTON_CF_SHOW, 0, 24);//alloc_win_id());
    216          	buttonPrint.btnHandle = BUTTON_CreateEx(BTN_X_PIXEL*3+INTERVAL_V*4,  0,BTN_X_PIXEL, BTN_Y_PIXEL,hReadyPrintWnd, BUTTON_CF_SHOW, 0, 25);//alloc_win_id());
    217          	buttonExtruder.btnHandle = BUTTON_CreateEx(INTERVAL_V,  BTN_Y_PIXEL+INTERVAL_H,BTN_X_PIXEL, BTN_Y_PIXEL,hReadyPrintWnd, BUTTON_CF_SHOW, 0, 26);//alloc_win_id());
    218          	//if(gCfgItems.leveling_mode != 2)
    219          	{
    220          		buttonLeveling.btnHandle  = BUTTON_CreateEx(BTN_X_PIXEL+INTERVAL_V*2,BTN_Y_PIXEL+INTERVAL_H,BTN_X_PIXEL, BTN_Y_PIXEL, hReadyPrintWnd, BUTTON_CF_SHOW, 0, 27);
    221          		buttonSet.btnHandle = BUTTON_CreateEx(BTN_X_PIXEL*2+INTERVAL_V*3,  BTN_Y_PIXEL+INTERVAL_H,BTN_X_PIXEL,BTN_Y_PIXEL,hReadyPrintWnd, BUTTON_CF_SHOW, 0, 29);//alloc_win_id());
    222          		buttonMore.btnHandle = BUTTON_CreateEx(BTN_X_PIXEL*3+INTERVAL_V*4,  BTN_Y_PIXEL+INTERVAL_H,BTN_X_PIXEL, BTN_Y_PIXEL,hReadyPrintWnd, BUTTON_CF_SHOW, 0, 28);//alloc_win_id());
    223          	}
    224          #if 0        
    225          	else
    226          	{
    227          		buttonSet.btnHandle  = BUTTON_CreateEx(BTN_X_PIXEL+INTERVAL_V*2,BTN_Y_PIXEL+INTERVAL_H,BTN_X_PIXEL, BTN_Y_PIXEL, hReadyPrintWnd, BUTTON_CF_SHOW, 0, 27);
    228          		buttonMore.btnHandle = BUTTON_CreateEx(BTN_X_PIXEL*2+INTERVAL_V*3,  BTN_Y_PIXEL+INTERVAL_H,BTN_X_PIXEL,BTN_Y_PIXEL,hReadyPrintWnd, BUTTON_CF_SHOW, 0, 29);//alloc_win_id());
    229          	}
    230          #endif     
    231          	BUTTON_SetBmpFileName(buttonPreHeat.btnHandle, "bmp_preheat.bin",1);	
    232          	BUTTON_SetBmpFileName(buttonPrint.btnHandle, "bmp_printing.bin",1);
    233          	BUTTON_SetBmpFileName(buttonMove.btnHandle, "bmp_mov.bin",1);
    234          	BUTTON_SetBmpFileName(buttonMore.btnHandle, "bmp_more.bin",1);
    235          	BUTTON_SetBmpFileName(buttonZero.btnHandle, "bmp_zero.bin",1);
    236          	//BUTTON_SetBmpFileName(buttonFan.btnHandle, "bmp_fan.bin",1);
    237          #if 0        
    238          	if(gCfgItems.leveling_mode != 2)
    239          	{
    240          		if(gCfgItems.leveling_mode == 1)
    241          		{
    242          			BUTTON_SetBmpFileName(buttonLeveling.btnHandle, "bmp_autoleveling.bin",1);
    243          		}
    244          		else
    245          		{
    246          			BUTTON_SetBmpFileName(buttonLeveling.btnHandle, "bmp_leveling.bin",1);
    247          		}
    248          	}
    249          	else
    250          	{
    251          		//BUTTON_SetBmpFileName(buttonLeveling.btnHandle, "bmp_fan.bin",1);
    252          	}
    253          #endif	
    254          	BUTTON_SetBmpFileName(buttonExtruder.btnHandle, "bmp_extruct.bin",1);
    255          	BUTTON_SetBmpFileName(buttonSet.btnHandle, "bmp_set.bin",1);
    256          	
    257          	BUTTON_SetBitmapEx(buttonPreHeat.btnHandle, 0, &bmp_struct,BMP_PIC_X, BMP_PIC_Y);
    258          	BUTTON_SetBitmapEx(buttonMove.btnHandle, 0, &bmp_struct,BMP_PIC_X, BMP_PIC_Y);	
    259          	BUTTON_SetBitmapEx(buttonZero.btnHandle, 0, &bmp_struct,BMP_PIC_X, BMP_PIC_Y);
    260          	BUTTON_SetBitmapEx(buttonPrint.btnHandle, 0, &bmp_struct,BMP_PIC_X, BMP_PIC_Y);	
    261          	BUTTON_SetBitmapEx(buttonLeveling.btnHandle, 0, &bmp_struct,BMP_PIC_X, BMP_PIC_Y);
    262          	BUTTON_SetBitmapEx(buttonExtruder.btnHandle, 0, &bmp_struct,BMP_PIC_X, BMP_PIC_Y);	
    263          	BUTTON_SetBitmapEx(buttonSet.btnHandle, 0, &bmp_struct,BMP_PIC_X, BMP_PIC_Y);	
    264          	BUTTON_SetBitmapEx(buttonMore.btnHandle, 0, &bmp_struct,BMP_PIC_X, BMP_PIC_Y);	
    265          	
    266          	BUTTON_SetBkColor(buttonPreHeat.btnHandle, BUTTON_CI_PRESSED, gCfgItems.btn_color);
    267          	BUTTON_SetBkColor(buttonPreHeat.btnHandle, BUTTON_CI_UNPRESSED, gCfgItems.btn_color);
    268          	BUTTON_SetTextColor(buttonPreHeat.btnHandle, BUTTON_CI_PRESSED, gCfgItems.btn_textcolor);
    269          	BUTTON_SetTextColor(buttonPreHeat.btnHandle, BUTTON_CI_UNPRESSED, gCfgItems.btn_textcolor);
    270          	
    271          	BUTTON_SetBkColor(buttonPrint.btnHandle, BUTTON_CI_PRESSED, gCfgItems.btn_color);
    272          	BUTTON_SetBkColor(buttonPrint.btnHandle, BUTTON_CI_UNPRESSED, gCfgItems.btn_color);
    273          	BUTTON_SetTextColor(buttonPrint.btnHandle, BUTTON_CI_PRESSED, gCfgItems.btn_textcolor);
    274          	BUTTON_SetTextColor(buttonPrint.btnHandle, BUTTON_CI_UNPRESSED, gCfgItems.btn_textcolor);
    275          
    276          	BUTTON_SetBkColor(buttonMove.btnHandle, BUTTON_CI_PRESSED, gCfgItems.btn_color);
    277          	BUTTON_SetBkColor(buttonMove.btnHandle,BUTTON_CI_UNPRESSED, gCfgItems.btn_color);
    278          	BUTTON_SetTextColor(buttonMove.btnHandle, BUTTON_CI_PRESSED, gCfgItems.btn_textcolor);
    279          	BUTTON_SetTextColor(buttonMove.btnHandle, BUTTON_CI_UNPRESSED, gCfgItems.btn_textcolor);
    280          
    281          	BUTTON_SetBkColor(buttonMore.btnHandle, BUTTON_CI_PRESSED, gCfgItems.btn_color);
    282          	BUTTON_SetBkColor(buttonMore.btnHandle, BUTTON_CI_UNPRESSED, gCfgItems.btn_color);
    283          	BUTTON_SetTextColor(buttonMore.btnHandle, BUTTON_CI_PRESSED, gCfgItems.btn_textcolor);
    284          	BUTTON_SetTextColor(buttonMore.btnHandle, BUTTON_CI_UNPRESSED, gCfgItems.btn_textcolor);
    285          
    286          	BUTTON_SetBkColor(buttonZero.btnHandle, BUTTON_CI_PRESSED, gCfgItems.btn_color);
    287          	BUTTON_SetBkColor(buttonZero.btnHandle, BUTTON_CI_UNPRESSED, gCfgItems.btn_color);
    288          	BUTTON_SetTextColor(buttonZero.btnHandle, BUTTON_CI_PRESSED, gCfgItems.btn_textcolor);
    289          	BUTTON_SetTextColor(buttonZero.btnHandle, BUTTON_CI_UNPRESSED, gCfgItems.btn_textcolor);
    290          
    291          	BUTTON_SetBkColor(buttonLeveling.btnHandle, BUTTON_CI_PRESSED, gCfgItems.btn_color);
    292          	BUTTON_SetBkColor(buttonLeveling.btnHandle, BUTTON_CI_UNPRESSED, gCfgItems.btn_color);
    293          	BUTTON_SetTextColor(buttonLeveling.btnHandle, BUTTON_CI_PRESSED, gCfgItems.btn_textcolor);
    294          	BUTTON_SetTextColor(buttonLeveling.btnHandle, BUTTON_CI_UNPRESSED, gCfgItems.btn_textcolor);
    295          
    296          	BUTTON_SetBkColor(buttonExtruder.btnHandle, BUTTON_CI_PRESSED, gCfgItems.btn_color);
    297          	BUTTON_SetBkColor(buttonExtruder.btnHandle, BUTTON_CI_UNPRESSED, gCfgItems.btn_color);
    298          	BUTTON_SetTextColor(buttonExtruder.btnHandle, BUTTON_CI_PRESSED, gCfgItems.btn_textcolor);
    299          	BUTTON_SetTextColor(buttonExtruder.btnHandle, BUTTON_CI_UNPRESSED, gCfgItems.btn_textcolor);
    300          
    301          	BUTTON_SetBkColor(buttonSet.btnHandle, BUTTON_CI_PRESSED, gCfgItems.btn_color);
    302          	BUTTON_SetBkColor(buttonSet.btnHandle, BUTTON_CI_UNPRESSED, gCfgItems.btn_color);
    303          	BUTTON_SetTextColor(buttonSet.btnHandle, BUTTON_CI_PRESSED, gCfgItems.btn_textcolor);
    304          	BUTTON_SetTextColor(buttonSet.btnHandle, BUTTON_CI_UNPRESSED, gCfgItems.btn_textcolor);
    305          
    306          	if(gCfgItems.multiple_language !=0)
    307          	{   
    308          		BUTTON_SetText(buttonPreHeat.btnHandle, main_menu.preheat);
    309          		BUTTON_SetText(buttonMove.btnHandle, main_menu.move);
    310          		BUTTON_SetText(buttonZero.btnHandle, main_menu.home);
    311          		BUTTON_SetText(buttonPrint.btnHandle, main_menu.print);
    312          		BUTTON_SetText(buttonExtruder.btnHandle, main_menu.extrude);
    313          #if 0		
    314                          if(gCfgItems.leveling_mode !=2)
    315          		{
    316          			if(gCfgItems.leveling_mode == 1)
    317          			{	
    318          				BUTTON_SetText(buttonLeveling.btnHandle, main_menu.autoleveling);
    319          			}
    320          			else
    321          			{
    322          				BUTTON_SetText(buttonLeveling.btnHandle, main_menu.leveling);
    323          			}
    324          		}
    325          		else
    326          		{
    327          			//BUTTON_SetText(buttonLeveling.btnHandle, main_menu.fan);
    328          		}
    329          #endif                
    330          		BUTTON_SetText(buttonSet.btnHandle, main_menu.set);
    331          		BUTTON_SetText(buttonMore.btnHandle, main_menu.more);
    332          	}
    333          	}
    334          	else
    335          	{
    336          		hReadyPrintWnd = WM_CreateWindow(0, titleHeight, LCD_WIDTH, imgHeight, WM_CF_SHOW, cbReadPrintWin, 0);
    337          		buttonPrint.btnHandle = BUTTON_CreateEx(MAIN_MENU_X_GAP,(LCD_HEIGHT-BTN_Y_PIXEL)/2-titleHeight,BTN_X_PIXEL,BTN_Y_PIXEL,hReadyPrintWnd, BUTTON_CF_SHOW, 0, 22);//alloc_win_id());
    338          		buttonSet.btnHandle = BUTTON_CreateEx(BTN_X_PIXEL+MAIN_MENU_X_GAP*2,(LCD_HEIGHT-BTN_Y_PIXEL)/2-titleHeight,BTN_X_PIXEL,BTN_Y_PIXEL,hReadyPrintWnd, BUTTON_CF_SHOW, 0, 23);//alloc_win_id());
    339          		buttonTool.btnHandle = BUTTON_CreateEx(BTN_X_PIXEL*2+MAIN_MENU_X_GAP*3,(LCD_HEIGHT-BTN_Y_PIXEL)/2-titleHeight,BTN_X_PIXEL,BTN_Y_PIXEL,hReadyPrintWnd, BUTTON_CF_SHOW, 0, 24);//alloc_win_id());		
    340          
    341          
    342          		BUTTON_SetBmpFileName(buttonTool.btnHandle,"bmp_tool.bin",1);
    343          		BUTTON_SetBmpFileName(buttonSet.btnHandle,"bmp_set.bin",1);
    344          		BUTTON_SetBmpFileName(buttonPrint.btnHandle,"bmp_printing.bin",1);
    345          
    346          		BUTTON_SetBitmapEx(buttonTool.btnHandle, 0, &bmp_struct,BMP_PIC_X, BMP_PIC_Y);	
    347          		BUTTON_SetBitmapEx(buttonSet.btnHandle, 0, &bmp_struct,BMP_PIC_X, BMP_PIC_Y);	
    348          		BUTTON_SetBitmapEx(buttonPrint.btnHandle, 0, &bmp_struct,BMP_PIC_X, BMP_PIC_Y);	
    349          
    350          		BUTTON_SetBkColor(buttonTool.btnHandle, BUTTON_CI_PRESSED, gCfgItems.btn_color);
    351          		BUTTON_SetBkColor(buttonTool.btnHandle, BUTTON_CI_UNPRESSED, gCfgItems.btn_color);
    352          		BUTTON_SetTextColor(buttonTool.btnHandle, BUTTON_CI_PRESSED, gCfgItems.btn_textcolor);
    353          		BUTTON_SetTextColor(buttonTool.btnHandle, BUTTON_CI_UNPRESSED, gCfgItems.btn_textcolor);
    354          
    355          		BUTTON_SetBkColor(buttonSet.btnHandle, BUTTON_CI_PRESSED, gCfgItems.btn_color);
    356          		BUTTON_SetBkColor(buttonSet.btnHandle, BUTTON_CI_UNPRESSED, gCfgItems.btn_color);
    357          		BUTTON_SetTextColor(buttonSet.btnHandle, BUTTON_CI_PRESSED, gCfgItems.btn_textcolor);
    358          		BUTTON_SetTextColor(buttonSet.btnHandle, BUTTON_CI_UNPRESSED, gCfgItems.btn_textcolor);
    359          
    360          		BUTTON_SetBkColor(buttonPrint.btnHandle, BUTTON_CI_PRESSED, gCfgItems.btn_color);
    361          		BUTTON_SetBkColor(buttonPrint.btnHandle, BUTTON_CI_UNPRESSED, gCfgItems.btn_color);
    362          		BUTTON_SetTextColor(buttonPrint.btnHandle, BUTTON_CI_PRESSED, gCfgItems.btn_textcolor);
    363          		BUTTON_SetTextColor(buttonPrint.btnHandle, BUTTON_CI_UNPRESSED, gCfgItems.btn_textcolor);
    364          /*
    365          		if(gCfgItems.multiple_language !=0)
    366          		{
    367          			BUTTON_SetText(buttonTool.btnHandle, main_menu.tool);
    368          			BUTTON_SetText(buttonSet.btnHandle, main_menu.set);
    369          			BUTTON_SetText(buttonPrint.btnHandle, main_menu.print);
    370          		}
    371          */
    372          	}
    373              #endif
    374          
    375          	hReadyPrintWnd = WM_CreateWindow(0, titleHeight, LCD_WIDTH, imgHeight, WM_CF_SHOW, cbReadPrintWin, 0);
   \   0000003C   0x2000             MOVS     R0,#+0
   \   0000003E   0x9002             STR      R0,[SP, #+8]
   \   00000040   0x....             LDR.N    R0,??DataTable5_8
   \   00000042   0x9001             STR      R0,[SP, #+4]
   \   00000044   0x2002             MOVS     R0,#+2
   \   00000046   0x9000             STR      R0,[SP, #+0]
   \   00000048   0xF44F 0x73A0      MOV      R3,#+320
   \   0000004C   0xF44F 0x72F0      MOV      R2,#+480
   \   00000050   0x2100             MOVS     R1,#+0
   \   00000052   0x4608             MOV      R0,R1
   \   00000054   0x.... 0x....      BL       WM_CreateWindow
   \   00000058   0x....             LDR.N    R4,??DataTable5
   \   0000005A   0x8020             STRH     R0,[R4, #+0]
    376          	buttonPrint.btnHandle = BUTTON_CreateEx(20,95,120,130,hReadyPrintWnd, BUTTON_CF_SHOW, 0, 22);//alloc_win_id());
   \   0000005C   0x2116             MOVS     R1,#+22
   \   0000005E   0x9103             STR      R1,[SP, #+12]
   \   00000060   0x2100             MOVS     R1,#+0
   \   00000062   0x9102             STR      R1,[SP, #+8]
   \   00000064   0x2102             MOVS     R1,#+2
   \   00000066   0x9101             STR      R1,[SP, #+4]
   \   00000068   0x9000             STR      R0,[SP, #+0]
   \   0000006A   0x2382             MOVS     R3,#+130
   \   0000006C   0x2278             MOVS     R2,#+120
   \   0000006E   0x215F             MOVS     R1,#+95
   \   00000070   0x2014             MOVS     R0,#+20
   \   00000072   0x.... 0x....      BL       BUTTON_CreateEx
   \   00000076   0x80A0             STRH     R0,[R4, #+4]
    377              buttonSet.btnHandle = BUTTON_CreateEx(180,95,120,130,hReadyPrintWnd, BUTTON_CF_SHOW, 0, 23);//alloc_win_id());
   \   00000078   0x2017             MOVS     R0,#+23
   \   0000007A   0x9003             STR      R0,[SP, #+12]
   \   0000007C   0x2000             MOVS     R0,#+0
   \   0000007E   0x9002             STR      R0,[SP, #+8]
   \   00000080   0x2002             MOVS     R0,#+2
   \   00000082   0x9001             STR      R0,[SP, #+4]
   \   00000084   0xF9B4 0x0000      LDRSH    R0,[R4, #+0]
   \   00000088   0x9000             STR      R0,[SP, #+0]
   \   0000008A   0x2382             MOVS     R3,#+130
   \   0000008C   0x2278             MOVS     R2,#+120
   \   0000008E   0x215F             MOVS     R1,#+95
   \   00000090   0x20B4             MOVS     R0,#+180
   \   00000092   0x.... 0x....      BL       BUTTON_CreateEx
   \   00000096   0x83A0             STRH     R0,[R4, #+28]
    378              buttonTool.btnHandle = BUTTON_CreateEx(340,95,120,130,hReadyPrintWnd, BUTTON_CF_SHOW, 0, 24);//alloc_win_id());		
   \   00000098   0x2018             MOVS     R0,#+24
   \   0000009A   0x9003             STR      R0,[SP, #+12]
   \   0000009C   0x2000             MOVS     R0,#+0
   \   0000009E   0x9002             STR      R0,[SP, #+8]
   \   000000A0   0x2002             MOVS     R0,#+2
   \   000000A2   0x9001             STR      R0,[SP, #+4]
   \   000000A4   0xF9B4 0x0000      LDRSH    R0,[R4, #+0]
   \   000000A8   0x9000             STR      R0,[SP, #+0]
   \   000000AA   0x2382             MOVS     R3,#+130
   \   000000AC   0x2278             MOVS     R2,#+120
   \   000000AE   0x215F             MOVS     R1,#+95
   \   000000B0   0xF44F 0x70AA      MOV      R0,#+340
   \   000000B4   0x.... 0x....      BL       BUTTON_CreateEx
   \   000000B8   0x....             LDR.N    R5,??DataTable5_3
   \   000000BA   0x8028             STRH     R0,[R5, #+0]
    379          
    380          
    381          	BUTTON_SetBmpFileName(buttonTool.btnHandle,"bmp_tool.bin",1);
   \   000000BC   0x2201             MOVS     R2,#+1
   \   000000BE   0x.... 0x....      ADR.W    R1,`?<Constant "bmp_tool.bin">`
   \   000000C2   0x.... 0x....      BL       BUTTON_SetBmpFileName
    382          	BUTTON_SetBmpFileName(buttonSet.btnHandle,"bmp_set.bin",1);
   \   000000C6   0x2201             MOVS     R2,#+1
   \   000000C8   0x.... 0x....      ADR.W    R1,`?<Constant "bmp_set.bin">`
   \   000000CC   0xF9B4 0x001C      LDRSH    R0,[R4, #+28]
   \   000000D0   0x.... 0x....      BL       BUTTON_SetBmpFileName
    383          	BUTTON_SetBmpFileName(buttonPrint.btnHandle,"bmp_printing.bin",1);
   \   000000D4   0x2201             MOVS     R2,#+1
   \   000000D6   0x.... 0x....      ADR.W    R1,`?<Constant "bmp_printing.bin">`
   \   000000DA   0xF9B4 0x0004      LDRSH    R0,[R4, #+4]
   \   000000DE   0x.... 0x....      BL       BUTTON_SetBmpFileName
    384          
    385          	BUTTON_SetBitmapEx(buttonTool.btnHandle, 0, &bmp_struct,BMP_PIC_X, BMP_PIC_Y);	
   \   000000E2   0x.... 0x....      LDR.W    R8,??DataTable5_9
   \   000000E6   0x.... 0x....      LDR.W    R9,??DataTable5_10
   \   000000EA   0x.... 0x....      LDR.W    R10,??DataTable5_11
   \   000000EE   0xF99A 0x0000      LDRSB    R0,[R10, #+0]
   \   000000F2   0x9000             STR      R0,[SP, #+0]
   \   000000F4   0xF999 0x3000      LDRSB    R3,[R9, #+0]
   \   000000F8   0x4642             MOV      R2,R8
   \   000000FA   0x2100             MOVS     R1,#+0
   \   000000FC   0xF9B5 0x0000      LDRSH    R0,[R5, #+0]
   \   00000100   0x.... 0x....      BL       BUTTON_SetBitmapEx
    386          	BUTTON_SetBitmapEx(buttonSet.btnHandle, 0, &bmp_struct,BMP_PIC_X, BMP_PIC_Y);	
   \   00000104   0xF99A 0x0000      LDRSB    R0,[R10, #+0]
   \   00000108   0x9000             STR      R0,[SP, #+0]
   \   0000010A   0xF999 0x3000      LDRSB    R3,[R9, #+0]
   \   0000010E   0x4642             MOV      R2,R8
   \   00000110   0x2100             MOVS     R1,#+0
   \   00000112   0xF9B4 0x001C      LDRSH    R0,[R4, #+28]
   \   00000116   0x.... 0x....      BL       BUTTON_SetBitmapEx
    387          	BUTTON_SetBitmapEx(buttonPrint.btnHandle, 0, &bmp_struct,BMP_PIC_X, BMP_PIC_Y);	
   \   0000011A   0xF99A 0x0000      LDRSB    R0,[R10, #+0]
   \   0000011E   0x9000             STR      R0,[SP, #+0]
   \   00000120   0xF999 0x3000      LDRSB    R3,[R9, #+0]
   \   00000124   0x4642             MOV      R2,R8
   \   00000126   0x2100             MOVS     R1,#+0
   \   00000128   0xF9B4 0x0004      LDRSH    R0,[R4, #+4]
   \   0000012C   0x.... 0x....      BL       BUTTON_SetBitmapEx
    388          
    389          	BUTTON_SetBkColor(buttonTool.btnHandle, BUTTON_CI_PRESSED, gCfgItems.btn_color);
   \   00000130   0x687A             LDR      R2,[R7, #+4]
   \   00000132   0x2101             MOVS     R1,#+1
   \   00000134   0xF9B5 0x0000      LDRSH    R0,[R5, #+0]
   \   00000138   0x.... 0x....      BL       BUTTON_SetBkColor
    390          	BUTTON_SetBkColor(buttonTool.btnHandle, BUTTON_CI_UNPRESSED, gCfgItems.btn_color);
   \   0000013C   0x687A             LDR      R2,[R7, #+4]
   \   0000013E   0x2100             MOVS     R1,#+0
   \   00000140   0xF9B5 0x0000      LDRSH    R0,[R5, #+0]
   \   00000144   0x.... 0x....      BL       BUTTON_SetBkColor
    391          	BUTTON_SetBkColor(buttonSet.btnHandle, BUTTON_CI_PRESSED, gCfgItems.btn_color);
   \   00000148   0x687A             LDR      R2,[R7, #+4]
   \   0000014A   0x2101             MOVS     R1,#+1
   \   0000014C   0xF9B4 0x001C      LDRSH    R0,[R4, #+28]
   \   00000150   0x.... 0x....      BL       BUTTON_SetBkColor
    392          	BUTTON_SetBkColor(buttonSet.btnHandle, BUTTON_CI_UNPRESSED, gCfgItems.btn_color);
   \   00000154   0x687A             LDR      R2,[R7, #+4]
   \   00000156   0x2100             MOVS     R1,#+0
   \   00000158   0xF9B4 0x001C      LDRSH    R0,[R4, #+28]
   \   0000015C   0x.... 0x....      BL       BUTTON_SetBkColor
    393          	BUTTON_SetBkColor(buttonPrint.btnHandle, BUTTON_CI_PRESSED, gCfgItems.btn_color);
   \   00000160   0x687A             LDR      R2,[R7, #+4]
   \   00000162   0x2101             MOVS     R1,#+1
   \   00000164   0xF9B4 0x0004      LDRSH    R0,[R4, #+4]
   \   00000168   0x.... 0x....      BL       BUTTON_SetBkColor
    394          	BUTTON_SetBkColor(buttonPrint.btnHandle, BUTTON_CI_UNPRESSED, gCfgItems.btn_color);
   \   0000016C   0x687A             LDR      R2,[R7, #+4]
   \   0000016E   0x2100             MOVS     R1,#+0
   \   00000170   0xF9B4 0x0004      LDRSH    R0,[R4, #+4]
   \   00000174   0x.... 0x....      BL       BUTTON_SetBkColor
    395              
    396              BUTTON_SetTextColor(buttonTool.btnHandle, BUTTON_CI_PRESSED, gCfgItems.btn_textcolor);
   \   00000178   0x68FA             LDR      R2,[R7, #+12]
   \   0000017A   0x2101             MOVS     R1,#+1
   \   0000017C   0xF9B5 0x0000      LDRSH    R0,[R5, #+0]
   \   00000180   0x.... 0x....      BL       BUTTON_SetTextColor
    397              BUTTON_SetTextColor(buttonTool.btnHandle, BUTTON_CI_UNPRESSED, gCfgItems.btn_textcolor);
   \   00000184   0x68FA             LDR      R2,[R7, #+12]
   \   00000186   0x2100             MOVS     R1,#+0
   \   00000188   0xF9B5 0x0000      LDRSH    R0,[R5, #+0]
   \   0000018C   0x.... 0x....      BL       BUTTON_SetTextColor
    398              BUTTON_SetTextColor(buttonSet.btnHandle, BUTTON_CI_PRESSED, gCfgItems.btn_textcolor);
   \   00000190   0x68FA             LDR      R2,[R7, #+12]
   \   00000192   0x2101             MOVS     R1,#+1
   \   00000194   0xF9B4 0x001C      LDRSH    R0,[R4, #+28]
   \   00000198   0x.... 0x....      BL       BUTTON_SetTextColor
    399              BUTTON_SetTextColor(buttonSet.btnHandle, BUTTON_CI_UNPRESSED, gCfgItems.btn_textcolor);
   \   0000019C   0x68FA             LDR      R2,[R7, #+12]
   \   0000019E   0x2100             MOVS     R1,#+0
   \   000001A0   0xF9B4 0x001C      LDRSH    R0,[R4, #+28]
   \   000001A4   0x.... 0x....      BL       BUTTON_SetTextColor
    400              BUTTON_SetTextColor(buttonPrint.btnHandle, BUTTON_CI_PRESSED, gCfgItems.btn_textcolor);
   \   000001A8   0x68FA             LDR      R2,[R7, #+12]
   \   000001AA   0x2101             MOVS     R1,#+1
   \   000001AC   0xF9B4 0x0004      LDRSH    R0,[R4, #+4]
   \   000001B0   0x.... 0x....      BL       BUTTON_SetTextColor
    401              BUTTON_SetTextColor(buttonPrint.btnHandle, BUTTON_CI_UNPRESSED, gCfgItems.btn_textcolor);
   \   000001B4   0x68FA             LDR      R2,[R7, #+12]
   \   000001B6   0x2100             MOVS     R1,#+0
   \   000001B8   0xF9B4 0x0004      LDRSH    R0,[R4, #+4]
   \   000001BC   0x.... 0x....      BL       BUTTON_SetTextColor
    402          
    403              
    404              BUTTON_SetTextAlign(buttonTool.btnHandle, GUI_TA_BOTTOM | GUI_TA_HCENTER);
   \   000001C0   0x2106             MOVS     R1,#+6
   \   000001C2   0xF9B5 0x0000      LDRSH    R0,[R5, #+0]
   \   000001C6   0x.... 0x....      BL       BUTTON_SetTextAlign
    405              BUTTON_SetTextAlign(buttonSet.btnHandle, GUI_TA_BOTTOM | GUI_TA_HCENTER);
   \   000001CA   0x2106             MOVS     R1,#+6
   \   000001CC   0xF9B4 0x001C      LDRSH    R0,[R4, #+28]
   \   000001D0   0x.... 0x....      BL       BUTTON_SetTextAlign
    406              BUTTON_SetTextAlign(buttonPrint.btnHandle, GUI_TA_BOTTOM | GUI_TA_HCENTER);
   \   000001D4   0x2106             MOVS     R1,#+6
   \   000001D6   0xF9B4 0x0004      LDRSH    R0,[R4, #+4]
   \   000001DA   0x.... 0x....      BL       BUTTON_SetTextAlign
    407          
    408          	if(gCfgItems.multiple_language !=0)
   \   000001DE   0xF896 0x019B      LDRB     R0,[R6, #+411]
   \   000001E2   0x2800             CMP      R0,#+0
   \   000001E4   0xD012             BEQ.N    ??draw_ready_print_0
    409          	{
    410          		BUTTON_SetText(buttonTool.btnHandle, main_menu.tool);
   \   000001E6   0x....             LDR.N    R6,??DataTable5_12
   \   000001E8   0x6AB1             LDR      R1,[R6, #+40]
   \   000001EA   0xF9B5 0x0000      LDRSH    R0,[R5, #+0]
   \   000001EE   0x.... 0x....      BL       BUTTON_SetText
    411          		BUTTON_SetText(buttonSet.btnHandle, main_menu.set);
   \   000001F2   0x6A71             LDR      R1,[R6, #+36]
   \   000001F4   0xF9B4 0x001C      LDRSH    R0,[R4, #+28]
   \   000001F8   0x.... 0x....      BL       BUTTON_SetText
    412          		BUTTON_SetText(buttonPrint.btnHandle, main_menu.print);
   \   000001FC   0x6931             LDR      R1,[R6, #+16]
   \   000001FE   0xF9B4 0x0004      LDRSH    R0,[R4, #+4]
   \   00000202   0xB004             ADD      SP,SP,#+16
   \   00000204   0xE8BD 0x47F0      POP      {R4-R10,LR}
   \   00000208   0x.... 0x....      B.W      BUTTON_SetText
    413          	}
    414          
    415          
    416          }
   \                     ??draw_ready_print_0: (+1)
   \   0000020C   0xE8BD 0x87FF      POP      {R0-R10,PC}      ;; return
    417          

   \                                 In section .text, align 2, keep-with-next
    418          void Clear_ready_print()
    419          {
   \                     Clear_ready_print: (+1)
   \   00000000   0xB510             PUSH     {R4,LR}
    420          	GUI_SetBkColor(gCfgItems.background_color);
   \   00000002   0x....             LDR.N    R0,??DataTable5_7
   \   00000004   0x6840             LDR      R0,[R0, #+4]
   \   00000006   0x.... 0x....      BL       GUI_SetBkColor
    421          	if(WM_IsWindow(hReadyPrintWnd))
   \   0000000A   0x....             LDR.N    R4,??DataTable5
   \   0000000C   0xF9B4 0x0000      LDRSH    R0,[R4, #+0]
   \   00000010   0x.... 0x....      BL       WM_IsWindow
   \   00000014   0x2800             CMP      R0,#+0
   \   00000016   0xD005             BEQ.N    ??Clear_ready_print_0
    422          	{
    423          		WM_DeleteWindow(hReadyPrintWnd);
   \   00000018   0xF9B4 0x0000      LDRSH    R0,[R4, #+0]
   \   0000001C   0xE8BD 0x4010      POP      {R4,LR}
   \   00000020   0x.... 0x....      B.W      WM_DeleteWindow
    424          		//GUI_Exec();
    425          	}
    426          	
    427          	//GUI_Clear();
    428          }
   \                     ??Clear_ready_print_0: (+1)
   \   00000024   0xBD10             POP      {R4,PC}          ;; return

   \                                 In section .text, align 4, keep-with-next
   \                     ??DataTable5:
   \   00000000   0x........         DC32     hReadyPrintWnd

   \                                 In section .text, align 4, keep-with-next
   \                     ??DataTable5_1:
   \   00000000   0x........         DC32     disp_in_file_dir

   \                                 In section .text, align 4, keep-with-next
   \                     ??DataTable5_2:
   \   00000000   0x........         DC32     last_disp_state

   \                                 In section .text, align 4, keep-with-next
   \                     ??DataTable5_3:
   \   00000000   0x........         DC32     buttonTool

   \                                 In section .text, align 4, keep-with-next
   \                     ??DataTable5_4:
   \   00000000   0x........         DC32     disp_state_stack

   \                                 In section .text, align 4, keep-with-next
   \                     ??DataTable5_5:
   \   00000000   0x........         DC32     disp_state

   \                                 In section .text, align 4, keep-with-next
   \                     ??DataTable5_6:
   \   00000000   0x........         DC32     GUI_FontHZ_fontHz14

   \                                 In section .text, align 4, keep-with-next
   \                     ??DataTable5_7:
   \   00000000   0x........         DC32     gCfgItems

   \                                 In section .text, align 4, keep-with-next
   \                     ??DataTable5_8:
   \   00000000   0x........         DC32     _Z14cbReadPrintWinP10WM_MESSAGE

   \                                 In section .text, align 4, keep-with-next
   \                     ??DataTable5_9:
   \   00000000   0x........         DC32     bmp_struct

   \                                 In section .text, align 4, keep-with-next
   \                     ??DataTable5_10:
   \   00000000   0x........         DC32     BMP_PIC_X

   \                                 In section .text, align 4, keep-with-next
   \                     ??DataTable5_11:
   \   00000000   0x........         DC32     BMP_PIC_Y

   \                                 In section .text, align 4, keep-with-next
   \                     ??DataTable5_12:
   \   00000000   0x........         DC32     main_menu

   \                                 In section .text, align 4, keep-with-next
   \                     `?<Constant "bmp_tool.bin">`:
   \   00000000   0x62 0x6D          DC8 "bmp_tool.bin"
   \              0x70 0x5F    
   \              0x74 0x6F    
   \              0x6F 0x6C    
   \              0x2E 0x62    
   \              0x69 0x6E    
   \              0x00         
   \   0000000D   0x00 0x00          DC8 0, 0, 0
   \              0x00         

   \                                 In section .text, align 4, keep-with-next
   \                     `?<Constant "bmp_set.bin">`:
   \   00000000   0x62 0x6D          DC8 "bmp_set.bin"
   \              0x70 0x5F    
   \              0x73 0x65    
   \              0x74 0x2E    
   \              0x62 0x69    
   \              0x6E 0x00    

   \                                 In section .text, align 4, keep-with-next
   \                     `?<Constant "bmp_printing.bin">`:
   \   00000000   0x62 0x6D          DC8 "bmp_printing.bin"
   \              0x70 0x5F    
   \              0x70 0x72    
   \              0x69 0x6E    
   \              0x74 0x69    
   \              0x6E 0x67    
   \              0x2E 0x62    
   \              0x69 0x6E    
   \              0x00         
   \   00000011   0x00 0x00          DC8 0, 0, 0
   \              0x00         
    429          

   Maximum stack usage in bytes:

   .cstack Function
   ------- --------
       8   Clear_ready_print
         8   -> GUI_SetBkColor
         0   -> WM_DeleteWindow
         8   -> WM_IsWindow
       8   cbReadPrintWin(WM_MESSAGE *)
         8   -> Clear_ready_print
         0   -> WM_DefaultProc
         0   -> draw_Set
         0   -> draw_print_file
         0   -> draw_tool()
      48   draw_ready_print
        48   -> BUTTON_CreateEx
        48   -> BUTTON_SetBitmapEx
        48   -> BUTTON_SetBkColor
        48   -> BUTTON_SetBmpFileName
         0   -> BUTTON_SetText
        48   -> BUTTON_SetText
        48   -> BUTTON_SetTextAlign
        48   -> BUTTON_SetTextColor
        48   -> GUI_Clear
        48   -> GUI_SetBkColor
        48   -> GUI_SetColor
        48   -> GUI_SetFont
        48   -> WM_CreateWindow
        48   -> memset


   Section sizes:

   Bytes  Function/Label
   -----  --------------
      20  ?<Constant "bmp_printing.bin">
      12  ?<Constant "bmp_set.bin">
      16  ?<Constant "bmp_tool.bin">
       4  ??DataTable5
       4  ??DataTable5_1
       4  ??DataTable5_10
       4  ??DataTable5_11
       4  ??DataTable5_12
       4  ??DataTable5_2
       4  ??DataTable5_3
       4  ??DataTable5_4
       4  ??DataTable5_5
       4  ??DataTable5_6
       4  ??DataTable5_7
       4  ??DataTable5_8
       4  ??DataTable5_9
      38  Clear_ready_print
       4  X_ADD
       4  X_INTERVAL
      20  bmp_test_struct
      24  buttonTool
     120  cbReadPrintWin(WM_MESSAGE *)
     528  draw_ready_print
      52  hReadyPrintWnd
          buttonPrint
          buttonSet
       1  -- Other

 
  76 bytes in section .bss
  28 bytes in section .data
   1 byte  in section .rodata
 786 bytes in section .text
 
 786 bytes of CODE  memory
   0 bytes of CONST memory (+ 1 byte shared)
 104 bytes of DATA  memory

Errors: none
Warnings: 87
